2021-04-30 18:08:49,103 - Eye - INFO - Train Dataset uploaded!
2021-04-30 18:08:49,103 - Eye - INFO - device:cuda
2021-04-30 18:10:01,150 - Eye - INFO - ['Epoch:00, Iter: 20, Lr:0.00010000', 'Loss:1.5375', 'train_acc:33.59']
2021-04-30 18:10:10,006 - Eye - INFO - ['Epoch:00, Iter: 40, Lr:0.00010000', 'Loss:1.2429', 'train_acc:43.36']
2021-04-30 18:10:19,169 - Eye - INFO - ['Epoch:00, Iter: 60, Lr:0.00010000', 'Loss:1.1521', 'train_acc:48.80']
2021-04-30 18:10:28,478 - Eye - INFO - ['Epoch:00, Iter: 80, Lr:0.00010000', 'Loss:1.0564', 'train_acc:52.07']
2021-04-30 18:10:37,922 - Eye - INFO - ['Epoch:00, Iter:100, Lr:0.00010000', 'Loss:0.9983', 'train_acc:54.27']
2021-04-30 18:10:47,041 - Eye - INFO - ['Epoch:00, Iter:120, Lr:0.00010000', 'Loss:0.9620', 'train_acc:56.54']
2021-04-30 18:10:56,002 - Eye - INFO - ['Epoch:00, Iter:140, Lr:0.00010000', 'Loss:0.9985', 'train_acc:58.37']
2021-04-30 18:11:05,138 - Eye - INFO - ['Epoch:00, Iter:160, Lr:0.00010000', 'Loss:0.8908', 'train_acc:60.01']
2021-04-30 18:11:14,153 - Eye - INFO - ['Epoch:00, Iter:180, Lr:0.00010000', 'Loss:0.8086', 'train_acc:61.55']
2021-04-30 18:11:23,169 - Eye - INFO - ['Epoch:00, Iter:200, Lr:0.00010000', 'Loss:0.8208', 'train_acc:62.77']
2021-04-30 18:11:32,195 - Eye - INFO - ['Epoch:00, Iter:220, Lr:0.00010000', 'Loss:0.5438', 'train_acc:64.15']
2021-04-30 18:11:41,339 - Eye - INFO - ['Epoch:00, Iter:240, Lr:0.00010000', 'Loss:0.6852', 'train_acc:65.41']
2021-04-30 18:11:50,893 - Eye - INFO - ['Epoch:00, Iter:260, Lr:0.00010000', 'Loss:0.4481', 'train_acc:66.65']
2021-04-30 18:12:00,693 - Eye - INFO - ['Epoch:00, Iter:280, Lr:0.00010000', 'Loss:0.4943', 'train_acc:68.10']
2021-04-30 18:12:05,119 - Eye - INFO - ['Epoch:00, Lr:0.00010000, Cost:138.06s', 'Loss:0.5761', 'train_acc:68.16', 'val_acc:74.22', 'val_loss:0.72']
2021-04-30 18:12:16,967 - Eye - INFO - ['Epoch:01, Iter: 20, Lr:0.00005000', 'Loss:0.4845', 'train_acc:85.94']
2021-04-30 18:12:26,543 - Eye - INFO - ['Epoch:01, Iter: 40, Lr:0.00005000', 'Loss:0.4981', 'train_acc:87.50']
2021-04-30 18:12:36,028 - Eye - INFO - ['Epoch:01, Iter: 60, Lr:0.00005000', 'Loss:0.3635', 'train_acc:88.41']
2021-04-30 18:12:45,502 - Eye - INFO - ['Epoch:01, Iter: 80, Lr:0.00005000', 'Loss:0.2905', 'train_acc:89.12']
2021-04-30 18:12:55,008 - Eye - INFO - ['Epoch:01, Iter:100, Lr:0.00005000', 'Loss:0.2696', 'train_acc:89.56']
2021-04-30 18:13:03,907 - Eye - INFO - ['Epoch:01, Iter:120, Lr:0.00005000', 'Loss:0.3362', 'train_acc:89.91']
2021-04-30 18:13:12,899 - Eye - INFO - ['Epoch:01, Iter:140, Lr:0.00005000', 'Loss:0.3476', 'train_acc:90.29']
2021-04-30 18:13:21,792 - Eye - INFO - ['Epoch:01, Iter:160, Lr:0.00005000', 'Loss:0.2939', 'train_acc:90.63']
2021-04-30 18:13:31,229 - Eye - INFO - ['Epoch:01, Iter:180, Lr:0.00005000', 'Loss:0.2766', 'train_acc:91.11']
2021-04-30 18:13:40,796 - Eye - INFO - ['Epoch:01, Iter:200, Lr:0.00005000', 'Loss:0.2247', 'train_acc:91.46']
2021-04-30 18:13:50,251 - Eye - INFO - ['Epoch:01, Iter:220, Lr:0.00005000', 'Loss:0.3767', 'train_acc:91.59']
2021-04-30 18:13:59,657 - Eye - INFO - ['Epoch:01, Iter:240, Lr:0.00005000', 'Loss:0.1868', 'train_acc:91.80']
2021-04-30 18:14:09,064 - Eye - INFO - ['Epoch:01, Iter:260, Lr:0.00005000', 'Loss:0.2275', 'train_acc:91.97']
2021-04-30 18:14:18,691 - Eye - INFO - ['Epoch:01, Iter:280, Lr:0.00005000', 'Loss:0.2473', 'train_acc:92.12']
2021-04-30 18:14:23,060 - Eye - INFO - ['Epoch:01, Lr:0.00005000, Cost:137.78s', 'Loss:0.2625', 'train_acc:92.13', 'val_acc:71.61', 'val_loss:0.59']
2021-04-30 18:14:36,280 - Eye - INFO - ['Epoch:02, Iter: 20, Lr:0.00002500', 'Loss:0.1985', 'train_acc:95.47']
2021-04-30 18:14:45,785 - Eye - INFO - ['Epoch:02, Iter: 40, Lr:0.00002500', 'Loss:0.1886', 'train_acc:96.37']
2021-04-30 18:14:55,384 - Eye - INFO - ['Epoch:02, Iter: 60, Lr:0.00002500', 'Loss:0.1306', 'train_acc:96.80']
2021-04-30 18:15:04,919 - Eye - INFO - ['Epoch:02, Iter: 80, Lr:0.00002500', 'Loss:0.1124', 'train_acc:97.09']
2021-04-30 18:15:14,262 - Eye - INFO - ['Epoch:02, Iter:100, Lr:0.00002500', 'Loss:0.1178', 'train_acc:97.14']
2021-04-30 18:15:23,818 - Eye - INFO - ['Epoch:02, Iter:120, Lr:0.00002500', 'Loss:0.1598', 'train_acc:97.32']
2021-04-30 18:15:33,368 - Eye - INFO - ['Epoch:02, Iter:140, Lr:0.00002500', 'Loss:0.1395', 'train_acc:97.33']
2021-04-30 18:15:42,835 - Eye - INFO - ['Epoch:02, Iter:160, Lr:0.00002500', 'Loss:0.1440', 'train_acc:97.36']
2021-04-30 18:15:52,015 - Eye - INFO - ['Epoch:02, Iter:180, Lr:0.00002500', 'Loss:0.1370', 'train_acc:97.36']
2021-04-30 18:16:01,397 - Eye - INFO - ['Epoch:02, Iter:200, Lr:0.00002500', 'Loss:0.1599', 'train_acc:97.51']
2021-04-30 18:16:10,664 - Eye - INFO - ['Epoch:02, Iter:220, Lr:0.00002500', 'Loss:0.1485', 'train_acc:97.55']
2021-04-30 18:16:19,651 - Eye - INFO - ['Epoch:02, Iter:240, Lr:0.00002500', 'Loss:0.1640', 'train_acc:97.53']
2021-04-30 18:16:28,653 - Eye - INFO - ['Epoch:02, Iter:260, Lr:0.00002500', 'Loss:0.1347', 'train_acc:97.53']
2021-04-30 18:16:37,332 - Eye - INFO - ['Epoch:02, Iter:280, Lr:0.00002500', 'Loss:0.1899', 'train_acc:97.61']
2021-04-30 18:16:41,615 - Eye - INFO - ['Epoch:02, Lr:0.00002500, Cost:138.49s', 'Loss:0.1558', 'train_acc:97.61', 'val_acc:81.25', 'val_loss:0.13']
2021-04-30 18:16:53,400 - Eye - INFO - ['Epoch:03, Iter: 20, Lr:0.00002500', 'Loss:0.2376', 'train_acc:97.89']
2021-04-30 18:17:02,965 - Eye - INFO - ['Epoch:03, Iter: 40, Lr:0.00002500', 'Loss:0.0958', 'train_acc:98.12']
2021-04-30 18:17:12,213 - Eye - INFO - ['Epoch:03, Iter: 60, Lr:0.00002500', 'Loss:0.1432', 'train_acc:98.39']
2021-04-30 18:17:21,652 - Eye - INFO - ['Epoch:03, Iter: 80, Lr:0.00002500', 'Loss:0.2515', 'train_acc:98.30']
2021-04-30 18:17:31,086 - Eye - INFO - ['Epoch:03, Iter:100, Lr:0.00002500', 'Loss:0.1608', 'train_acc:98.31']
2021-04-30 18:17:40,584 - Eye - INFO - ['Epoch:03, Iter:120, Lr:0.00002500', 'Loss:0.1668', 'train_acc:98.22']
2021-04-30 18:17:50,052 - Eye - INFO - ['Epoch:03, Iter:140, Lr:0.00002500', 'Loss:0.1729', 'train_acc:98.15']
2021-04-30 18:17:59,535 - Eye - INFO - ['Epoch:03, Iter:160, Lr:0.00002500', 'Loss:0.1241', 'train_acc:98.06']
2021-04-30 18:18:09,034 - Eye - INFO - ['Epoch:03, Iter:180, Lr:0.00002500', 'Loss:0.1297', 'train_acc:98.05']
2021-04-30 18:18:18,469 - Eye - INFO - ['Epoch:03, Iter:200, Lr:0.00002500', 'Loss:0.1708', 'train_acc:98.09']
2021-04-30 18:18:27,899 - Eye - INFO - ['Epoch:03, Iter:220, Lr:0.00002500', 'Loss:0.0828', 'train_acc:98.11']
2021-04-30 18:18:37,321 - Eye - INFO - ['Epoch:03, Iter:240, Lr:0.00002500', 'Loss:0.1356', 'train_acc:98.14']
2021-04-30 18:18:46,812 - Eye - INFO - ['Epoch:03, Iter:260, Lr:0.00002500', 'Loss:0.1093', 'train_acc:98.22']
2021-04-30 18:18:56,596 - Eye - INFO - ['Epoch:03, Iter:280, Lr:0.00002500', 'Loss:0.0724', 'train_acc:98.25']
2021-04-30 18:19:01,012 - Eye - INFO - ['Epoch:03, Lr:0.00002500, Cost:139.31s', 'Loss:0.1749', 'train_acc:98.25', 'val_acc:65.62', 'val_loss:0.77']
2021-04-30 18:19:13,143 - Eye - INFO - ['Epoch:04, Iter: 20, Lr:0.00001250', 'Loss:0.1588', 'train_acc:99.22']
2021-04-30 18:19:22,399 - Eye - INFO - ['Epoch:04, Iter: 40, Lr:0.00001250', 'Loss:0.0947', 'train_acc:99.10']
2021-04-30 18:19:31,759 - Eye - INFO - ['Epoch:04, Iter: 60, Lr:0.00001250', 'Loss:0.1258', 'train_acc:99.01']
2021-04-30 18:19:41,167 - Eye - INFO - ['Epoch:04, Iter: 80, Lr:0.00001250', 'Loss:0.0658', 'train_acc:99.08']
2021-04-30 18:19:50,355 - Eye - INFO - ['Epoch:04, Iter:100, Lr:0.00001250', 'Loss:0.0979', 'train_acc:99.20']
2021-04-30 18:19:59,344 - Eye - INFO - ['Epoch:04, Iter:120, Lr:0.00001250', 'Loss:0.0718', 'train_acc:99.24']
2021-04-30 18:20:08,595 - Eye - INFO - ['Epoch:04, Iter:140, Lr:0.00001250', 'Loss:0.0695', 'train_acc:99.32']
2021-04-30 18:20:17,768 - Eye - INFO - ['Epoch:04, Iter:160, Lr:0.00001250', 'Loss:0.0548', 'train_acc:99.36']
2021-04-30 18:20:27,308 - Eye - INFO - ['Epoch:04, Iter:180, Lr:0.00001250', 'Loss:0.0755', 'train_acc:99.35']
2021-04-30 18:20:36,790 - Eye - INFO - ['Epoch:04, Iter:200, Lr:0.00001250', 'Loss:0.0845', 'train_acc:99.37']
2021-04-30 18:20:46,276 - Eye - INFO - ['Epoch:04, Iter:220, Lr:0.00001250', 'Loss:0.0821', 'train_acc:99.40']
2021-04-30 18:20:55,737 - Eye - INFO - ['Epoch:04, Iter:240, Lr:0.00001250', 'Loss:0.0852', 'train_acc:99.41']
2021-04-30 18:21:05,283 - Eye - INFO - ['Epoch:04, Iter:260, Lr:0.00001250', 'Loss:0.0843', 'train_acc:99.43']
2021-04-30 18:21:14,635 - Eye - INFO - ['Epoch:04, Iter:280, Lr:0.00001250', 'Loss:0.0941', 'train_acc:99.44']
2021-04-30 18:21:18,921 - Eye - INFO - ['Epoch:04, Lr:0.00001250, Cost:137.82s', 'Loss:0.0703', 'train_acc:99.44', 'val_acc:81.77', 'val_loss:0.34']
2021-04-30 18:21:31,304 - Eye - INFO - ['Epoch:05, Iter: 20, Lr:0.00001250', 'Loss:0.0671', 'train_acc:99.69']
2021-04-30 18:21:40,639 - Eye - INFO - ['Epoch:05, Iter: 40, Lr:0.00001250', 'Loss:0.1281', 'train_acc:99.26']
2021-04-30 18:21:50,063 - Eye - INFO - ['Epoch:05, Iter: 60, Lr:0.00001250', 'Loss:0.1229', 'train_acc:99.27']
2021-04-30 18:21:59,504 - Eye - INFO - ['Epoch:05, Iter: 80, Lr:0.00001250', 'Loss:0.0621', 'train_acc:99.41']
2021-04-30 18:22:08,960 - Eye - INFO - ['Epoch:05, Iter:100, Lr:0.00001250', 'Loss:0.0605', 'train_acc:99.50']
2021-04-30 18:22:18,252 - Eye - INFO - ['Epoch:05, Iter:120, Lr:0.00001250', 'Loss:0.1229', 'train_acc:99.53']
2021-04-30 18:22:27,736 - Eye - INFO - ['Epoch:05, Iter:140, Lr:0.00001250', 'Loss:0.1138', 'train_acc:99.51']
2021-04-30 18:22:37,138 - Eye - INFO - ['Epoch:05, Iter:160, Lr:0.00001250', 'Loss:0.0783', 'train_acc:99.52']
2021-04-30 18:22:46,639 - Eye - INFO - ['Epoch:05, Iter:180, Lr:0.00001250', 'Loss:0.0684', 'train_acc:99.52']
2021-04-30 18:22:56,174 - Eye - INFO - ['Epoch:05, Iter:200, Lr:0.00001250', 'Loss:0.0735', 'train_acc:99.50']
2021-04-30 18:23:05,514 - Eye - INFO - ['Epoch:05, Iter:220, Lr:0.00001250', 'Loss:0.0616', 'train_acc:99.51']
2021-04-30 18:23:14,869 - Eye - INFO - ['Epoch:05, Iter:240, Lr:0.00001250', 'Loss:0.1689', 'train_acc:99.51']
2021-04-30 18:23:24,353 - Eye - INFO - ['Epoch:05, Iter:260, Lr:0.00001250', 'Loss:0.0764', 'train_acc:99.52']
2021-04-30 18:23:33,846 - Eye - INFO - ['Epoch:05, Iter:280, Lr:0.00001250', 'Loss:0.0695', 'train_acc:99.53']
2021-04-30 18:23:38,277 - Eye - INFO - ['Epoch:05, Lr:0.00001250, Cost:139.28s', 'Loss:0.0833', 'train_acc:99.53', 'val_acc:77.86', 'val_loss:0.52']
2021-04-30 18:23:50,139 - Eye - INFO - ['Epoch:06, Iter: 20, Lr:0.00000625', 'Loss:0.0599', 'train_acc:99.84']
2021-04-30 18:23:59,643 - Eye - INFO - ['Epoch:06, Iter: 40, Lr:0.00000625', 'Loss:0.0540', 'train_acc:99.92']
2021-04-30 18:24:08,555 - Eye - INFO - ['Epoch:06, Iter: 60, Lr:0.00000625', 'Loss:0.0511', 'train_acc:99.92']
2021-04-30 18:24:18,178 - Eye - INFO - ['Epoch:06, Iter: 80, Lr:0.00000625', 'Loss:0.0501', 'train_acc:99.92']
2021-04-30 18:24:27,756 - Eye - INFO - ['Epoch:06, Iter:100, Lr:0.00000625', 'Loss:0.0832', 'train_acc:99.92']
2021-04-30 18:24:36,951 - Eye - INFO - ['Epoch:06, Iter:120, Lr:0.00000625', 'Loss:0.0691', 'train_acc:99.93']
2021-04-30 18:24:46,373 - Eye - INFO - ['Epoch:06, Iter:140, Lr:0.00000625', 'Loss:0.0478', 'train_acc:99.89']
2021-04-30 18:24:55,935 - Eye - INFO - ['Epoch:06, Iter:160, Lr:0.00000625', 'Loss:0.0517', 'train_acc:99.87']
2021-04-30 18:25:05,398 - Eye - INFO - ['Epoch:06, Iter:180, Lr:0.00000625', 'Loss:0.0552', 'train_acc:99.87']
2021-04-30 18:25:14,676 - Eye - INFO - ['Epoch:06, Iter:200, Lr:0.00000625', 'Loss:0.0848', 'train_acc:99.86']
2021-04-30 18:25:24,077 - Eye - INFO - ['Epoch:06, Iter:220, Lr:0.00000625', 'Loss:0.0543', 'train_acc:99.85']
2021-04-30 18:25:33,512 - Eye - INFO - ['Epoch:06, Iter:240, Lr:0.00000625', 'Loss:0.0425', 'train_acc:99.84']
2021-04-30 18:25:42,797 - Eye - INFO - ['Epoch:06, Iter:260, Lr:0.00000625', 'Loss:0.0887', 'train_acc:99.84']
2021-04-30 18:25:52,522 - Eye - INFO - ['Epoch:06, Iter:280, Lr:0.00000625', 'Loss:0.1219', 'train_acc:99.84']
2021-04-30 18:25:56,825 - Eye - INFO - ['Epoch:06, Lr:0.00000625, Cost:138.46s', 'Loss:0.0872', 'train_acc:99.84', 'val_acc:82.03', 'val_loss:0.24']
2021-04-30 18:26:08,795 - Eye - INFO - ['Epoch:07, Iter: 20, Lr:0.00000625', 'Loss:0.0864', 'train_acc:99.77']
2021-04-30 18:26:18,380 - Eye - INFO - ['Epoch:07, Iter: 40, Lr:0.00000625', 'Loss:0.0422', 'train_acc:99.84']
2021-04-30 18:26:27,971 - Eye - INFO - ['Epoch:07, Iter: 60, Lr:0.00000625', 'Loss:0.0757', 'train_acc:99.87']
2021-04-30 18:26:37,617 - Eye - INFO - ['Epoch:07, Iter: 80, Lr:0.00000625', 'Loss:0.0530', 'train_acc:99.88']
2021-04-30 18:26:47,044 - Eye - INFO - ['Epoch:07, Iter:100, Lr:0.00000625', 'Loss:0.0594', 'train_acc:99.89']
2021-04-30 18:26:56,510 - Eye - INFO - ['Epoch:07, Iter:120, Lr:0.00000625', 'Loss:0.0585', 'train_acc:99.91']
2021-04-30 18:27:06,116 - Eye - INFO - ['Epoch:07, Iter:140, Lr:0.00000625', 'Loss:0.0574', 'train_acc:99.89']
2021-04-30 18:27:15,574 - Eye - INFO - ['Epoch:07, Iter:160, Lr:0.00000625', 'Loss:0.0399', 'train_acc:99.88']
2021-04-30 18:27:25,019 - Eye - INFO - ['Epoch:07, Iter:180, Lr:0.00000625', 'Loss:0.0566', 'train_acc:99.86']
2021-04-30 18:27:34,532 - Eye - INFO - ['Epoch:07, Iter:200, Lr:0.00000625', 'Loss:0.0658', 'train_acc:99.86']
2021-04-30 18:27:44,117 - Eye - INFO - ['Epoch:07, Iter:220, Lr:0.00000625', 'Loss:0.0480', 'train_acc:99.86']
2021-04-30 18:27:53,485 - Eye - INFO - ['Epoch:07, Iter:240, Lr:0.00000625', 'Loss:0.0527', 'train_acc:99.85']
2021-04-30 18:28:02,821 - Eye - INFO - ['Epoch:07, Iter:260, Lr:0.00000625', 'Loss:0.0529', 'train_acc:99.85']
2021-04-30 18:28:12,361 - Eye - INFO - ['Epoch:07, Iter:280, Lr:0.00000625', 'Loss:0.0486', 'train_acc:99.83']
2021-04-30 18:28:16,811 - Eye - INFO - ['Epoch:07, Lr:0.00000625, Cost:139.91s', 'Loss:0.0523', 'train_acc:99.83', 'val_acc:81.77', 'val_loss:0.22']
2021-04-30 18:28:28,595 - Eye - INFO - ['Epoch:08, Iter: 20, Lr:0.00000313', 'Loss:0.0612', 'train_acc:99.92']
2021-04-30 18:28:37,887 - Eye - INFO - ['Epoch:08, Iter: 40, Lr:0.00000313', 'Loss:0.0613', 'train_acc:99.92']
2021-04-30 18:28:47,193 - Eye - INFO - ['Epoch:08, Iter: 60, Lr:0.00000313', 'Loss:0.0804', 'train_acc:99.92']
2021-04-30 18:28:56,536 - Eye - INFO - ['Epoch:08, Iter: 80, Lr:0.00000313', 'Loss:0.0571', 'train_acc:99.92']
2021-04-30 18:29:06,101 - Eye - INFO - ['Epoch:08, Iter:100, Lr:0.00000313', 'Loss:0.0478', 'train_acc:99.92']
2021-04-30 18:29:15,353 - Eye - INFO - ['Epoch:08, Iter:120, Lr:0.00000313', 'Loss:0.0505', 'train_acc:99.91']
2021-04-30 18:29:24,896 - Eye - INFO - ['Epoch:08, Iter:140, Lr:0.00000313', 'Loss:0.0574', 'train_acc:99.90']
2021-04-30 18:29:34,221 - Eye - INFO - ['Epoch:08, Iter:160, Lr:0.00000313', 'Loss:0.0510', 'train_acc:99.90']
2021-04-30 18:29:43,714 - Eye - INFO - ['Epoch:08, Iter:180, Lr:0.00000313', 'Loss:0.0683', 'train_acc:99.90']
2021-04-30 18:29:53,172 - Eye - INFO - ['Epoch:08, Iter:200, Lr:0.00000313', 'Loss:0.0637', 'train_acc:99.91']
2021-04-30 18:30:02,631 - Eye - INFO - ['Epoch:08, Iter:220, Lr:0.00000313', 'Loss:0.0608', 'train_acc:99.91']
2021-04-30 18:30:12,192 - Eye - INFO - ['Epoch:08, Iter:240, Lr:0.00000313', 'Loss:0.0590', 'train_acc:99.92']
2021-04-30 18:30:21,638 - Eye - INFO - ['Epoch:08, Iter:260, Lr:0.00000313', 'Loss:0.0652', 'train_acc:99.92']
2021-04-30 18:30:31,040 - Eye - INFO - ['Epoch:08, Iter:280, Lr:0.00000313', 'Loss:0.0585', 'train_acc:99.92']
2021-04-30 18:30:35,374 - Eye - INFO - ['Epoch:08, Lr:0.00000313, Cost:138.49s', 'Loss:0.0351', 'train_acc:99.92', 'val_acc:80.21', 'val_loss:0.27']
2021-04-30 18:30:47,075 - Eye - INFO - ['Epoch:09, Iter: 20, Lr:0.00000313', 'Loss:0.0475', 'train_acc:100.00']
2021-04-30 18:30:56,343 - Eye - INFO - ['Epoch:09, Iter: 40, Lr:0.00000313', 'Loss:0.0532', 'train_acc:100.00']
2021-04-30 18:31:05,672 - Eye - INFO - ['Epoch:09, Iter: 60, Lr:0.00000313', 'Loss:0.0402', 'train_acc:100.00']
2021-04-30 18:31:15,138 - Eye - INFO - ['Epoch:09, Iter: 80, Lr:0.00000313', 'Loss:0.0446', 'train_acc:100.00']
2021-04-30 18:31:24,632 - Eye - INFO - ['Epoch:09, Iter:100, Lr:0.00000313', 'Loss:0.0690', 'train_acc:99.95']
2021-04-30 18:31:34,073 - Eye - INFO - ['Epoch:09, Iter:120, Lr:0.00000313', 'Loss:0.0561', 'train_acc:99.96']
2021-04-30 18:31:43,340 - Eye - INFO - ['Epoch:09, Iter:140, Lr:0.00000313', 'Loss:0.0398', 'train_acc:99.97']
2021-04-30 18:31:52,922 - Eye - INFO - ['Epoch:09, Iter:160, Lr:0.00000313', 'Loss:0.0818', 'train_acc:99.97']
2021-04-30 18:32:02,505 - Eye - INFO - ['Epoch:09, Iter:180, Lr:0.00000313', 'Loss:0.0619', 'train_acc:99.97']
2021-04-30 18:32:11,981 - Eye - INFO - ['Epoch:09, Iter:200, Lr:0.00000313', 'Loss:0.0528', 'train_acc:99.97']
2021-04-30 18:32:21,547 - Eye - INFO - ['Epoch:09, Iter:220, Lr:0.00000313', 'Loss:0.0635', 'train_acc:99.96']
2021-04-30 18:32:31,044 - Eye - INFO - ['Epoch:09, Iter:240, Lr:0.00000313', 'Loss:0.0569', 'train_acc:99.97']
2021-04-30 18:32:40,577 - Eye - INFO - ['Epoch:09, Iter:260, Lr:0.00000313', 'Loss:0.0735', 'train_acc:99.96']
2021-04-30 18:32:50,222 - Eye - INFO - ['Epoch:09, Iter:280, Lr:0.00000313', 'Loss:0.0578', 'train_acc:99.97']
2021-04-30 18:32:54,567 - Eye - INFO - ['Epoch:09, Lr:0.00000313, Cost:139.10s', 'Loss:0.0798', 'train_acc:99.97', 'val_acc:82.81', 'val_loss:0.05']
2021-04-30 18:33:06,651 - Eye - INFO - ['Epoch:10, Iter: 20, Lr:0.00000156', 'Loss:0.0525', 'train_acc:99.77']
2021-04-30 18:33:16,071 - Eye - INFO - ['Epoch:10, Iter: 40, Lr:0.00000156', 'Loss:0.0320', 'train_acc:99.88']
2021-04-30 18:33:25,639 - Eye - INFO - ['Epoch:10, Iter: 60, Lr:0.00000156', 'Loss:0.0323', 'train_acc:99.90']
2021-04-30 18:33:35,120 - Eye - INFO - ['Epoch:10, Iter: 80, Lr:0.00000156', 'Loss:0.0653', 'train_acc:99.90']
2021-04-30 18:33:44,101 - Eye - INFO - ['Epoch:10, Iter:100, Lr:0.00000156', 'Loss:0.1046', 'train_acc:99.91']
2021-04-30 18:33:53,075 - Eye - INFO - ['Epoch:10, Iter:120, Lr:0.00000156', 'Loss:0.0557', 'train_acc:99.92']
2021-04-30 18:34:02,612 - Eye - INFO - ['Epoch:10, Iter:140, Lr:0.00000156', 'Loss:0.0429', 'train_acc:99.93']
2021-04-30 18:34:12,037 - Eye - INFO - ['Epoch:10, Iter:160, Lr:0.00000156', 'Loss:0.0551', 'train_acc:99.93']
2021-04-30 18:34:21,349 - Eye - INFO - ['Epoch:10, Iter:180, Lr:0.00000156', 'Loss:0.0647', 'train_acc:99.93']
2021-04-30 18:34:30,713 - Eye - INFO - ['Epoch:10, Iter:200, Lr:0.00000156', 'Loss:0.0372', 'train_acc:99.94']
2021-04-30 18:34:40,404 - Eye - INFO - ['Epoch:10, Iter:220, Lr:0.00000156', 'Loss:0.0752', 'train_acc:99.94']
2021-04-30 18:34:49,895 - Eye - INFO - ['Epoch:10, Iter:240, Lr:0.00000156', 'Loss:0.0624', 'train_acc:99.94']
2021-04-30 18:34:59,448 - Eye - INFO - ['Epoch:10, Iter:260, Lr:0.00000156', 'Loss:0.0748', 'train_acc:99.95']
2021-04-30 18:35:09,123 - Eye - INFO - ['Epoch:10, Iter:280, Lr:0.00000156', 'Loss:0.0356', 'train_acc:99.95']
2021-04-30 18:35:13,545 - Eye - INFO - ['Epoch:10, Lr:0.00000156, Cost:138.91s', 'Loss:0.0663', 'train_acc:99.95', 'val_acc:82.03', 'val_loss:0.22']
2021-04-30 18:35:25,598 - Eye - INFO - ['Epoch:11, Iter: 20, Lr:0.00000156', 'Loss:0.0364', 'train_acc:99.92']
2021-04-30 18:35:35,027 - Eye - INFO - ['Epoch:11, Iter: 40, Lr:0.00000156', 'Loss:0.0444', 'train_acc:99.96']
2021-04-30 18:35:44,454 - Eye - INFO - ['Epoch:11, Iter: 60, Lr:0.00000156', 'Loss:0.0534', 'train_acc:99.97']
2021-04-30 18:35:53,841 - Eye - INFO - ['Epoch:11, Iter: 80, Lr:0.00000156', 'Loss:0.0474', 'train_acc:99.98']
2021-04-30 18:36:03,164 - Eye - INFO - ['Epoch:11, Iter:100, Lr:0.00000156', 'Loss:0.0671', 'train_acc:99.98']
2021-04-30 18:36:12,341 - Eye - INFO - ['Epoch:11, Iter:120, Lr:0.00000156', 'Loss:0.0572', 'train_acc:99.99']
2021-04-30 18:36:21,511 - Eye - INFO - ['Epoch:11, Iter:140, Lr:0.00000156', 'Loss:0.0498', 'train_acc:99.99']
2021-04-30 18:36:31,015 - Eye - INFO - ['Epoch:11, Iter:160, Lr:0.00000156', 'Loss:0.0740', 'train_acc:99.99']
2021-04-30 18:36:40,562 - Eye - INFO - ['Epoch:11, Iter:180, Lr:0.00000156', 'Loss:0.0411', 'train_acc:99.99']
2021-04-30 18:36:50,080 - Eye - INFO - ['Epoch:11, Iter:200, Lr:0.00000156', 'Loss:0.0519', 'train_acc:99.99']
2021-04-30 18:36:59,457 - Eye - INFO - ['Epoch:11, Iter:220, Lr:0.00000156', 'Loss:0.0585', 'train_acc:99.99']
2021-04-30 18:37:08,894 - Eye - INFO - ['Epoch:11, Iter:240, Lr:0.00000156', 'Loss:0.0408', 'train_acc:99.99']
2021-04-30 18:37:18,390 - Eye - INFO - ['Epoch:11, Iter:260, Lr:0.00000156', 'Loss:0.0341', 'train_acc:99.99']
2021-04-30 18:37:27,891 - Eye - INFO - ['Epoch:11, Iter:280, Lr:0.00000156', 'Loss:0.0623', 'train_acc:99.99']
2021-04-30 18:37:32,270 - Eye - INFO - ['Epoch:11, Lr:0.00000156, Cost:138.65s', 'Loss:0.0761', 'train_acc:99.98', 'val_acc:83.33', 'val_loss:0.14']
2021-04-30 18:37:44,421 - Eye - INFO - ['Epoch:12, Iter: 20, Lr:0.00000156', 'Loss:0.0530', 'train_acc:99.92']
2021-04-30 18:37:53,976 - Eye - INFO - ['Epoch:12, Iter: 40, Lr:0.00000156', 'Loss:0.0401', 'train_acc:99.96']
2021-04-30 18:38:03,507 - Eye - INFO - ['Epoch:12, Iter: 60, Lr:0.00000156', 'Loss:0.0508', 'train_acc:99.97']
2021-04-30 18:38:12,823 - Eye - INFO - ['Epoch:12, Iter: 80, Lr:0.00000156', 'Loss:0.1019', 'train_acc:99.96']
2021-04-30 18:38:22,180 - Eye - INFO - ['Epoch:12, Iter:100, Lr:0.00000156', 'Loss:0.0356', 'train_acc:99.97']
2021-04-30 18:38:31,460 - Eye - INFO - ['Epoch:12, Iter:120, Lr:0.00000156', 'Loss:0.0516', 'train_acc:99.97']
2021-04-30 18:38:40,865 - Eye - INFO - ['Epoch:12, Iter:140, Lr:0.00000156', 'Loss:0.0819', 'train_acc:99.98']
2021-04-30 18:38:50,330 - Eye - INFO - ['Epoch:12, Iter:160, Lr:0.00000156', 'Loss:0.0415', 'train_acc:99.97']
2021-04-30 18:38:59,882 - Eye - INFO - ['Epoch:12, Iter:180, Lr:0.00000156', 'Loss:0.0413', 'train_acc:99.97']
2021-04-30 18:39:09,357 - Eye - INFO - ['Epoch:12, Iter:200, Lr:0.00000156', 'Loss:0.0803', 'train_acc:99.98']
2021-04-30 18:39:18,733 - Eye - INFO - ['Epoch:12, Iter:220, Lr:0.00000156', 'Loss:0.0491', 'train_acc:99.98']
2021-04-30 18:39:28,112 - Eye - INFO - ['Epoch:12, Iter:240, Lr:0.00000156', 'Loss:0.0336', 'train_acc:99.97']
2021-04-30 18:39:37,528 - Eye - INFO - ['Epoch:12, Iter:260, Lr:0.00000156', 'Loss:0.0541', 'train_acc:99.98']
2021-04-30 18:39:47,089 - Eye - INFO - ['Epoch:12, Iter:280, Lr:0.00000156', 'Loss:0.0511', 'train_acc:99.98']
2021-04-30 18:39:51,357 - Eye - INFO - ['Epoch:12, Lr:0.00000156, Cost:139.00s', 'Loss:0.0377', 'train_acc:99.98', 'val_acc:82.55', 'val_loss:0.15']
2021-04-30 18:40:03,461 - Eye - INFO - ['Epoch:13, Iter: 20, Lr:0.00000078', 'Loss:0.0740', 'train_acc:100.00']
2021-04-30 18:40:12,982 - Eye - INFO - ['Epoch:13, Iter: 40, Lr:0.00000078', 'Loss:0.0456', 'train_acc:100.00']
2021-04-30 18:40:22,261 - Eye - INFO - ['Epoch:13, Iter: 60, Lr:0.00000078', 'Loss:0.0694', 'train_acc:99.95']
2021-04-30 18:40:31,695 - Eye - INFO - ['Epoch:13, Iter: 80, Lr:0.00000078', 'Loss:0.0342', 'train_acc:99.96']
2021-04-30 18:40:41,213 - Eye - INFO - ['Epoch:13, Iter:100, Lr:0.00000078', 'Loss:0.0425', 'train_acc:99.97']
2021-04-30 18:40:50,844 - Eye - INFO - ['Epoch:13, Iter:120, Lr:0.00000078', 'Loss:0.0674', 'train_acc:99.96']
2021-04-30 18:41:00,421 - Eye - INFO - ['Epoch:13, Iter:140, Lr:0.00000078', 'Loss:0.0411', 'train_acc:99.97']
2021-04-30 18:41:09,922 - Eye - INFO - ['Epoch:13, Iter:160, Lr:0.00000078', 'Loss:0.0306', 'train_acc:99.97']
2021-04-30 18:41:19,417 - Eye - INFO - ['Epoch:13, Iter:180, Lr:0.00000078', 'Loss:0.0540', 'train_acc:99.97']
2021-04-30 18:41:28,865 - Eye - INFO - ['Epoch:13, Iter:200, Lr:0.00000078', 'Loss:0.0444', 'train_acc:99.96']
2021-04-30 18:41:38,151 - Eye - INFO - ['Epoch:13, Iter:220, Lr:0.00000078', 'Loss:0.0630', 'train_acc:99.95']
2021-04-30 18:41:47,552 - Eye - INFO - ['Epoch:13, Iter:240, Lr:0.00000078', 'Loss:0.0344', 'train_acc:99.93']
2021-04-30 18:41:56,998 - Eye - INFO - ['Epoch:13, Iter:260, Lr:0.00000078', 'Loss:0.0526', 'train_acc:99.94']
2021-04-30 18:42:06,328 - Eye - INFO - ['Epoch:13, Iter:280, Lr:0.00000078', 'Loss:0.0416', 'train_acc:99.94']
2021-04-30 18:42:10,829 - Eye - INFO - ['Epoch:13, Lr:0.00000078, Cost:139.38s', 'Loss:0.0324', 'train_acc:99.94', 'val_acc:82.29', 'val_loss:0.15']
2021-04-30 18:42:22,805 - Eye - INFO - ['Epoch:14, Iter: 20, Lr:0.00000078', 'Loss:0.0516', 'train_acc:100.00']
2021-04-30 18:42:32,227 - Eye - INFO - ['Epoch:14, Iter: 40, Lr:0.00000078', 'Loss:0.0414', 'train_acc:99.92']
2021-04-30 18:42:41,757 - Eye - INFO - ['Epoch:14, Iter: 60, Lr:0.00000078', 'Loss:0.0420', 'train_acc:99.95']
2021-04-30 18:42:51,154 - Eye - INFO - ['Epoch:14, Iter: 80, Lr:0.00000078', 'Loss:0.0544', 'train_acc:99.94']
2021-04-30 18:43:00,710 - Eye - INFO - ['Epoch:14, Iter:100, Lr:0.00000078', 'Loss:0.0363', 'train_acc:99.95']
2021-04-30 18:43:10,269 - Eye - INFO - ['Epoch:14, Iter:120, Lr:0.00000078', 'Loss:0.0678', 'train_acc:99.95']
2021-04-30 18:43:19,864 - Eye - INFO - ['Epoch:14, Iter:140, Lr:0.00000078', 'Loss:0.0375', 'train_acc:99.96']
2021-04-30 18:43:29,271 - Eye - INFO - ['Epoch:14, Iter:160, Lr:0.00000078', 'Loss:0.0373', 'train_acc:99.96']
2021-04-30 18:43:38,591 - Eye - INFO - ['Epoch:14, Iter:180, Lr:0.00000078', 'Loss:0.0587', 'train_acc:99.97']
2021-04-30 18:43:47,847 - Eye - INFO - ['Epoch:14, Iter:200, Lr:0.00000078', 'Loss:0.0667', 'train_acc:99.97']
2021-04-30 18:43:57,243 - Eye - INFO - ['Epoch:14, Iter:220, Lr:0.00000078', 'Loss:0.0381', 'train_acc:99.97']
2021-04-30 18:44:06,712 - Eye - INFO - ['Epoch:14, Iter:240, Lr:0.00000078', 'Loss:0.0311', 'train_acc:99.97']
2021-04-30 18:44:16,212 - Eye - INFO - ['Epoch:14, Iter:260, Lr:0.00000078', 'Loss:0.0534', 'train_acc:99.98']
2021-04-30 18:44:25,757 - Eye - INFO - ['Epoch:14, Iter:280, Lr:0.00000078', 'Loss:0.0316', 'train_acc:99.98']
2021-04-30 18:44:30,116 - Eye - INFO - ['Epoch:14, Lr:0.00000078, Cost:139.20s', 'Loss:0.0356', 'train_acc:99.98', 'val_acc:82.03', 'val_loss:0.22']
2021-04-30 18:44:42,507 - Eye - INFO - ['Epoch:15, Iter: 20, Lr:0.00000078', 'Loss:0.0472', 'train_acc:100.00']
2021-04-30 18:44:51,847 - Eye - INFO - ['Epoch:15, Iter: 40, Lr:0.00000078', 'Loss:0.0386', 'train_acc:100.00']
2021-04-30 18:45:01,397 - Eye - INFO - ['Epoch:15, Iter: 60, Lr:0.00000078', 'Loss:0.0277', 'train_acc:99.97']
2021-04-30 18:45:10,882 - Eye - INFO - ['Epoch:15, Iter: 80, Lr:0.00000078', 'Loss:0.0814', 'train_acc:99.98']
2021-04-30 18:45:20,395 - Eye - INFO - ['Epoch:15, Iter:100, Lr:0.00000078', 'Loss:0.0512', 'train_acc:99.98']
2021-04-30 18:45:29,848 - Eye - INFO - ['Epoch:15, Iter:120, Lr:0.00000078', 'Loss:0.0729', 'train_acc:99.99']
2021-04-30 18:45:39,218 - Eye - INFO - ['Epoch:15, Iter:140, Lr:0.00000078', 'Loss:0.0544', 'train_acc:99.99']
2021-04-30 18:45:48,511 - Eye - INFO - ['Epoch:15, Iter:160, Lr:0.00000078', 'Loss:0.0429', 'train_acc:99.98']
2021-04-30 18:45:57,856 - Eye - INFO - ['Epoch:15, Iter:180, Lr:0.00000078', 'Loss:0.0371', 'train_acc:99.97']
2021-04-30 18:46:07,205 - Eye - INFO - ['Epoch:15, Iter:200, Lr:0.00000078', 'Loss:0.0329', 'train_acc:99.97']
2021-04-30 18:46:16,757 - Eye - INFO - ['Epoch:15, Iter:220, Lr:0.00000078', 'Loss:0.0394', 'train_acc:99.97']
2021-04-30 18:46:26,252 - Eye - INFO - ['Epoch:15, Iter:240, Lr:0.00000078', 'Loss:0.1235', 'train_acc:99.97']
2021-04-30 18:46:35,649 - Eye - INFO - ['Epoch:15, Iter:260, Lr:0.00000078', 'Loss:0.0474', 'train_acc:99.98']
2021-04-30 18:46:45,065 - Eye - INFO - ['Epoch:15, Iter:280, Lr:0.00000078', 'Loss:0.0470', 'train_acc:99.98']
2021-04-30 18:46:49,584 - Eye - INFO - ['Epoch:15, Lr:0.00000078, Cost:139.40s', 'Loss:0.0691', 'train_acc:99.98', 'val_acc:80.21', 'val_loss:0.26']
2021-04-30 18:47:01,441 - Eye - INFO - ['Epoch:16, Iter: 20, Lr:0.00000039', 'Loss:0.0260', 'train_acc:100.00']
2021-04-30 18:47:10,819 - Eye - INFO - ['Epoch:16, Iter: 40, Lr:0.00000039', 'Loss:0.0627', 'train_acc:100.00']
2021-04-30 18:47:20,435 - Eye - INFO - ['Epoch:16, Iter: 60, Lr:0.00000039', 'Loss:0.0354', 'train_acc:99.97']
2021-04-30 18:47:29,639 - Eye - INFO - ['Epoch:16, Iter: 80, Lr:0.00000039', 'Loss:0.0400', 'train_acc:99.98']
2021-04-30 18:47:39,051 - Eye - INFO - ['Epoch:16, Iter:100, Lr:0.00000039', 'Loss:0.0375', 'train_acc:99.98']
2021-04-30 18:47:48,028 - Eye - INFO - ['Epoch:16, Iter:120, Lr:0.00000039', 'Loss:0.0612', 'train_acc:99.99']
2021-04-30 18:47:57,049 - Eye - INFO - ['Epoch:16, Iter:140, Lr:0.00000039', 'Loss:0.0602', 'train_acc:99.99']
2021-04-30 18:48:06,439 - Eye - INFO - ['Epoch:16, Iter:160, Lr:0.00000039', 'Loss:0.0539', 'train_acc:99.98']
2021-04-30 18:48:15,888 - Eye - INFO - ['Epoch:16, Iter:180, Lr:0.00000039', 'Loss:0.0442', 'train_acc:99.97']
2021-04-30 18:48:25,454 - Eye - INFO - ['Epoch:16, Iter:200, Lr:0.00000039', 'Loss:0.0470', 'train_acc:99.97']
2021-04-30 18:48:35,011 - Eye - INFO - ['Epoch:16, Iter:220, Lr:0.00000039', 'Loss:0.0433', 'train_acc:99.97']
2021-04-30 18:48:44,443 - Eye - INFO - ['Epoch:16, Iter:240, Lr:0.00000039', 'Loss:0.0501', 'train_acc:99.96']
2021-04-30 18:48:53,870 - Eye - INFO - ['Epoch:16, Iter:260, Lr:0.00000039', 'Loss:0.0430', 'train_acc:99.96']
2021-04-30 18:49:03,418 - Eye - INFO - ['Epoch:16, Iter:280, Lr:0.00000039', 'Loss:0.0444', 'train_acc:99.97']
2021-04-30 18:49:07,870 - Eye - INFO - ['Epoch:16, Lr:0.00000039, Cost:138.20s', 'Loss:0.0296', 'train_acc:99.97', 'val_acc:80.47', 'val_loss:0.25']
2021-04-30 18:49:20,411 - Eye - INFO - ['Epoch:17, Iter: 20, Lr:0.00000039', 'Loss:0.0402', 'train_acc:100.00']
2021-04-30 18:49:29,765 - Eye - INFO - ['Epoch:17, Iter: 40, Lr:0.00000039', 'Loss:0.0566', 'train_acc:100.00']
2021-04-30 18:49:39,264 - Eye - INFO - ['Epoch:17, Iter: 60, Lr:0.00000039', 'Loss:0.0590', 'train_acc:100.00']
2021-04-30 18:49:48,729 - Eye - INFO - ['Epoch:17, Iter: 80, Lr:0.00000039', 'Loss:0.0474', 'train_acc:100.00']
2021-04-30 18:49:58,226 - Eye - INFO - ['Epoch:17, Iter:100, Lr:0.00000039', 'Loss:0.0543', 'train_acc:99.97']
2021-04-30 18:50:07,723 - Eye - INFO - ['Epoch:17, Iter:120, Lr:0.00000039', 'Loss:0.0435', 'train_acc:99.97']
2021-04-30 18:50:16,975 - Eye - INFO - ['Epoch:17, Iter:140, Lr:0.00000039', 'Loss:0.0470', 'train_acc:99.98']
2021-04-30 18:50:26,467 - Eye - INFO - ['Epoch:17, Iter:160, Lr:0.00000039', 'Loss:0.0450', 'train_acc:99.98']
2021-04-30 18:50:35,969 - Eye - INFO - ['Epoch:17, Iter:180, Lr:0.00000039', 'Loss:0.0478', 'train_acc:99.98']
2021-04-30 18:50:45,378 - Eye - INFO - ['Epoch:17, Iter:200, Lr:0.00000039', 'Loss:0.0524', 'train_acc:99.98']
2021-04-30 18:50:54,658 - Eye - INFO - ['Epoch:17, Iter:220, Lr:0.00000039', 'Loss:0.0533', 'train_acc:99.99']
2021-04-30 18:51:04,051 - Eye - INFO - ['Epoch:17, Iter:240, Lr:0.00000039', 'Loss:0.0391', 'train_acc:99.97']
2021-04-30 18:51:13,388 - Eye - INFO - ['Epoch:17, Iter:260, Lr:0.00000039', 'Loss:0.0481', 'train_acc:99.97']
2021-04-30 18:51:22,936 - Eye - INFO - ['Epoch:17, Iter:280, Lr:0.00000039', 'Loss:0.0507', 'train_acc:99.97']
2021-04-30 18:51:27,190 - Eye - INFO - ['Epoch:17, Lr:0.00000039, Cost:139.24s', 'Loss:0.0483', 'train_acc:99.97', 'val_acc:82.55', 'val_loss:0.18']
2021-04-30 18:51:40,281 - Eye - INFO - ['Epoch:18, Iter: 20, Lr:0.00000039', 'Loss:0.0560', 'train_acc:99.92']
2021-04-30 18:51:49,642 - Eye - INFO - ['Epoch:18, Iter: 40, Lr:0.00000039', 'Loss:0.0335', 'train_acc:99.96']
2021-04-30 18:51:59,004 - Eye - INFO - ['Epoch:18, Iter: 60, Lr:0.00000039', 'Loss:0.0535', 'train_acc:99.97']
2021-04-30 18:52:08,339 - Eye - INFO - ['Epoch:18, Iter: 80, Lr:0.00000039', 'Loss:0.0657', 'train_acc:99.98']
2021-04-30 18:52:17,637 - Eye - INFO - ['Epoch:18, Iter:100, Lr:0.00000039', 'Loss:0.0591', 'train_acc:99.98']
2021-04-30 18:52:26,928 - Eye - INFO - ['Epoch:18, Iter:120, Lr:0.00000039', 'Loss:0.0372', 'train_acc:99.99']
2021-04-30 18:52:36,327 - Eye - INFO - ['Epoch:18, Iter:140, Lr:0.00000039', 'Loss:0.0680', 'train_acc:99.99']
2021-04-30 18:52:45,653 - Eye - INFO - ['Epoch:18, Iter:160, Lr:0.00000039', 'Loss:0.0678', 'train_acc:99.99']
2021-04-30 18:52:55,144 - Eye - INFO - ['Epoch:18, Iter:180, Lr:0.00000039', 'Loss:0.0607', 'train_acc:99.99']
2021-04-30 18:53:04,493 - Eye - INFO - ['Epoch:18, Iter:200, Lr:0.00000039', 'Loss:0.0307', 'train_acc:99.98']
2021-04-30 18:53:13,823 - Eye - INFO - ['Epoch:18, Iter:220, Lr:0.00000039', 'Loss:0.0447', 'train_acc:99.99']
2021-04-30 18:53:23,398 - Eye - INFO - ['Epoch:18, Iter:240, Lr:0.00000039', 'Loss:0.0335', 'train_acc:99.99']
2021-04-30 18:53:32,910 - Eye - INFO - ['Epoch:18, Iter:260, Lr:0.00000039', 'Loss:0.0516', 'train_acc:99.98']
2021-04-30 18:53:42,478 - Eye - INFO - ['Epoch:18, Iter:280, Lr:0.00000039', 'Loss:0.0331', 'train_acc:99.98']
2021-04-30 18:53:46,930 - Eye - INFO - ['Epoch:18, Lr:0.00000039, Cost:139.65s', 'Loss:0.0474', 'train_acc:99.98', 'val_acc:82.29', 'val_loss:0.17']
2021-04-30 18:54:00,217 - Eye - INFO - ['Epoch:19, Iter: 20, Lr:0.00000039', 'Loss:0.0349', 'train_acc:99.84']
2021-04-30 18:54:09,726 - Eye - INFO - ['Epoch:19, Iter: 40, Lr:0.00000039', 'Loss:0.0371', 'train_acc:99.92']
2021-04-30 18:54:19,146 - Eye - INFO - ['Epoch:19, Iter: 60, Lr:0.00000039', 'Loss:0.0659', 'train_acc:99.95']
2021-04-30 18:54:28,678 - Eye - INFO - ['Epoch:19, Iter: 80, Lr:0.00000039', 'Loss:0.0543', 'train_acc:99.96']
2021-04-30 18:54:38,171 - Eye - INFO - ['Epoch:19, Iter:100, Lr:0.00000039', 'Loss:0.0374', 'train_acc:99.95']
2021-04-30 18:54:47,600 - Eye - INFO - ['Epoch:19, Iter:120, Lr:0.00000039', 'Loss:0.0429', 'train_acc:99.93']
2021-04-30 18:54:56,882 - Eye - INFO - ['Epoch:19, Iter:140, Lr:0.00000039', 'Loss:0.0582', 'train_acc:99.94']
2021-04-30 18:55:06,228 - Eye - INFO - ['Epoch:19, Iter:160, Lr:0.00000039', 'Loss:0.0321', 'train_acc:99.94']
2021-04-30 18:55:15,679 - Eye - INFO - ['Epoch:19, Iter:180, Lr:0.00000039', 'Loss:0.0455', 'train_acc:99.95']
2021-04-30 18:55:25,181 - Eye - INFO - ['Epoch:19, Iter:200, Lr:0.00000039', 'Loss:0.0363', 'train_acc:99.95']
2021-04-30 18:55:34,517 - Eye - INFO - ['Epoch:19, Iter:220, Lr:0.00000039', 'Loss:0.0340', 'train_acc:99.94']
2021-04-30 18:55:44,055 - Eye - INFO - ['Epoch:19, Iter:240, Lr:0.00000039', 'Loss:0.0373', 'train_acc:99.95']
2021-04-30 18:55:53,551 - Eye - INFO - ['Epoch:19, Iter:260, Lr:0.00000039', 'Loss:0.0593', 'train_acc:99.95']
2021-04-30 18:56:03,363 - Eye - INFO - ['Epoch:19, Iter:280, Lr:0.00000039', 'Loss:0.0929', 'train_acc:99.96']
2021-04-30 18:56:07,656 - Eye - INFO - ['Epoch:19, Lr:0.00000039, Cost:140.64s', 'Loss:0.0505', 'train_acc:99.96', 'val_acc:82.03', 'val_loss:0.22']
2021-04-30 18:56:19,639 - Eye - INFO - ['Epoch:20, Iter: 20, Lr:0.00000039', 'Loss:0.0612', 'train_acc:100.00']
2021-04-30 18:56:29,145 - Eye - INFO - ['Epoch:20, Iter: 40, Lr:0.00000039', 'Loss:0.0304', 'train_acc:100.00']
2021-04-30 18:56:38,672 - Eye - INFO - ['Epoch:20, Iter: 60, Lr:0.00000039', 'Loss:0.0368', 'train_acc:100.00']
2021-04-30 18:56:48,122 - Eye - INFO - ['Epoch:20, Iter: 80, Lr:0.00000039', 'Loss:0.0325', 'train_acc:100.00']
2021-04-30 18:56:57,603 - Eye - INFO - ['Epoch:20, Iter:100, Lr:0.00000039', 'Loss:0.0436', 'train_acc:100.00']
2021-04-30 18:57:07,115 - Eye - INFO - ['Epoch:20, Iter:120, Lr:0.00000039', 'Loss:0.0774', 'train_acc:100.00']
2021-04-30 18:57:16,683 - Eye - INFO - ['Epoch:20, Iter:140, Lr:0.00000039', 'Loss:0.0736', 'train_acc:100.00']
2021-04-30 18:57:26,106 - Eye - INFO - ['Epoch:20, Iter:160, Lr:0.00000039', 'Loss:0.0444', 'train_acc:100.00']
2021-04-30 18:57:35,616 - Eye - INFO - ['Epoch:20, Iter:180, Lr:0.00000039', 'Loss:0.0337', 'train_acc:100.00']
2021-04-30 18:57:45,207 - Eye - INFO - ['Epoch:20, Iter:200, Lr:0.00000039', 'Loss:0.0499', 'train_acc:100.00']
2021-04-30 18:57:54,718 - Eye - INFO - ['Epoch:20, Iter:220, Lr:0.00000039', 'Loss:0.0552', 'train_acc:100.00']
2021-04-30 18:58:04,254 - Eye - INFO - ['Epoch:20, Iter:240, Lr:0.00000039', 'Loss:0.0557', 'train_acc:100.00']
2021-04-30 18:58:13,508 - Eye - INFO - ['Epoch:20, Iter:260, Lr:0.00000039', 'Loss:0.0481', 'train_acc:100.00']
2021-04-30 18:58:23,229 - Eye - INFO - ['Epoch:20, Iter:280, Lr:0.00000039', 'Loss:0.0458', 'train_acc:100.00']
2021-04-30 18:58:27,611 - Eye - INFO - ['Epoch:20, Lr:0.00000039, Cost:139.85s', 'Loss:0.0308', 'train_acc:100.00', 'val_acc:82.03', 'val_loss:0.19']
2021-04-30 18:58:39,467 - Eye - INFO - ['Epoch:21, Iter: 20, Lr:0.00000020', 'Loss:0.0528', 'train_acc:100.00']
2021-04-30 18:58:49,083 - Eye - INFO - ['Epoch:21, Iter: 40, Lr:0.00000020', 'Loss:0.0415', 'train_acc:100.00']
2021-04-30 18:58:58,267 - Eye - INFO - ['Epoch:21, Iter: 60, Lr:0.00000020', 'Loss:0.0306', 'train_acc:100.00']
2021-04-30 18:59:07,447 - Eye - INFO - ['Epoch:21, Iter: 80, Lr:0.00000020', 'Loss:0.0555', 'train_acc:100.00']
2021-04-30 18:59:16,968 - Eye - INFO - ['Epoch:21, Iter:100, Lr:0.00000020', 'Loss:0.0427', 'train_acc:100.00']
2021-04-30 18:59:26,322 - Eye - INFO - ['Epoch:21, Iter:120, Lr:0.00000020', 'Loss:0.0454', 'train_acc:100.00']
2021-04-30 18:59:35,745 - Eye - INFO - ['Epoch:21, Iter:140, Lr:0.00000020', 'Loss:0.0228', 'train_acc:100.00']
2021-04-30 18:59:45,241 - Eye - INFO - ['Epoch:21, Iter:160, Lr:0.00000020', 'Loss:0.0465', 'train_acc:100.00']
2021-04-30 18:59:54,607 - Eye - INFO - ['Epoch:21, Iter:180, Lr:0.00000020', 'Loss:0.0340', 'train_acc:100.00']
2021-04-30 19:00:03,989 - Eye - INFO - ['Epoch:21, Iter:200, Lr:0.00000020', 'Loss:0.0356', 'train_acc:100.00']
2021-04-30 19:00:13,385 - Eye - INFO - ['Epoch:21, Iter:220, Lr:0.00000020', 'Loss:0.0328', 'train_acc:100.00']
2021-04-30 19:00:22,795 - Eye - INFO - ['Epoch:21, Iter:240, Lr:0.00000020', 'Loss:0.0349', 'train_acc:100.00']
2021-04-30 19:00:32,004 - Eye - INFO - ['Epoch:21, Iter:260, Lr:0.00000020', 'Loss:0.1003', 'train_acc:100.00']
2021-04-30 19:00:41,483 - Eye - INFO - ['Epoch:21, Iter:280, Lr:0.00000020', 'Loss:0.0631', 'train_acc:100.00']
2021-04-30 19:00:45,840 - Eye - INFO - ['Epoch:21, Lr:0.00000020, Cost:138.14s', 'Loss:0.0365', 'train_acc:100.00', 'val_acc:81.25', 'val_loss:0.26']
2021-04-30 19:00:58,285 - Eye - INFO - ['Epoch:22, Iter: 20, Lr:0.00000020', 'Loss:0.0353', 'train_acc:100.00']
2021-04-30 19:01:07,725 - Eye - INFO - ['Epoch:22, Iter: 40, Lr:0.00000020', 'Loss:0.0443', 'train_acc:100.00']
2021-04-30 19:01:17,138 - Eye - INFO - ['Epoch:22, Iter: 60, Lr:0.00000020', 'Loss:0.0526', 'train_acc:100.00']
2021-04-30 19:01:26,224 - Eye - INFO - ['Epoch:22, Iter: 80, Lr:0.00000020', 'Loss:0.0341', 'train_acc:100.00']
2021-04-30 19:01:35,714 - Eye - INFO - ['Epoch:22, Iter:100, Lr:0.00000020', 'Loss:0.0357', 'train_acc:100.00']
2021-04-30 19:01:45,254 - Eye - INFO - ['Epoch:22, Iter:120, Lr:0.00000020', 'Loss:0.0430', 'train_acc:100.00']
2021-04-30 19:01:54,774 - Eye - INFO - ['Epoch:22, Iter:140, Lr:0.00000020', 'Loss:0.0359', 'train_acc:100.00']
2021-04-30 19:02:04,373 - Eye - INFO - ['Epoch:22, Iter:160, Lr:0.00000020', 'Loss:0.0395', 'train_acc:100.00']
2021-04-30 19:02:13,981 - Eye - INFO - ['Epoch:22, Iter:180, Lr:0.00000020', 'Loss:0.0533', 'train_acc:100.00']
2021-04-30 19:02:23,432 - Eye - INFO - ['Epoch:22, Iter:200, Lr:0.00000020', 'Loss:0.0386', 'train_acc:100.00']
2021-04-30 19:02:32,943 - Eye - INFO - ['Epoch:22, Iter:220, Lr:0.00000020', 'Loss:0.0503', 'train_acc:99.99']
2021-04-30 19:02:42,422 - Eye - INFO - ['Epoch:22, Iter:240, Lr:0.00000020', 'Loss:0.0373', 'train_acc:99.99']
2021-04-30 19:02:51,963 - Eye - INFO - ['Epoch:22, Iter:260, Lr:0.00000020', 'Loss:0.0252', 'train_acc:99.99']
2021-04-30 19:03:01,688 - Eye - INFO - ['Epoch:22, Iter:280, Lr:0.00000020', 'Loss:0.0452', 'train_acc:99.99']
2021-04-30 19:03:06,050 - Eye - INFO - ['Epoch:22, Lr:0.00000020, Cost:140.12s', 'Loss:0.0344', 'train_acc:99.99', 'val_acc:82.29', 'val_loss:0.18']
2021-04-30 19:03:17,998 - Eye - INFO - ['Epoch:23, Iter: 20, Lr:0.00000020', 'Loss:0.0376', 'train_acc:100.00']
2021-04-30 19:03:27,315 - Eye - INFO - ['Epoch:23, Iter: 40, Lr:0.00000020', 'Loss:0.0320', 'train_acc:100.00']
2021-04-30 19:03:36,813 - Eye - INFO - ['Epoch:23, Iter: 60, Lr:0.00000020', 'Loss:0.0513', 'train_acc:100.00']
2021-04-30 19:03:46,348 - Eye - INFO - ['Epoch:23, Iter: 80, Lr:0.00000020', 'Loss:0.0489', 'train_acc:100.00']
2021-04-30 19:03:55,867 - Eye - INFO - ['Epoch:23, Iter:100, Lr:0.00000020', 'Loss:0.0319', 'train_acc:100.00']
2021-04-30 19:04:05,433 - Eye - INFO - ['Epoch:23, Iter:120, Lr:0.00000020', 'Loss:0.0279', 'train_acc:100.00']
2021-04-30 19:04:14,684 - Eye - INFO - ['Epoch:23, Iter:140, Lr:0.00000020', 'Loss:0.0429', 'train_acc:100.00']
2021-04-30 19:04:23,951 - Eye - INFO - ['Epoch:23, Iter:160, Lr:0.00000020', 'Loss:0.0622', 'train_acc:99.99']
2021-04-30 19:04:33,106 - Eye - INFO - ['Epoch:23, Iter:180, Lr:0.00000020', 'Loss:0.0319', 'train_acc:99.99']
2021-04-30 19:04:42,624 - Eye - INFO - ['Epoch:23, Iter:200, Lr:0.00000020', 'Loss:0.0495', 'train_acc:99.99']
2021-04-30 19:04:52,007 - Eye - INFO - ['Epoch:23, Iter:220, Lr:0.00000020', 'Loss:0.0725', 'train_acc:99.99']
2021-04-30 19:05:01,466 - Eye - INFO - ['Epoch:23, Iter:240, Lr:0.00000020', 'Loss:0.0404', 'train_acc:99.99']
2021-04-30 19:05:10,842 - Eye - INFO - ['Epoch:23, Iter:260, Lr:0.00000020', 'Loss:0.0378', 'train_acc:99.99']
2021-04-30 19:05:20,352 - Eye - INFO - ['Epoch:23, Iter:280, Lr:0.00000020', 'Loss:0.0362', 'train_acc:99.98']
2021-04-30 19:05:24,695 - Eye - INFO - ['Epoch:23, Lr:0.00000020, Cost:138.57s', 'Loss:0.0540', 'train_acc:99.98', 'val_acc:81.25', 'val_loss:0.25']
2021-04-30 19:05:37,563 - Eye - INFO - ['Epoch:24, Iter: 20, Lr:0.00000020', 'Loss:0.0514', 'train_acc:100.00']
2021-04-30 19:05:47,053 - Eye - INFO - ['Epoch:24, Iter: 40, Lr:0.00000020', 'Loss:0.0423', 'train_acc:100.00']
2021-04-30 19:05:56,462 - Eye - INFO - ['Epoch:24, Iter: 60, Lr:0.00000020', 'Loss:0.0468', 'train_acc:100.00']
2021-04-30 19:06:05,891 - Eye - INFO - ['Epoch:24, Iter: 80, Lr:0.00000020', 'Loss:0.0528', 'train_acc:100.00']
2021-04-30 19:06:15,296 - Eye - INFO - ['Epoch:24, Iter:100, Lr:0.00000020', 'Loss:0.0544', 'train_acc:99.98']
2021-04-30 19:06:24,703 - Eye - INFO - ['Epoch:24, Iter:120, Lr:0.00000020', 'Loss:0.0471', 'train_acc:99.99']
2021-04-30 19:06:34,079 - Eye - INFO - ['Epoch:24, Iter:140, Lr:0.00000020', 'Loss:0.0551', 'train_acc:99.99']
2021-04-30 19:06:43,603 - Eye - INFO - ['Epoch:24, Iter:160, Lr:0.00000020', 'Loss:0.0929', 'train_acc:99.98']
2021-04-30 19:06:52,995 - Eye - INFO - ['Epoch:24, Iter:180, Lr:0.00000020', 'Loss:0.0543', 'train_acc:99.98']
2021-04-30 19:07:02,293 - Eye - INFO - ['Epoch:24, Iter:200, Lr:0.00000020', 'Loss:0.0416', 'train_acc:99.98']
2021-04-30 19:07:11,693 - Eye - INFO - ['Epoch:24, Iter:220, Lr:0.00000020', 'Loss:0.0511', 'train_acc:99.99']
2021-04-30 19:07:21,090 - Eye - INFO - ['Epoch:24, Iter:240, Lr:0.00000020', 'Loss:0.0371', 'train_acc:99.99']
2021-04-30 19:07:30,520 - Eye - INFO - ['Epoch:24, Iter:260, Lr:0.00000020', 'Loss:0.0617', 'train_acc:99.99']
2021-04-30 19:07:40,026 - Eye - INFO - ['Epoch:24, Iter:280, Lr:0.00000020', 'Loss:0.0391', 'train_acc:99.99']
2021-04-30 19:07:44,412 - Eye - INFO - ['Epoch:24, Lr:0.00000020, Cost:139.63s', 'Loss:0.0306', 'train_acc:99.99', 'val_acc:81.77', 'val_loss:0.18']
2021-04-30 19:07:56,846 - Eye - INFO - ['Epoch:25, Iter: 20, Lr:0.00000020', 'Loss:0.0409', 'train_acc:100.00']
2021-04-30 19:08:06,269 - Eye - INFO - ['Epoch:25, Iter: 40, Lr:0.00000020', 'Loss:0.0478', 'train_acc:100.00']
2021-04-30 19:08:15,613 - Eye - INFO - ['Epoch:25, Iter: 60, Lr:0.00000020', 'Loss:0.0555', 'train_acc:99.97']
2021-04-30 19:08:25,065 - Eye - INFO - ['Epoch:25, Iter: 80, Lr:0.00000020', 'Loss:0.0473', 'train_acc:99.98']
2021-04-30 19:08:34,468 - Eye - INFO - ['Epoch:25, Iter:100, Lr:0.00000020', 'Loss:0.0397', 'train_acc:99.98']
2021-04-30 19:08:43,666 - Eye - INFO - ['Epoch:25, Iter:120, Lr:0.00000020', 'Loss:0.0420', 'train_acc:99.99']
2021-04-30 19:08:53,159 - Eye - INFO - ['Epoch:25, Iter:140, Lr:0.00000020', 'Loss:0.0377', 'train_acc:99.99']
2021-04-30 19:09:02,824 - Eye - INFO - ['Epoch:25, Iter:160, Lr:0.00000020', 'Loss:0.0392', 'train_acc:99.99']
2021-04-30 19:09:12,230 - Eye - INFO - ['Epoch:25, Iter:180, Lr:0.00000020', 'Loss:0.0431', 'train_acc:99.99']
2021-04-30 19:09:21,512 - Eye - INFO - ['Epoch:25, Iter:200, Lr:0.00000020', 'Loss:0.0472', 'train_acc:99.99']
2021-04-30 19:09:31,051 - Eye - INFO - ['Epoch:25, Iter:220, Lr:0.00000020', 'Loss:0.0388', 'train_acc:99.99']
2021-04-30 19:09:40,471 - Eye - INFO - ['Epoch:25, Iter:240, Lr:0.00000020', 'Loss:0.0625', 'train_acc:99.99']
2021-04-30 19:09:49,932 - Eye - INFO - ['Epoch:25, Iter:260, Lr:0.00000020', 'Loss:0.0464', 'train_acc:99.99']
2021-04-30 19:09:59,407 - Eye - INFO - ['Epoch:25, Iter:280, Lr:0.00000020', 'Loss:0.0434', 'train_acc:99.98']
2021-04-30 19:10:03,759 - Eye - INFO - ['Epoch:25, Lr:0.00000020, Cost:139.26s', 'Loss:0.0443', 'train_acc:99.98', 'val_acc:82.03', 'val_loss:0.23']
2021-04-30 19:10:15,677 - Eye - INFO - ['Epoch:26, Iter: 20, Lr:0.00000010', 'Loss:0.0468', 'train_acc:100.00']
2021-04-30 19:10:25,028 - Eye - INFO - ['Epoch:26, Iter: 40, Lr:0.00000010', 'Loss:0.0437', 'train_acc:100.00']
2021-04-30 19:10:34,496 - Eye - INFO - ['Epoch:26, Iter: 60, Lr:0.00000010', 'Loss:0.0344', 'train_acc:100.00']
2021-04-30 19:10:43,954 - Eye - INFO - ['Epoch:26, Iter: 80, Lr:0.00000010', 'Loss:0.0423', 'train_acc:99.98']
2021-04-30 19:10:53,591 - Eye - INFO - ['Epoch:26, Iter:100, Lr:0.00000010', 'Loss:0.0349', 'train_acc:99.98']
2021-04-30 19:11:03,191 - Eye - INFO - ['Epoch:26, Iter:120, Lr:0.00000010', 'Loss:0.0565', 'train_acc:99.99']
2021-04-30 19:11:12,695 - Eye - INFO - ['Epoch:26, Iter:140, Lr:0.00000010', 'Loss:0.0329', 'train_acc:99.99']
2021-04-30 19:11:22,252 - Eye - INFO - ['Epoch:26, Iter:160, Lr:0.00000010', 'Loss:0.0357', 'train_acc:99.99']
2021-04-30 19:11:31,606 - Eye - INFO - ['Epoch:26, Iter:180, Lr:0.00000010', 'Loss:0.0403', 'train_acc:99.99']
2021-04-30 19:11:40,882 - Eye - INFO - ['Epoch:26, Iter:200, Lr:0.00000010', 'Loss:0.0336', 'train_acc:99.99']
2021-04-30 19:11:50,261 - Eye - INFO - ['Epoch:26, Iter:220, Lr:0.00000010', 'Loss:0.0510', 'train_acc:99.99']
2021-04-30 19:11:59,838 - Eye - INFO - ['Epoch:26, Iter:240, Lr:0.00000010', 'Loss:0.0740', 'train_acc:99.99']
2021-04-30 19:12:09,201 - Eye - INFO - ['Epoch:26, Iter:260, Lr:0.00000010', 'Loss:0.0595', 'train_acc:99.99']
2021-04-30 19:12:18,746 - Eye - INFO - ['Epoch:26, Iter:280, Lr:0.00000010', 'Loss:0.0470', 'train_acc:99.99']
2021-04-30 19:12:23,097 - Eye - INFO - ['Epoch:26, Lr:0.00000010, Cost:139.27s', 'Loss:0.0574', 'train_acc:99.99', 'val_acc:82.29', 'val_loss:0.19']
2021-04-30 19:12:35,002 - Eye - INFO - ['Epoch:27, Iter: 20, Lr:0.00000010', 'Loss:0.0441', 'train_acc:100.00']
2021-04-30 19:12:44,578 - Eye - INFO - ['Epoch:27, Iter: 40, Lr:0.00000010', 'Loss:0.0333', 'train_acc:100.00']
2021-04-30 19:12:54,210 - Eye - INFO - ['Epoch:27, Iter: 60, Lr:0.00000010', 'Loss:0.0447', 'train_acc:99.97']
2021-04-30 19:13:03,696 - Eye - INFO - ['Epoch:27, Iter: 80, Lr:0.00000010', 'Loss:0.0556', 'train_acc:99.96']
2021-04-30 19:13:13,295 - Eye - INFO - ['Epoch:27, Iter:100, Lr:0.00000010', 'Loss:0.0547', 'train_acc:99.97']
2021-04-30 19:13:22,761 - Eye - INFO - ['Epoch:27, Iter:120, Lr:0.00000010', 'Loss:0.0633', 'train_acc:99.97']
2021-04-30 19:13:32,080 - Eye - INFO - ['Epoch:27, Iter:140, Lr:0.00000010', 'Loss:0.0588', 'train_acc:99.97']
2021-04-30 19:13:41,368 - Eye - INFO - ['Epoch:27, Iter:160, Lr:0.00000010', 'Loss:0.0616', 'train_acc:99.96']
2021-04-30 19:13:50,770 - Eye - INFO - ['Epoch:27, Iter:180, Lr:0.00000010', 'Loss:0.0284', 'train_acc:99.97']
2021-04-30 19:14:00,190 - Eye - INFO - ['Epoch:27, Iter:200, Lr:0.00000010', 'Loss:0.0392', 'train_acc:99.97']
2021-04-30 19:14:09,655 - Eye - INFO - ['Epoch:27, Iter:220, Lr:0.00000010', 'Loss:0.0363', 'train_acc:99.97']
2021-04-30 19:14:18,864 - Eye - INFO - ['Epoch:27, Iter:240, Lr:0.00000010', 'Loss:0.0806', 'train_acc:99.97']
2021-04-30 19:14:28,406 - Eye - INFO - ['Epoch:27, Iter:260, Lr:0.00000010', 'Loss:0.0276', 'train_acc:99.98']
2021-04-30 19:14:37,882 - Eye - INFO - ['Epoch:27, Iter:280, Lr:0.00000010', 'Loss:0.0457', 'train_acc:99.97']
2021-04-30 19:14:42,329 - Eye - INFO - ['Epoch:27, Lr:0.00000010, Cost:139.15s', 'Loss:0.0319', 'train_acc:99.97', 'val_acc:82.29', 'val_loss:0.17']
2021-04-30 19:14:54,277 - Eye - INFO - ['Epoch:28, Iter: 20, Lr:0.00000010', 'Loss:0.0729', 'train_acc:100.00']
2021-04-30 19:15:03,549 - Eye - INFO - ['Epoch:28, Iter: 40, Lr:0.00000010', 'Loss:0.0649', 'train_acc:100.00']
2021-04-30 19:15:13,085 - Eye - INFO - ['Epoch:28, Iter: 60, Lr:0.00000010', 'Loss:0.0408', 'train_acc:99.95']
2021-04-30 19:15:22,518 - Eye - INFO - ['Epoch:28, Iter: 80, Lr:0.00000010', 'Loss:0.0329', 'train_acc:99.96']
2021-04-30 19:15:32,080 - Eye - INFO - ['Epoch:28, Iter:100, Lr:0.00000010', 'Loss:0.0506', 'train_acc:99.97']
2021-04-30 19:15:41,292 - Eye - INFO - ['Epoch:28, Iter:120, Lr:0.00000010', 'Loss:0.0381', 'train_acc:99.97']
2021-04-30 19:15:50,825 - Eye - INFO - ['Epoch:28, Iter:140, Lr:0.00000010', 'Loss:0.0395', 'train_acc:99.98']
2021-04-30 19:16:00,334 - Eye - INFO - ['Epoch:28, Iter:160, Lr:0.00000010', 'Loss:0.0444', 'train_acc:99.98']
2021-04-30 19:16:09,792 - Eye - INFO - ['Epoch:28, Iter:180, Lr:0.00000010', 'Loss:0.0508', 'train_acc:99.98']
2021-04-30 19:16:19,332 - Eye - INFO - ['Epoch:28, Iter:200, Lr:0.00000010', 'Loss:0.0507', 'train_acc:99.98']
2021-04-30 19:16:28,874 - Eye - INFO - ['Epoch:28, Iter:220, Lr:0.00000010', 'Loss:0.0340', 'train_acc:99.98']
2021-04-30 19:16:38,269 - Eye - INFO - ['Epoch:28, Iter:240, Lr:0.00000010', 'Loss:0.0435', 'train_acc:99.97']
2021-04-30 19:16:47,809 - Eye - INFO - ['Epoch:28, Iter:260, Lr:0.00000010', 'Loss:0.0561', 'train_acc:99.98']
2021-04-30 19:16:57,480 - Eye - INFO - ['Epoch:28, Iter:280, Lr:0.00000010', 'Loss:0.0293', 'train_acc:99.98']
2021-04-30 19:17:01,912 - Eye - INFO - ['Epoch:28, Lr:0.00000010, Cost:139.49s', 'Loss:0.0476', 'train_acc:99.98', 'val_acc:82.81', 'val_loss:0.21']
2021-04-30 19:17:13,819 - Eye - INFO - ['Epoch:29, Iter: 20, Lr:0.00000010', 'Loss:0.0374', 'train_acc:100.00']
2021-04-30 19:17:23,409 - Eye - INFO - ['Epoch:29, Iter: 40, Lr:0.00000010', 'Loss:0.0373', 'train_acc:100.00']
2021-04-30 19:17:32,695 - Eye - INFO - ['Epoch:29, Iter: 60, Lr:0.00000010', 'Loss:0.0330', 'train_acc:100.00']
2021-04-30 19:17:41,959 - Eye - INFO - ['Epoch:29, Iter: 80, Lr:0.00000010', 'Loss:0.0408', 'train_acc:100.00']
2021-04-30 19:17:55,134 - Eye - INFO - ['Epoch:29, Iter:100, Lr:0.00000010', 'Loss:0.0436', 'train_acc:100.00']
2021-04-30 19:18:04,279 - Eye - INFO - ['Epoch:29, Iter:120, Lr:0.00000010', 'Loss:0.0628', 'train_acc:99.97']
2021-04-30 19:18:13,239 - Eye - INFO - ['Epoch:29, Iter:140, Lr:0.00000010', 'Loss:0.0416', 'train_acc:99.98']
2021-04-30 19:18:22,414 - Eye - INFO - ['Epoch:29, Iter:160, Lr:0.00000010', 'Loss:0.0448', 'train_acc:99.98']
2021-04-30 19:18:31,555 - Eye - INFO - ['Epoch:29, Iter:180, Lr:0.00000010', 'Loss:0.0431', 'train_acc:99.98']
2021-04-30 19:18:40,789 - Eye - INFO - ['Epoch:29, Iter:200, Lr:0.00000010', 'Loss:0.0680', 'train_acc:99.98']
2021-04-30 19:18:50,295 - Eye - INFO - ['Epoch:29, Iter:220, Lr:0.00000010', 'Loss:0.0252', 'train_acc:99.99']
2021-04-30 19:18:59,847 - Eye - INFO - ['Epoch:29, Iter:240, Lr:0.00000010', 'Loss:0.0308', 'train_acc:99.99']
2021-04-30 19:19:09,170 - Eye - INFO - ['Epoch:29, Iter:260, Lr:0.00000010', 'Loss:0.0359', 'train_acc:99.99']
2021-04-30 19:19:18,235 - Eye - INFO - ['Epoch:29, Iter:280, Lr:0.00000010', 'Loss:0.0361', 'train_acc:99.98']
2021-04-30 19:19:22,685 - Eye - INFO - ['Epoch:29, Lr:0.00000010, Cost:140.70s', 'Loss:0.0402', 'train_acc:99.98', 'val_acc:82.55', 'val_loss:0.18']
2021-04-30 19:19:34,707 - Eye - INFO - ['Epoch:30, Iter: 20, Lr:0.00000010', 'Loss:0.0470', 'train_acc:99.92']
2021-04-30 19:19:44,159 - Eye - INFO - ['Epoch:30, Iter: 40, Lr:0.00000010', 'Loss:0.0378', 'train_acc:99.96']
2021-04-30 19:19:53,630 - Eye - INFO - ['Epoch:30, Iter: 60, Lr:0.00000010', 'Loss:0.0702', 'train_acc:99.97']
2021-04-30 19:20:02,823 - Eye - INFO - ['Epoch:30, Iter: 80, Lr:0.00000010', 'Loss:0.0528', 'train_acc:99.98']
2021-04-30 19:20:12,197 - Eye - INFO - ['Epoch:30, Iter:100, Lr:0.00000010', 'Loss:0.0498', 'train_acc:99.98']
2021-04-30 19:20:21,636 - Eye - INFO - ['Epoch:30, Iter:120, Lr:0.00000010', 'Loss:0.0933', 'train_acc:99.97']
2021-04-30 19:20:31,052 - Eye - INFO - ['Epoch:30, Iter:140, Lr:0.00000010', 'Loss:0.0485', 'train_acc:99.98']
2021-04-30 19:20:40,581 - Eye - INFO - ['Epoch:30, Iter:160, Lr:0.00000010', 'Loss:0.0377', 'train_acc:99.97']
2021-04-30 19:20:49,904 - Eye - INFO - ['Epoch:30, Iter:180, Lr:0.00000010', 'Loss:0.0495', 'train_acc:99.97']
2021-04-30 19:20:59,419 - Eye - INFO - ['Epoch:30, Iter:200, Lr:0.00000010', 'Loss:0.0301', 'train_acc:99.98']
2021-04-30 19:21:08,981 - Eye - INFO - ['Epoch:30, Iter:220, Lr:0.00000010', 'Loss:0.0346', 'train_acc:99.97']
2021-04-30 19:21:18,417 - Eye - INFO - ['Epoch:30, Iter:240, Lr:0.00000010', 'Loss:0.0474', 'train_acc:99.97']
2021-04-30 19:21:27,954 - Eye - INFO - ['Epoch:30, Iter:260, Lr:0.00000010', 'Loss:0.0407', 'train_acc:99.97']
2021-04-30 19:21:37,560 - Eye - INFO - ['Epoch:30, Iter:280, Lr:0.00000010', 'Loss:0.0517', 'train_acc:99.97']
2021-04-30 19:21:42,108 - Eye - INFO - ['Epoch:30, Lr:0.00000010, Cost:139.35s', 'Loss:0.0523', 'train_acc:99.97', 'val_acc:80.99', 'val_loss:0.26']
2021-04-30 19:21:54,104 - Eye - INFO - ['Epoch:31, Iter: 20, Lr:0.00000005', 'Loss:0.0472', 'train_acc:99.84']
2021-04-30 19:22:03,491 - Eye - INFO - ['Epoch:31, Iter: 40, Lr:0.00000005', 'Loss:0.0327', 'train_acc:99.92']
2021-04-30 19:22:12,953 - Eye - INFO - ['Epoch:31, Iter: 60, Lr:0.00000005', 'Loss:0.0385', 'train_acc:99.95']
2021-04-30 19:22:22,361 - Eye - INFO - ['Epoch:31, Iter: 80, Lr:0.00000005', 'Loss:0.0478', 'train_acc:99.96']
2021-04-30 19:22:31,645 - Eye - INFO - ['Epoch:31, Iter:100, Lr:0.00000005', 'Loss:0.0634', 'train_acc:99.97']
2021-04-30 19:22:40,991 - Eye - INFO - ['Epoch:31, Iter:120, Lr:0.00000005', 'Loss:0.0354', 'train_acc:99.97']
2021-04-30 19:22:50,376 - Eye - INFO - ['Epoch:31, Iter:140, Lr:0.00000005', 'Loss:0.0512', 'train_acc:99.98']
2021-04-30 19:22:59,623 - Eye - INFO - ['Epoch:31, Iter:160, Lr:0.00000005', 'Loss:0.0441', 'train_acc:99.98']
2021-04-30 19:23:08,998 - Eye - INFO - ['Epoch:31, Iter:180, Lr:0.00000005', 'Loss:0.0338', 'train_acc:99.97']
2021-04-30 19:23:18,554 - Eye - INFO - ['Epoch:31, Iter:200, Lr:0.00000005', 'Loss:0.0337', 'train_acc:99.97']
2021-04-30 19:23:27,890 - Eye - INFO - ['Epoch:31, Iter:220, Lr:0.00000005', 'Loss:0.0454', 'train_acc:99.96']
2021-04-30 19:23:37,442 - Eye - INFO - ['Epoch:31, Iter:240, Lr:0.00000005', 'Loss:0.0337', 'train_acc:99.97']
2021-04-30 19:23:46,945 - Eye - INFO - ['Epoch:31, Iter:260, Lr:0.00000005', 'Loss:0.0618', 'train_acc:99.96']
2021-04-30 19:23:56,494 - Eye - INFO - ['Epoch:31, Iter:280, Lr:0.00000005', 'Loss:0.0488', 'train_acc:99.97']
2021-04-30 19:24:00,913 - Eye - INFO - ['Epoch:31, Lr:0.00000005, Cost:138.71s', 'Loss:0.0488', 'train_acc:99.97', 'val_acc:80.99', 'val_loss:0.25']
2021-04-30 19:24:12,788 - Eye - INFO - ['Epoch:32, Iter: 20, Lr:0.00000005', 'Loss:0.0330', 'train_acc:100.00']
2021-04-30 19:24:21,828 - Eye - INFO - ['Epoch:32, Iter: 40, Lr:0.00000005', 'Loss:0.0404', 'train_acc:100.00']
2021-04-30 19:24:30,743 - Eye - INFO - ['Epoch:32, Iter: 60, Lr:0.00000005', 'Loss:0.0790', 'train_acc:100.00']
2021-04-30 19:24:39,691 - Eye - INFO - ['Epoch:32, Iter: 80, Lr:0.00000005', 'Loss:0.0493', 'train_acc:99.98']
2021-04-30 19:24:48,731 - Eye - INFO - ['Epoch:32, Iter:100, Lr:0.00000005', 'Loss:0.0342', 'train_acc:99.98']
2021-04-30 19:24:57,743 - Eye - INFO - ['Epoch:32, Iter:120, Lr:0.00000005', 'Loss:0.0500', 'train_acc:99.99']
2021-04-30 19:25:07,230 - Eye - INFO - ['Epoch:32, Iter:140, Lr:0.00000005', 'Loss:0.0430', 'train_acc:99.98']
2021-04-30 19:25:16,263 - Eye - INFO - ['Epoch:32, Iter:160, Lr:0.00000005', 'Loss:0.0409', 'train_acc:99.98']
2021-04-30 19:25:25,307 - Eye - INFO - ['Epoch:32, Iter:180, Lr:0.00000005', 'Loss:0.0468', 'train_acc:99.98']
2021-04-30 19:25:34,520 - Eye - INFO - ['Epoch:32, Iter:200, Lr:0.00000005', 'Loss:0.0441', 'train_acc:99.98']
2021-04-30 19:25:44,082 - Eye - INFO - ['Epoch:32, Iter:220, Lr:0.00000005', 'Loss:0.0382', 'train_acc:99.98']
2021-04-30 19:25:53,747 - Eye - INFO - ['Epoch:32, Iter:240, Lr:0.00000005', 'Loss:0.0321', 'train_acc:99.98']
2021-04-30 19:26:03,446 - Eye - INFO - ['Epoch:32, Iter:260, Lr:0.00000005', 'Loss:0.0329', 'train_acc:99.98']
2021-04-30 19:26:13,111 - Eye - INFO - ['Epoch:32, Iter:280, Lr:0.00000005', 'Loss:0.0437', 'train_acc:99.98']
2021-04-30 19:26:17,549 - Eye - INFO - ['Epoch:32, Lr:0.00000005, Cost:136.57s', 'Loss:0.0469', 'train_acc:99.98', 'val_acc:81.51', 'val_loss:0.22']
2021-04-30 19:26:29,477 - Eye - INFO - ['Epoch:33, Iter: 20, Lr:0.00000005', 'Loss:0.0698', 'train_acc:99.84']
2021-04-30 19:26:38,969 - Eye - INFO - ['Epoch:33, Iter: 40, Lr:0.00000005', 'Loss:0.0658', 'train_acc:99.88']
2021-04-30 19:26:48,554 - Eye - INFO - ['Epoch:33, Iter: 60, Lr:0.00000005', 'Loss:0.0523', 'train_acc:99.92']
2021-04-30 19:26:58,120 - Eye - INFO - ['Epoch:33, Iter: 80, Lr:0.00000005', 'Loss:0.0360', 'train_acc:99.94']
2021-04-30 19:27:07,555 - Eye - INFO - ['Epoch:33, Iter:100, Lr:0.00000005', 'Loss:0.0395', 'train_acc:99.95']
2021-04-30 19:27:17,067 - Eye - INFO - ['Epoch:33, Iter:120, Lr:0.00000005', 'Loss:0.0332', 'train_acc:99.96']
2021-04-30 19:27:26,229 - Eye - INFO - ['Epoch:33, Iter:140, Lr:0.00000005', 'Loss:0.0299', 'train_acc:99.96']
2021-04-30 19:27:35,298 - Eye - INFO - ['Epoch:33, Iter:160, Lr:0.00000005', 'Loss:0.0343', 'train_acc:99.96']
2021-04-30 19:27:44,651 - Eye - INFO - ['Epoch:33, Iter:180, Lr:0.00000005', 'Loss:0.0340', 'train_acc:99.97']
2021-04-30 19:27:54,142 - Eye - INFO - ['Epoch:33, Iter:200, Lr:0.00000005', 'Loss:0.0464', 'train_acc:99.97']
2021-04-30 19:28:03,491 - Eye - INFO - ['Epoch:33, Iter:220, Lr:0.00000005', 'Loss:0.0501', 'train_acc:99.96']
2021-04-30 19:28:12,556 - Eye - INFO - ['Epoch:33, Iter:240, Lr:0.00000005', 'Loss:0.0566', 'train_acc:99.97']
2021-04-30 19:28:21,999 - Eye - INFO - ['Epoch:33, Iter:260, Lr:0.00000005', 'Loss:0.0390', 'train_acc:99.97']
2021-04-30 19:28:31,625 - Eye - INFO - ['Epoch:33, Iter:280, Lr:0.00000005', 'Loss:0.0581', 'train_acc:99.97']
2021-04-30 19:28:36,009 - Eye - INFO - ['Epoch:33, Lr:0.00000005, Cost:138.37s', 'Loss:0.0342', 'train_acc:99.97', 'val_acc:80.47', 'val_loss:0.28']
2021-04-30 19:28:47,929 - Eye - INFO - ['Epoch:34, Iter: 20, Lr:0.00000005', 'Loss:0.0348', 'train_acc:99.92']
2021-04-30 19:28:57,503 - Eye - INFO - ['Epoch:34, Iter: 40, Lr:0.00000005', 'Loss:0.0353', 'train_acc:99.96']
2021-04-30 19:29:06,861 - Eye - INFO - ['Epoch:34, Iter: 60, Lr:0.00000005', 'Loss:0.0620', 'train_acc:99.97']
2021-04-30 19:29:16,369 - Eye - INFO - ['Epoch:34, Iter: 80, Lr:0.00000005', 'Loss:0.0368', 'train_acc:99.96']
2021-04-30 19:29:25,902 - Eye - INFO - ['Epoch:34, Iter:100, Lr:0.00000005', 'Loss:0.0485', 'train_acc:99.97']
2021-04-30 19:29:35,493 - Eye - INFO - ['Epoch:34, Iter:120, Lr:0.00000005', 'Loss:0.0435', 'train_acc:99.97']
2021-04-30 19:29:44,896 - Eye - INFO - ['Epoch:34, Iter:140, Lr:0.00000005', 'Loss:0.0305', 'train_acc:99.98']
2021-04-30 19:29:54,357 - Eye - INFO - ['Epoch:34, Iter:160, Lr:0.00000005', 'Loss:0.0506', 'train_acc:99.97']
2021-04-30 19:30:03,929 - Eye - INFO - ['Epoch:34, Iter:180, Lr:0.00000005', 'Loss:0.0417', 'train_acc:99.97']
2021-04-30 19:30:13,311 - Eye - INFO - ['Epoch:34, Iter:200, Lr:0.00000005', 'Loss:0.0516', 'train_acc:99.98']
2021-04-30 19:30:22,246 - Eye - INFO - ['Epoch:34, Iter:220, Lr:0.00000005', 'Loss:0.0544', 'train_acc:99.98']
2021-04-30 19:30:31,632 - Eye - INFO - ['Epoch:34, Iter:240, Lr:0.00000005', 'Loss:0.0348', 'train_acc:99.98']
2021-04-30 19:30:41,220 - Eye - INFO - ['Epoch:34, Iter:260, Lr:0.00000005', 'Loss:0.0315', 'train_acc:99.98']
2021-04-30 19:30:50,714 - Eye - INFO - ['Epoch:34, Iter:280, Lr:0.00000005', 'Loss:0.0571', 'train_acc:99.98']
2021-04-30 19:30:55,178 - Eye - INFO - ['Epoch:34, Lr:0.00000005, Cost:139.10s', 'Loss:0.0532', 'train_acc:99.98', 'val_acc:82.55', 'val_loss:0.18']
2021-04-30 19:31:07,091 - Eye - INFO - ['Epoch:35, Iter: 20, Lr:0.00000005', 'Loss:0.0426', 'train_acc:100.00']
2021-04-30 19:31:16,419 - Eye - INFO - ['Epoch:35, Iter: 40, Lr:0.00000005', 'Loss:0.0531', 'train_acc:100.00']
2021-04-30 19:31:25,909 - Eye - INFO - ['Epoch:35, Iter: 60, Lr:0.00000005', 'Loss:0.0502', 'train_acc:100.00']
2021-04-30 19:31:35,475 - Eye - INFO - ['Epoch:35, Iter: 80, Lr:0.00000005', 'Loss:0.0414', 'train_acc:100.00']
2021-04-30 19:31:44,849 - Eye - INFO - ['Epoch:35, Iter:100, Lr:0.00000005', 'Loss:0.0645', 'train_acc:100.00']
2021-04-30 19:31:54,361 - Eye - INFO - ['Epoch:35, Iter:120, Lr:0.00000005', 'Loss:0.0439', 'train_acc:100.00']
2021-04-30 19:32:03,767 - Eye - INFO - ['Epoch:35, Iter:140, Lr:0.00000005', 'Loss:0.0388', 'train_acc:99.98']
2021-04-30 19:32:13,378 - Eye - INFO - ['Epoch:35, Iter:160, Lr:0.00000005', 'Loss:0.0446', 'train_acc:99.98']
2021-04-30 19:32:22,770 - Eye - INFO - ['Epoch:35, Iter:180, Lr:0.00000005', 'Loss:0.0446', 'train_acc:99.98']
2021-04-30 19:32:32,062 - Eye - INFO - ['Epoch:35, Iter:200, Lr:0.00000005', 'Loss:0.0348', 'train_acc:99.98']
2021-04-30 19:32:41,391 - Eye - INFO - ['Epoch:35, Iter:220, Lr:0.00000005', 'Loss:0.0741', 'train_acc:99.99']
2021-04-30 19:32:50,842 - Eye - INFO - ['Epoch:35, Iter:240, Lr:0.00000005', 'Loss:0.0299', 'train_acc:99.99']
2021-04-30 19:33:00,384 - Eye - INFO - ['Epoch:35, Iter:260, Lr:0.00000005', 'Loss:0.0419', 'train_acc:99.99']
2021-04-30 19:33:09,864 - Eye - INFO - ['Epoch:35, Iter:280, Lr:0.00000005', 'Loss:0.0514', 'train_acc:99.99']
2021-04-30 19:33:14,398 - Eye - INFO - ['Epoch:35, Lr:0.00000005, Cost:139.13s', 'Loss:0.0370', 'train_acc:99.99', 'val_acc:82.29', 'val_loss:0.17']
2021-04-30 19:33:26,463 - Eye - INFO - ['Epoch:36, Iter: 20, Lr:0.00000005', 'Loss:0.0630', 'train_acc:100.00']
2021-04-30 19:33:35,920 - Eye - INFO - ['Epoch:36, Iter: 40, Lr:0.00000005', 'Loss:0.0621', 'train_acc:99.96']
2021-04-30 19:33:45,445 - Eye - INFO - ['Epoch:36, Iter: 60, Lr:0.00000005', 'Loss:0.0355', 'train_acc:99.97']
2021-04-30 19:33:54,870 - Eye - INFO - ['Epoch:36, Iter: 80, Lr:0.00000005', 'Loss:0.0545', 'train_acc:99.98']
2021-04-30 19:34:04,316 - Eye - INFO - ['Epoch:36, Iter:100, Lr:0.00000005', 'Loss:0.0350', 'train_acc:99.98']
2021-04-30 19:34:14,000 - Eye - INFO - ['Epoch:36, Iter:120, Lr:0.00000005', 'Loss:0.0358', 'train_acc:99.99']
2021-04-30 19:34:23,440 - Eye - INFO - ['Epoch:36, Iter:140, Lr:0.00000005', 'Loss:0.0366', 'train_acc:99.99']
2021-04-30 19:34:32,989 - Eye - INFO - ['Epoch:36, Iter:160, Lr:0.00000005', 'Loss:0.0708', 'train_acc:99.99']
2021-04-30 19:34:42,537 - Eye - INFO - ['Epoch:36, Iter:180, Lr:0.00000005', 'Loss:0.0341', 'train_acc:99.99']
2021-04-30 19:34:52,008 - Eye - INFO - ['Epoch:36, Iter:200, Lr:0.00000005', 'Loss:0.0717', 'train_acc:99.99']
2021-04-30 19:35:01,461 - Eye - INFO - ['Epoch:36, Iter:220, Lr:0.00000005', 'Loss:0.0582', 'train_acc:99.99']
2021-04-30 19:35:10,898 - Eye - INFO - ['Epoch:36, Iter:240, Lr:0.00000005', 'Loss:0.0639', 'train_acc:99.99']
2021-04-30 19:35:20,386 - Eye - INFO - ['Epoch:36, Iter:260, Lr:0.00000005', 'Loss:0.0475', 'train_acc:99.99']
2021-04-30 19:35:29,862 - Eye - INFO - ['Epoch:36, Iter:280, Lr:0.00000005', 'Loss:0.0370', 'train_acc:99.99']
2021-04-30 19:35:34,368 - Eye - INFO - ['Epoch:36, Lr:0.00000005, Cost:139.88s', 'Loss:0.0619', 'train_acc:99.99', 'val_acc:80.99', 'val_loss:0.26']
2021-04-30 19:35:46,830 - Eye - INFO - ['Epoch:37, Iter: 20, Lr:0.00000005', 'Loss:0.0313', 'train_acc:100.00']
2021-04-30 19:35:56,217 - Eye - INFO - ['Epoch:37, Iter: 40, Lr:0.00000005', 'Loss:0.0378', 'train_acc:100.00']
2021-04-30 19:36:05,450 - Eye - INFO - ['Epoch:37, Iter: 60, Lr:0.00000005', 'Loss:0.0560', 'train_acc:100.00']
2021-04-30 19:36:14,813 - Eye - INFO - ['Epoch:37, Iter: 80, Lr:0.00000005', 'Loss:0.0437', 'train_acc:100.00']
2021-04-30 19:36:24,261 - Eye - INFO - ['Epoch:37, Iter:100, Lr:0.00000005', 'Loss:0.0249', 'train_acc:100.00']
2021-04-30 19:36:33,826 - Eye - INFO - ['Epoch:37, Iter:120, Lr:0.00000005', 'Loss:0.0391', 'train_acc:100.00']
2021-04-30 19:36:43,225 - Eye - INFO - ['Epoch:37, Iter:140, Lr:0.00000005', 'Loss:0.0308', 'train_acc:100.00']
2021-04-30 19:36:52,720 - Eye - INFO - ['Epoch:37, Iter:160, Lr:0.00000005', 'Loss:0.0387', 'train_acc:99.99']
2021-04-30 19:37:02,154 - Eye - INFO - ['Epoch:37, Iter:180, Lr:0.00000005', 'Loss:0.0273', 'train_acc:99.99']
2021-04-30 19:37:11,481 - Eye - INFO - ['Epoch:37, Iter:200, Lr:0.00000005', 'Loss:0.0363', 'train_acc:99.99']
2021-04-30 19:37:20,797 - Eye - INFO - ['Epoch:37, Iter:220, Lr:0.00000005', 'Loss:0.0435', 'train_acc:99.99']
2021-04-30 19:37:30,293 - Eye - INFO - ['Epoch:37, Iter:240, Lr:0.00000005', 'Loss:0.0299', 'train_acc:99.99']
2021-04-30 19:37:39,914 - Eye - INFO - ['Epoch:37, Iter:260, Lr:0.00000005', 'Loss:0.0560', 'train_acc:99.99']
2021-04-30 19:37:49,560 - Eye - INFO - ['Epoch:37, Iter:280, Lr:0.00000005', 'Loss:0.0576', 'train_acc:99.99']
2021-04-30 19:37:54,734 - Eye - INFO - ['Epoch:37, Lr:0.00000005, Cost:140.29s', 'Loss:0.0394', 'train_acc:99.99', 'val_acc:82.81', 'val_loss:0.19']
2021-04-30 19:38:06,777 - Eye - INFO - ['Epoch:38, Iter: 20, Lr:0.00000005', 'Loss:0.0574', 'train_acc:100.00']
2021-04-30 19:38:16,108 - Eye - INFO - ['Epoch:38, Iter: 40, Lr:0.00000005', 'Loss:0.0353', 'train_acc:100.00']
2021-04-30 19:38:25,461 - Eye - INFO - ['Epoch:38, Iter: 60, Lr:0.00000005', 'Loss:0.0530', 'train_acc:100.00']
2021-04-30 19:38:35,002 - Eye - INFO - ['Epoch:38, Iter: 80, Lr:0.00000005', 'Loss:0.0341', 'train_acc:100.00']
2021-04-30 19:38:44,520 - Eye - INFO - ['Epoch:38, Iter:100, Lr:0.00000005', 'Loss:0.0719', 'train_acc:100.00']
2021-04-30 19:38:53,794 - Eye - INFO - ['Epoch:38, Iter:120, Lr:0.00000005', 'Loss:0.0566', 'train_acc:100.00']
2021-04-30 19:39:03,413 - Eye - INFO - ['Epoch:38, Iter:140, Lr:0.00000005', 'Loss:0.0480', 'train_acc:99.99']
2021-04-30 19:39:12,763 - Eye - INFO - ['Epoch:38, Iter:160, Lr:0.00000005', 'Loss:0.0558', 'train_acc:99.99']
2021-04-30 19:39:21,983 - Eye - INFO - ['Epoch:38, Iter:180, Lr:0.00000005', 'Loss:0.0278', 'train_acc:99.99']
2021-04-30 19:39:31,442 - Eye - INFO - ['Epoch:38, Iter:200, Lr:0.00000005', 'Loss:0.0558', 'train_acc:99.99']
2021-04-30 19:39:40,797 - Eye - INFO - ['Epoch:38, Iter:220, Lr:0.00000005', 'Loss:0.0553', 'train_acc:99.99']
2021-04-30 19:39:50,359 - Eye - INFO - ['Epoch:38, Iter:240, Lr:0.00000005', 'Loss:0.0356', 'train_acc:99.99']
2021-04-30 19:39:59,925 - Eye - INFO - ['Epoch:38, Iter:260, Lr:0.00000005', 'Loss:0.0404', 'train_acc:99.99']
2021-04-30 19:40:09,292 - Eye - INFO - ['Epoch:38, Iter:280, Lr:0.00000005', 'Loss:0.0432', 'train_acc:99.98']
2021-04-30 19:40:13,713 - Eye - INFO - ['Epoch:38, Lr:0.00000005, Cost:138.89s', 'Loss:0.0411', 'train_acc:99.98', 'val_acc:81.25', 'val_loss:0.23']
2021-04-30 19:40:25,451 - Eye - INFO - ['Epoch:39, Iter: 20, Lr:0.00000005', 'Loss:0.0504', 'train_acc:100.00']
2021-04-30 19:40:34,900 - Eye - INFO - ['Epoch:39, Iter: 40, Lr:0.00000005', 'Loss:0.0404', 'train_acc:100.00']
2021-04-30 19:40:44,289 - Eye - INFO - ['Epoch:39, Iter: 60, Lr:0.00000005', 'Loss:0.1052', 'train_acc:100.00']
2021-04-30 19:40:53,353 - Eye - INFO - ['Epoch:39, Iter: 80, Lr:0.00000005', 'Loss:0.0396', 'train_acc:100.00']
2021-04-30 19:41:02,754 - Eye - INFO - ['Epoch:39, Iter:100, Lr:0.00000005', 'Loss:0.0388', 'train_acc:99.98']
2021-04-30 19:41:12,197 - Eye - INFO - ['Epoch:39, Iter:120, Lr:0.00000005', 'Loss:0.0457', 'train_acc:99.99']
2021-04-30 19:41:21,493 - Eye - INFO - ['Epoch:39, Iter:140, Lr:0.00000005', 'Loss:0.0415', 'train_acc:99.99']
2021-04-30 19:41:30,923 - Eye - INFO - ['Epoch:39, Iter:160, Lr:0.00000005', 'Loss:0.0369', 'train_acc:99.98']
2021-04-30 19:41:40,233 - Eye - INFO - ['Epoch:39, Iter:180, Lr:0.00000005', 'Loss:0.0362', 'train_acc:99.98']
2021-04-30 19:41:49,716 - Eye - INFO - ['Epoch:39, Iter:200, Lr:0.00000005', 'Loss:0.0372', 'train_acc:99.98']
2021-04-30 19:41:59,255 - Eye - INFO - ['Epoch:39, Iter:220, Lr:0.00000005', 'Loss:0.0409', 'train_acc:99.99']
2021-04-30 19:42:08,693 - Eye - INFO - ['Epoch:39, Iter:240, Lr:0.00000005', 'Loss:0.0674', 'train_acc:99.99']
2021-04-30 19:42:18,169 - Eye - INFO - ['Epoch:39, Iter:260, Lr:0.00000005', 'Loss:0.0542', 'train_acc:99.99']
2021-04-30 19:42:27,824 - Eye - INFO - ['Epoch:39, Iter:280, Lr:0.00000005', 'Loss:0.0345', 'train_acc:99.99']
2021-04-30 19:42:33,228 - Eye - INFO - ['Epoch:39, Lr:0.00000005, Cost:139.43s', 'Loss:0.0370', 'train_acc:99.99', 'val_acc:82.29', 'val_loss:0.18']
2021-04-30 19:42:45,253 - Eye - INFO - ['Epoch:40, Iter: 20, Lr:0.00000005', 'Loss:0.0357', 'train_acc:99.84']
2021-04-30 19:42:54,725 - Eye - INFO - ['Epoch:40, Iter: 40, Lr:0.00000005', 'Loss:0.0410', 'train_acc:99.92']
2021-04-30 19:43:04,238 - Eye - INFO - ['Epoch:40, Iter: 60, Lr:0.00000005', 'Loss:0.0539', 'train_acc:99.95']
2021-04-30 19:43:13,753 - Eye - INFO - ['Epoch:40, Iter: 80, Lr:0.00000005', 'Loss:0.0440', 'train_acc:99.96']
2021-04-30 19:43:23,304 - Eye - INFO - ['Epoch:40, Iter:100, Lr:0.00000005', 'Loss:0.0566', 'train_acc:99.97']
2021-04-30 19:43:32,954 - Eye - INFO - ['Epoch:40, Iter:120, Lr:0.00000005', 'Loss:0.0428', 'train_acc:99.97']
2021-04-30 19:43:42,477 - Eye - INFO - ['Epoch:40, Iter:140, Lr:0.00000005', 'Loss:0.0380', 'train_acc:99.98']
2021-04-30 19:43:51,935 - Eye - INFO - ['Epoch:40, Iter:160, Lr:0.00000005', 'Loss:0.0928', 'train_acc:99.98']
2021-04-30 19:44:01,156 - Eye - INFO - ['Epoch:40, Iter:180, Lr:0.00000005', 'Loss:0.0354', 'train_acc:99.98']
2021-04-30 19:44:10,735 - Eye - INFO - ['Epoch:40, Iter:200, Lr:0.00000005', 'Loss:0.0477', 'train_acc:99.98']
2021-04-30 19:44:20,233 - Eye - INFO - ['Epoch:40, Iter:220, Lr:0.00000005', 'Loss:0.0476', 'train_acc:99.98']
2021-04-30 19:44:29,690 - Eye - INFO - ['Epoch:40, Iter:240, Lr:0.00000005', 'Loss:0.0520', 'train_acc:99.98']
2021-04-30 19:44:39,302 - Eye - INFO - ['Epoch:40, Iter:260, Lr:0.00000005', 'Loss:0.0348', 'train_acc:99.98']
2021-04-30 19:44:49,105 - Eye - INFO - ['Epoch:40, Iter:280, Lr:0.00000005', 'Loss:0.0587', 'train_acc:99.98']
2021-04-30 19:44:53,459 - Eye - INFO - ['Epoch:40, Lr:0.00000005, Cost:140.14s', 'Loss:0.0391', 'train_acc:99.98', 'val_acc:81.51', 'val_loss:0.22']
2021-04-30 19:45:05,435 - Eye - INFO - ['Epoch:41, Iter: 20, Lr:0.00000005', 'Loss:0.0351', 'train_acc:100.00']
2021-04-30 19:45:14,661 - Eye - INFO - ['Epoch:41, Iter: 40, Lr:0.00000005', 'Loss:0.0432', 'train_acc:100.00']
2021-04-30 19:45:23,634 - Eye - INFO - ['Epoch:41, Iter: 60, Lr:0.00000005', 'Loss:0.0508', 'train_acc:99.97']
2021-04-30 19:45:32,545 - Eye - INFO - ['Epoch:41, Iter: 80, Lr:0.00000005', 'Loss:0.0483', 'train_acc:99.98']
2021-04-30 19:45:42,084 - Eye - INFO - ['Epoch:41, Iter:100, Lr:0.00000005', 'Loss:0.0422', 'train_acc:99.98']
2021-04-30 19:45:51,651 - Eye - INFO - ['Epoch:41, Iter:120, Lr:0.00000005', 'Loss:0.0294', 'train_acc:99.97']
2021-04-30 19:46:01,006 - Eye - INFO - ['Epoch:41, Iter:140, Lr:0.00000005', 'Loss:0.0396', 'train_acc:99.98']
2021-04-30 19:46:10,406 - Eye - INFO - ['Epoch:41, Iter:160, Lr:0.00000005', 'Loss:0.0455', 'train_acc:99.98']
2021-04-30 19:46:19,768 - Eye - INFO - ['Epoch:41, Iter:180, Lr:0.00000005', 'Loss:0.0460', 'train_acc:99.98']
2021-04-30 19:46:29,031 - Eye - INFO - ['Epoch:41, Iter:200, Lr:0.00000005', 'Loss:0.0333', 'train_acc:99.98']
2021-04-30 19:46:38,519 - Eye - INFO - ['Epoch:41, Iter:220, Lr:0.00000005', 'Loss:0.0347', 'train_acc:99.99']
2021-04-30 19:46:48,019 - Eye - INFO - ['Epoch:41, Iter:240, Lr:0.00000005', 'Loss:0.0312', 'train_acc:99.99']
2021-04-30 19:46:57,576 - Eye - INFO - ['Epoch:41, Iter:260, Lr:0.00000005', 'Loss:0.0396', 'train_acc:99.99']
2021-04-30 19:47:07,064 - Eye - INFO - ['Epoch:41, Iter:280, Lr:0.00000005', 'Loss:0.0274', 'train_acc:99.99']
2021-04-30 19:47:11,501 - Eye - INFO - ['Epoch:41, Lr:0.00000005, Cost:137.97s', 'Loss:0.0431', 'train_acc:99.99', 'val_acc:80.73', 'val_loss:0.26']
2021-04-30 19:47:23,092 - Eye - INFO - ['Epoch:42, Iter: 20, Lr:0.00000005', 'Loss:0.0412', 'train_acc:100.00']
2021-04-30 19:47:32,499 - Eye - INFO - ['Epoch:42, Iter: 40, Lr:0.00000005', 'Loss:0.0491', 'train_acc:100.00']
2021-04-30 19:47:42,057 - Eye - INFO - ['Epoch:42, Iter: 60, Lr:0.00000005', 'Loss:0.0340', 'train_acc:100.00']
2021-04-30 19:47:51,688 - Eye - INFO - ['Epoch:42, Iter: 80, Lr:0.00000005', 'Loss:0.0448', 'train_acc:100.00']
2021-04-30 19:48:01,105 - Eye - INFO - ['Epoch:42, Iter:100, Lr:0.00000005', 'Loss:0.0311', 'train_acc:100.00']
2021-04-30 19:48:10,710 - Eye - INFO - ['Epoch:42, Iter:120, Lr:0.00000005', 'Loss:0.0667', 'train_acc:99.99']
2021-04-30 19:48:20,109 - Eye - INFO - ['Epoch:42, Iter:140, Lr:0.00000005', 'Loss:0.0543', 'train_acc:99.99']
2021-04-30 19:48:29,313 - Eye - INFO - ['Epoch:42, Iter:160, Lr:0.00000005', 'Loss:0.0416', 'train_acc:99.99']
2021-04-30 19:48:38,494 - Eye - INFO - ['Epoch:42, Iter:180, Lr:0.00000005', 'Loss:0.0462', 'train_acc:99.99']
2021-04-30 19:48:47,773 - Eye - INFO - ['Epoch:42, Iter:200, Lr:0.00000005', 'Loss:0.0466', 'train_acc:99.99']
2021-04-30 19:48:57,191 - Eye - INFO - ['Epoch:42, Iter:220, Lr:0.00000005', 'Loss:0.0711', 'train_acc:99.99']
2021-04-30 19:49:06,551 - Eye - INFO - ['Epoch:42, Iter:240, Lr:0.00000005', 'Loss:0.0443', 'train_acc:99.99']
2021-04-30 19:49:16,117 - Eye - INFO - ['Epoch:42, Iter:260, Lr:0.00000005', 'Loss:0.0293', 'train_acc:99.99']
2021-04-30 19:49:25,710 - Eye - INFO - ['Epoch:42, Iter:280, Lr:0.00000005', 'Loss:0.0573', 'train_acc:99.99']
2021-04-30 19:49:30,047 - Eye - INFO - ['Epoch:42, Lr:0.00000005, Cost:138.46s', 'Loss:0.0312', 'train_acc:99.99', 'val_acc:82.55', 'val_loss:0.16']
2021-04-30 19:49:42,138 - Eye - INFO - ['Epoch:43, Iter: 20, Lr:0.00000005', 'Loss:0.0415', 'train_acc:100.00']
2021-04-30 19:49:51,557 - Eye - INFO - ['Epoch:43, Iter: 40, Lr:0.00000005', 'Loss:0.0566', 'train_acc:99.92']
2021-04-30 19:50:01,076 - Eye - INFO - ['Epoch:43, Iter: 60, Lr:0.00000005', 'Loss:0.0469', 'train_acc:99.95']
2021-04-30 19:50:10,083 - Eye - INFO - ['Epoch:43, Iter: 80, Lr:0.00000005', 'Loss:0.0584', 'train_acc:99.96']
2021-04-30 19:50:19,664 - Eye - INFO - ['Epoch:43, Iter:100, Lr:0.00000005', 'Loss:0.0261', 'train_acc:99.97']
2021-04-30 19:50:29,227 - Eye - INFO - ['Epoch:43, Iter:120, Lr:0.00000005', 'Loss:0.0411', 'train_acc:99.97']
2021-04-30 19:50:38,783 - Eye - INFO - ['Epoch:43, Iter:140, Lr:0.00000005', 'Loss:0.0568', 'train_acc:99.98']
2021-04-30 19:50:48,142 - Eye - INFO - ['Epoch:43, Iter:160, Lr:0.00000005', 'Loss:0.0375', 'train_acc:99.97']
2021-04-30 19:50:57,140 - Eye - INFO - ['Epoch:43, Iter:180, Lr:0.00000005', 'Loss:0.0390', 'train_acc:99.97']
2021-04-30 19:51:06,130 - Eye - INFO - ['Epoch:43, Iter:200, Lr:0.00000005', 'Loss:0.0331', 'train_acc:99.98']
2021-04-30 19:51:15,158 - Eye - INFO - ['Epoch:43, Iter:220, Lr:0.00000005', 'Loss:0.0394', 'train_acc:99.98']
2021-04-30 19:51:24,587 - Eye - INFO - ['Epoch:43, Iter:240, Lr:0.00000005', 'Loss:0.0539', 'train_acc:99.98']
2021-04-30 19:51:33,910 - Eye - INFO - ['Epoch:43, Iter:260, Lr:0.00000005', 'Loss:0.0278', 'train_acc:99.98']
2021-04-30 19:51:42,685 - Eye - INFO - ['Epoch:43, Iter:280, Lr:0.00000005', 'Loss:0.0310', 'train_acc:99.98']
2021-04-30 19:51:46,947 - Eye - INFO - ['Epoch:43, Lr:0.00000005, Cost:136.80s', 'Loss:0.0371', 'train_acc:99.98', 'val_acc:82.55', 'val_loss:0.19']
2021-04-30 19:51:58,896 - Eye - INFO - ['Epoch:44, Iter: 20, Lr:0.00000005', 'Loss:0.0324', 'train_acc:100.00']
2021-04-30 19:52:08,389 - Eye - INFO - ['Epoch:44, Iter: 40, Lr:0.00000005', 'Loss:0.0348', 'train_acc:100.00']
2021-04-30 19:52:17,817 - Eye - INFO - ['Epoch:44, Iter: 60, Lr:0.00000005', 'Loss:0.0484', 'train_acc:100.00']
2021-04-30 19:52:27,110 - Eye - INFO - ['Epoch:44, Iter: 80, Lr:0.00000005', 'Loss:0.0271', 'train_acc:100.00']
2021-04-30 19:52:36,520 - Eye - INFO - ['Epoch:44, Iter:100, Lr:0.00000005', 'Loss:0.0468', 'train_acc:100.00']
2021-04-30 19:52:45,827 - Eye - INFO - ['Epoch:44, Iter:120, Lr:0.00000005', 'Loss:0.0232', 'train_acc:99.97']
2021-04-30 19:52:55,213 - Eye - INFO - ['Epoch:44, Iter:140, Lr:0.00000005', 'Loss:0.0458', 'train_acc:99.97']
2021-04-30 19:53:04,653 - Eye - INFO - ['Epoch:44, Iter:160, Lr:0.00000005', 'Loss:0.0331', 'train_acc:99.97']
2021-04-30 19:53:14,112 - Eye - INFO - ['Epoch:44, Iter:180, Lr:0.00000005', 'Loss:0.0331', 'train_acc:99.97']
2021-04-30 19:53:23,311 - Eye - INFO - ['Epoch:44, Iter:200, Lr:0.00000005', 'Loss:0.0448', 'train_acc:99.98']
2021-04-30 19:53:32,797 - Eye - INFO - ['Epoch:44, Iter:220, Lr:0.00000005', 'Loss:0.0704', 'train_acc:99.98']
2021-04-30 19:53:42,385 - Eye - INFO - ['Epoch:44, Iter:240, Lr:0.00000005', 'Loss:0.0899', 'train_acc:99.98']
2021-04-30 19:53:51,911 - Eye - INFO - ['Epoch:44, Iter:260, Lr:0.00000005', 'Loss:0.0317', 'train_acc:99.98']
2021-04-30 19:54:01,644 - Eye - INFO - ['Epoch:44, Iter:280, Lr:0.00000005', 'Loss:0.0431', 'train_acc:99.98']
2021-04-30 19:54:06,019 - Eye - INFO - ['Epoch:44, Lr:0.00000005, Cost:139.00s', 'Loss:0.0459', 'train_acc:99.98', 'val_acc:82.81', 'val_loss:0.16']
2021-04-30 19:54:17,762 - Eye - INFO - ['Epoch:45, Iter: 20, Lr:0.00000005', 'Loss:0.0438', 'train_acc:100.00']
2021-04-30 19:54:27,069 - Eye - INFO - ['Epoch:45, Iter: 40, Lr:0.00000005', 'Loss:0.0493', 'train_acc:100.00']
2021-04-30 19:54:36,432 - Eye - INFO - ['Epoch:45, Iter: 60, Lr:0.00000005', 'Loss:0.0323', 'train_acc:100.00']
2021-04-30 19:54:45,876 - Eye - INFO - ['Epoch:45, Iter: 80, Lr:0.00000005', 'Loss:0.0453', 'train_acc:100.00']
2021-04-30 19:54:55,052 - Eye - INFO - ['Epoch:45, Iter:100, Lr:0.00000005', 'Loss:0.0340', 'train_acc:100.00']
2021-04-30 19:55:04,477 - Eye - INFO - ['Epoch:45, Iter:120, Lr:0.00000005', 'Loss:0.0405', 'train_acc:100.00']
2021-04-30 19:55:13,829 - Eye - INFO - ['Epoch:45, Iter:140, Lr:0.00000005', 'Loss:0.0423', 'train_acc:100.00']
2021-04-30 19:55:23,228 - Eye - INFO - ['Epoch:45, Iter:160, Lr:0.00000005', 'Loss:0.0458', 'train_acc:99.99']
2021-04-30 19:55:32,671 - Eye - INFO - ['Epoch:45, Iter:180, Lr:0.00000005', 'Loss:0.0261', 'train_acc:99.99']
2021-04-30 19:55:42,185 - Eye - INFO - ['Epoch:45, Iter:200, Lr:0.00000005', 'Loss:0.0511', 'train_acc:99.98']
2021-04-30 19:55:51,681 - Eye - INFO - ['Epoch:45, Iter:220, Lr:0.00000005', 'Loss:0.0409', 'train_acc:99.99']
2021-04-30 19:56:01,020 - Eye - INFO - ['Epoch:45, Iter:240, Lr:0.00000005', 'Loss:0.0353', 'train_acc:99.99']
2021-04-30 19:56:10,319 - Eye - INFO - ['Epoch:45, Iter:260, Lr:0.00000005', 'Loss:0.0490', 'train_acc:99.99']
2021-04-30 19:56:19,736 - Eye - INFO - ['Epoch:45, Iter:280, Lr:0.00000005', 'Loss:0.0372', 'train_acc:99.99']
2021-04-30 19:56:24,176 - Eye - INFO - ['Epoch:45, Lr:0.00000005, Cost:138.09s', 'Loss:0.0369', 'train_acc:99.99', 'val_acc:82.03', 'val_loss:0.18']
2021-04-30 19:56:36,057 - Eye - INFO - ['Epoch:46, Iter: 20, Lr:0.00000005', 'Loss:0.0497', 'train_acc:99.92']
2021-04-30 19:56:45,320 - Eye - INFO - ['Epoch:46, Iter: 40, Lr:0.00000005', 'Loss:0.0412', 'train_acc:99.96']
2021-04-30 19:56:54,886 - Eye - INFO - ['Epoch:46, Iter: 60, Lr:0.00000005', 'Loss:0.0564', 'train_acc:99.97']
2021-04-30 19:57:04,401 - Eye - INFO - ['Epoch:46, Iter: 80, Lr:0.00000005', 'Loss:0.0329', 'train_acc:99.98']
2021-04-30 19:57:13,824 - Eye - INFO - ['Epoch:46, Iter:100, Lr:0.00000005', 'Loss:0.0668', 'train_acc:99.98']
2021-04-30 19:57:23,129 - Eye - INFO - ['Epoch:46, Iter:120, Lr:0.00000005', 'Loss:0.0444', 'train_acc:99.99']
2021-04-30 19:57:32,455 - Eye - INFO - ['Epoch:46, Iter:140, Lr:0.00000005', 'Loss:0.0604', 'train_acc:99.99']
2021-04-30 19:57:41,777 - Eye - INFO - ['Epoch:46, Iter:160, Lr:0.00000005', 'Loss:0.0293', 'train_acc:99.99']
2021-04-30 19:57:51,263 - Eye - INFO - ['Epoch:46, Iter:180, Lr:0.00000005', 'Loss:0.0409', 'train_acc:99.99']
2021-04-30 19:58:00,543 - Eye - INFO - ['Epoch:46, Iter:200, Lr:0.00000005', 'Loss:0.0447', 'train_acc:99.98']
2021-04-30 19:58:10,069 - Eye - INFO - ['Epoch:46, Iter:220, Lr:0.00000005', 'Loss:0.0449', 'train_acc:99.99']
2021-04-30 19:58:19,591 - Eye - INFO - ['Epoch:46, Iter:240, Lr:0.00000005', 'Loss:0.0444', 'train_acc:99.99']
2021-04-30 19:58:29,137 - Eye - INFO - ['Epoch:46, Iter:260, Lr:0.00000005', 'Loss:0.0665', 'train_acc:99.99']
2021-04-30 19:58:38,479 - Eye - INFO - ['Epoch:46, Iter:280, Lr:0.00000005', 'Loss:0.0312', 'train_acc:99.99']
2021-04-30 19:58:42,948 - Eye - INFO - ['Epoch:46, Lr:0.00000005, Cost:138.69s', 'Loss:0.0560', 'train_acc:99.99', 'val_acc:81.51', 'val_loss:0.20']
2021-04-30 19:58:55,991 - Eye - INFO - ['Epoch:47, Iter: 20, Lr:0.00000005', 'Loss:0.0383', 'train_acc:100.00']
2021-04-30 19:59:05,435 - Eye - INFO - ['Epoch:47, Iter: 40, Lr:0.00000005', 'Loss:0.0503', 'train_acc:99.96']
2021-04-30 19:59:15,030 - Eye - INFO - ['Epoch:47, Iter: 60, Lr:0.00000005', 'Loss:0.0581', 'train_acc:99.97']
2021-04-30 19:59:24,633 - Eye - INFO - ['Epoch:47, Iter: 80, Lr:0.00000005', 'Loss:0.0630', 'train_acc:99.96']
2021-04-30 19:59:34,225 - Eye - INFO - ['Epoch:47, Iter:100, Lr:0.00000005', 'Loss:0.0427', 'train_acc:99.97']
2021-04-30 19:59:43,809 - Eye - INFO - ['Epoch:47, Iter:120, Lr:0.00000005', 'Loss:0.0269', 'train_acc:99.97']
2021-04-30 19:59:53,292 - Eye - INFO - ['Epoch:47, Iter:140, Lr:0.00000005', 'Loss:0.0384', 'train_acc:99.98']
2021-04-30 20:00:02,681 - Eye - INFO - ['Epoch:47, Iter:160, Lr:0.00000005', 'Loss:0.0369', 'train_acc:99.98']
2021-04-30 20:00:12,280 - Eye - INFO - ['Epoch:47, Iter:180, Lr:0.00000005', 'Loss:0.0358', 'train_acc:99.98']
2021-04-30 20:00:21,815 - Eye - INFO - ['Epoch:47, Iter:200, Lr:0.00000005', 'Loss:0.0636', 'train_acc:99.98']
2021-04-30 20:00:31,388 - Eye - INFO - ['Epoch:47, Iter:220, Lr:0.00000005', 'Loss:0.0365', 'train_acc:99.99']
2021-04-30 20:00:40,850 - Eye - INFO - ['Epoch:47, Iter:240, Lr:0.00000005', 'Loss:0.0515', 'train_acc:99.99']
2021-04-30 20:00:50,464 - Eye - INFO - ['Epoch:47, Iter:260, Lr:0.00000005', 'Loss:0.0428', 'train_acc:99.98']
2021-04-30 20:01:00,280 - Eye - INFO - ['Epoch:47, Iter:280, Lr:0.00000005', 'Loss:0.0466', 'train_acc:99.98']
2021-04-30 20:01:04,694 - Eye - INFO - ['Epoch:47, Lr:0.00000005, Cost:141.67s', 'Loss:0.0342', 'train_acc:99.98', 'val_acc:81.25', 'val_loss:0.22']
2021-04-30 20:01:17,147 - Eye - INFO - ['Epoch:48, Iter: 20, Lr:0.00000005', 'Loss:0.0295', 'train_acc:100.00']
2021-04-30 20:01:26,392 - Eye - INFO - ['Epoch:48, Iter: 40, Lr:0.00000005', 'Loss:0.0433', 'train_acc:100.00']
2021-04-30 20:01:35,854 - Eye - INFO - ['Epoch:48, Iter: 60, Lr:0.00000005', 'Loss:0.0354', 'train_acc:100.00']
2021-04-30 20:01:45,227 - Eye - INFO - ['Epoch:48, Iter: 80, Lr:0.00000005', 'Loss:0.0471', 'train_acc:100.00']
2021-04-30 20:01:54,775 - Eye - INFO - ['Epoch:48, Iter:100, Lr:0.00000005', 'Loss:0.0417', 'train_acc:100.00']
2021-04-30 20:02:04,370 - Eye - INFO - ['Epoch:48, Iter:120, Lr:0.00000005', 'Loss:0.0309', 'train_acc:100.00']
2021-04-30 20:02:13,888 - Eye - INFO - ['Epoch:48, Iter:140, Lr:0.00000005', 'Loss:0.0784', 'train_acc:100.00']
2021-04-30 20:02:23,344 - Eye - INFO - ['Epoch:48, Iter:160, Lr:0.00000005', 'Loss:0.0322', 'train_acc:100.00']
2021-04-30 20:02:32,820 - Eye - INFO - ['Epoch:48, Iter:180, Lr:0.00000005', 'Loss:0.0512', 'train_acc:100.00']
2021-04-30 20:02:42,353 - Eye - INFO - ['Epoch:48, Iter:200, Lr:0.00000005', 'Loss:0.0305', 'train_acc:99.99']
2021-04-30 20:02:51,790 - Eye - INFO - ['Epoch:48, Iter:220, Lr:0.00000005', 'Loss:0.0301', 'train_acc:99.99']
2021-04-30 20:03:01,304 - Eye - INFO - ['Epoch:48, Iter:240, Lr:0.00000005', 'Loss:0.0299', 'train_acc:99.99']
2021-04-30 20:03:10,624 - Eye - INFO - ['Epoch:48, Iter:260, Lr:0.00000005', 'Loss:0.0415', 'train_acc:99.99']
2021-04-30 20:03:20,058 - Eye - INFO - ['Epoch:48, Iter:280, Lr:0.00000005', 'Loss:0.0453', 'train_acc:99.98']
2021-04-30 20:03:24,460 - Eye - INFO - ['Epoch:48, Lr:0.00000005, Cost:139.68s', 'Loss:0.0329', 'train_acc:99.98', 'val_acc:82.81', 'val_loss:0.19']
2021-04-30 20:03:36,260 - Eye - INFO - ['Epoch:49, Iter: 20, Lr:0.00000005', 'Loss:0.0619', 'train_acc:100.00']
2021-04-30 20:03:45,344 - Eye - INFO - ['Epoch:49, Iter: 40, Lr:0.00000005', 'Loss:0.0358', 'train_acc:100.00']
2021-04-30 20:03:54,307 - Eye - INFO - ['Epoch:49, Iter: 60, Lr:0.00000005', 'Loss:0.0349', 'train_acc:100.00']
2021-04-30 20:04:03,640 - Eye - INFO - ['Epoch:49, Iter: 80, Lr:0.00000005', 'Loss:0.0712', 'train_acc:99.94']
2021-04-30 20:04:13,302 - Eye - INFO - ['Epoch:49, Iter:100, Lr:0.00000005', 'Loss:0.0513', 'train_acc:99.95']
2021-04-30 20:04:22,778 - Eye - INFO - ['Epoch:49, Iter:120, Lr:0.00000005', 'Loss:0.0484', 'train_acc:99.95']
2021-04-30 20:04:32,043 - Eye - INFO - ['Epoch:49, Iter:140, Lr:0.00000005', 'Loss:0.0358', 'train_acc:99.94']
2021-04-30 20:04:41,508 - Eye - INFO - ['Epoch:49, Iter:160, Lr:0.00000005', 'Loss:0.0632', 'train_acc:99.94']
2021-04-30 20:04:50,888 - Eye - INFO - ['Epoch:49, Iter:180, Lr:0.00000005', 'Loss:0.0338', 'train_acc:99.94']
2021-04-30 20:05:00,314 - Eye - INFO - ['Epoch:49, Iter:200, Lr:0.00000005', 'Loss:0.0561', 'train_acc:99.95']
2021-04-30 20:05:09,874 - Eye - INFO - ['Epoch:49, Iter:220, Lr:0.00000005', 'Loss:0.0300', 'train_acc:99.95']
2021-04-30 20:05:19,210 - Eye - INFO - ['Epoch:49, Iter:240, Lr:0.00000005', 'Loss:0.0471', 'train_acc:99.95']
2021-04-30 20:05:28,572 - Eye - INFO - ['Epoch:49, Iter:260, Lr:0.00000005', 'Loss:0.0371', 'train_acc:99.96']
2021-04-30 20:05:38,263 - Eye - INFO - ['Epoch:49, Iter:280, Lr:0.00000005', 'Loss:0.0737', 'train_acc:99.96']
2021-04-30 20:05:42,762 - Eye - INFO - ['Epoch:49, Lr:0.00000005, Cost:138.23s', 'Loss:0.0696', 'train_acc:99.96', 'val_acc:81.25', 'val_loss:0.23']
