2021-04-30 20:05:47,470 - Eye - INFO - Train Dataset uploaded!
2021-04-30 20:05:47,470 - Eye - INFO - device:cuda
2021-04-30 20:06:59,690 - Eye - INFO - ['Epoch:00, Iter: 20, Lr:0.00010000', 'Loss:1.5246', 'train_acc:32.50']
2021-04-30 20:07:08,864 - Eye - INFO - ['Epoch:00, Iter: 40, Lr:0.00010000', 'Loss:1.1432', 'train_acc:43.83']
2021-04-30 20:07:18,178 - Eye - INFO - ['Epoch:00, Iter: 60, Lr:0.00010000', 'Loss:1.1114', 'train_acc:49.27']
2021-04-30 20:07:27,580 - Eye - INFO - ['Epoch:00, Iter: 80, Lr:0.00010000', 'Loss:0.9646', 'train_acc:53.03']
2021-04-30 20:07:37,033 - Eye - INFO - ['Epoch:00, Iter:100, Lr:0.00010000', 'Loss:1.0043', 'train_acc:55.55']
2021-04-30 20:07:46,481 - Eye - INFO - ['Epoch:00, Iter:120, Lr:0.00010000', 'Loss:0.8802', 'train_acc:57.66']
2021-04-30 20:07:55,942 - Eye - INFO - ['Epoch:00, Iter:140, Lr:0.00010000', 'Loss:0.9476', 'train_acc:59.44']
2021-04-30 20:08:05,568 - Eye - INFO - ['Epoch:00, Iter:160, Lr:0.00010000', 'Loss:0.6367', 'train_acc:61.37']
2021-04-30 20:08:14,980 - Eye - INFO - ['Epoch:00, Iter:180, Lr:0.00010000', 'Loss:0.7113', 'train_acc:62.93']
2021-04-30 20:08:24,249 - Eye - INFO - ['Epoch:00, Iter:200, Lr:0.00010000', 'Loss:0.5089', 'train_acc:64.67']
2021-04-30 20:08:33,506 - Eye - INFO - ['Epoch:00, Iter:220, Lr:0.00010000', 'Loss:0.4904', 'train_acc:66.37']
2021-04-30 20:08:42,803 - Eye - INFO - ['Epoch:00, Iter:240, Lr:0.00010000', 'Loss:0.4325', 'train_acc:68.03']
2021-04-30 20:08:52,141 - Eye - INFO - ['Epoch:00, Iter:260, Lr:0.00010000', 'Loss:0.4318', 'train_acc:69.47']
2021-04-30 20:09:01,663 - Eye - INFO - ['Epoch:00, Iter:280, Lr:0.00010000', 'Loss:0.5934', 'train_acc:70.54']
2021-04-30 20:09:06,032 - Eye - INFO - ['Epoch:00, Lr:0.00010000, Cost:140.49s', 'Loss:0.4538', 'train_acc:70.61', 'val_acc:45.83', 'val_loss:1.28']
2021-04-30 20:09:18,147 - Eye - INFO - ['Epoch:01, Iter: 20, Lr:0.00005000', 'Loss:0.3618', 'train_acc:90.55']
2021-04-30 20:09:27,594 - Eye - INFO - ['Epoch:01, Iter: 40, Lr:0.00005000', 'Loss:0.3129', 'train_acc:91.45']
2021-04-30 20:09:37,077 - Eye - INFO - ['Epoch:01, Iter: 60, Lr:0.00005000', 'Loss:0.3773', 'train_acc:91.72']
2021-04-30 20:09:46,435 - Eye - INFO - ['Epoch:01, Iter: 80, Lr:0.00005000', 'Loss:0.3030', 'train_acc:92.30']
2021-04-30 20:09:55,910 - Eye - INFO - ['Epoch:01, Iter:100, Lr:0.00005000', 'Loss:0.2390', 'train_acc:92.50']
2021-04-30 20:10:05,458 - Eye - INFO - ['Epoch:01, Iter:120, Lr:0.00005000', 'Loss:0.2054', 'train_acc:92.96']
2021-04-30 20:10:14,926 - Eye - INFO - ['Epoch:01, Iter:140, Lr:0.00005000', 'Loss:0.2913', 'train_acc:93.10']
2021-04-30 20:10:24,411 - Eye - INFO - ['Epoch:01, Iter:160, Lr:0.00005000', 'Loss:0.2727', 'train_acc:93.16']
2021-04-30 20:10:33,873 - Eye - INFO - ['Epoch:01, Iter:180, Lr:0.00005000', 'Loss:0.1890', 'train_acc:93.27']
2021-04-30 20:10:43,478 - Eye - INFO - ['Epoch:01, Iter:200, Lr:0.00005000', 'Loss:0.1693', 'train_acc:93.45']
2021-04-30 20:10:53,013 - Eye - INFO - ['Epoch:01, Iter:220, Lr:0.00005000', 'Loss:0.2227', 'train_acc:93.63']
2021-04-30 20:11:02,508 - Eye - INFO - ['Epoch:01, Iter:240, Lr:0.00005000', 'Loss:0.2402', 'train_acc:93.82']
2021-04-30 20:11:11,731 - Eye - INFO - ['Epoch:01, Iter:260, Lr:0.00005000', 'Loss:0.2179', 'train_acc:94.01']
2021-04-30 20:11:21,015 - Eye - INFO - ['Epoch:01, Iter:280, Lr:0.00005000', 'Loss:0.1781', 'train_acc:94.10']
2021-04-30 20:11:25,309 - Eye - INFO - ['Epoch:01, Lr:0.00005000, Cost:139.17s', 'Loss:0.1802', 'train_acc:94.10', 'val_acc:67.19', 'val_loss:0.95']
2021-04-30 20:11:37,402 - Eye - INFO - ['Epoch:02, Iter: 20, Lr:0.00002500', 'Loss:0.1592', 'train_acc:96.56']
2021-04-30 20:11:46,692 - Eye - INFO - ['Epoch:02, Iter: 40, Lr:0.00002500', 'Loss:0.1910', 'train_acc:96.56']
2021-04-30 20:11:56,133 - Eye - INFO - ['Epoch:02, Iter: 60, Lr:0.00002500', 'Loss:0.1034', 'train_acc:97.08']
2021-04-30 20:12:05,584 - Eye - INFO - ['Epoch:02, Iter: 80, Lr:0.00002500', 'Loss:0.1724', 'train_acc:97.44']
2021-04-30 20:12:15,179 - Eye - INFO - ['Epoch:02, Iter:100, Lr:0.00002500', 'Loss:0.1227', 'train_acc:97.56']
2021-04-30 20:12:24,384 - Eye - INFO - ['Epoch:02, Iter:120, Lr:0.00002500', 'Loss:0.1433', 'train_acc:97.68']
2021-04-30 20:12:33,383 - Eye - INFO - ['Epoch:02, Iter:140, Lr:0.00002500', 'Loss:0.1636', 'train_acc:97.66']
2021-04-30 20:12:42,325 - Eye - INFO - ['Epoch:02, Iter:160, Lr:0.00002500', 'Loss:0.1068', 'train_acc:97.82']
2021-04-30 20:12:51,696 - Eye - INFO - ['Epoch:02, Iter:180, Lr:0.00002500', 'Loss:0.1875', 'train_acc:97.93']
2021-04-30 20:13:01,114 - Eye - INFO - ['Epoch:02, Iter:200, Lr:0.00002500', 'Loss:0.1111', 'train_acc:97.95']
2021-04-30 20:13:10,516 - Eye - INFO - ['Epoch:02, Iter:220, Lr:0.00002500', 'Loss:0.1471', 'train_acc:98.00']
2021-04-30 20:13:19,847 - Eye - INFO - ['Epoch:02, Iter:240, Lr:0.00002500', 'Loss:0.1109', 'train_acc:98.05']
2021-04-30 20:13:28,877 - Eye - INFO - ['Epoch:02, Iter:260, Lr:0.00002500', 'Loss:0.1256', 'train_acc:98.08']
2021-04-30 20:13:38,662 - Eye - INFO - ['Epoch:02, Iter:280, Lr:0.00002500', 'Loss:0.1256', 'train_acc:98.10']
2021-04-30 20:13:42,996 - Eye - INFO - ['Epoch:02, Lr:0.00002500, Cost:137.59s', 'Loss:0.1151', 'train_acc:98.10', 'val_acc:69.01', 'val_loss:0.86']
2021-04-30 20:13:54,629 - Eye - INFO - ['Epoch:03, Iter: 20, Lr:0.00002500', 'Loss:0.1106', 'train_acc:97.89']
2021-04-30 20:14:04,040 - Eye - INFO - ['Epoch:03, Iter: 40, Lr:0.00002500', 'Loss:0.0862', 'train_acc:97.93']
2021-04-30 20:14:13,458 - Eye - INFO - ['Epoch:03, Iter: 60, Lr:0.00002500', 'Loss:0.1264', 'train_acc:97.89']
2021-04-30 20:14:22,940 - Eye - INFO - ['Epoch:03, Iter: 80, Lr:0.00002500', 'Loss:0.2106', 'train_acc:98.14']
2021-04-30 20:14:32,511 - Eye - INFO - ['Epoch:03, Iter:100, Lr:0.00002500', 'Loss:0.1019', 'train_acc:98.31']
2021-04-30 20:14:42,065 - Eye - INFO - ['Epoch:03, Iter:120, Lr:0.00002500', 'Loss:0.0651', 'train_acc:98.36']
2021-04-30 20:14:51,670 - Eye - INFO - ['Epoch:03, Iter:140, Lr:0.00002500', 'Loss:0.1734', 'train_acc:98.42']
2021-04-30 20:15:01,230 - Eye - INFO - ['Epoch:03, Iter:160, Lr:0.00002500', 'Loss:0.1346', 'train_acc:98.36']
2021-04-30 20:15:10,738 - Eye - INFO - ['Epoch:03, Iter:180, Lr:0.00002500', 'Loss:0.1172', 'train_acc:98.39']
2021-04-30 20:15:20,083 - Eye - INFO - ['Epoch:03, Iter:200, Lr:0.00002500', 'Loss:0.1109', 'train_acc:98.37']
2021-04-30 20:15:29,425 - Eye - INFO - ['Epoch:03, Iter:220, Lr:0.00002500', 'Loss:0.1460', 'train_acc:98.37']
2021-04-30 20:15:38,564 - Eye - INFO - ['Epoch:03, Iter:240, Lr:0.00002500', 'Loss:0.1605', 'train_acc:98.40']
2021-04-30 20:15:47,868 - Eye - INFO - ['Epoch:03, Iter:260, Lr:0.00002500', 'Loss:0.1296', 'train_acc:98.40']
2021-04-30 20:15:57,020 - Eye - INFO - ['Epoch:03, Iter:280, Lr:0.00002500', 'Loss:0.1813', 'train_acc:98.38']
2021-04-30 20:16:01,334 - Eye - INFO - ['Epoch:03, Lr:0.00002500, Cost:138.25s', 'Loss:0.1413', 'train_acc:98.39', 'val_acc:83.59', 'val_loss:0.13']
2021-04-30 20:16:13,177 - Eye - INFO - ['Epoch:04, Iter: 20, Lr:0.00001250', 'Loss:0.0861', 'train_acc:98.75']
2021-04-30 20:16:22,607 - Eye - INFO - ['Epoch:04, Iter: 40, Lr:0.00001250', 'Loss:0.0711', 'train_acc:98.95']
2021-04-30 20:16:31,893 - Eye - INFO - ['Epoch:04, Iter: 60, Lr:0.00001250', 'Loss:0.0761', 'train_acc:99.17']
2021-04-30 20:16:41,353 - Eye - INFO - ['Epoch:04, Iter: 80, Lr:0.00001250', 'Loss:0.0504', 'train_acc:99.12']
2021-04-30 20:16:50,525 - Eye - INFO - ['Epoch:04, Iter:100, Lr:0.00001250', 'Loss:0.0727', 'train_acc:99.27']
2021-04-30 20:16:59,939 - Eye - INFO - ['Epoch:04, Iter:120, Lr:0.00001250', 'Loss:0.1119', 'train_acc:99.32']
2021-04-30 20:17:09,476 - Eye - INFO - ['Epoch:04, Iter:140, Lr:0.00001250', 'Loss:0.0644', 'train_acc:99.38']
2021-04-30 20:17:18,988 - Eye - INFO - ['Epoch:04, Iter:160, Lr:0.00001250', 'Loss:0.0983', 'train_acc:99.42']
2021-04-30 20:17:28,370 - Eye - INFO - ['Epoch:04, Iter:180, Lr:0.00001250', 'Loss:0.0804', 'train_acc:99.46']
2021-04-30 20:17:37,887 - Eye - INFO - ['Epoch:04, Iter:200, Lr:0.00001250', 'Loss:0.0611', 'train_acc:99.48']
2021-04-30 20:17:47,392 - Eye - INFO - ['Epoch:04, Iter:220, Lr:0.00001250', 'Loss:0.1101', 'train_acc:99.47']
2021-04-30 20:17:56,842 - Eye - INFO - ['Epoch:04, Iter:240, Lr:0.00001250', 'Loss:0.0652', 'train_acc:99.49']
2021-04-30 20:18:06,156 - Eye - INFO - ['Epoch:04, Iter:260, Lr:0.00001250', 'Loss:0.0735', 'train_acc:99.48']
2021-04-30 20:18:15,589 - Eye - INFO - ['Epoch:04, Iter:280, Lr:0.00001250', 'Loss:0.0894', 'train_acc:99.49']
2021-04-30 20:18:20,064 - Eye - INFO - ['Epoch:04, Lr:0.00001250, Cost:138.65s', 'Loss:0.1084', 'train_acc:99.48', 'val_acc:81.25', 'val_loss:0.26']
2021-04-30 20:18:33,602 - Eye - INFO - ['Epoch:05, Iter: 20, Lr:0.00001250', 'Loss:0.0611', 'train_acc:99.84']
2021-04-30 20:18:42,980 - Eye - INFO - ['Epoch:05, Iter: 40, Lr:0.00001250', 'Loss:0.0766', 'train_acc:99.69']
2021-04-30 20:18:52,470 - Eye - INFO - ['Epoch:05, Iter: 60, Lr:0.00001250', 'Loss:0.0812', 'train_acc:99.69']
2021-04-30 20:19:01,724 - Eye - INFO - ['Epoch:05, Iter: 80, Lr:0.00001250', 'Loss:0.0869', 'train_acc:99.67']
2021-04-30 20:19:10,881 - Eye - INFO - ['Epoch:05, Iter:100, Lr:0.00001250', 'Loss:0.0754', 'train_acc:99.70']
2021-04-30 20:19:20,313 - Eye - INFO - ['Epoch:05, Iter:120, Lr:0.00001250', 'Loss:0.0659', 'train_acc:99.65']
2021-04-30 20:19:29,777 - Eye - INFO - ['Epoch:05, Iter:140, Lr:0.00001250', 'Loss:0.0889', 'train_acc:99.69']
2021-04-30 20:19:39,207 - Eye - INFO - ['Epoch:05, Iter:160, Lr:0.00001250', 'Loss:0.0609', 'train_acc:99.71']
2021-04-30 20:19:48,566 - Eye - INFO - ['Epoch:05, Iter:180, Lr:0.00001250', 'Loss:0.0831', 'train_acc:99.68']
2021-04-30 20:19:57,994 - Eye - INFO - ['Epoch:05, Iter:200, Lr:0.00001250', 'Loss:0.0928', 'train_acc:99.66']
2021-04-30 20:20:07,319 - Eye - INFO - ['Epoch:05, Iter:220, Lr:0.00001250', 'Loss:0.0737', 'train_acc:99.66']
2021-04-30 20:20:16,898 - Eye - INFO - ['Epoch:05, Iter:240, Lr:0.00001250', 'Loss:0.0941', 'train_acc:99.65']
2021-04-30 20:20:26,136 - Eye - INFO - ['Epoch:05, Iter:260, Lr:0.00001250', 'Loss:0.1153', 'train_acc:99.63']
2021-04-30 20:20:35,495 - Eye - INFO - ['Epoch:05, Iter:280, Lr:0.00001250', 'Loss:0.0830', 'train_acc:99.64']
2021-04-30 20:20:39,948 - Eye - INFO - ['Epoch:05, Lr:0.00001250, Cost:139.55s', 'Loss:0.0780', 'train_acc:99.63', 'val_acc:65.10', 'val_loss:0.95']
2021-04-30 20:20:51,951 - Eye - INFO - ['Epoch:06, Iter: 20, Lr:0.00000625', 'Loss:0.0931', 'train_acc:99.53']
2021-04-30 20:21:01,283 - Eye - INFO - ['Epoch:06, Iter: 40, Lr:0.00000625', 'Loss:0.0473', 'train_acc:99.69']
2021-04-30 20:21:10,628 - Eye - INFO - ['Epoch:06, Iter: 60, Lr:0.00000625', 'Loss:0.0509', 'train_acc:99.79']
2021-04-30 20:21:20,202 - Eye - INFO - ['Epoch:06, Iter: 80, Lr:0.00000625', 'Loss:0.0594', 'train_acc:99.77']
2021-04-30 20:21:29,761 - Eye - INFO - ['Epoch:06, Iter:100, Lr:0.00000625', 'Loss:0.0715', 'train_acc:99.80']
2021-04-30 20:21:39,226 - Eye - INFO - ['Epoch:06, Iter:120, Lr:0.00000625', 'Loss:0.0318', 'train_acc:99.80']
2021-04-30 20:21:48,723 - Eye - INFO - ['Epoch:06, Iter:140, Lr:0.00000625', 'Loss:0.0426', 'train_acc:99.75']
2021-04-30 20:21:58,278 - Eye - INFO - ['Epoch:06, Iter:160, Lr:0.00000625', 'Loss:0.0483', 'train_acc:99.76']
2021-04-30 20:22:07,560 - Eye - INFO - ['Epoch:06, Iter:180, Lr:0.00000625', 'Loss:0.0600', 'train_acc:99.77']
2021-04-30 20:22:16,904 - Eye - INFO - ['Epoch:06, Iter:200, Lr:0.00000625', 'Loss:0.0391', 'train_acc:99.80']
2021-04-30 20:22:26,279 - Eye - INFO - ['Epoch:06, Iter:220, Lr:0.00000625', 'Loss:0.0490', 'train_acc:99.80']
2021-04-30 20:22:35,591 - Eye - INFO - ['Epoch:06, Iter:240, Lr:0.00000625', 'Loss:0.0919', 'train_acc:99.80']
2021-04-30 20:22:44,917 - Eye - INFO - ['Epoch:06, Iter:260, Lr:0.00000625', 'Loss:0.0814', 'train_acc:99.78']
2021-04-30 20:22:54,439 - Eye - INFO - ['Epoch:06, Iter:280, Lr:0.00000625', 'Loss:0.0603', 'train_acc:99.79']
2021-04-30 20:22:58,821 - Eye - INFO - ['Epoch:06, Lr:0.00000625, Cost:138.77s', 'Loss:0.0433', 'train_acc:99.79', 'val_acc:80.21', 'val_loss:0.31']
2021-04-30 20:23:10,645 - Eye - INFO - ['Epoch:07, Iter: 20, Lr:0.00000625', 'Loss:0.0375', 'train_acc:100.00']
2021-04-30 20:23:20,001 - Eye - INFO - ['Epoch:07, Iter: 40, Lr:0.00000625', 'Loss:0.0691', 'train_acc:100.00']
2021-04-30 20:23:29,523 - Eye - INFO - ['Epoch:07, Iter: 60, Lr:0.00000625', 'Loss:0.0443', 'train_acc:99.97']
2021-04-30 20:23:39,076 - Eye - INFO - ['Epoch:07, Iter: 80, Lr:0.00000625', 'Loss:0.0511', 'train_acc:99.98']
2021-04-30 20:23:48,244 - Eye - INFO - ['Epoch:07, Iter:100, Lr:0.00000625', 'Loss:0.0860', 'train_acc:99.94']
2021-04-30 20:23:57,752 - Eye - INFO - ['Epoch:07, Iter:120, Lr:0.00000625', 'Loss:0.0420', 'train_acc:99.95']
2021-04-30 20:24:07,392 - Eye - INFO - ['Epoch:07, Iter:140, Lr:0.00000625', 'Loss:0.0428', 'train_acc:99.93']
2021-04-30 20:24:16,867 - Eye - INFO - ['Epoch:07, Iter:160, Lr:0.00000625', 'Loss:0.0329', 'train_acc:99.93']
2021-04-30 20:24:26,257 - Eye - INFO - ['Epoch:07, Iter:180, Lr:0.00000625', 'Loss:0.0795', 'train_acc:99.89']
2021-04-30 20:24:35,206 - Eye - INFO - ['Epoch:07, Iter:200, Lr:0.00000625', 'Loss:0.0615', 'train_acc:99.88']
2021-04-30 20:24:44,606 - Eye - INFO - ['Epoch:07, Iter:220, Lr:0.00000625', 'Loss:0.0768', 'train_acc:99.87']
2021-04-30 20:24:54,218 - Eye - INFO - ['Epoch:07, Iter:240, Lr:0.00000625', 'Loss:0.0642', 'train_acc:99.88']
2021-04-30 20:25:03,763 - Eye - INFO - ['Epoch:07, Iter:260, Lr:0.00000625', 'Loss:0.0389', 'train_acc:99.88']
2021-04-30 20:25:13,591 - Eye - INFO - ['Epoch:07, Iter:280, Lr:0.00000625', 'Loss:0.0531', 'train_acc:99.89']
2021-04-30 20:25:18,029 - Eye - INFO - ['Epoch:07, Lr:0.00000625, Cost:139.10s', 'Loss:0.0419', 'train_acc:99.89', 'val_acc:82.29', 'val_loss:0.22']
2021-04-30 20:25:30,602 - Eye - INFO - ['Epoch:08, Iter: 20, Lr:0.00000313', 'Loss:0.0476', 'train_acc:99.92']
2021-04-30 20:25:40,113 - Eye - INFO - ['Epoch:08, Iter: 40, Lr:0.00000313', 'Loss:0.0728', 'train_acc:99.96']
2021-04-30 20:25:49,513 - Eye - INFO - ['Epoch:08, Iter: 60, Lr:0.00000313', 'Loss:0.0630', 'train_acc:99.95']
2021-04-30 20:25:58,908 - Eye - INFO - ['Epoch:08, Iter: 80, Lr:0.00000313', 'Loss:0.0562', 'train_acc:99.96']
2021-04-30 20:26:08,431 - Eye - INFO - ['Epoch:08, Iter:100, Lr:0.00000313', 'Loss:0.0411', 'train_acc:99.95']
2021-04-30 20:26:17,852 - Eye - INFO - ['Epoch:08, Iter:120, Lr:0.00000313', 'Loss:0.0439', 'train_acc:99.96']
2021-04-30 20:26:27,317 - Eye - INFO - ['Epoch:08, Iter:140, Lr:0.00000313', 'Loss:0.0410', 'train_acc:99.97']
2021-04-30 20:26:36,926 - Eye - INFO - ['Epoch:08, Iter:160, Lr:0.00000313', 'Loss:0.0631', 'train_acc:99.96']
2021-04-30 20:26:46,322 - Eye - INFO - ['Epoch:08, Iter:180, Lr:0.00000313', 'Loss:0.0631', 'train_acc:99.97']
2021-04-30 20:26:55,329 - Eye - INFO - ['Epoch:08, Iter:200, Lr:0.00000313', 'Loss:0.0520', 'train_acc:99.96']
2021-04-30 20:27:04,375 - Eye - INFO - ['Epoch:08, Iter:220, Lr:0.00000313', 'Loss:0.0459', 'train_acc:99.96']
2021-04-30 20:27:13,831 - Eye - INFO - ['Epoch:08, Iter:240, Lr:0.00000313', 'Loss:0.0440', 'train_acc:99.97']
2021-04-30 20:27:23,357 - Eye - INFO - ['Epoch:08, Iter:260, Lr:0.00000313', 'Loss:0.0524', 'train_acc:99.97']
2021-04-30 20:27:33,069 - Eye - INFO - ['Epoch:08, Iter:280, Lr:0.00000313', 'Loss:0.0446', 'train_acc:99.96']
2021-04-30 20:27:37,522 - Eye - INFO - ['Epoch:08, Lr:0.00000313, Cost:139.25s', 'Loss:0.0740', 'train_acc:99.96', 'val_acc:81.51', 'val_loss:0.17']
2021-04-30 20:27:49,528 - Eye - INFO - ['Epoch:09, Iter: 20, Lr:0.00000313', 'Loss:0.0385', 'train_acc:99.84']
2021-04-30 20:27:59,039 - Eye - INFO - ['Epoch:09, Iter: 40, Lr:0.00000313', 'Loss:0.0422', 'train_acc:99.92']
2021-04-30 20:28:08,302 - Eye - INFO - ['Epoch:09, Iter: 60, Lr:0.00000313', 'Loss:0.0362', 'train_acc:99.95']
2021-04-30 20:28:17,878 - Eye - INFO - ['Epoch:09, Iter: 80, Lr:0.00000313', 'Loss:0.0819', 'train_acc:99.92']
2021-04-30 20:28:27,242 - Eye - INFO - ['Epoch:09, Iter:100, Lr:0.00000313', 'Loss:0.0590', 'train_acc:99.92']
2021-04-30 20:28:36,645 - Eye - INFO - ['Epoch:09, Iter:120, Lr:0.00000313', 'Loss:0.0455', 'train_acc:99.92']
2021-04-30 20:28:45,916 - Eye - INFO - ['Epoch:09, Iter:140, Lr:0.00000313', 'Loss:0.1000', 'train_acc:99.91']
2021-04-30 20:28:55,190 - Eye - INFO - ['Epoch:09, Iter:160, Lr:0.00000313', 'Loss:0.0253', 'train_acc:99.92']
2021-04-30 20:29:04,564 - Eye - INFO - ['Epoch:09, Iter:180, Lr:0.00000313', 'Loss:0.0704', 'train_acc:99.93']
2021-04-30 20:29:13,962 - Eye - INFO - ['Epoch:09, Iter:200, Lr:0.00000313', 'Loss:0.0602', 'train_acc:99.93']
2021-04-30 20:29:23,466 - Eye - INFO - ['Epoch:09, Iter:220, Lr:0.00000313', 'Loss:0.0422', 'train_acc:99.94']
2021-04-30 20:29:33,089 - Eye - INFO - ['Epoch:09, Iter:240, Lr:0.00000313', 'Loss:0.0505', 'train_acc:99.94']
2021-04-30 20:29:42,572 - Eye - INFO - ['Epoch:09, Iter:260, Lr:0.00000313', 'Loss:0.0495', 'train_acc:99.95']
2021-04-30 20:29:52,136 - Eye - INFO - ['Epoch:09, Iter:280, Lr:0.00000313', 'Loss:0.0514', 'train_acc:99.95']
2021-04-30 20:29:56,577 - Eye - INFO - ['Epoch:09, Lr:0.00000313, Cost:138.95s', 'Loss:0.0554', 'train_acc:99.95', 'val_acc:79.43', 'val_loss:0.52']
2021-04-30 20:30:08,480 - Eye - INFO - ['Epoch:10, Iter: 20, Lr:0.00000156', 'Loss:0.0595', 'train_acc:100.00']
2021-04-30 20:30:17,936 - Eye - INFO - ['Epoch:10, Iter: 40, Lr:0.00000156', 'Loss:0.0306', 'train_acc:100.00']
2021-04-30 20:30:27,541 - Eye - INFO - ['Epoch:10, Iter: 60, Lr:0.00000156', 'Loss:0.0433', 'train_acc:100.00']
2021-04-30 20:30:36,754 - Eye - INFO - ['Epoch:10, Iter: 80, Lr:0.00000156', 'Loss:0.0433', 'train_acc:99.98']
2021-04-30 20:30:45,940 - Eye - INFO - ['Epoch:10, Iter:100, Lr:0.00000156', 'Loss:0.0430', 'train_acc:99.98']
2021-04-30 20:30:55,346 - Eye - INFO - ['Epoch:10, Iter:120, Lr:0.00000156', 'Loss:0.0313', 'train_acc:99.97']
2021-04-30 20:31:04,912 - Eye - INFO - ['Epoch:10, Iter:140, Lr:0.00000156', 'Loss:0.0335', 'train_acc:99.98']
2021-04-30 20:31:14,490 - Eye - INFO - ['Epoch:10, Iter:160, Lr:0.00000156', 'Loss:0.0365', 'train_acc:99.98']
2021-04-30 20:31:23,977 - Eye - INFO - ['Epoch:10, Iter:180, Lr:0.00000156', 'Loss:0.0309', 'train_acc:99.97']
2021-04-30 20:31:33,510 - Eye - INFO - ['Epoch:10, Iter:200, Lr:0.00000156', 'Loss:0.0430', 'train_acc:99.98']
2021-04-30 20:31:42,870 - Eye - INFO - ['Epoch:10, Iter:220, Lr:0.00000156', 'Loss:0.0386', 'train_acc:99.98']
2021-04-30 20:31:52,181 - Eye - INFO - ['Epoch:10, Iter:240, Lr:0.00000156', 'Loss:0.0571', 'train_acc:99.97']
2021-04-30 20:32:01,373 - Eye - INFO - ['Epoch:10, Iter:260, Lr:0.00000156', 'Loss:0.0421', 'train_acc:99.97']
2021-04-30 20:32:10,719 - Eye - INFO - ['Epoch:10, Iter:280, Lr:0.00000156', 'Loss:0.0310', 'train_acc:99.97']
2021-04-30 20:32:15,067 - Eye - INFO - ['Epoch:10, Lr:0.00000156, Cost:138.41s', 'Loss:0.0403', 'train_acc:99.97', 'val_acc:80.99', 'val_loss:0.35']
2021-04-30 20:32:27,195 - Eye - INFO - ['Epoch:11, Iter: 20, Lr:0.00000156', 'Loss:0.0508', 'train_acc:100.00']
2021-04-30 20:32:36,735 - Eye - INFO - ['Epoch:11, Iter: 40, Lr:0.00000156', 'Loss:0.0468', 'train_acc:99.96']
2021-04-30 20:32:46,267 - Eye - INFO - ['Epoch:11, Iter: 60, Lr:0.00000156', 'Loss:0.0585', 'train_acc:99.95']
2021-04-30 20:32:55,868 - Eye - INFO - ['Epoch:11, Iter: 80, Lr:0.00000156', 'Loss:0.0655', 'train_acc:99.94']
2021-04-30 20:33:05,339 - Eye - INFO - ['Epoch:11, Iter:100, Lr:0.00000156', 'Loss:0.0432', 'train_acc:99.95']
2021-04-30 20:33:14,841 - Eye - INFO - ['Epoch:11, Iter:120, Lr:0.00000156', 'Loss:0.0617', 'train_acc:99.95']
2021-04-30 20:33:24,221 - Eye - INFO - ['Epoch:11, Iter:140, Lr:0.00000156', 'Loss:0.0306', 'train_acc:99.94']
2021-04-30 20:33:33,710 - Eye - INFO - ['Epoch:11, Iter:160, Lr:0.00000156', 'Loss:0.0471', 'train_acc:99.95']
2021-04-30 20:33:42,981 - Eye - INFO - ['Epoch:11, Iter:180, Lr:0.00000156', 'Loss:0.0616', 'train_acc:99.96']
2021-04-30 20:33:52,478 - Eye - INFO - ['Epoch:11, Iter:200, Lr:0.00000156', 'Loss:0.0600', 'train_acc:99.95']
2021-04-30 20:34:02,028 - Eye - INFO - ['Epoch:11, Iter:220, Lr:0.00000156', 'Loss:0.0516', 'train_acc:99.96']
2021-04-30 20:34:11,633 - Eye - INFO - ['Epoch:11, Iter:240, Lr:0.00000156', 'Loss:0.0381', 'train_acc:99.96']
2021-04-30 20:34:20,912 - Eye - INFO - ['Epoch:11, Iter:260, Lr:0.00000156', 'Loss:0.0485', 'train_acc:99.96']
2021-04-30 20:34:30,514 - Eye - INFO - ['Epoch:11, Iter:280, Lr:0.00000156', 'Loss:0.0503', 'train_acc:99.97']
2021-04-30 20:34:34,980 - Eye - INFO - ['Epoch:11, Lr:0.00000156, Cost:139.83s', 'Loss:0.0429', 'train_acc:99.97', 'val_acc:79.95', 'val_loss:0.31']
2021-04-30 20:34:46,912 - Eye - INFO - ['Epoch:12, Iter: 20, Lr:0.00000156', 'Loss:0.0411', 'train_acc:100.00']
2021-04-30 20:34:56,332 - Eye - INFO - ['Epoch:12, Iter: 40, Lr:0.00000156', 'Loss:0.0473', 'train_acc:99.96']
2021-04-30 20:35:05,757 - Eye - INFO - ['Epoch:12, Iter: 60, Lr:0.00000156', 'Loss:0.0509', 'train_acc:99.97']
2021-04-30 20:35:15,088 - Eye - INFO - ['Epoch:12, Iter: 80, Lr:0.00000156', 'Loss:0.0405', 'train_acc:99.96']
2021-04-30 20:35:23,965 - Eye - INFO - ['Epoch:12, Iter:100, Lr:0.00000156', 'Loss:0.0658', 'train_acc:99.95']
2021-04-30 20:35:33,414 - Eye - INFO - ['Epoch:12, Iter:120, Lr:0.00000156', 'Loss:0.0555', 'train_acc:99.96']
2021-04-30 20:35:42,797 - Eye - INFO - ['Epoch:12, Iter:140, Lr:0.00000156', 'Loss:0.0800', 'train_acc:99.97']
2021-04-30 20:35:52,152 - Eye - INFO - ['Epoch:12, Iter:160, Lr:0.00000156', 'Loss:0.0320', 'train_acc:99.96']
2021-04-30 20:36:01,658 - Eye - INFO - ['Epoch:12, Iter:180, Lr:0.00000156', 'Loss:0.0468', 'train_acc:99.97']
2021-04-30 20:36:11,108 - Eye - INFO - ['Epoch:12, Iter:200, Lr:0.00000156', 'Loss:0.0774', 'train_acc:99.97']
2021-04-30 20:36:20,467 - Eye - INFO - ['Epoch:12, Iter:220, Lr:0.00000156', 'Loss:0.0610', 'train_acc:99.97']
2021-04-30 20:36:29,855 - Eye - INFO - ['Epoch:12, Iter:240, Lr:0.00000156', 'Loss:0.0439', 'train_acc:99.97']
2021-04-30 20:36:39,357 - Eye - INFO - ['Epoch:12, Iter:260, Lr:0.00000156', 'Loss:0.0553', 'train_acc:99.96']
2021-04-30 20:36:48,299 - Eye - INFO - ['Epoch:12, Iter:280, Lr:0.00000156', 'Loss:0.0374', 'train_acc:99.96']
2021-04-30 20:36:52,631 - Eye - INFO - ['Epoch:12, Lr:0.00000156, Cost:137.56s', 'Loss:0.0642', 'train_acc:99.96', 'val_acc:79.17', 'val_loss:0.28']
2021-04-30 20:37:05,018 - Eye - INFO - ['Epoch:13, Iter: 20, Lr:0.00000078', 'Loss:0.0671', 'train_acc:99.92']
2021-04-30 20:37:14,443 - Eye - INFO - ['Epoch:13, Iter: 40, Lr:0.00000078', 'Loss:0.0574', 'train_acc:99.96']
2021-04-30 20:37:23,961 - Eye - INFO - ['Epoch:13, Iter: 60, Lr:0.00000078', 'Loss:0.0693', 'train_acc:99.97']
2021-04-30 20:37:33,429 - Eye - INFO - ['Epoch:13, Iter: 80, Lr:0.00000078', 'Loss:0.0353', 'train_acc:99.98']
2021-04-30 20:37:42,931 - Eye - INFO - ['Epoch:13, Iter:100, Lr:0.00000078', 'Loss:0.1379', 'train_acc:99.97']
2021-04-30 20:37:52,381 - Eye - INFO - ['Epoch:13, Iter:120, Lr:0.00000078', 'Loss:0.0295', 'train_acc:99.97']
2021-04-30 20:38:01,877 - Eye - INFO - ['Epoch:13, Iter:140, Lr:0.00000078', 'Loss:0.0834', 'train_acc:99.98']
2021-04-30 20:38:11,368 - Eye - INFO - ['Epoch:13, Iter:160, Lr:0.00000078', 'Loss:0.0423', 'train_acc:99.98']
2021-04-30 20:38:20,817 - Eye - INFO - ['Epoch:13, Iter:180, Lr:0.00000078', 'Loss:0.0310', 'train_acc:99.98']
2021-04-30 20:38:30,392 - Eye - INFO - ['Epoch:13, Iter:200, Lr:0.00000078', 'Loss:0.0488', 'train_acc:99.98']
2021-04-30 20:38:39,838 - Eye - INFO - ['Epoch:13, Iter:220, Lr:0.00000078', 'Loss:0.0343', 'train_acc:99.98']
2021-04-30 20:38:49,377 - Eye - INFO - ['Epoch:13, Iter:240, Lr:0.00000078', 'Loss:0.0759', 'train_acc:99.98']
2021-04-30 20:38:58,744 - Eye - INFO - ['Epoch:13, Iter:260, Lr:0.00000078', 'Loss:0.0358', 'train_acc:99.98']
2021-04-30 20:39:08,282 - Eye - INFO - ['Epoch:13, Iter:280, Lr:0.00000078', 'Loss:0.0443', 'train_acc:99.98']
2021-04-30 20:39:12,769 - Eye - INFO - ['Epoch:13, Lr:0.00000078, Cost:139.79s', 'Loss:0.0386', 'train_acc:99.98', 'val_acc:81.51', 'val_loss:0.24']
2021-04-30 20:39:24,848 - Eye - INFO - ['Epoch:14, Iter: 20, Lr:0.00000078', 'Loss:0.0408', 'train_acc:100.00']
2021-04-30 20:39:34,209 - Eye - INFO - ['Epoch:14, Iter: 40, Lr:0.00000078', 'Loss:0.0408', 'train_acc:100.00']
2021-04-30 20:39:43,428 - Eye - INFO - ['Epoch:14, Iter: 60, Lr:0.00000078', 'Loss:0.0433', 'train_acc:100.00']
2021-04-30 20:39:52,951 - Eye - INFO - ['Epoch:14, Iter: 80, Lr:0.00000078', 'Loss:0.0337', 'train_acc:100.00']
2021-04-30 20:40:02,422 - Eye - INFO - ['Epoch:14, Iter:100, Lr:0.00000078', 'Loss:0.0386', 'train_acc:100.00']
2021-04-30 20:40:11,863 - Eye - INFO - ['Epoch:14, Iter:120, Lr:0.00000078', 'Loss:0.0502', 'train_acc:99.96']
2021-04-30 20:40:21,216 - Eye - INFO - ['Epoch:14, Iter:140, Lr:0.00000078', 'Loss:0.0480', 'train_acc:99.97']
2021-04-30 20:40:30,686 - Eye - INFO - ['Epoch:14, Iter:160, Lr:0.00000078', 'Loss:0.0344', 'train_acc:99.97']
2021-04-30 20:40:40,173 - Eye - INFO - ['Epoch:14, Iter:180, Lr:0.00000078', 'Loss:0.0405', 'train_acc:99.97']
2021-04-30 20:40:49,752 - Eye - INFO - ['Epoch:14, Iter:200, Lr:0.00000078', 'Loss:0.0565', 'train_acc:99.98']
2021-04-30 20:40:58,996 - Eye - INFO - ['Epoch:14, Iter:220, Lr:0.00000078', 'Loss:0.0592', 'train_acc:99.97']
2021-04-30 20:41:08,432 - Eye - INFO - ['Epoch:14, Iter:240, Lr:0.00000078', 'Loss:0.0532', 'train_acc:99.97']
2021-04-30 20:41:17,846 - Eye - INFO - ['Epoch:14, Iter:260, Lr:0.00000078', 'Loss:0.0571', 'train_acc:99.97']
2021-04-30 20:41:27,453 - Eye - INFO - ['Epoch:14, Iter:280, Lr:0.00000078', 'Loss:0.0360', 'train_acc:99.97']
2021-04-30 20:41:31,862 - Eye - INFO - ['Epoch:14, Lr:0.00000078, Cost:139.01s', 'Loss:0.0338', 'train_acc:99.97', 'val_acc:80.47', 'val_loss:0.27']
2021-04-30 20:41:43,913 - Eye - INFO - ['Epoch:15, Iter: 20, Lr:0.00000078', 'Loss:0.0324', 'train_acc:100.00']
2021-04-30 20:41:53,330 - Eye - INFO - ['Epoch:15, Iter: 40, Lr:0.00000078', 'Loss:0.0455', 'train_acc:100.00']
2021-04-30 20:42:02,770 - Eye - INFO - ['Epoch:15, Iter: 60, Lr:0.00000078', 'Loss:0.0405', 'train_acc:100.00']
2021-04-30 20:42:12,074 - Eye - INFO - ['Epoch:15, Iter: 80, Lr:0.00000078', 'Loss:0.0351', 'train_acc:99.98']
2021-04-30 20:42:21,467 - Eye - INFO - ['Epoch:15, Iter:100, Lr:0.00000078', 'Loss:0.0268', 'train_acc:99.98']
2021-04-30 20:42:30,626 - Eye - INFO - ['Epoch:15, Iter:120, Lr:0.00000078', 'Loss:0.0386', 'train_acc:99.99']
2021-04-30 20:42:40,145 - Eye - INFO - ['Epoch:15, Iter:140, Lr:0.00000078', 'Loss:0.0337', 'train_acc:99.98']
2021-04-30 20:42:49,666 - Eye - INFO - ['Epoch:15, Iter:160, Lr:0.00000078', 'Loss:0.0491', 'train_acc:99.98']
2021-04-30 20:42:59,125 - Eye - INFO - ['Epoch:15, Iter:180, Lr:0.00000078', 'Loss:0.0307', 'train_acc:99.98']
2021-04-30 20:43:08,614 - Eye - INFO - ['Epoch:15, Iter:200, Lr:0.00000078', 'Loss:0.0446', 'train_acc:99.98']
2021-04-30 20:43:18,111 - Eye - INFO - ['Epoch:15, Iter:220, Lr:0.00000078', 'Loss:0.0420', 'train_acc:99.99']
2021-04-30 20:43:27,492 - Eye - INFO - ['Epoch:15, Iter:240, Lr:0.00000078', 'Loss:0.0243', 'train_acc:99.99']
2021-04-30 20:43:37,136 - Eye - INFO - ['Epoch:15, Iter:260, Lr:0.00000078', 'Loss:0.0347', 'train_acc:99.99']
2021-04-30 20:43:45,871 - Eye - INFO - ['Epoch:15, Iter:280, Lr:0.00000078', 'Loss:0.0400', 'train_acc:99.98']
2021-04-30 20:43:50,105 - Eye - INFO - ['Epoch:15, Lr:0.00000078, Cost:138.13s', 'Loss:0.0351', 'train_acc:99.98', 'val_acc:81.25', 'val_loss:0.35']
2021-04-30 20:44:03,444 - Eye - INFO - ['Epoch:16, Iter: 20, Lr:0.00000039', 'Loss:0.0367', 'train_acc:100.00']
2021-04-30 20:44:12,746 - Eye - INFO - ['Epoch:16, Iter: 40, Lr:0.00000039', 'Loss:0.0715', 'train_acc:100.00']
2021-04-30 20:44:22,134 - Eye - INFO - ['Epoch:16, Iter: 60, Lr:0.00000039', 'Loss:0.0422', 'train_acc:100.00']
2021-04-30 20:44:31,533 - Eye - INFO - ['Epoch:16, Iter: 80, Lr:0.00000039', 'Loss:0.0341', 'train_acc:99.98']
2021-04-30 20:44:40,984 - Eye - INFO - ['Epoch:16, Iter:100, Lr:0.00000039', 'Loss:0.0352', 'train_acc:99.98']
2021-04-30 20:44:50,312 - Eye - INFO - ['Epoch:16, Iter:120, Lr:0.00000039', 'Loss:0.0516', 'train_acc:99.99']
2021-04-30 20:44:59,820 - Eye - INFO - ['Epoch:16, Iter:140, Lr:0.00000039', 'Loss:0.0340', 'train_acc:99.99']
2021-04-30 20:45:09,255 - Eye - INFO - ['Epoch:16, Iter:160, Lr:0.00000039', 'Loss:0.0488', 'train_acc:99.99']
2021-04-30 20:45:18,667 - Eye - INFO - ['Epoch:16, Iter:180, Lr:0.00000039', 'Loss:0.0403', 'train_acc:99.99']
2021-04-30 20:45:28,254 - Eye - INFO - ['Epoch:16, Iter:200, Lr:0.00000039', 'Loss:0.0889', 'train_acc:99.99']
2021-04-30 20:45:37,705 - Eye - INFO - ['Epoch:16, Iter:220, Lr:0.00000039', 'Loss:0.0385', 'train_acc:99.99']
2021-04-30 20:45:47,231 - Eye - INFO - ['Epoch:16, Iter:240, Lr:0.00000039', 'Loss:0.0448', 'train_acc:99.99']
2021-04-30 20:45:56,784 - Eye - INFO - ['Epoch:16, Iter:260, Lr:0.00000039', 'Loss:0.0606', 'train_acc:99.99']
2021-04-30 20:46:06,200 - Eye - INFO - ['Epoch:16, Iter:280, Lr:0.00000039', 'Loss:0.0552', 'train_acc:99.99']
2021-04-30 20:46:10,589 - Eye - INFO - ['Epoch:16, Lr:0.00000039, Cost:140.23s', 'Loss:0.0417', 'train_acc:99.99', 'val_acc:81.25', 'val_loss:0.22']
2021-04-30 20:46:22,538 - Eye - INFO - ['Epoch:17, Iter: 20, Lr:0.00000039', 'Loss:0.0400', 'train_acc:100.00']
2021-04-30 20:46:32,019 - Eye - INFO - ['Epoch:17, Iter: 40, Lr:0.00000039', 'Loss:0.0559', 'train_acc:100.00']
2021-04-30 20:46:41,572 - Eye - INFO - ['Epoch:17, Iter: 60, Lr:0.00000039', 'Loss:0.0315', 'train_acc:99.97']
2021-04-30 20:46:51,114 - Eye - INFO - ['Epoch:17, Iter: 80, Lr:0.00000039', 'Loss:0.0393', 'train_acc:99.98']
2021-04-30 20:47:00,364 - Eye - INFO - ['Epoch:17, Iter:100, Lr:0.00000039', 'Loss:0.0407', 'train_acc:99.97']
2021-04-30 20:47:09,592 - Eye - INFO - ['Epoch:17, Iter:120, Lr:0.00000039', 'Loss:0.0299', 'train_acc:99.96']
2021-04-30 20:47:19,111 - Eye - INFO - ['Epoch:17, Iter:140, Lr:0.00000039', 'Loss:0.0296', 'train_acc:99.97']
2021-04-30 20:47:28,580 - Eye - INFO - ['Epoch:17, Iter:160, Lr:0.00000039', 'Loss:0.0412', 'train_acc:99.97']
2021-04-30 20:47:37,455 - Eye - INFO - ['Epoch:17, Iter:180, Lr:0.00000039', 'Loss:0.0295', 'train_acc:99.97']
2021-04-30 20:47:46,626 - Eye - INFO - ['Epoch:17, Iter:200, Lr:0.00000039', 'Loss:0.0444', 'train_acc:99.98']
2021-04-30 20:47:56,128 - Eye - INFO - ['Epoch:17, Iter:220, Lr:0.00000039', 'Loss:0.0511', 'train_acc:99.98']
2021-04-30 20:48:05,517 - Eye - INFO - ['Epoch:17, Iter:240, Lr:0.00000039', 'Loss:0.0452', 'train_acc:99.97']
2021-04-30 20:48:14,903 - Eye - INFO - ['Epoch:17, Iter:260, Lr:0.00000039', 'Loss:0.0444', 'train_acc:99.98']
2021-04-30 20:48:24,438 - Eye - INFO - ['Epoch:17, Iter:280, Lr:0.00000039', 'Loss:0.0287', 'train_acc:99.98']
2021-04-30 20:48:28,939 - Eye - INFO - ['Epoch:17, Lr:0.00000039, Cost:138.27s', 'Loss:0.0598', 'train_acc:99.98', 'val_acc:79.69', 'val_loss:0.28']
2021-04-30 20:48:40,788 - Eye - INFO - ['Epoch:18, Iter: 20, Lr:0.00000039', 'Loss:0.0273', 'train_acc:100.00']
2021-04-30 20:48:50,195 - Eye - INFO - ['Epoch:18, Iter: 40, Lr:0.00000039', 'Loss:0.0300', 'train_acc:100.00']
2021-04-30 20:48:59,664 - Eye - INFO - ['Epoch:18, Iter: 60, Lr:0.00000039', 'Loss:0.0526', 'train_acc:100.00']
2021-04-30 20:49:09,025 - Eye - INFO - ['Epoch:18, Iter: 80, Lr:0.00000039', 'Loss:0.0431', 'train_acc:100.00']
2021-04-30 20:49:18,180 - Eye - INFO - ['Epoch:18, Iter:100, Lr:0.00000039', 'Loss:0.0522', 'train_acc:99.98']
2021-04-30 20:49:27,611 - Eye - INFO - ['Epoch:18, Iter:120, Lr:0.00000039', 'Loss:0.0489', 'train_acc:99.99']
2021-04-30 20:49:36,772 - Eye - INFO - ['Epoch:18, Iter:140, Lr:0.00000039', 'Loss:0.0475', 'train_acc:99.99']
2021-04-30 20:49:46,138 - Eye - INFO - ['Epoch:18, Iter:160, Lr:0.00000039', 'Loss:0.0343', 'train_acc:99.99']
2021-04-30 20:49:55,367 - Eye - INFO - ['Epoch:18, Iter:180, Lr:0.00000039', 'Loss:0.0271', 'train_acc:99.99']
2021-04-30 20:50:04,821 - Eye - INFO - ['Epoch:18, Iter:200, Lr:0.00000039', 'Loss:0.0447', 'train_acc:99.99']
2021-04-30 20:50:14,199 - Eye - INFO - ['Epoch:18, Iter:220, Lr:0.00000039', 'Loss:0.0331', 'train_acc:99.99']
2021-04-30 20:50:23,791 - Eye - INFO - ['Epoch:18, Iter:240, Lr:0.00000039', 'Loss:0.0345', 'train_acc:99.99']
2021-04-30 20:50:33,371 - Eye - INFO - ['Epoch:18, Iter:260, Lr:0.00000039', 'Loss:0.0456', 'train_acc:99.99']
2021-04-30 20:50:43,055 - Eye - INFO - ['Epoch:18, Iter:280, Lr:0.00000039', 'Loss:0.0464', 'train_acc:99.99']
2021-04-30 20:50:47,543 - Eye - INFO - ['Epoch:18, Lr:0.00000039, Cost:138.52s', 'Loss:0.0552', 'train_acc:99.99', 'val_acc:82.03', 'val_loss:0.25']
2021-04-30 20:50:59,585 - Eye - INFO - ['Epoch:19, Iter: 20, Lr:0.00000039', 'Loss:0.0392', 'train_acc:100.00']
2021-04-30 20:51:09,111 - Eye - INFO - ['Epoch:19, Iter: 40, Lr:0.00000039', 'Loss:0.0678', 'train_acc:100.00']
2021-04-30 20:51:18,614 - Eye - INFO - ['Epoch:19, Iter: 60, Lr:0.00000039', 'Loss:0.0701', 'train_acc:100.00']
2021-04-30 20:51:27,848 - Eye - INFO - ['Epoch:19, Iter: 80, Lr:0.00000039', 'Loss:0.0336', 'train_acc:100.00']
2021-04-30 20:51:37,373 - Eye - INFO - ['Epoch:19, Iter:100, Lr:0.00000039', 'Loss:0.0405', 'train_acc:100.00']
2021-04-30 20:51:46,755 - Eye - INFO - ['Epoch:19, Iter:120, Lr:0.00000039', 'Loss:0.0400', 'train_acc:100.00']
2021-04-30 20:51:56,214 - Eye - INFO - ['Epoch:19, Iter:140, Lr:0.00000039', 'Loss:0.0614', 'train_acc:100.00']
2021-04-30 20:52:05,617 - Eye - INFO - ['Epoch:19, Iter:160, Lr:0.00000039', 'Loss:0.0406', 'train_acc:100.00']
2021-04-30 20:52:15,132 - Eye - INFO - ['Epoch:19, Iter:180, Lr:0.00000039', 'Loss:0.0424', 'train_acc:100.00']
2021-04-30 20:52:24,510 - Eye - INFO - ['Epoch:19, Iter:200, Lr:0.00000039', 'Loss:0.0451', 'train_acc:100.00']
2021-04-30 20:52:33,947 - Eye - INFO - ['Epoch:19, Iter:220, Lr:0.00000039', 'Loss:0.0367', 'train_acc:100.00']
2021-04-30 20:52:43,524 - Eye - INFO - ['Epoch:19, Iter:240, Lr:0.00000039', 'Loss:0.0436', 'train_acc:100.00']
2021-04-30 20:52:52,928 - Eye - INFO - ['Epoch:19, Iter:260, Lr:0.00000039', 'Loss:0.0419', 'train_acc:100.00']
2021-04-30 20:53:02,287 - Eye - INFO - ['Epoch:19, Iter:280, Lr:0.00000039', 'Loss:0.0686', 'train_acc:100.00']
2021-04-30 20:53:06,777 - Eye - INFO - ['Epoch:19, Lr:0.00000039, Cost:139.15s', 'Loss:0.0646', 'train_acc:100.00', 'val_acc:80.99', 'val_loss:0.23']
2021-04-30 20:53:18,800 - Eye - INFO - ['Epoch:20, Iter: 20, Lr:0.00000039', 'Loss:0.0580', 'train_acc:99.92']
2021-04-30 20:53:28,069 - Eye - INFO - ['Epoch:20, Iter: 40, Lr:0.00000039', 'Loss:0.0621', 'train_acc:99.96']
2021-04-30 20:53:37,426 - Eye - INFO - ['Epoch:20, Iter: 60, Lr:0.00000039', 'Loss:0.0421', 'train_acc:99.95']
2021-04-30 20:53:46,937 - Eye - INFO - ['Epoch:20, Iter: 80, Lr:0.00000039', 'Loss:0.0431', 'train_acc:99.96']
2021-04-30 20:53:56,501 - Eye - INFO - ['Epoch:20, Iter:100, Lr:0.00000039', 'Loss:0.0304', 'train_acc:99.97']
2021-04-30 20:54:05,880 - Eye - INFO - ['Epoch:20, Iter:120, Lr:0.00000039', 'Loss:0.0626', 'train_acc:99.97']
2021-04-30 20:54:15,065 - Eye - INFO - ['Epoch:20, Iter:140, Lr:0.00000039', 'Loss:0.0445', 'train_acc:99.98']
2021-04-30 20:54:24,044 - Eye - INFO - ['Epoch:20, Iter:160, Lr:0.00000039', 'Loss:0.0387', 'train_acc:99.98']
2021-04-30 20:54:33,271 - Eye - INFO - ['Epoch:20, Iter:180, Lr:0.00000039', 'Loss:0.0532', 'train_acc:99.98']
2021-04-30 20:54:42,690 - Eye - INFO - ['Epoch:20, Iter:200, Lr:0.00000039', 'Loss:0.0328', 'train_acc:99.97']
2021-04-30 20:54:52,028 - Eye - INFO - ['Epoch:20, Iter:220, Lr:0.00000039', 'Loss:0.0401', 'train_acc:99.97']
2021-04-30 20:55:01,543 - Eye - INFO - ['Epoch:20, Iter:240, Lr:0.00000039', 'Loss:0.0540', 'train_acc:99.97']
2021-04-30 20:55:10,996 - Eye - INFO - ['Epoch:20, Iter:260, Lr:0.00000039', 'Loss:0.0469', 'train_acc:99.98']
2021-04-30 20:55:20,580 - Eye - INFO - ['Epoch:20, Iter:280, Lr:0.00000039', 'Loss:0.0400', 'train_acc:99.98']
2021-04-30 20:55:25,114 - Eye - INFO - ['Epoch:20, Lr:0.00000039, Cost:138.24s', 'Loss:0.0671', 'train_acc:99.98', 'val_acc:80.47', 'val_loss:0.21']
2021-04-30 20:55:37,397 - Eye - INFO - ['Epoch:21, Iter: 20, Lr:0.00000020', 'Loss:0.0351', 'train_acc:100.00']
2021-04-30 20:55:46,795 - Eye - INFO - ['Epoch:21, Iter: 40, Lr:0.00000020', 'Loss:0.0433', 'train_acc:100.00']
2021-04-30 20:55:56,216 - Eye - INFO - ['Epoch:21, Iter: 60, Lr:0.00000020', 'Loss:0.0320', 'train_acc:100.00']
2021-04-30 20:56:05,747 - Eye - INFO - ['Epoch:21, Iter: 80, Lr:0.00000020', 'Loss:0.0351', 'train_acc:99.98']
2021-04-30 20:56:15,270 - Eye - INFO - ['Epoch:21, Iter:100, Lr:0.00000020', 'Loss:0.0490', 'train_acc:99.98']
2021-04-30 20:56:24,646 - Eye - INFO - ['Epoch:21, Iter:120, Lr:0.00000020', 'Loss:0.0438', 'train_acc:99.99']
2021-04-30 20:56:34,130 - Eye - INFO - ['Epoch:21, Iter:140, Lr:0.00000020', 'Loss:0.0622', 'train_acc:99.99']
2021-04-30 20:56:43,606 - Eye - INFO - ['Epoch:21, Iter:160, Lr:0.00000020', 'Loss:0.0319', 'train_acc:99.99']
2021-04-30 20:56:53,104 - Eye - INFO - ['Epoch:21, Iter:180, Lr:0.00000020', 'Loss:0.0346', 'train_acc:99.99']
2021-04-30 20:57:02,587 - Eye - INFO - ['Epoch:21, Iter:200, Lr:0.00000020', 'Loss:0.0444', 'train_acc:99.99']
2021-04-30 20:57:12,017 - Eye - INFO - ['Epoch:21, Iter:220, Lr:0.00000020', 'Loss:0.0724', 'train_acc:99.99']
2021-04-30 20:57:21,199 - Eye - INFO - ['Epoch:21, Iter:240, Lr:0.00000020', 'Loss:0.0488', 'train_acc:99.99']
2021-04-30 20:57:30,797 - Eye - INFO - ['Epoch:21, Iter:260, Lr:0.00000020', 'Loss:0.0683', 'train_acc:99.99']
2021-04-30 20:57:40,332 - Eye - INFO - ['Epoch:21, Iter:280, Lr:0.00000020', 'Loss:0.0449', 'train_acc:99.99']
2021-04-30 20:57:44,938 - Eye - INFO - ['Epoch:21, Lr:0.00000020, Cost:139.49s', 'Loss:0.0557', 'train_acc:99.99', 'val_acc:81.51', 'val_loss:0.25']
2021-04-30 20:57:57,418 - Eye - INFO - ['Epoch:22, Iter: 20, Lr:0.00000020', 'Loss:0.0426', 'train_acc:100.00']
2021-04-30 20:58:06,891 - Eye - INFO - ['Epoch:22, Iter: 40, Lr:0.00000020', 'Loss:0.0309', 'train_acc:100.00']
2021-04-30 20:58:16,246 - Eye - INFO - ['Epoch:22, Iter: 60, Lr:0.00000020', 'Loss:0.0275', 'train_acc:100.00']
2021-04-30 20:58:25,434 - Eye - INFO - ['Epoch:22, Iter: 80, Lr:0.00000020', 'Loss:0.0387', 'train_acc:100.00']
2021-04-30 20:58:34,727 - Eye - INFO - ['Epoch:22, Iter:100, Lr:0.00000020', 'Loss:0.0448', 'train_acc:99.98']
2021-04-30 20:58:44,049 - Eye - INFO - ['Epoch:22, Iter:120, Lr:0.00000020', 'Loss:0.0312', 'train_acc:99.99']
2021-04-30 20:58:53,441 - Eye - INFO - ['Epoch:22, Iter:140, Lr:0.00000020', 'Loss:0.0794', 'train_acc:99.97']
2021-04-30 20:59:02,694 - Eye - INFO - ['Epoch:22, Iter:160, Lr:0.00000020', 'Loss:0.0444', 'train_acc:99.97']
2021-04-30 20:59:12,039 - Eye - INFO - ['Epoch:22, Iter:180, Lr:0.00000020', 'Loss:0.0414', 'train_acc:99.96']
2021-04-30 20:59:21,678 - Eye - INFO - ['Epoch:22, Iter:200, Lr:0.00000020', 'Loss:0.0465', 'train_acc:99.96']
2021-04-30 20:59:31,179 - Eye - INFO - ['Epoch:22, Iter:220, Lr:0.00000020', 'Loss:0.0439', 'train_acc:99.96']
2021-04-30 20:59:40,543 - Eye - INFO - ['Epoch:22, Iter:240, Lr:0.00000020', 'Loss:0.0386', 'train_acc:99.97']
2021-04-30 20:59:50,030 - Eye - INFO - ['Epoch:22, Iter:260, Lr:0.00000020', 'Loss:0.0416', 'train_acc:99.97']
2021-04-30 20:59:59,488 - Eye - INFO - ['Epoch:22, Iter:280, Lr:0.00000020', 'Loss:0.0444', 'train_acc:99.97']
2021-04-30 21:00:04,000 - Eye - INFO - ['Epoch:22, Lr:0.00000020, Cost:138.95s', 'Loss:0.0458', 'train_acc:99.97', 'val_acc:80.99', 'val_loss:0.23']
2021-04-30 21:00:16,060 - Eye - INFO - ['Epoch:23, Iter: 20, Lr:0.00000020', 'Loss:0.0411', 'train_acc:100.00']
2021-04-30 21:00:25,422 - Eye - INFO - ['Epoch:23, Iter: 40, Lr:0.00000020', 'Loss:0.0442', 'train_acc:100.00']
2021-04-30 21:00:34,897 - Eye - INFO - ['Epoch:23, Iter: 60, Lr:0.00000020', 'Loss:0.0711', 'train_acc:100.00']
2021-04-30 21:00:44,132 - Eye - INFO - ['Epoch:23, Iter: 80, Lr:0.00000020', 'Loss:0.0516', 'train_acc:100.00']
2021-04-30 21:00:53,631 - Eye - INFO - ['Epoch:23, Iter:100, Lr:0.00000020', 'Loss:0.0462', 'train_acc:100.00']
2021-04-30 21:01:03,086 - Eye - INFO - ['Epoch:23, Iter:120, Lr:0.00000020', 'Loss:0.0483', 'train_acc:100.00']
2021-04-30 21:01:12,468 - Eye - INFO - ['Epoch:23, Iter:140, Lr:0.00000020', 'Loss:0.0527', 'train_acc:99.99']
2021-04-30 21:01:21,884 - Eye - INFO - ['Epoch:23, Iter:160, Lr:0.00000020', 'Loss:0.0454', 'train_acc:99.98']
2021-04-30 21:01:31,400 - Eye - INFO - ['Epoch:23, Iter:180, Lr:0.00000020', 'Loss:0.0351', 'train_acc:99.98']
2021-04-30 21:01:40,691 - Eye - INFO - ['Epoch:23, Iter:200, Lr:0.00000020', 'Loss:0.0348', 'train_acc:99.98']
2021-04-30 21:01:50,070 - Eye - INFO - ['Epoch:23, Iter:220, Lr:0.00000020', 'Loss:0.0661', 'train_acc:99.99']
2021-04-30 21:01:59,436 - Eye - INFO - ['Epoch:23, Iter:240, Lr:0.00000020', 'Loss:0.0343', 'train_acc:99.99']
2021-04-30 21:02:08,967 - Eye - INFO - ['Epoch:23, Iter:260, Lr:0.00000020', 'Loss:0.0532', 'train_acc:99.98']
2021-04-30 21:02:18,693 - Eye - INFO - ['Epoch:23, Iter:280, Lr:0.00000020', 'Loss:0.0771', 'train_acc:99.98']
2021-04-30 21:02:23,243 - Eye - INFO - ['Epoch:23, Lr:0.00000020, Cost:139.14s', 'Loss:0.0393', 'train_acc:99.98', 'val_acc:80.99', 'val_loss:0.23']
2021-04-30 21:02:36,726 - Eye - INFO - ['Epoch:24, Iter: 20, Lr:0.00000020', 'Loss:0.0469', 'train_acc:99.92']
2021-04-30 21:02:46,254 - Eye - INFO - ['Epoch:24, Iter: 40, Lr:0.00000020', 'Loss:0.0496', 'train_acc:99.96']
2021-04-30 21:02:55,683 - Eye - INFO - ['Epoch:24, Iter: 60, Lr:0.00000020', 'Loss:0.0333', 'train_acc:99.97']
2021-04-30 21:03:05,186 - Eye - INFO - ['Epoch:24, Iter: 80, Lr:0.00000020', 'Loss:0.0562', 'train_acc:99.96']
2021-04-30 21:03:14,681 - Eye - INFO - ['Epoch:24, Iter:100, Lr:0.00000020', 'Loss:0.0526', 'train_acc:99.97']
2021-04-30 21:03:24,221 - Eye - INFO - ['Epoch:24, Iter:120, Lr:0.00000020', 'Loss:0.0324', 'train_acc:99.97']
2021-04-30 21:03:33,760 - Eye - INFO - ['Epoch:24, Iter:140, Lr:0.00000020', 'Loss:0.0585', 'train_acc:99.98']
2021-04-30 21:03:43,272 - Eye - INFO - ['Epoch:24, Iter:160, Lr:0.00000020', 'Loss:0.0339', 'train_acc:99.98']
2021-04-30 21:03:52,850 - Eye - INFO - ['Epoch:24, Iter:180, Lr:0.00000020', 'Loss:0.0298', 'train_acc:99.98']
2021-04-30 21:04:02,412 - Eye - INFO - ['Epoch:24, Iter:200, Lr:0.00000020', 'Loss:0.0522', 'train_acc:99.98']
2021-04-30 21:04:11,738 - Eye - INFO - ['Epoch:24, Iter:220, Lr:0.00000020', 'Loss:0.0395', 'train_acc:99.99']
2021-04-30 21:04:21,299 - Eye - INFO - ['Epoch:24, Iter:240, Lr:0.00000020', 'Loss:0.0269', 'train_acc:99.99']
2021-04-30 21:04:30,579 - Eye - INFO - ['Epoch:24, Iter:260, Lr:0.00000020', 'Loss:0.0316', 'train_acc:99.99']
2021-04-30 21:04:39,890 - Eye - INFO - ['Epoch:24, Iter:280, Lr:0.00000020', 'Loss:0.0311', 'train_acc:99.99']
2021-04-30 21:04:44,367 - Eye - INFO - ['Epoch:24, Lr:0.00000020, Cost:140.87s', 'Loss:0.0411', 'train_acc:99.99', 'val_acc:80.99', 'val_loss:0.26']
2021-04-30 21:04:56,043 - Eye - INFO - ['Epoch:25, Iter: 20, Lr:0.00000020', 'Loss:0.0375', 'train_acc:100.00']
2021-04-30 21:05:05,019 - Eye - INFO - ['Epoch:25, Iter: 40, Lr:0.00000020', 'Loss:0.0521', 'train_acc:100.00']
2021-04-30 21:05:14,116 - Eye - INFO - ['Epoch:25, Iter: 60, Lr:0.00000020', 'Loss:0.0470', 'train_acc:99.97']
2021-04-30 21:05:23,101 - Eye - INFO - ['Epoch:25, Iter: 80, Lr:0.00000020', 'Loss:0.0363', 'train_acc:99.98']
2021-04-30 21:05:32,490 - Eye - INFO - ['Epoch:25, Iter:100, Lr:0.00000020', 'Loss:0.0440', 'train_acc:99.97']
2021-04-30 21:05:42,177 - Eye - INFO - ['Epoch:25, Iter:120, Lr:0.00000020', 'Loss:0.0556', 'train_acc:99.97']
2021-04-30 21:05:51,601 - Eye - INFO - ['Epoch:25, Iter:140, Lr:0.00000020', 'Loss:0.0525', 'train_acc:99.98']
2021-04-30 21:06:01,014 - Eye - INFO - ['Epoch:25, Iter:160, Lr:0.00000020', 'Loss:0.0425', 'train_acc:99.98']
2021-04-30 21:06:10,346 - Eye - INFO - ['Epoch:25, Iter:180, Lr:0.00000020', 'Loss:0.0659', 'train_acc:99.98']
2021-04-30 21:06:19,956 - Eye - INFO - ['Epoch:25, Iter:200, Lr:0.00000020', 'Loss:0.0465', 'train_acc:99.98']
2021-04-30 21:06:29,547 - Eye - INFO - ['Epoch:25, Iter:220, Lr:0.00000020', 'Loss:0.0531', 'train_acc:99.99']
2021-04-30 21:06:39,014 - Eye - INFO - ['Epoch:25, Iter:240, Lr:0.00000020', 'Loss:0.0313', 'train_acc:99.99']
2021-04-30 21:06:48,475 - Eye - INFO - ['Epoch:25, Iter:260, Lr:0.00000020', 'Loss:0.0349', 'train_acc:99.99']
2021-04-30 21:06:57,911 - Eye - INFO - ['Epoch:25, Iter:280, Lr:0.00000020', 'Loss:0.0329', 'train_acc:99.99']
2021-04-30 21:07:02,408 - Eye - INFO - ['Epoch:25, Lr:0.00000020, Cost:137.96s', 'Loss:0.1055', 'train_acc:99.99', 'val_acc:80.47', 'val_loss:0.24']
2021-04-30 21:07:14,301 - Eye - INFO - ['Epoch:26, Iter: 20, Lr:0.00000010', 'Loss:0.0579', 'train_acc:100.00']
2021-04-30 21:07:23,447 - Eye - INFO - ['Epoch:26, Iter: 40, Lr:0.00000010', 'Loss:0.0328', 'train_acc:99.92']
2021-04-30 21:07:32,886 - Eye - INFO - ['Epoch:26, Iter: 60, Lr:0.00000010', 'Loss:0.0547', 'train_acc:99.95']
2021-04-30 21:07:42,334 - Eye - INFO - ['Epoch:26, Iter: 80, Lr:0.00000010', 'Loss:0.0394', 'train_acc:99.96']
2021-04-30 21:07:51,750 - Eye - INFO - ['Epoch:26, Iter:100, Lr:0.00000010', 'Loss:0.0753', 'train_acc:99.97']
2021-04-30 21:08:01,032 - Eye - INFO - ['Epoch:26, Iter:120, Lr:0.00000010', 'Loss:0.0310', 'train_acc:99.97']
2021-04-30 21:08:10,343 - Eye - INFO - ['Epoch:26, Iter:140, Lr:0.00000010', 'Loss:0.0510', 'train_acc:99.98']
2021-04-30 21:08:19,878 - Eye - INFO - ['Epoch:26, Iter:160, Lr:0.00000010', 'Loss:0.0446', 'train_acc:99.98']
2021-04-30 21:08:29,442 - Eye - INFO - ['Epoch:26, Iter:180, Lr:0.00000010', 'Loss:0.0645', 'train_acc:99.97']
2021-04-30 21:08:38,774 - Eye - INFO - ['Epoch:26, Iter:200, Lr:0.00000010', 'Loss:0.0377', 'train_acc:99.98']
2021-04-30 21:08:48,269 - Eye - INFO - ['Epoch:26, Iter:220, Lr:0.00000010', 'Loss:0.0350', 'train_acc:99.98']
2021-04-30 21:08:57,712 - Eye - INFO - ['Epoch:26, Iter:240, Lr:0.00000010', 'Loss:0.0458', 'train_acc:99.98']
2021-04-30 21:09:07,218 - Eye - INFO - ['Epoch:26, Iter:260, Lr:0.00000010', 'Loss:0.0854', 'train_acc:99.98']
2021-04-30 21:09:16,869 - Eye - INFO - ['Epoch:26, Iter:280, Lr:0.00000010', 'Loss:0.0793', 'train_acc:99.98']
2021-04-30 21:09:21,472 - Eye - INFO - ['Epoch:26, Lr:0.00000010, Cost:138.98s', 'Loss:0.0465', 'train_acc:99.98', 'val_acc:80.47', 'val_loss:0.25']
2021-04-30 21:09:33,549 - Eye - INFO - ['Epoch:27, Iter: 20, Lr:0.00000010', 'Loss:0.0687', 'train_acc:100.00']
2021-04-30 21:09:42,943 - Eye - INFO - ['Epoch:27, Iter: 40, Lr:0.00000010', 'Loss:0.0455', 'train_acc:100.00']
2021-04-30 21:09:52,345 - Eye - INFO - ['Epoch:27, Iter: 60, Lr:0.00000010', 'Loss:0.0513', 'train_acc:100.00']
2021-04-30 21:10:01,664 - Eye - INFO - ['Epoch:27, Iter: 80, Lr:0.00000010', 'Loss:0.0347', 'train_acc:100.00']
2021-04-30 21:10:11,278 - Eye - INFO - ['Epoch:27, Iter:100, Lr:0.00000010', 'Loss:0.0569', 'train_acc:100.00']
2021-04-30 21:10:20,706 - Eye - INFO - ['Epoch:27, Iter:120, Lr:0.00000010', 'Loss:0.0312', 'train_acc:100.00']
2021-04-30 21:10:29,681 - Eye - INFO - ['Epoch:27, Iter:140, Lr:0.00000010', 'Loss:0.0488', 'train_acc:100.00']
2021-04-30 21:10:39,149 - Eye - INFO - ['Epoch:27, Iter:160, Lr:0.00000010', 'Loss:0.0447', 'train_acc:100.00']
2021-04-30 21:10:48,612 - Eye - INFO - ['Epoch:27, Iter:180, Lr:0.00000010', 'Loss:0.0461', 'train_acc:100.00']
2021-04-30 21:10:58,095 - Eye - INFO - ['Epoch:27, Iter:200, Lr:0.00000010', 'Loss:0.0332', 'train_acc:100.00']
2021-04-30 21:11:07,455 - Eye - INFO - ['Epoch:27, Iter:220, Lr:0.00000010', 'Loss:0.0393', 'train_acc:100.00']
2021-04-30 21:11:16,997 - Eye - INFO - ['Epoch:27, Iter:240, Lr:0.00000010', 'Loss:0.0306', 'train_acc:100.00']
2021-04-30 21:11:26,485 - Eye - INFO - ['Epoch:27, Iter:260, Lr:0.00000010', 'Loss:0.0327', 'train_acc:100.00']
2021-04-30 21:11:36,047 - Eye - INFO - ['Epoch:27, Iter:280, Lr:0.00000010', 'Loss:0.0398', 'train_acc:100.00']
2021-04-30 21:11:40,412 - Eye - INFO - ['Epoch:27, Lr:0.00000010, Cost:138.86s', 'Loss:0.0322', 'train_acc:100.00', 'val_acc:81.25', 'val_loss:0.21']
2021-04-30 21:11:52,453 - Eye - INFO - ['Epoch:28, Iter: 20, Lr:0.00000010', 'Loss:0.0438', 'train_acc:99.92']
2021-04-30 21:12:01,906 - Eye - INFO - ['Epoch:28, Iter: 40, Lr:0.00000010', 'Loss:0.0359', 'train_acc:99.96']
2021-04-30 21:12:11,391 - Eye - INFO - ['Epoch:28, Iter: 60, Lr:0.00000010', 'Loss:0.0394', 'train_acc:99.97']
2021-04-30 21:12:20,662 - Eye - INFO - ['Epoch:28, Iter: 80, Lr:0.00000010', 'Loss:0.0457', 'train_acc:99.98']
2021-04-30 21:12:30,014 - Eye - INFO - ['Epoch:28, Iter:100, Lr:0.00000010', 'Loss:0.0416', 'train_acc:99.98']
2021-04-30 21:12:39,524 - Eye - INFO - ['Epoch:28, Iter:120, Lr:0.00000010', 'Loss:0.0822', 'train_acc:99.97']
2021-04-30 21:12:49,057 - Eye - INFO - ['Epoch:28, Iter:140, Lr:0.00000010', 'Loss:0.0508', 'train_acc:99.98']
2021-04-30 21:12:58,444 - Eye - INFO - ['Epoch:28, Iter:160, Lr:0.00000010', 'Loss:0.0540', 'train_acc:99.98']
2021-04-30 21:13:07,886 - Eye - INFO - ['Epoch:28, Iter:180, Lr:0.00000010', 'Loss:0.1118', 'train_acc:99.98']
2021-04-30 21:13:17,286 - Eye - INFO - ['Epoch:28, Iter:200, Lr:0.00000010', 'Loss:0.1068', 'train_acc:99.98']
2021-04-30 21:13:26,549 - Eye - INFO - ['Epoch:28, Iter:220, Lr:0.00000010', 'Loss:0.0635', 'train_acc:99.98']
2021-04-30 21:13:35,941 - Eye - INFO - ['Epoch:28, Iter:240, Lr:0.00000010', 'Loss:0.0327', 'train_acc:99.98']
2021-04-30 21:13:45,343 - Eye - INFO - ['Epoch:28, Iter:260, Lr:0.00000010', 'Loss:0.0414', 'train_acc:99.98']
2021-04-30 21:13:54,698 - Eye - INFO - ['Epoch:28, Iter:280, Lr:0.00000010', 'Loss:0.0448', 'train_acc:99.98']
2021-04-30 21:13:59,133 - Eye - INFO - ['Epoch:28, Lr:0.00000010, Cost:138.62s', 'Loss:0.0366', 'train_acc:99.98', 'val_acc:80.21', 'val_loss:0.24']
2021-04-30 21:14:11,300 - Eye - INFO - ['Epoch:29, Iter: 20, Lr:0.00000010', 'Loss:0.0422', 'train_acc:100.00']
2021-04-30 21:14:20,817 - Eye - INFO - ['Epoch:29, Iter: 40, Lr:0.00000010', 'Loss:0.0448', 'train_acc:100.00']
2021-04-30 21:14:30,180 - Eye - INFO - ['Epoch:29, Iter: 60, Lr:0.00000010', 'Loss:0.0942', 'train_acc:99.97']
2021-04-30 21:14:39,503 - Eye - INFO - ['Epoch:29, Iter: 80, Lr:0.00000010', 'Loss:0.0383', 'train_acc:99.98']
2021-04-30 21:14:48,872 - Eye - INFO - ['Epoch:29, Iter:100, Lr:0.00000010', 'Loss:0.0529', 'train_acc:99.98']
2021-04-30 21:14:58,508 - Eye - INFO - ['Epoch:29, Iter:120, Lr:0.00000010', 'Loss:0.0487', 'train_acc:99.99']
2021-04-30 21:15:08,046 - Eye - INFO - ['Epoch:29, Iter:140, Lr:0.00000010', 'Loss:0.0414', 'train_acc:99.99']
2021-04-30 21:15:17,383 - Eye - INFO - ['Epoch:29, Iter:160, Lr:0.00000010', 'Loss:0.0486', 'train_acc:99.99']
2021-04-30 21:15:26,880 - Eye - INFO - ['Epoch:29, Iter:180, Lr:0.00000010', 'Loss:0.0614', 'train_acc:99.98']
2021-04-30 21:15:36,425 - Eye - INFO - ['Epoch:29, Iter:200, Lr:0.00000010', 'Loss:0.0337', 'train_acc:99.98']
2021-04-30 21:15:45,799 - Eye - INFO - ['Epoch:29, Iter:220, Lr:0.00000010', 'Loss:0.0383', 'train_acc:99.99']
2021-04-30 21:15:55,327 - Eye - INFO - ['Epoch:29, Iter:240, Lr:0.00000010', 'Loss:0.0371', 'train_acc:99.99']
2021-04-30 21:16:04,805 - Eye - INFO - ['Epoch:29, Iter:260, Lr:0.00000010', 'Loss:0.0402', 'train_acc:99.99']
2021-04-30 21:16:14,270 - Eye - INFO - ['Epoch:29, Iter:280, Lr:0.00000010', 'Loss:0.0520', 'train_acc:99.99']
2021-04-30 21:16:18,725 - Eye - INFO - ['Epoch:29, Lr:0.00000010, Cost:139.27s', 'Loss:0.0426', 'train_acc:99.99', 'val_acc:80.99', 'val_loss:0.29']
2021-04-30 21:16:30,686 - Eye - INFO - ['Epoch:30, Iter: 20, Lr:0.00000010', 'Loss:0.0451', 'train_acc:99.92']
2021-04-30 21:16:40,046 - Eye - INFO - ['Epoch:30, Iter: 40, Lr:0.00000010', 'Loss:0.0263', 'train_acc:99.96']
2021-04-30 21:16:49,416 - Eye - INFO - ['Epoch:30, Iter: 60, Lr:0.00000010', 'Loss:0.0329', 'train_acc:99.97']
2021-04-30 21:16:58,788 - Eye - INFO - ['Epoch:30, Iter: 80, Lr:0.00000010', 'Loss:0.0510', 'train_acc:99.98']
2021-04-30 21:17:08,095 - Eye - INFO - ['Epoch:30, Iter:100, Lr:0.00000010', 'Loss:0.0342', 'train_acc:99.97']
2021-04-30 21:17:17,615 - Eye - INFO - ['Epoch:30, Iter:120, Lr:0.00000010', 'Loss:0.0374', 'train_acc:99.97']
2021-04-30 21:17:26,930 - Eye - INFO - ['Epoch:30, Iter:140, Lr:0.00000010', 'Loss:0.0507', 'train_acc:99.98']
2021-04-30 21:17:36,349 - Eye - INFO - ['Epoch:30, Iter:160, Lr:0.00000010', 'Loss:0.0365', 'train_acc:99.97']
2021-04-30 21:17:45,783 - Eye - INFO - ['Epoch:30, Iter:180, Lr:0.00000010', 'Loss:0.0387', 'train_acc:99.97']
2021-04-30 21:17:55,301 - Eye - INFO - ['Epoch:30, Iter:200, Lr:0.00000010', 'Loss:0.0445', 'train_acc:99.98']
2021-04-30 21:18:04,639 - Eye - INFO - ['Epoch:30, Iter:220, Lr:0.00000010', 'Loss:0.0375', 'train_acc:99.98']
2021-04-30 21:18:14,110 - Eye - INFO - ['Epoch:30, Iter:240, Lr:0.00000010', 'Loss:0.0648', 'train_acc:99.98']
2021-04-30 21:18:23,636 - Eye - INFO - ['Epoch:30, Iter:260, Lr:0.00000010', 'Loss:0.0478', 'train_acc:99.98']
2021-04-30 21:18:33,107 - Eye - INFO - ['Epoch:30, Iter:280, Lr:0.00000010', 'Loss:0.0271', 'train_acc:99.98']
2021-04-30 21:18:37,569 - Eye - INFO - ['Epoch:30, Lr:0.00000010, Cost:138.76s', 'Loss:0.0549', 'train_acc:99.98', 'val_acc:80.21', 'val_loss:0.23']
2021-04-30 21:18:49,530 - Eye - INFO - ['Epoch:31, Iter: 20, Lr:0.00000005', 'Loss:0.0528', 'train_acc:99.84']
2021-04-30 21:18:58,862 - Eye - INFO - ['Epoch:31, Iter: 40, Lr:0.00000005', 'Loss:0.0316', 'train_acc:99.92']
2021-04-30 21:19:08,181 - Eye - INFO - ['Epoch:31, Iter: 60, Lr:0.00000005', 'Loss:0.0491', 'train_acc:99.95']
2021-04-30 21:19:17,379 - Eye - INFO - ['Epoch:31, Iter: 80, Lr:0.00000005', 'Loss:0.0616', 'train_acc:99.96']
2021-04-30 21:19:26,740 - Eye - INFO - ['Epoch:31, Iter:100, Lr:0.00000005', 'Loss:0.0273', 'train_acc:99.97']
2021-04-30 21:19:36,278 - Eye - INFO - ['Epoch:31, Iter:120, Lr:0.00000005', 'Loss:0.0280', 'train_acc:99.95']
2021-04-30 21:19:45,702 - Eye - INFO - ['Epoch:31, Iter:140, Lr:0.00000005', 'Loss:0.0539', 'train_acc:99.96']
2021-04-30 21:19:55,142 - Eye - INFO - ['Epoch:31, Iter:160, Lr:0.00000005', 'Loss:0.0393', 'train_acc:99.96']
2021-04-30 21:20:04,642 - Eye - INFO - ['Epoch:31, Iter:180, Lr:0.00000005', 'Loss:0.0335', 'train_acc:99.97']
2021-04-30 21:20:14,123 - Eye - INFO - ['Epoch:31, Iter:200, Lr:0.00000005', 'Loss:0.0454', 'train_acc:99.97']
2021-04-30 21:20:23,744 - Eye - INFO - ['Epoch:31, Iter:220, Lr:0.00000005', 'Loss:0.0454', 'train_acc:99.97']
2021-04-30 21:20:33,388 - Eye - INFO - ['Epoch:31, Iter:240, Lr:0.00000005', 'Loss:0.0363', 'train_acc:99.97']
2021-04-30 21:20:42,903 - Eye - INFO - ['Epoch:31, Iter:260, Lr:0.00000005', 'Loss:0.0561', 'train_acc:99.98']
2021-04-30 21:20:52,446 - Eye - INFO - ['Epoch:31, Iter:280, Lr:0.00000005', 'Loss:0.0455', 'train_acc:99.98']
2021-04-30 21:20:56,917 - Eye - INFO - ['Epoch:31, Lr:0.00000005, Cost:139.27s', 'Loss:0.0311', 'train_acc:99.98', 'val_acc:80.73', 'val_loss:0.22']
2021-04-30 21:21:09,348 - Eye - INFO - ['Epoch:32, Iter: 20, Lr:0.00000005', 'Loss:0.0318', 'train_acc:100.00']
2021-04-30 21:21:18,889 - Eye - INFO - ['Epoch:32, Iter: 40, Lr:0.00000005', 'Loss:0.0327', 'train_acc:100.00']
2021-04-30 21:21:28,303 - Eye - INFO - ['Epoch:32, Iter: 60, Lr:0.00000005', 'Loss:0.0632', 'train_acc:99.97']
2021-04-30 21:21:37,805 - Eye - INFO - ['Epoch:32, Iter: 80, Lr:0.00000005', 'Loss:0.0516', 'train_acc:99.98']
2021-04-30 21:21:47,317 - Eye - INFO - ['Epoch:32, Iter:100, Lr:0.00000005', 'Loss:0.0526', 'train_acc:99.98']
2021-04-30 21:21:56,807 - Eye - INFO - ['Epoch:32, Iter:120, Lr:0.00000005', 'Loss:0.0588', 'train_acc:99.99']
2021-04-30 21:22:06,300 - Eye - INFO - ['Epoch:32, Iter:140, Lr:0.00000005', 'Loss:0.0387', 'train_acc:99.99']
2021-04-30 21:22:15,822 - Eye - INFO - ['Epoch:32, Iter:160, Lr:0.00000005', 'Loss:0.0376', 'train_acc:99.99']
2021-04-30 21:22:25,069 - Eye - INFO - ['Epoch:32, Iter:180, Lr:0.00000005', 'Loss:0.0355', 'train_acc:99.99']
2021-04-30 21:22:34,588 - Eye - INFO - ['Epoch:32, Iter:200, Lr:0.00000005', 'Loss:0.0514', 'train_acc:99.99']
2021-04-30 21:22:44,127 - Eye - INFO - ['Epoch:32, Iter:220, Lr:0.00000005', 'Loss:0.0326', 'train_acc:99.99']
2021-04-30 21:22:53,709 - Eye - INFO - ['Epoch:32, Iter:240, Lr:0.00000005', 'Loss:0.0444', 'train_acc:99.99']
2021-04-30 21:23:03,216 - Eye - INFO - ['Epoch:32, Iter:260, Lr:0.00000005', 'Loss:0.0551', 'train_acc:99.99']
2021-04-30 21:23:12,957 - Eye - INFO - ['Epoch:32, Iter:280, Lr:0.00000005', 'Loss:0.0397', 'train_acc:99.98']
2021-04-30 21:23:17,334 - Eye - INFO - ['Epoch:32, Lr:0.00000005, Cost:140.19s', 'Loss:0.0506', 'train_acc:99.98', 'val_acc:80.99', 'val_loss:0.23']
2021-04-30 21:23:29,919 - Eye - INFO - ['Epoch:33, Iter: 20, Lr:0.00000005', 'Loss:0.0524', 'train_acc:99.92']
2021-04-30 21:23:39,340 - Eye - INFO - ['Epoch:33, Iter: 40, Lr:0.00000005', 'Loss:0.0497', 'train_acc:99.96']
2021-04-30 21:23:48,649 - Eye - INFO - ['Epoch:33, Iter: 60, Lr:0.00000005', 'Loss:0.0479', 'train_acc:99.97']
2021-04-30 21:23:58,093 - Eye - INFO - ['Epoch:33, Iter: 80, Lr:0.00000005', 'Loss:0.0221', 'train_acc:99.98']
2021-04-30 21:24:07,574 - Eye - INFO - ['Epoch:33, Iter:100, Lr:0.00000005', 'Loss:0.0396', 'train_acc:99.97']
2021-04-30 21:24:17,028 - Eye - INFO - ['Epoch:33, Iter:120, Lr:0.00000005', 'Loss:0.0986', 'train_acc:99.97']
2021-04-30 21:24:26,466 - Eye - INFO - ['Epoch:33, Iter:140, Lr:0.00000005', 'Loss:0.0624', 'train_acc:99.98']
2021-04-30 21:24:36,014 - Eye - INFO - ['Epoch:33, Iter:160, Lr:0.00000005', 'Loss:0.0472', 'train_acc:99.98']
2021-04-30 21:24:45,477 - Eye - INFO - ['Epoch:33, Iter:180, Lr:0.00000005', 'Loss:0.0474', 'train_acc:99.97']
2021-04-30 21:24:55,058 - Eye - INFO - ['Epoch:33, Iter:200, Lr:0.00000005', 'Loss:0.0369', 'train_acc:99.98']
2021-04-30 21:25:04,409 - Eye - INFO - ['Epoch:33, Iter:220, Lr:0.00000005', 'Loss:0.0394', 'train_acc:99.98']
2021-04-30 21:25:13,879 - Eye - INFO - ['Epoch:33, Iter:240, Lr:0.00000005', 'Loss:0.0406', 'train_acc:99.97']
2021-04-30 21:25:23,372 - Eye - INFO - ['Epoch:33, Iter:260, Lr:0.00000005', 'Loss:0.0386', 'train_acc:99.98']
2021-04-30 21:25:33,015 - Eye - INFO - ['Epoch:33, Iter:280, Lr:0.00000005', 'Loss:0.0623', 'train_acc:99.98']
2021-04-30 21:25:37,495 - Eye - INFO - ['Epoch:33, Lr:0.00000005, Cost:140.04s', 'Loss:0.0891', 'train_acc:99.98', 'val_acc:80.21', 'val_loss:0.22']
2021-04-30 21:25:49,376 - Eye - INFO - ['Epoch:34, Iter: 20, Lr:0.00000005', 'Loss:0.0357', 'train_acc:100.00']
2021-04-30 21:25:58,766 - Eye - INFO - ['Epoch:34, Iter: 40, Lr:0.00000005', 'Loss:0.0562', 'train_acc:100.00']
2021-04-30 21:26:08,304 - Eye - INFO - ['Epoch:34, Iter: 60, Lr:0.00000005', 'Loss:0.0385', 'train_acc:100.00']
2021-04-30 21:26:17,793 - Eye - INFO - ['Epoch:34, Iter: 80, Lr:0.00000005', 'Loss:0.0586', 'train_acc:100.00']
2021-04-30 21:26:27,338 - Eye - INFO - ['Epoch:34, Iter:100, Lr:0.00000005', 'Loss:0.0368', 'train_acc:100.00']
2021-04-30 21:26:36,871 - Eye - INFO - ['Epoch:34, Iter:120, Lr:0.00000005', 'Loss:0.0612', 'train_acc:100.00']
2021-04-30 21:26:46,426 - Eye - INFO - ['Epoch:34, Iter:140, Lr:0.00000005', 'Loss:0.0264', 'train_acc:100.00']
2021-04-30 21:26:55,811 - Eye - INFO - ['Epoch:34, Iter:160, Lr:0.00000005', 'Loss:0.0469', 'train_acc:100.00']
2021-04-30 21:27:05,147 - Eye - INFO - ['Epoch:34, Iter:180, Lr:0.00000005', 'Loss:0.0358', 'train_acc:100.00']
2021-04-30 21:27:14,270 - Eye - INFO - ['Epoch:34, Iter:200, Lr:0.00000005', 'Loss:0.0416', 'train_acc:100.00']
2021-04-30 21:27:23,743 - Eye - INFO - ['Epoch:34, Iter:220, Lr:0.00000005', 'Loss:0.0300', 'train_acc:100.00']
2021-04-30 21:27:33,221 - Eye - INFO - ['Epoch:34, Iter:240, Lr:0.00000005', 'Loss:0.0345', 'train_acc:100.00']
2021-04-30 21:27:42,636 - Eye - INFO - ['Epoch:34, Iter:260, Lr:0.00000005', 'Loss:0.0521', 'train_acc:100.00']
2021-04-30 21:27:51,924 - Eye - INFO - ['Epoch:34, Iter:280, Lr:0.00000005', 'Loss:0.0763', 'train_acc:100.00']
2021-04-30 21:27:56,388 - Eye - INFO - ['Epoch:34, Lr:0.00000005, Cost:138.81s', 'Loss:0.0463', 'train_acc:100.00', 'val_acc:80.99', 'val_loss:0.26']
2021-04-30 21:28:08,303 - Eye - INFO - ['Epoch:35, Iter: 20, Lr:0.00000005', 'Loss:0.0505', 'train_acc:100.00']
2021-04-30 21:28:17,707 - Eye - INFO - ['Epoch:35, Iter: 40, Lr:0.00000005', 'Loss:0.0467', 'train_acc:100.00']
2021-04-30 21:28:27,011 - Eye - INFO - ['Epoch:35, Iter: 60, Lr:0.00000005', 'Loss:0.0575', 'train_acc:100.00']
2021-04-30 21:28:36,435 - Eye - INFO - ['Epoch:35, Iter: 80, Lr:0.00000005', 'Loss:0.0455', 'train_acc:100.00']
2021-04-30 21:28:45,898 - Eye - INFO - ['Epoch:35, Iter:100, Lr:0.00000005', 'Loss:0.0357', 'train_acc:100.00']
2021-04-30 21:28:55,237 - Eye - INFO - ['Epoch:35, Iter:120, Lr:0.00000005', 'Loss:0.0340', 'train_acc:100.00']
2021-04-30 21:29:04,577 - Eye - INFO - ['Epoch:35, Iter:140, Lr:0.00000005', 'Loss:0.0341', 'train_acc:100.00']
2021-04-30 21:29:13,901 - Eye - INFO - ['Epoch:35, Iter:160, Lr:0.00000005', 'Loss:0.0524', 'train_acc:100.00']
2021-04-30 21:29:23,211 - Eye - INFO - ['Epoch:35, Iter:180, Lr:0.00000005', 'Loss:0.0389', 'train_acc:100.00']
2021-04-30 21:29:32,704 - Eye - INFO - ['Epoch:35, Iter:200, Lr:0.00000005', 'Loss:0.0659', 'train_acc:99.99']
2021-04-30 21:29:42,101 - Eye - INFO - ['Epoch:35, Iter:220, Lr:0.00000005', 'Loss:0.0343', 'train_acc:99.99']
2021-04-30 21:29:51,478 - Eye - INFO - ['Epoch:35, Iter:240, Lr:0.00000005', 'Loss:0.0862', 'train_acc:99.99']
2021-04-30 21:30:00,965 - Eye - INFO - ['Epoch:35, Iter:260, Lr:0.00000005', 'Loss:0.0374', 'train_acc:99.99']
2021-04-30 21:30:10,330 - Eye - INFO - ['Epoch:35, Iter:280, Lr:0.00000005', 'Loss:0.0298', 'train_acc:99.99']
2021-04-30 21:30:15,697 - Eye - INFO - ['Epoch:35, Lr:0.00000005, Cost:139.22s', 'Loss:0.0541', 'train_acc:99.99', 'val_acc:80.99', 'val_loss:0.30']
2021-04-30 21:30:27,636 - Eye - INFO - ['Epoch:36, Iter: 20, Lr:0.00000005', 'Loss:0.0516', 'train_acc:100.00']
2021-04-30 21:30:36,977 - Eye - INFO - ['Epoch:36, Iter: 40, Lr:0.00000005', 'Loss:0.0659', 'train_acc:100.00']
2021-04-30 21:30:46,263 - Eye - INFO - ['Epoch:36, Iter: 60, Lr:0.00000005', 'Loss:0.0529', 'train_acc:100.00']
2021-04-30 21:30:55,728 - Eye - INFO - ['Epoch:36, Iter: 80, Lr:0.00000005', 'Loss:0.0397', 'train_acc:100.00']
2021-04-30 21:31:04,843 - Eye - INFO - ['Epoch:36, Iter:100, Lr:0.00000005', 'Loss:0.0341', 'train_acc:100.00']
2021-04-30 21:31:13,840 - Eye - INFO - ['Epoch:36, Iter:120, Lr:0.00000005', 'Loss:0.0384', 'train_acc:99.97']
2021-04-30 21:31:23,235 - Eye - INFO - ['Epoch:36, Iter:140, Lr:0.00000005', 'Loss:0.0976', 'train_acc:99.98']
2021-04-30 21:31:32,585 - Eye - INFO - ['Epoch:36, Iter:160, Lr:0.00000005', 'Loss:0.0677', 'train_acc:99.98']
2021-04-30 21:31:42,086 - Eye - INFO - ['Epoch:36, Iter:180, Lr:0.00000005', 'Loss:0.0607', 'train_acc:99.98']
2021-04-30 21:31:51,632 - Eye - INFO - ['Epoch:36, Iter:200, Lr:0.00000005', 'Loss:0.0408', 'train_acc:99.98']
2021-04-30 21:32:01,061 - Eye - INFO - ['Epoch:36, Iter:220, Lr:0.00000005', 'Loss:0.0525', 'train_acc:99.99']
2021-04-30 21:32:10,433 - Eye - INFO - ['Epoch:36, Iter:240, Lr:0.00000005', 'Loss:0.0740', 'train_acc:99.99']
2021-04-30 21:32:19,808 - Eye - INFO - ['Epoch:36, Iter:260, Lr:0.00000005', 'Loss:0.0415', 'train_acc:99.99']
2021-04-30 21:32:28,924 - Eye - INFO - ['Epoch:36, Iter:280, Lr:0.00000005', 'Loss:0.0318', 'train_acc:99.99']
2021-04-30 21:32:33,321 - Eye - INFO - ['Epoch:36, Lr:0.00000005, Cost:137.54s', 'Loss:0.0359', 'train_acc:99.99', 'val_acc:80.73', 'val_loss:0.22']
2021-04-30 21:32:45,678 - Eye - INFO - ['Epoch:37, Iter: 20, Lr:0.00000005', 'Loss:0.0524', 'train_acc:100.00']
2021-04-30 21:32:55,148 - Eye - INFO - ['Epoch:37, Iter: 40, Lr:0.00000005', 'Loss:0.0464', 'train_acc:100.00']
2021-04-30 21:33:04,568 - Eye - INFO - ['Epoch:37, Iter: 60, Lr:0.00000005', 'Loss:0.0470', 'train_acc:100.00']
2021-04-30 21:33:13,846 - Eye - INFO - ['Epoch:37, Iter: 80, Lr:0.00000005', 'Loss:0.0378', 'train_acc:100.00']
2021-04-30 21:33:23,328 - Eye - INFO - ['Epoch:37, Iter:100, Lr:0.00000005', 'Loss:0.0596', 'train_acc:100.00']
2021-04-30 21:33:32,839 - Eye - INFO - ['Epoch:37, Iter:120, Lr:0.00000005', 'Loss:0.0358', 'train_acc:100.00']
2021-04-30 21:33:42,347 - Eye - INFO - ['Epoch:37, Iter:140, Lr:0.00000005', 'Loss:0.0348', 'train_acc:100.00']
2021-04-30 21:33:51,849 - Eye - INFO - ['Epoch:37, Iter:160, Lr:0.00000005', 'Loss:0.0266', 'train_acc:100.00']
2021-04-30 21:34:01,420 - Eye - INFO - ['Epoch:37, Iter:180, Lr:0.00000005', 'Loss:0.0630', 'train_acc:100.00']
2021-04-30 21:34:10,968 - Eye - INFO - ['Epoch:37, Iter:200, Lr:0.00000005', 'Loss:0.0772', 'train_acc:100.00']
2021-04-30 21:34:20,486 - Eye - INFO - ['Epoch:37, Iter:220, Lr:0.00000005', 'Loss:0.0416', 'train_acc:99.99']
2021-04-30 21:34:29,939 - Eye - INFO - ['Epoch:37, Iter:240, Lr:0.00000005', 'Loss:0.0291', 'train_acc:99.99']
2021-04-30 21:34:39,276 - Eye - INFO - ['Epoch:37, Iter:260, Lr:0.00000005', 'Loss:0.0638', 'train_acc:99.99']
2021-04-30 21:34:48,680 - Eye - INFO - ['Epoch:37, Iter:280, Lr:0.00000005', 'Loss:0.0444', 'train_acc:99.98']
2021-04-30 21:34:53,222 - Eye - INFO - ['Epoch:37, Lr:0.00000005, Cost:139.57s', 'Loss:0.0456', 'train_acc:99.98', 'val_acc:79.95', 'val_loss:0.23']
2021-04-30 21:35:05,185 - Eye - INFO - ['Epoch:38, Iter: 20, Lr:0.00000005', 'Loss:0.0660', 'train_acc:100.00']
2021-04-30 21:35:14,582 - Eye - INFO - ['Epoch:38, Iter: 40, Lr:0.00000005', 'Loss:0.0648', 'train_acc:100.00']
2021-04-30 21:35:24,099 - Eye - INFO - ['Epoch:38, Iter: 60, Lr:0.00000005', 'Loss:0.0292', 'train_acc:100.00']
2021-04-30 21:35:33,379 - Eye - INFO - ['Epoch:38, Iter: 80, Lr:0.00000005', 'Loss:0.0329', 'train_acc:100.00']
2021-04-30 21:35:42,932 - Eye - INFO - ['Epoch:38, Iter:100, Lr:0.00000005', 'Loss:0.0290', 'train_acc:100.00']
2021-04-30 21:35:52,395 - Eye - INFO - ['Epoch:38, Iter:120, Lr:0.00000005', 'Loss:0.0644', 'train_acc:99.99']
2021-04-30 21:36:01,683 - Eye - INFO - ['Epoch:38, Iter:140, Lr:0.00000005', 'Loss:0.0322', 'train_acc:99.99']
2021-04-30 21:36:11,079 - Eye - INFO - ['Epoch:38, Iter:160, Lr:0.00000005', 'Loss:0.0289', 'train_acc:99.99']
2021-04-30 21:36:20,626 - Eye - INFO - ['Epoch:38, Iter:180, Lr:0.00000005', 'Loss:0.0446', 'train_acc:99.99']
2021-04-30 21:36:30,180 - Eye - INFO - ['Epoch:38, Iter:200, Lr:0.00000005', 'Loss:0.0508', 'train_acc:99.99']
2021-04-30 21:36:39,706 - Eye - INFO - ['Epoch:38, Iter:220, Lr:0.00000005', 'Loss:0.0357', 'train_acc:99.99']
2021-04-30 21:36:49,200 - Eye - INFO - ['Epoch:38, Iter:240, Lr:0.00000005', 'Loss:0.0271', 'train_acc:99.99']
2021-04-30 21:36:58,805 - Eye - INFO - ['Epoch:38, Iter:260, Lr:0.00000005', 'Loss:0.0531', 'train_acc:99.98']
2021-04-30 21:37:08,291 - Eye - INFO - ['Epoch:38, Iter:280, Lr:0.00000005', 'Loss:0.0300', 'train_acc:99.98']
2021-04-30 21:37:12,861 - Eye - INFO - ['Epoch:38, Lr:0.00000005, Cost:139.55s', 'Loss:0.0374', 'train_acc:99.98', 'val_acc:80.73', 'val_loss:0.24']
2021-04-30 21:37:24,742 - Eye - INFO - ['Epoch:39, Iter: 20, Lr:0.00000005', 'Loss:0.0528', 'train_acc:100.00']
2021-04-30 21:37:34,052 - Eye - INFO - ['Epoch:39, Iter: 40, Lr:0.00000005', 'Loss:0.0273', 'train_acc:100.00']
2021-04-30 21:37:43,343 - Eye - INFO - ['Epoch:39, Iter: 60, Lr:0.00000005', 'Loss:0.0699', 'train_acc:100.00']
2021-04-30 21:37:52,832 - Eye - INFO - ['Epoch:39, Iter: 80, Lr:0.00000005', 'Loss:0.0618', 'train_acc:99.98']
2021-04-30 21:38:02,385 - Eye - INFO - ['Epoch:39, Iter:100, Lr:0.00000005', 'Loss:0.0513', 'train_acc:99.98']
2021-04-30 21:38:12,000 - Eye - INFO - ['Epoch:39, Iter:120, Lr:0.00000005', 'Loss:0.0647', 'train_acc:99.99']
2021-04-30 21:38:21,267 - Eye - INFO - ['Epoch:39, Iter:140, Lr:0.00000005', 'Loss:0.0420', 'train_acc:99.99']
2021-04-30 21:38:30,710 - Eye - INFO - ['Epoch:39, Iter:160, Lr:0.00000005', 'Loss:0.0594', 'train_acc:99.99']
2021-04-30 21:38:39,774 - Eye - INFO - ['Epoch:39, Iter:180, Lr:0.00000005', 'Loss:0.0424', 'train_acc:99.99']
2021-04-30 21:38:49,147 - Eye - INFO - ['Epoch:39, Iter:200, Lr:0.00000005', 'Loss:0.0351', 'train_acc:99.99']
2021-04-30 21:38:58,821 - Eye - INFO - ['Epoch:39, Iter:220, Lr:0.00000005', 'Loss:0.0408', 'train_acc:99.99']
2021-04-30 21:39:08,230 - Eye - INFO - ['Epoch:39, Iter:240, Lr:0.00000005', 'Loss:0.0611', 'train_acc:99.99']
2021-04-30 21:39:17,706 - Eye - INFO - ['Epoch:39, Iter:260, Lr:0.00000005', 'Loss:0.0327', 'train_acc:99.99']
2021-04-30 21:39:27,456 - Eye - INFO - ['Epoch:39, Iter:280, Lr:0.00000005', 'Loss:0.0300', 'train_acc:99.99']
2021-04-30 21:39:31,895 - Eye - INFO - ['Epoch:39, Lr:0.00000005, Cost:138.95s', 'Loss:0.0403', 'train_acc:99.99', 'val_acc:79.69', 'val_loss:0.28']
2021-04-30 21:39:44,185 - Eye - INFO - ['Epoch:40, Iter: 20, Lr:0.00000005', 'Loss:0.0375', 'train_acc:100.00']
2021-04-30 21:39:53,600 - Eye - INFO - ['Epoch:40, Iter: 40, Lr:0.00000005', 'Loss:0.0257', 'train_acc:100.00']
2021-04-30 21:40:02,948 - Eye - INFO - ['Epoch:40, Iter: 60, Lr:0.00000005', 'Loss:0.0447', 'train_acc:100.00']
2021-04-30 21:40:12,402 - Eye - INFO - ['Epoch:40, Iter: 80, Lr:0.00000005', 'Loss:0.0345', 'train_acc:100.00']
2021-04-30 21:40:21,906 - Eye - INFO - ['Epoch:40, Iter:100, Lr:0.00000005', 'Loss:0.0390', 'train_acc:100.00']
2021-04-30 21:40:31,414 - Eye - INFO - ['Epoch:40, Iter:120, Lr:0.00000005', 'Loss:0.0323', 'train_acc:100.00']
2021-04-30 21:40:40,918 - Eye - INFO - ['Epoch:40, Iter:140, Lr:0.00000005', 'Loss:0.0410', 'train_acc:100.00']
2021-04-30 21:40:50,369 - Eye - INFO - ['Epoch:40, Iter:160, Lr:0.00000005', 'Loss:0.0424', 'train_acc:100.00']
2021-04-30 21:40:59,873 - Eye - INFO - ['Epoch:40, Iter:180, Lr:0.00000005', 'Loss:0.0400', 'train_acc:99.99']
2021-04-30 21:41:09,324 - Eye - INFO - ['Epoch:40, Iter:200, Lr:0.00000005', 'Loss:0.0324', 'train_acc:99.99']
2021-04-30 21:41:18,925 - Eye - INFO - ['Epoch:40, Iter:220, Lr:0.00000005', 'Loss:0.0596', 'train_acc:99.99']
2021-04-30 21:41:28,400 - Eye - INFO - ['Epoch:40, Iter:240, Lr:0.00000005', 'Loss:0.0773', 'train_acc:99.99']
2021-04-30 21:41:37,891 - Eye - INFO - ['Epoch:40, Iter:260, Lr:0.00000005', 'Loss:0.0546', 'train_acc:99.99']
2021-04-30 21:41:47,354 - Eye - INFO - ['Epoch:40, Iter:280, Lr:0.00000005', 'Loss:0.0433', 'train_acc:99.99']
2021-04-30 21:41:51,868 - Eye - INFO - ['Epoch:40, Lr:0.00000005, Cost:139.74s', 'Loss:0.0315', 'train_acc:99.99', 'val_acc:79.69', 'val_loss:0.33']
2021-04-30 21:42:03,822 - Eye - INFO - ['Epoch:41, Iter: 20, Lr:0.00000005', 'Loss:0.0355', 'train_acc:100.00']
2021-04-30 21:42:13,300 - Eye - INFO - ['Epoch:41, Iter: 40, Lr:0.00000005', 'Loss:0.0599', 'train_acc:99.92']
2021-04-30 21:42:22,770 - Eye - INFO - ['Epoch:41, Iter: 60, Lr:0.00000005', 'Loss:0.0327', 'train_acc:99.95']
2021-04-30 21:42:32,247 - Eye - INFO - ['Epoch:41, Iter: 80, Lr:0.00000005', 'Loss:0.0315', 'train_acc:99.96']
2021-04-30 21:42:41,739 - Eye - INFO - ['Epoch:41, Iter:100, Lr:0.00000005', 'Loss:0.0272', 'train_acc:99.95']
2021-04-30 21:42:51,146 - Eye - INFO - ['Epoch:41, Iter:120, Lr:0.00000005', 'Loss:0.0616', 'train_acc:99.96']
2021-04-30 21:43:00,518 - Eye - INFO - ['Epoch:41, Iter:140, Lr:0.00000005', 'Loss:0.0331', 'train_acc:99.96']
2021-04-30 21:43:10,099 - Eye - INFO - ['Epoch:41, Iter:160, Lr:0.00000005', 'Loss:0.0336', 'train_acc:99.96']
2021-04-30 21:43:19,554 - Eye - INFO - ['Epoch:41, Iter:180, Lr:0.00000005', 'Loss:0.0367', 'train_acc:99.97']
2021-04-30 21:43:28,949 - Eye - INFO - ['Epoch:41, Iter:200, Lr:0.00000005', 'Loss:0.0367', 'train_acc:99.97']
2021-04-30 21:43:38,453 - Eye - INFO - ['Epoch:41, Iter:220, Lr:0.00000005', 'Loss:0.1065', 'train_acc:99.97']
2021-04-30 21:43:47,906 - Eye - INFO - ['Epoch:41, Iter:240, Lr:0.00000005', 'Loss:0.0276', 'train_acc:99.97']
2021-04-30 21:43:57,486 - Eye - INFO - ['Epoch:41, Iter:260, Lr:0.00000005', 'Loss:0.0475', 'train_acc:99.98']
2021-04-30 21:44:07,147 - Eye - INFO - ['Epoch:41, Iter:280, Lr:0.00000005', 'Loss:0.0772', 'train_acc:99.98']
2021-04-30 21:44:11,697 - Eye - INFO - ['Epoch:41, Lr:0.00000005, Cost:139.75s', 'Loss:0.0428', 'train_acc:99.98', 'val_acc:80.73', 'val_loss:0.28']
2021-04-30 21:44:23,781 - Eye - INFO - ['Epoch:42, Iter: 20, Lr:0.00000005', 'Loss:0.0632', 'train_acc:100.00']
2021-04-30 21:44:33,333 - Eye - INFO - ['Epoch:42, Iter: 40, Lr:0.00000005', 'Loss:0.0463', 'train_acc:100.00']
2021-04-30 21:44:42,782 - Eye - INFO - ['Epoch:42, Iter: 60, Lr:0.00000005', 'Loss:0.0410', 'train_acc:100.00']
2021-04-30 21:44:52,186 - Eye - INFO - ['Epoch:42, Iter: 80, Lr:0.00000005', 'Loss:0.0392', 'train_acc:99.98']
2021-04-30 21:45:01,641 - Eye - INFO - ['Epoch:42, Iter:100, Lr:0.00000005', 'Loss:0.0326', 'train_acc:99.98']
2021-04-30 21:45:11,170 - Eye - INFO - ['Epoch:42, Iter:120, Lr:0.00000005', 'Loss:0.0342', 'train_acc:99.99']
2021-04-30 21:45:20,788 - Eye - INFO - ['Epoch:42, Iter:140, Lr:0.00000005', 'Loss:0.0651', 'train_acc:99.99']
2021-04-30 21:45:30,232 - Eye - INFO - ['Epoch:42, Iter:160, Lr:0.00000005', 'Loss:0.0368', 'train_acc:99.99']
2021-04-30 21:45:39,632 - Eye - INFO - ['Epoch:42, Iter:180, Lr:0.00000005', 'Loss:0.0407', 'train_acc:99.99']
2021-04-30 21:45:49,215 - Eye - INFO - ['Epoch:42, Iter:200, Lr:0.00000005', 'Loss:0.0459', 'train_acc:99.99']
2021-04-30 21:45:58,850 - Eye - INFO - ['Epoch:42, Iter:220, Lr:0.00000005', 'Loss:0.0445', 'train_acc:99.99']
2021-04-30 21:46:08,058 - Eye - INFO - ['Epoch:42, Iter:240, Lr:0.00000005', 'Loss:0.0494', 'train_acc:99.99']
2021-04-30 21:46:17,312 - Eye - INFO - ['Epoch:42, Iter:260, Lr:0.00000005', 'Loss:0.0365', 'train_acc:99.99']
2021-04-30 21:46:27,092 - Eye - INFO - ['Epoch:42, Iter:280, Lr:0.00000005', 'Loss:0.0441', 'train_acc:99.99']
2021-04-30 21:46:31,582 - Eye - INFO - ['Epoch:42, Lr:0.00000005, Cost:139.79s', 'Loss:0.0637', 'train_acc:99.99', 'val_acc:80.47', 'val_loss:0.24']
2021-04-30 21:46:43,492 - Eye - INFO - ['Epoch:43, Iter: 20, Lr:0.00000005', 'Loss:0.0391', 'train_acc:99.92']
2021-04-30 21:46:52,954 - Eye - INFO - ['Epoch:43, Iter: 40, Lr:0.00000005', 'Loss:0.0685', 'train_acc:99.96']
2021-04-30 21:47:02,230 - Eye - INFO - ['Epoch:43, Iter: 60, Lr:0.00000005', 'Loss:0.0442', 'train_acc:99.97']
2021-04-30 21:47:11,597 - Eye - INFO - ['Epoch:43, Iter: 80, Lr:0.00000005', 'Loss:0.0448', 'train_acc:99.98']
2021-04-30 21:47:21,008 - Eye - INFO - ['Epoch:43, Iter:100, Lr:0.00000005', 'Loss:0.0297', 'train_acc:99.98']
2021-04-30 21:47:30,414 - Eye - INFO - ['Epoch:43, Iter:120, Lr:0.00000005', 'Loss:0.0325', 'train_acc:99.97']
2021-04-30 21:47:39,923 - Eye - INFO - ['Epoch:43, Iter:140, Lr:0.00000005', 'Loss:0.0460', 'train_acc:99.98']
2021-04-30 21:47:49,376 - Eye - INFO - ['Epoch:43, Iter:160, Lr:0.00000005', 'Loss:0.0562', 'train_acc:99.98']
2021-04-30 21:47:58,794 - Eye - INFO - ['Epoch:43, Iter:180, Lr:0.00000005', 'Loss:0.0373', 'train_acc:99.98']
2021-04-30 21:48:08,190 - Eye - INFO - ['Epoch:43, Iter:200, Lr:0.00000005', 'Loss:0.0455', 'train_acc:99.98']
2021-04-30 21:48:17,850 - Eye - INFO - ['Epoch:43, Iter:220, Lr:0.00000005', 'Loss:0.0776', 'train_acc:99.97']
2021-04-30 21:48:27,127 - Eye - INFO - ['Epoch:43, Iter:240, Lr:0.00000005', 'Loss:0.0469', 'train_acc:99.97']
2021-04-30 21:48:36,661 - Eye - INFO - ['Epoch:43, Iter:260, Lr:0.00000005', 'Loss:0.0281', 'train_acc:99.98']
2021-04-30 21:48:46,282 - Eye - INFO - ['Epoch:43, Iter:280, Lr:0.00000005', 'Loss:0.0349', 'train_acc:99.97']
2021-04-30 21:48:50,755 - Eye - INFO - ['Epoch:43, Lr:0.00000005, Cost:139.06s', 'Loss:0.0389', 'train_acc:99.97', 'val_acc:80.21', 'val_loss:0.23']
2021-04-30 21:49:02,798 - Eye - INFO - ['Epoch:44, Iter: 20, Lr:0.00000005', 'Loss:0.0705', 'train_acc:100.00']
2021-04-30 21:49:12,236 - Eye - INFO - ['Epoch:44, Iter: 40, Lr:0.00000005', 'Loss:0.0274', 'train_acc:100.00']
2021-04-30 21:49:21,838 - Eye - INFO - ['Epoch:44, Iter: 60, Lr:0.00000005', 'Loss:0.0560', 'train_acc:100.00']
2021-04-30 21:49:31,371 - Eye - INFO - ['Epoch:44, Iter: 80, Lr:0.00000005', 'Loss:0.0395', 'train_acc:100.00']
2021-04-30 21:49:40,558 - Eye - INFO - ['Epoch:44, Iter:100, Lr:0.00000005', 'Loss:0.0386', 'train_acc:100.00']
2021-04-30 21:49:50,064 - Eye - INFO - ['Epoch:44, Iter:120, Lr:0.00000005', 'Loss:0.0390', 'train_acc:100.00']
2021-04-30 21:49:59,552 - Eye - INFO - ['Epoch:44, Iter:140, Lr:0.00000005', 'Loss:0.0427', 'train_acc:100.00']
2021-04-30 21:50:09,103 - Eye - INFO - ['Epoch:44, Iter:160, Lr:0.00000005', 'Loss:0.0473', 'train_acc:100.00']
2021-04-30 21:50:18,663 - Eye - INFO - ['Epoch:44, Iter:180, Lr:0.00000005', 'Loss:0.0334', 'train_acc:100.00']
2021-04-30 21:50:28,155 - Eye - INFO - ['Epoch:44, Iter:200, Lr:0.00000005', 'Loss:0.0448', 'train_acc:100.00']
2021-04-30 21:50:37,349 - Eye - INFO - ['Epoch:44, Iter:220, Lr:0.00000005', 'Loss:0.1001', 'train_acc:99.99']
2021-04-30 21:50:46,848 - Eye - INFO - ['Epoch:44, Iter:240, Lr:0.00000005', 'Loss:0.0448', 'train_acc:99.99']
2021-04-30 21:50:56,400 - Eye - INFO - ['Epoch:44, Iter:260, Lr:0.00000005', 'Loss:0.0294', 'train_acc:99.98']
2021-04-30 21:51:05,984 - Eye - INFO - ['Epoch:44, Iter:280, Lr:0.00000005', 'Loss:0.0347', 'train_acc:99.98']
2021-04-30 21:51:10,438 - Eye - INFO - ['Epoch:44, Lr:0.00000005, Cost:139.60s', 'Loss:0.0470', 'train_acc:99.98', 'val_acc:80.73', 'val_loss:0.24']
2021-04-30 21:51:22,833 - Eye - INFO - ['Epoch:45, Iter: 20, Lr:0.00000005', 'Loss:0.0597', 'train_acc:99.92']
2021-04-30 21:51:32,330 - Eye - INFO - ['Epoch:45, Iter: 40, Lr:0.00000005', 'Loss:0.0295', 'train_acc:99.92']
2021-04-30 21:51:41,659 - Eye - INFO - ['Epoch:45, Iter: 60, Lr:0.00000005', 'Loss:0.0316', 'train_acc:99.90']
2021-04-30 21:51:51,011 - Eye - INFO - ['Epoch:45, Iter: 80, Lr:0.00000005', 'Loss:0.0323', 'train_acc:99.92']
2021-04-30 21:52:00,201 - Eye - INFO - ['Epoch:45, Iter:100, Lr:0.00000005', 'Loss:0.0336', 'train_acc:99.94']
2021-04-30 21:52:09,336 - Eye - INFO - ['Epoch:45, Iter:120, Lr:0.00000005', 'Loss:0.0609', 'train_acc:99.95']
2021-04-30 21:52:18,690 - Eye - INFO - ['Epoch:45, Iter:140, Lr:0.00000005', 'Loss:0.0651', 'train_acc:99.96']
2021-04-30 21:52:27,599 - Eye - INFO - ['Epoch:45, Iter:160, Lr:0.00000005', 'Loss:0.0330', 'train_acc:99.96']
2021-04-30 21:52:36,517 - Eye - INFO - ['Epoch:45, Iter:180, Lr:0.00000005', 'Loss:0.0360', 'train_acc:99.97']
2021-04-30 21:52:45,435 - Eye - INFO - ['Epoch:45, Iter:200, Lr:0.00000005', 'Loss:0.0590', 'train_acc:99.97']
2021-04-30 21:52:54,697 - Eye - INFO - ['Epoch:45, Iter:220, Lr:0.00000005', 'Loss:0.0336', 'train_acc:99.97']
2021-04-30 21:53:04,078 - Eye - INFO - ['Epoch:45, Iter:240, Lr:0.00000005', 'Loss:0.0348', 'train_acc:99.97']
2021-04-30 21:53:13,602 - Eye - INFO - ['Epoch:45, Iter:260, Lr:0.00000005', 'Loss:0.0533', 'train_acc:99.98']
2021-04-30 21:53:23,276 - Eye - INFO - ['Epoch:45, Iter:280, Lr:0.00000005', 'Loss:0.0266', 'train_acc:99.98']
2021-04-30 21:53:27,728 - Eye - INFO - ['Epoch:45, Lr:0.00000005, Cost:136.95s', 'Loss:0.0465', 'train_acc:99.98', 'val_acc:79.95', 'val_loss:0.23']
2021-04-30 21:53:39,716 - Eye - INFO - ['Epoch:46, Iter: 20, Lr:0.00000005', 'Loss:0.0469', 'train_acc:100.00']
2021-04-30 21:53:49,266 - Eye - INFO - ['Epoch:46, Iter: 40, Lr:0.00000005', 'Loss:0.0390', 'train_acc:100.00']
2021-04-30 21:53:58,717 - Eye - INFO - ['Epoch:46, Iter: 60, Lr:0.00000005', 'Loss:0.0453', 'train_acc:99.97']
2021-04-30 21:54:08,196 - Eye - INFO - ['Epoch:46, Iter: 80, Lr:0.00000005', 'Loss:0.0423', 'train_acc:99.98']
2021-04-30 21:54:17,624 - Eye - INFO - ['Epoch:46, Iter:100, Lr:0.00000005', 'Loss:0.0483', 'train_acc:99.98']
2021-04-30 21:54:27,203 - Eye - INFO - ['Epoch:46, Iter:120, Lr:0.00000005', 'Loss:0.0512', 'train_acc:99.97']
2021-04-30 21:54:36,702 - Eye - INFO - ['Epoch:46, Iter:140, Lr:0.00000005', 'Loss:0.0481', 'train_acc:99.98']
2021-04-30 21:54:46,122 - Eye - INFO - ['Epoch:46, Iter:160, Lr:0.00000005', 'Loss:0.0436', 'train_acc:99.98']
2021-04-30 21:54:55,356 - Eye - INFO - ['Epoch:46, Iter:180, Lr:0.00000005', 'Loss:0.0309', 'train_acc:99.98']
2021-04-30 21:55:04,666 - Eye - INFO - ['Epoch:46, Iter:200, Lr:0.00000005', 'Loss:0.0424', 'train_acc:99.98']
2021-04-30 21:55:14,101 - Eye - INFO - ['Epoch:46, Iter:220, Lr:0.00000005', 'Loss:0.0474', 'train_acc:99.99']
2021-04-30 21:55:23,516 - Eye - INFO - ['Epoch:46, Iter:240, Lr:0.00000005', 'Loss:0.0366', 'train_acc:99.97']
2021-04-30 21:55:33,036 - Eye - INFO - ['Epoch:46, Iter:260, Lr:0.00000005', 'Loss:0.0265', 'train_acc:99.98']
2021-04-30 21:55:42,386 - Eye - INFO - ['Epoch:46, Iter:280, Lr:0.00000005', 'Loss:0.0778', 'train_acc:99.98']
2021-04-30 21:55:46,760 - Eye - INFO - ['Epoch:46, Lr:0.00000005, Cost:138.93s', 'Loss:0.0400', 'train_acc:99.98', 'val_acc:80.47', 'val_loss:0.24']
2021-04-30 21:55:58,511 - Eye - INFO - ['Epoch:47, Iter: 20, Lr:0.00000005', 'Loss:0.0402', 'train_acc:100.00']
2021-04-30 21:56:07,919 - Eye - INFO - ['Epoch:47, Iter: 40, Lr:0.00000005', 'Loss:0.0498', 'train_acc:99.92']
2021-04-30 21:56:17,202 - Eye - INFO - ['Epoch:47, Iter: 60, Lr:0.00000005', 'Loss:0.0282', 'train_acc:99.95']
2021-04-30 21:56:26,645 - Eye - INFO - ['Epoch:47, Iter: 80, Lr:0.00000005', 'Loss:0.0407', 'train_acc:99.96']
2021-04-30 21:56:36,000 - Eye - INFO - ['Epoch:47, Iter:100, Lr:0.00000005', 'Loss:0.0450', 'train_acc:99.97']
2021-04-30 21:56:45,361 - Eye - INFO - ['Epoch:47, Iter:120, Lr:0.00000005', 'Loss:0.0361', 'train_acc:99.97']
2021-04-30 21:56:54,821 - Eye - INFO - ['Epoch:47, Iter:140, Lr:0.00000005', 'Loss:0.0340', 'train_acc:99.98']
2021-04-30 21:57:04,360 - Eye - INFO - ['Epoch:47, Iter:160, Lr:0.00000005', 'Loss:0.0463', 'train_acc:99.98']
2021-04-30 21:57:13,752 - Eye - INFO - ['Epoch:47, Iter:180, Lr:0.00000005', 'Loss:0.0472', 'train_acc:99.98']
2021-04-30 21:57:22,832 - Eye - INFO - ['Epoch:47, Iter:200, Lr:0.00000005', 'Loss:0.0655', 'train_acc:99.98']
2021-04-30 21:57:31,883 - Eye - INFO - ['Epoch:47, Iter:220, Lr:0.00000005', 'Loss:0.0444', 'train_acc:99.99']
2021-04-30 21:57:41,471 - Eye - INFO - ['Epoch:47, Iter:240, Lr:0.00000005', 'Loss:0.0353', 'train_acc:99.99']
2021-04-30 21:57:50,846 - Eye - INFO - ['Epoch:47, Iter:260, Lr:0.00000005', 'Loss:0.0295', 'train_acc:99.99']
2021-04-30 21:58:00,543 - Eye - INFO - ['Epoch:47, Iter:280, Lr:0.00000005', 'Loss:0.0457', 'train_acc:99.99']
2021-04-30 21:58:05,097 - Eye - INFO - ['Epoch:47, Lr:0.00000005, Cost:138.25s', 'Loss:0.0604', 'train_acc:99.99', 'val_acc:80.73', 'val_loss:0.24']
2021-04-30 21:58:17,419 - Eye - INFO - ['Epoch:48, Iter: 20, Lr:0.00000005', 'Loss:0.0900', 'train_acc:100.00']
2021-04-30 21:58:26,798 - Eye - INFO - ['Epoch:48, Iter: 40, Lr:0.00000005', 'Loss:0.0464', 'train_acc:100.00']
2021-04-30 21:58:36,384 - Eye - INFO - ['Epoch:48, Iter: 60, Lr:0.00000005', 'Loss:0.0439', 'train_acc:100.00']
2021-04-30 21:58:45,836 - Eye - INFO - ['Epoch:48, Iter: 80, Lr:0.00000005', 'Loss:0.0380', 'train_acc:100.00']
2021-04-30 21:58:55,417 - Eye - INFO - ['Epoch:48, Iter:100, Lr:0.00000005', 'Loss:0.0910', 'train_acc:100.00']
2021-04-30 21:59:04,900 - Eye - INFO - ['Epoch:48, Iter:120, Lr:0.00000005', 'Loss:0.0698', 'train_acc:99.99']
2021-04-30 21:59:14,346 - Eye - INFO - ['Epoch:48, Iter:140, Lr:0.00000005', 'Loss:0.0386', 'train_acc:99.99']
2021-04-30 21:59:23,676 - Eye - INFO - ['Epoch:48, Iter:160, Lr:0.00000005', 'Loss:0.0289', 'train_acc:99.99']
2021-04-30 21:59:33,111 - Eye - INFO - ['Epoch:48, Iter:180, Lr:0.00000005', 'Loss:0.0403', 'train_acc:99.99']
2021-04-30 21:59:42,632 - Eye - INFO - ['Epoch:48, Iter:200, Lr:0.00000005', 'Loss:0.0453', 'train_acc:99.99']
2021-04-30 21:59:52,177 - Eye - INFO - ['Epoch:48, Iter:220, Lr:0.00000005', 'Loss:0.0403', 'train_acc:99.99']
2021-04-30 22:00:01,667 - Eye - INFO - ['Epoch:48, Iter:240, Lr:0.00000005', 'Loss:0.0369', 'train_acc:99.99']
2021-04-30 22:00:11,165 - Eye - INFO - ['Epoch:48, Iter:260, Lr:0.00000005', 'Loss:0.0332', 'train_acc:99.99']
2021-04-30 22:00:20,868 - Eye - INFO - ['Epoch:48, Iter:280, Lr:0.00000005', 'Loss:0.0344', 'train_acc:99.99']
2021-04-30 22:00:25,343 - Eye - INFO - ['Epoch:48, Lr:0.00000005, Cost:139.99s', 'Loss:0.0308', 'train_acc:99.99', 'val_acc:81.25', 'val_loss:0.25']
2021-04-30 22:00:37,576 - Eye - INFO - ['Epoch:49, Iter: 20, Lr:0.00000005', 'Loss:0.0573', 'train_acc:99.92']
2021-04-30 22:00:46,877 - Eye - INFO - ['Epoch:49, Iter: 40, Lr:0.00000005', 'Loss:0.0448', 'train_acc:99.96']
2021-04-30 22:00:56,234 - Eye - INFO - ['Epoch:49, Iter: 60, Lr:0.00000005', 'Loss:0.0527', 'train_acc:99.97']
2021-04-30 22:01:05,593 - Eye - INFO - ['Epoch:49, Iter: 80, Lr:0.00000005', 'Loss:0.1441', 'train_acc:99.94']
2021-04-30 22:01:14,977 - Eye - INFO - ['Epoch:49, Iter:100, Lr:0.00000005', 'Loss:0.0379', 'train_acc:99.95']
2021-04-30 22:01:24,541 - Eye - INFO - ['Epoch:49, Iter:120, Lr:0.00000005', 'Loss:0.0426', 'train_acc:99.96']
2021-04-30 22:01:33,969 - Eye - INFO - ['Epoch:49, Iter:140, Lr:0.00000005', 'Loss:0.0354', 'train_acc:99.97']
2021-04-30 22:01:43,447 - Eye - INFO - ['Epoch:49, Iter:160, Lr:0.00000005', 'Loss:0.0488', 'train_acc:99.97']
2021-04-30 22:01:53,015 - Eye - INFO - ['Epoch:49, Iter:180, Lr:0.00000005', 'Loss:0.0604', 'train_acc:99.97']
2021-04-30 22:02:02,664 - Eye - INFO - ['Epoch:49, Iter:200, Lr:0.00000005', 'Loss:0.0426', 'train_acc:99.97']
2021-04-30 22:02:12,292 - Eye - INFO - ['Epoch:49, Iter:220, Lr:0.00000005', 'Loss:0.0406', 'train_acc:99.96']
2021-04-30 22:02:21,628 - Eye - INFO - ['Epoch:49, Iter:240, Lr:0.00000005', 'Loss:0.0339', 'train_acc:99.97']
2021-04-30 22:02:30,984 - Eye - INFO - ['Epoch:49, Iter:260, Lr:0.00000005', 'Loss:0.0622', 'train_acc:99.97']
2021-04-30 22:02:40,188 - Eye - INFO - ['Epoch:49, Iter:280, Lr:0.00000005', 'Loss:0.0315', 'train_acc:99.97']
2021-04-30 22:02:44,608 - Eye - INFO - ['Epoch:49, Lr:0.00000005, Cost:138.96s', 'Loss:0.0413', 'train_acc:99.97', 'val_acc:79.69', 'val_loss:0.25']
