2021-05-10 06:36:23,082 - Eye - INFO - Train Dataset uploaded!
2021-05-10 06:36:23,082 - Eye - INFO - device:cuda
2021-05-10 06:37:46,139 - Eye - INFO - ['Epoch:00, Iter: 20, Lr:0.00010000', 'Loss:1.6910', 'train_acc:24.84']
2021-05-10 06:38:03,892 - Eye - INFO - ['Epoch:00, Iter: 40, Lr:0.00010000', 'Loss:1.5978', 'train_acc:30.86']
2021-05-10 06:38:21,967 - Eye - INFO - ['Epoch:00, Iter: 60, Lr:0.00010000', 'Loss:1.5500', 'train_acc:33.53']
2021-05-10 06:38:40,104 - Eye - INFO - ['Epoch:00, Iter: 80, Lr:0.00010000', 'Loss:1.3721', 'train_acc:36.38']
2021-05-10 06:38:57,884 - Eye - INFO - ['Epoch:00, Iter:100, Lr:0.00010000', 'Loss:1.1819', 'train_acc:39.22']
2021-05-10 06:39:15,169 - Eye - INFO - ['Epoch:00, Iter:120, Lr:0.00010000', 'Loss:1.2557', 'train_acc:41.31']
2021-05-10 06:39:32,515 - Eye - INFO - ['Epoch:00, Iter:140, Lr:0.00010000', 'Loss:1.2096', 'train_acc:42.89']
2021-05-10 06:39:38,262 - Eye - INFO - ['Epoch:00, Lr:0.00010000, Cost:136.40s', 'Loss:1.2096', 'train_acc:42.89', 'val_acc:21.35', 'val_loss:1.50']
2021-05-10 06:40:01,179 - Eye - INFO - ['Epoch:01, Iter: 20, Lr:0.00005000', 'Loss:1.1190', 'train_acc:53.67']
2021-05-10 06:40:19,230 - Eye - INFO - ['Epoch:01, Iter: 40, Lr:0.00005000', 'Loss:1.2635', 'train_acc:53.79']
2021-05-10 06:40:37,135 - Eye - INFO - ['Epoch:01, Iter: 60, Lr:0.00005000', 'Loss:1.0164', 'train_acc:54.60']
2021-05-10 06:40:55,270 - Eye - INFO - ['Epoch:01, Iter: 80, Lr:0.00005000', 'Loss:1.2010', 'train_acc:54.68']
2021-05-10 06:41:13,199 - Eye - INFO - ['Epoch:01, Iter:100, Lr:0.00005000', 'Loss:1.0804', 'train_acc:55.10']
2021-05-10 06:41:31,275 - Eye - INFO - ['Epoch:01, Iter:120, Lr:0.00005000', 'Loss:1.0784', 'train_acc:55.21']
2021-05-10 06:41:49,666 - Eye - INFO - ['Epoch:01, Iter:140, Lr:0.00005000', 'Loss:1.0677', 'train_acc:55.54']
2021-05-10 06:41:55,457 - Eye - INFO - ['Epoch:01, Lr:0.00005000, Cost:137.12s', 'Loss:1.0677', 'train_acc:55.54', 'val_acc:21.09', 'val_loss:1.46']
2021-05-10 06:42:20,069 - Eye - INFO - ['Epoch:02, Iter: 20, Lr:0.00002500', 'Loss:1.0928', 'train_acc:55.94']
2021-05-10 06:42:37,729 - Eye - INFO - ['Epoch:02, Iter: 40, Lr:0.00002500', 'Loss:0.9875', 'train_acc:57.01']
2021-05-10 06:42:55,549 - Eye - INFO - ['Epoch:02, Iter: 60, Lr:0.00002500', 'Loss:1.0215', 'train_acc:56.89']
2021-05-10 06:43:13,652 - Eye - INFO - ['Epoch:02, Iter: 80, Lr:0.00002500', 'Loss:0.9250', 'train_acc:57.44']
2021-05-10 06:43:31,711 - Eye - INFO - ['Epoch:02, Iter:100, Lr:0.00002500', 'Loss:0.9524', 'train_acc:57.54']
2021-05-10 06:43:49,704 - Eye - INFO - ['Epoch:02, Iter:120, Lr:0.00002500', 'Loss:1.0804', 'train_acc:57.66']
2021-05-10 06:44:08,128 - Eye - INFO - ['Epoch:02, Iter:140, Lr:0.00002500', 'Loss:0.9963', 'train_acc:57.70']
2021-05-10 06:44:13,994 - Eye - INFO - ['Epoch:02, Lr:0.00002500, Cost:138.46s', 'Loss:0.9963', 'train_acc:57.70', 'val_acc:22.92', 'val_loss:1.44']
2021-05-10 06:44:36,625 - Eye - INFO - ['Epoch:03, Iter: 20, Lr:0.00002500', 'Loss:1.0098', 'train_acc:59.57']
2021-05-10 06:44:54,497 - Eye - INFO - ['Epoch:03, Iter: 40, Lr:0.00002500', 'Loss:0.9295', 'train_acc:59.26']
2021-05-10 06:45:12,313 - Eye - INFO - ['Epoch:03, Iter: 60, Lr:0.00002500', 'Loss:0.9553', 'train_acc:59.41']
2021-05-10 06:45:29,971 - Eye - INFO - ['Epoch:03, Iter: 80, Lr:0.00002500', 'Loss:0.9762', 'train_acc:59.84']
2021-05-10 06:45:47,910 - Eye - INFO - ['Epoch:03, Iter:100, Lr:0.00002500', 'Loss:1.0056', 'train_acc:59.75']
2021-05-10 06:46:05,993 - Eye - INFO - ['Epoch:03, Iter:120, Lr:0.00002500', 'Loss:0.9218', 'train_acc:59.52']
2021-05-10 06:46:24,493 - Eye - INFO - ['Epoch:03, Iter:140, Lr:0.00002500', 'Loss:1.0326', 'train_acc:59.69']
2021-05-10 06:46:30,300 - Eye - INFO - ['Epoch:03, Lr:0.00002500, Cost:136.23s', 'Loss:1.0326', 'train_acc:59.69', 'val_acc:22.92', 'val_loss:1.44']
2021-05-10 06:46:52,888 - Eye - INFO - ['Epoch:04, Iter: 20, Lr:0.00001250', 'Loss:0.9420', 'train_acc:58.55']
2021-05-10 06:47:10,867 - Eye - INFO - ['Epoch:04, Iter: 40, Lr:0.00001250', 'Loss:1.0009', 'train_acc:60.14']
2021-05-10 06:47:28,575 - Eye - INFO - ['Epoch:04, Iter: 60, Lr:0.00001250', 'Loss:0.9802', 'train_acc:60.17']
2021-05-10 06:47:46,538 - Eye - INFO - ['Epoch:04, Iter: 80, Lr:0.00001250', 'Loss:1.0353', 'train_acc:60.46']
2021-05-10 06:48:04,606 - Eye - INFO - ['Epoch:04, Iter:100, Lr:0.00001250', 'Loss:1.0012', 'train_acc:60.70']
2021-05-10 06:48:22,766 - Eye - INFO - ['Epoch:04, Iter:120, Lr:0.00001250', 'Loss:1.0428', 'train_acc:60.52']
2021-05-10 06:48:40,750 - Eye - INFO - ['Epoch:04, Iter:140, Lr:0.00001250', 'Loss:1.0775', 'train_acc:60.59']
2021-05-10 06:48:46,552 - Eye - INFO - ['Epoch:04, Lr:0.00001250, Cost:136.18s', 'Loss:1.0775', 'train_acc:60.59', 'val_acc:31.25', 'val_loss:1.34']
2021-05-10 06:49:09,607 - Eye - INFO - ['Epoch:05, Iter: 20, Lr:0.00001250', 'Loss:0.8391', 'train_acc:63.67']
2021-05-10 06:49:27,768 - Eye - INFO - ['Epoch:05, Iter: 40, Lr:0.00001250', 'Loss:0.9552', 'train_acc:63.12']
2021-05-10 06:49:45,965 - Eye - INFO - ['Epoch:05, Iter: 60, Lr:0.00001250', 'Loss:0.9657', 'train_acc:62.96']
2021-05-10 06:50:04,137 - Eye - INFO - ['Epoch:05, Iter: 80, Lr:0.00001250', 'Loss:0.8970', 'train_acc:62.46']
2021-05-10 06:50:22,003 - Eye - INFO - ['Epoch:05, Iter:100, Lr:0.00001250', 'Loss:0.9329', 'train_acc:62.42']
2021-05-10 06:50:40,105 - Eye - INFO - ['Epoch:05, Iter:120, Lr:0.00001250', 'Loss:0.9211', 'train_acc:62.70']
2021-05-10 06:50:58,273 - Eye - INFO - ['Epoch:05, Iter:140, Lr:0.00001250', 'Loss:1.0093', 'train_acc:62.67']
2021-05-10 06:51:04,090 - Eye - INFO - ['Epoch:05, Lr:0.00001250, Cost:137.45s', 'Loss:1.0093', 'train_acc:62.67', 'val_acc:28.39', 'val_loss:1.36']
2021-05-10 06:51:26,696 - Eye - INFO - ['Epoch:06, Iter: 20, Lr:0.00000625', 'Loss:0.9876', 'train_acc:62.27']
2021-05-10 06:51:44,717 - Eye - INFO - ['Epoch:06, Iter: 40, Lr:0.00000625', 'Loss:0.8169', 'train_acc:61.89']
2021-05-10 06:52:02,678 - Eye - INFO - ['Epoch:06, Iter: 60, Lr:0.00000625', 'Loss:1.0445', 'train_acc:62.67']
2021-05-10 06:52:20,578 - Eye - INFO - ['Epoch:06, Iter: 80, Lr:0.00000625', 'Loss:1.0171', 'train_acc:62.44']
2021-05-10 06:52:38,429 - Eye - INFO - ['Epoch:06, Iter:100, Lr:0.00000625', 'Loss:0.9394', 'train_acc:62.40']
2021-05-10 06:52:56,473 - Eye - INFO - ['Epoch:06, Iter:120, Lr:0.00000625', 'Loss:0.8334', 'train_acc:62.83']
2021-05-10 06:53:14,666 - Eye - INFO - ['Epoch:06, Iter:140, Lr:0.00000625', 'Loss:0.9217', 'train_acc:62.81']
2021-05-10 06:53:20,379 - Eye - INFO - ['Epoch:06, Lr:0.00000625, Cost:136.16s', 'Loss:0.9217', 'train_acc:62.81', 'val_acc:33.59', 'val_loss:1.31']
2021-05-10 06:53:42,616 - Eye - INFO - ['Epoch:07, Iter: 20, Lr:0.00000625', 'Loss:0.9077', 'train_acc:64.41']
2021-05-10 06:54:00,491 - Eye - INFO - ['Epoch:07, Iter: 40, Lr:0.00000625', 'Loss:0.9689', 'train_acc:63.93']
2021-05-10 06:54:18,331 - Eye - INFO - ['Epoch:07, Iter: 60, Lr:0.00000625', 'Loss:0.9705', 'train_acc:63.57']
2021-05-10 06:54:35,859 - Eye - INFO - ['Epoch:07, Iter: 80, Lr:0.00000625', 'Loss:0.8568', 'train_acc:64.03']
2021-05-10 06:54:53,589 - Eye - INFO - ['Epoch:07, Iter:100, Lr:0.00000625', 'Loss:0.9378', 'train_acc:63.80']
2021-05-10 06:55:11,752 - Eye - INFO - ['Epoch:07, Iter:120, Lr:0.00000625', 'Loss:0.9675', 'train_acc:63.83']
2021-05-10 06:55:30,159 - Eye - INFO - ['Epoch:07, Iter:140, Lr:0.00000625', 'Loss:0.9219', 'train_acc:63.93']
2021-05-10 06:55:36,000 - Eye - INFO - ['Epoch:07, Lr:0.00000625, Cost:135.55s', 'Loss:0.9219', 'train_acc:63.93', 'val_acc:32.29', 'val_loss:1.34']
2021-05-10 06:55:58,586 - Eye - INFO - ['Epoch:08, Iter: 20, Lr:0.00000313', 'Loss:0.9471', 'train_acc:63.75']
2021-05-10 06:56:16,584 - Eye - INFO - ['Epoch:08, Iter: 40, Lr:0.00000313', 'Loss:0.8500', 'train_acc:63.93']
2021-05-10 06:56:34,640 - Eye - INFO - ['Epoch:08, Iter: 60, Lr:0.00000313', 'Loss:0.8622', 'train_acc:64.34']
2021-05-10 06:56:52,772 - Eye - INFO - ['Epoch:08, Iter: 80, Lr:0.00000313', 'Loss:0.8539', 'train_acc:64.36']
2021-05-10 06:57:10,406 - Eye - INFO - ['Epoch:08, Iter:100, Lr:0.00000313', 'Loss:0.8311', 'train_acc:64.75']
2021-05-10 06:57:28,201 - Eye - INFO - ['Epoch:08, Iter:120, Lr:0.00000313', 'Loss:0.9371', 'train_acc:64.67']
2021-05-10 06:57:46,770 - Eye - INFO - ['Epoch:08, Iter:140, Lr:0.00000313', 'Loss:0.8586', 'train_acc:64.81']
2021-05-10 06:57:52,513 - Eye - INFO - ['Epoch:08, Lr:0.00000313, Cost:136.42s', 'Loss:0.8586', 'train_acc:64.81', 'val_acc:26.30', 'val_loss:1.33']
2021-05-10 06:58:15,147 - Eye - INFO - ['Epoch:09, Iter: 20, Lr:0.00000313', 'Loss:0.9597', 'train_acc:67.11']
2021-05-10 06:58:33,348 - Eye - INFO - ['Epoch:09, Iter: 40, Lr:0.00000313', 'Loss:0.8565', 'train_acc:66.72']
2021-05-10 06:58:51,300 - Eye - INFO - ['Epoch:09, Iter: 60, Lr:0.00000313', 'Loss:0.8174', 'train_acc:66.24']
2021-05-10 06:59:09,353 - Eye - INFO - ['Epoch:09, Iter: 80, Lr:0.00000313', 'Loss:0.8755', 'train_acc:66.37']
2021-05-10 06:59:27,359 - Eye - INFO - ['Epoch:09, Iter:100, Lr:0.00000313', 'Loss:1.0106', 'train_acc:66.05']
2021-05-10 06:59:45,392 - Eye - INFO - ['Epoch:09, Iter:120, Lr:0.00000313', 'Loss:0.8913', 'train_acc:66.32']
2021-05-10 07:00:03,520 - Eye - INFO - ['Epoch:09, Iter:140, Lr:0.00000313', 'Loss:0.9148', 'train_acc:66.40']
2021-05-10 07:00:09,315 - Eye - INFO - ['Epoch:09, Lr:0.00000313, Cost:136.71s', 'Loss:0.9148', 'train_acc:66.40', 'val_acc:30.21', 'val_loss:1.38']
2021-05-10 07:00:32,970 - Eye - INFO - ['Epoch:10, Iter: 20, Lr:0.00000156', 'Loss:0.8437', 'train_acc:66.56']
2021-05-10 07:00:50,950 - Eye - INFO - ['Epoch:10, Iter: 40, Lr:0.00000156', 'Loss:0.9864', 'train_acc:66.70']
2021-05-10 07:01:08,950 - Eye - INFO - ['Epoch:10, Iter: 60, Lr:0.00000156', 'Loss:0.9938', 'train_acc:66.88']
2021-05-10 07:01:27,103 - Eye - INFO - ['Epoch:10, Iter: 80, Lr:0.00000156', 'Loss:0.8921', 'train_acc:66.75']
2021-05-10 07:01:44,792 - Eye - INFO - ['Epoch:10, Iter:100, Lr:0.00000156', 'Loss:1.0071', 'train_acc:66.55']
2021-05-10 07:02:02,542 - Eye - INFO - ['Epoch:10, Iter:120, Lr:0.00000156', 'Loss:0.8875', 'train_acc:66.45']
2021-05-10 07:02:20,597 - Eye - INFO - ['Epoch:10, Iter:140, Lr:0.00000156', 'Loss:0.9581', 'train_acc:66.27']
2021-05-10 07:02:26,489 - Eye - INFO - ['Epoch:10, Lr:0.00000156, Cost:137.10s', 'Loss:0.9581', 'train_acc:66.27', 'val_acc:30.21', 'val_loss:1.31']
2021-05-10 07:02:49,089 - Eye - INFO - ['Epoch:11, Iter: 20, Lr:0.00000156', 'Loss:0.8525', 'train_acc:68.79']
2021-05-10 07:03:07,132 - Eye - INFO - ['Epoch:11, Iter: 40, Lr:0.00000156', 'Loss:0.9369', 'train_acc:68.11']
2021-05-10 07:03:25,163 - Eye - INFO - ['Epoch:11, Iter: 60, Lr:0.00000156', 'Loss:0.9247', 'train_acc:67.73']
2021-05-10 07:03:43,177 - Eye - INFO - ['Epoch:11, Iter: 80, Lr:0.00000156', 'Loss:0.8532', 'train_acc:67.65']
2021-05-10 07:04:00,634 - Eye - INFO - ['Epoch:11, Iter:100, Lr:0.00000156', 'Loss:0.8842', 'train_acc:67.59']
2021-05-10 07:04:18,061 - Eye - INFO - ['Epoch:11, Iter:120, Lr:0.00000156', 'Loss:0.8071', 'train_acc:67.52']
2021-05-10 07:04:34,982 - Eye - INFO - ['Epoch:11, Iter:140, Lr:0.00000156', 'Loss:0.8981', 'train_acc:67.51']
2021-05-10 07:04:40,723 - Eye - INFO - ['Epoch:11, Lr:0.00000156, Cost:134.14s', 'Loss:0.8981', 'train_acc:67.51', 'val_acc:27.86', 'val_loss:1.33']
2021-05-10 07:05:03,190 - Eye - INFO - ['Epoch:12, Iter: 20, Lr:0.00000156', 'Loss:0.9017', 'train_acc:67.27']
2021-05-10 07:05:21,265 - Eye - INFO - ['Epoch:12, Iter: 40, Lr:0.00000156', 'Loss:0.8610', 'train_acc:67.48']
2021-05-10 07:05:38,940 - Eye - INFO - ['Epoch:12, Iter: 60, Lr:0.00000156', 'Loss:0.8865', 'train_acc:67.29']
2021-05-10 07:05:57,085 - Eye - INFO - ['Epoch:12, Iter: 80, Lr:0.00000156', 'Loss:0.8840', 'train_acc:67.46']
2021-05-10 07:06:14,870 - Eye - INFO - ['Epoch:12, Iter:100, Lr:0.00000156', 'Loss:0.9437', 'train_acc:67.78']
2021-05-10 07:06:33,060 - Eye - INFO - ['Epoch:12, Iter:120, Lr:0.00000156', 'Loss:0.8133', 'train_acc:67.73']
2021-05-10 07:06:51,254 - Eye - INFO - ['Epoch:12, Iter:140, Lr:0.00000156', 'Loss:0.7424', 'train_acc:67.64']
2021-05-10 07:06:57,067 - Eye - INFO - ['Epoch:12, Lr:0.00000156, Cost:136.27s', 'Loss:0.7424', 'train_acc:67.64', 'val_acc:30.73', 'val_loss:1.30']
2021-05-10 07:07:19,608 - Eye - INFO - ['Epoch:13, Iter: 20, Lr:0.00000078', 'Loss:0.8218', 'train_acc:66.17']
2021-05-10 07:07:37,525 - Eye - INFO - ['Epoch:13, Iter: 40, Lr:0.00000078', 'Loss:0.9041', 'train_acc:66.23']
2021-05-10 07:07:55,446 - Eye - INFO - ['Epoch:13, Iter: 60, Lr:0.00000078', 'Loss:0.9447', 'train_acc:67.07']
2021-05-10 07:08:13,562 - Eye - INFO - ['Epoch:13, Iter: 80, Lr:0.00000078', 'Loss:0.8183', 'train_acc:67.92']
2021-05-10 07:08:31,621 - Eye - INFO - ['Epoch:13, Iter:100, Lr:0.00000078', 'Loss:0.7937', 'train_acc:68.15']
2021-05-10 07:08:49,700 - Eye - INFO - ['Epoch:13, Iter:120, Lr:0.00000078', 'Loss:0.8812', 'train_acc:67.81']
2021-05-10 07:09:07,940 - Eye - INFO - ['Epoch:13, Iter:140, Lr:0.00000078', 'Loss:0.8843', 'train_acc:68.18']
2021-05-10 07:09:13,871 - Eye - INFO - ['Epoch:13, Lr:0.00000078, Cost:136.72s', 'Loss:0.8843', 'train_acc:68.18', 'val_acc:29.95', 'val_loss:1.32']
2021-05-10 07:09:36,525 - Eye - INFO - ['Epoch:14, Iter: 20, Lr:0.00000078', 'Loss:0.9818', 'train_acc:69.65']
2021-05-10 07:09:54,324 - Eye - INFO - ['Epoch:14, Iter: 40, Lr:0.00000078', 'Loss:0.7305', 'train_acc:69.24']
2021-05-10 07:10:11,972 - Eye - INFO - ['Epoch:14, Iter: 60, Lr:0.00000078', 'Loss:0.8731', 'train_acc:69.28']
2021-05-10 07:10:29,978 - Eye - INFO - ['Epoch:14, Iter: 80, Lr:0.00000078', 'Loss:0.8105', 'train_acc:69.22']
2021-05-10 07:10:47,804 - Eye - INFO - ['Epoch:14, Iter:100, Lr:0.00000078', 'Loss:0.8654', 'train_acc:69.28']
2021-05-10 07:11:05,819 - Eye - INFO - ['Epoch:14, Iter:120, Lr:0.00000078', 'Loss:0.8896', 'train_acc:69.32']
2021-05-10 07:11:23,787 - Eye - INFO - ['Epoch:14, Iter:140, Lr:0.00000078', 'Loss:0.9029', 'train_acc:69.13']
2021-05-10 07:11:29,568 - Eye - INFO - ['Epoch:14, Lr:0.00000078, Cost:135.62s', 'Loss:0.9029', 'train_acc:69.13', 'val_acc:28.91', 'val_loss:1.32']
2021-05-10 07:11:52,313 - Eye - INFO - ['Epoch:15, Iter: 20, Lr:0.00000078', 'Loss:0.8970', 'train_acc:67.77']
2021-05-10 07:12:09,890 - Eye - INFO - ['Epoch:15, Iter: 40, Lr:0.00000078', 'Loss:0.8353', 'train_acc:68.52']
2021-05-10 07:12:27,551 - Eye - INFO - ['Epoch:15, Iter: 60, Lr:0.00000078', 'Loss:0.8978', 'train_acc:68.16']
2021-05-10 07:12:45,610 - Eye - INFO - ['Epoch:15, Iter: 80, Lr:0.00000078', 'Loss:0.9355', 'train_acc:68.63']
2021-05-10 07:13:03,699 - Eye - INFO - ['Epoch:15, Iter:100, Lr:0.00000078', 'Loss:0.8626', 'train_acc:68.70']
2021-05-10 07:13:21,697 - Eye - INFO - ['Epoch:15, Iter:120, Lr:0.00000078', 'Loss:0.8367', 'train_acc:68.67']
2021-05-10 07:13:40,180 - Eye - INFO - ['Epoch:15, Iter:140, Lr:0.00000078', 'Loss:0.8148', 'train_acc:68.74']
2021-05-10 07:13:46,003 - Eye - INFO - ['Epoch:15, Lr:0.00000078, Cost:136.36s', 'Loss:0.8148', 'train_acc:68.74', 'val_acc:29.17', 'val_loss:1.30']
2021-05-10 07:14:08,510 - Eye - INFO - ['Epoch:16, Iter: 20, Lr:0.00000039', 'Loss:0.8212', 'train_acc:68.28']
2021-05-10 07:14:26,710 - Eye - INFO - ['Epoch:16, Iter: 40, Lr:0.00000039', 'Loss:0.8949', 'train_acc:68.50']
2021-05-10 07:14:45,017 - Eye - INFO - ['Epoch:16, Iter: 60, Lr:0.00000039', 'Loss:0.8185', 'train_acc:69.21']
2021-05-10 07:15:02,999 - Eye - INFO - ['Epoch:16, Iter: 80, Lr:0.00000039', 'Loss:0.7759', 'train_acc:69.41']
2021-05-10 07:15:20,389 - Eye - INFO - ['Epoch:16, Iter:100, Lr:0.00000039', 'Loss:0.8772', 'train_acc:69.12']
2021-05-10 07:15:37,875 - Eye - INFO - ['Epoch:16, Iter:120, Lr:0.00000039', 'Loss:0.7481', 'train_acc:69.23']
2021-05-10 07:15:54,952 - Eye - INFO - ['Epoch:16, Iter:140, Lr:0.00000039', 'Loss:0.8605', 'train_acc:69.24']
2021-05-10 07:16:00,666 - Eye - INFO - ['Epoch:16, Lr:0.00000039, Cost:134.59s', 'Loss:0.8605', 'train_acc:69.24', 'val_acc:29.95', 'val_loss:1.32']
2021-05-10 07:16:24,229 - Eye - INFO - ['Epoch:17, Iter: 20, Lr:0.00000039', 'Loss:0.8597', 'train_acc:69.57']
2021-05-10 07:16:42,094 - Eye - INFO - ['Epoch:17, Iter: 40, Lr:0.00000039', 'Loss:0.8428', 'train_acc:70.00']
2021-05-10 07:17:00,006 - Eye - INFO - ['Epoch:17, Iter: 60, Lr:0.00000039', 'Loss:0.8133', 'train_acc:70.00']
2021-05-10 07:17:17,898 - Eye - INFO - ['Epoch:17, Iter: 80, Lr:0.00000039', 'Loss:0.8932', 'train_acc:69.75']
2021-05-10 07:17:36,029 - Eye - INFO - ['Epoch:17, Iter:100, Lr:0.00000039', 'Loss:0.8173', 'train_acc:69.52']
2021-05-10 07:17:53,737 - Eye - INFO - ['Epoch:17, Iter:120, Lr:0.00000039', 'Loss:0.8911', 'train_acc:69.39']
2021-05-10 07:18:10,661 - Eye - INFO - ['Epoch:17, Iter:140, Lr:0.00000039', 'Loss:0.7533', 'train_acc:69.58']
2021-05-10 07:18:16,494 - Eye - INFO - ['Epoch:17, Lr:0.00000039, Cost:135.74s', 'Loss:0.7533', 'train_acc:69.58', 'val_acc:28.91', 'val_loss:1.31']
2021-05-10 07:18:39,148 - Eye - INFO - ['Epoch:18, Iter: 20, Lr:0.00000039', 'Loss:0.7518', 'train_acc:68.75']
2021-05-10 07:18:57,101 - Eye - INFO - ['Epoch:18, Iter: 40, Lr:0.00000039', 'Loss:0.9206', 'train_acc:68.73']
2021-05-10 07:19:14,980 - Eye - INFO - ['Epoch:18, Iter: 60, Lr:0.00000039', 'Loss:0.8800', 'train_acc:69.19']
2021-05-10 07:19:32,953 - Eye - INFO - ['Epoch:18, Iter: 80, Lr:0.00000039', 'Loss:0.8610', 'train_acc:68.90']
2021-05-10 07:19:50,906 - Eye - INFO - ['Epoch:18, Iter:100, Lr:0.00000039', 'Loss:0.7912', 'train_acc:69.35']
2021-05-10 07:20:08,900 - Eye - INFO - ['Epoch:18, Iter:120, Lr:0.00000039', 'Loss:0.8514', 'train_acc:69.58']
2021-05-10 07:20:26,713 - Eye - INFO - ['Epoch:18, Iter:140, Lr:0.00000039', 'Loss:0.7813', 'train_acc:69.59']
2021-05-10 07:20:32,473 - Eye - INFO - ['Epoch:18, Lr:0.00000039, Cost:135.91s', 'Loss:0.7813', 'train_acc:69.59', 'val_acc:29.95', 'val_loss:1.31']
2021-05-10 07:20:55,139 - Eye - INFO - ['Epoch:19, Iter: 20, Lr:0.00000039', 'Loss:0.8455', 'train_acc:68.71']
2021-05-10 07:21:13,237 - Eye - INFO - ['Epoch:19, Iter: 40, Lr:0.00000039', 'Loss:0.7743', 'train_acc:69.00']
2021-05-10 07:21:31,307 - Eye - INFO - ['Epoch:19, Iter: 60, Lr:0.00000039', 'Loss:0.8325', 'train_acc:68.87']
2021-05-10 07:21:49,267 - Eye - INFO - ['Epoch:19, Iter: 80, Lr:0.00000039', 'Loss:0.8249', 'train_acc:68.72']
2021-05-10 07:22:07,318 - Eye - INFO - ['Epoch:19, Iter:100, Lr:0.00000039', 'Loss:0.8958', 'train_acc:68.73']
2021-05-10 07:22:25,252 - Eye - INFO - ['Epoch:19, Iter:120, Lr:0.00000039', 'Loss:0.8140', 'train_acc:68.86']
2021-05-10 07:22:43,295 - Eye - INFO - ['Epoch:19, Iter:140, Lr:0.00000039', 'Loss:0.8731', 'train_acc:69.10']
2021-05-10 07:22:49,141 - Eye - INFO - ['Epoch:19, Lr:0.00000039, Cost:136.58s', 'Loss:0.8731', 'train_acc:69.10', 'val_acc:30.21', 'val_loss:1.30']
2021-05-10 07:23:13,740 - Eye - INFO - ['Epoch:20, Iter: 20, Lr:0.00000039', 'Loss:0.7292', 'train_acc:70.59']
2021-05-10 07:23:31,735 - Eye - INFO - ['Epoch:20, Iter: 40, Lr:0.00000039', 'Loss:0.7967', 'train_acc:70.78']
2021-05-10 07:23:49,613 - Eye - INFO - ['Epoch:20, Iter: 60, Lr:0.00000039', 'Loss:0.8410', 'train_acc:71.29']
2021-05-10 07:24:07,472 - Eye - INFO - ['Epoch:20, Iter: 80, Lr:0.00000039', 'Loss:0.8358', 'train_acc:70.86']
2021-05-10 07:24:25,434 - Eye - INFO - ['Epoch:20, Iter:100, Lr:0.00000039', 'Loss:0.8342', 'train_acc:70.78']
2021-05-10 07:24:43,453 - Eye - INFO - ['Epoch:20, Iter:120, Lr:0.00000039', 'Loss:0.8058', 'train_acc:70.72']
2021-05-10 07:25:01,301 - Eye - INFO - ['Epoch:20, Iter:140, Lr:0.00000039', 'Loss:0.8033', 'train_acc:70.53']
2021-05-10 07:25:07,150 - Eye - INFO - ['Epoch:20, Lr:0.00000039, Cost:137.94s', 'Loss:0.8033', 'train_acc:70.53', 'val_acc:30.73', 'val_loss:1.31']
2021-05-10 07:25:30,015 - Eye - INFO - ['Epoch:21, Iter: 20, Lr:0.00000020', 'Loss:0.8151', 'train_acc:68.52']
2021-05-10 07:25:48,274 - Eye - INFO - ['Epoch:21, Iter: 40, Lr:0.00000020', 'Loss:0.7494', 'train_acc:68.79']
2021-05-10 07:26:06,165 - Eye - INFO - ['Epoch:21, Iter: 60, Lr:0.00000020', 'Loss:0.8929', 'train_acc:69.30']
2021-05-10 07:26:24,277 - Eye - INFO - ['Epoch:21, Iter: 80, Lr:0.00000020', 'Loss:0.7405', 'train_acc:69.35']
2021-05-10 07:26:42,491 - Eye - INFO - ['Epoch:21, Iter:100, Lr:0.00000020', 'Loss:0.7986', 'train_acc:69.77']
2021-05-10 07:27:00,444 - Eye - INFO - ['Epoch:21, Iter:120, Lr:0.00000020', 'Loss:0.8784', 'train_acc:69.97']
2021-05-10 07:27:18,583 - Eye - INFO - ['Epoch:21, Iter:140, Lr:0.00000020', 'Loss:0.7375', 'train_acc:70.32']
2021-05-10 07:27:24,442 - Eye - INFO - ['Epoch:21, Lr:0.00000020, Cost:137.20s', 'Loss:0.7375', 'train_acc:70.32', 'val_acc:30.21', 'val_loss:1.31']
2021-05-10 07:27:46,855 - Eye - INFO - ['Epoch:22, Iter: 20, Lr:0.00000020', 'Loss:0.7313', 'train_acc:69.38']
2021-05-10 07:28:04,715 - Eye - INFO - ['Epoch:22, Iter: 40, Lr:0.00000020', 'Loss:0.8044', 'train_acc:69.06']
2021-05-10 07:28:22,405 - Eye - INFO - ['Epoch:22, Iter: 60, Lr:0.00000020', 'Loss:0.8035', 'train_acc:69.75']
2021-05-10 07:28:40,429 - Eye - INFO - ['Epoch:22, Iter: 80, Lr:0.00000020', 'Loss:0.7328', 'train_acc:69.97']
2021-05-10 07:28:58,454 - Eye - INFO - ['Epoch:22, Iter:100, Lr:0.00000020', 'Loss:0.8712', 'train_acc:70.05']
2021-05-10 07:29:15,920 - Eye - INFO - ['Epoch:22, Iter:120, Lr:0.00000020', 'Loss:0.7534', 'train_acc:70.11']
2021-05-10 07:29:34,400 - Eye - INFO - ['Epoch:22, Iter:140, Lr:0.00000020', 'Loss:0.8827', 'train_acc:70.13']
2021-05-10 07:29:40,234 - Eye - INFO - ['Epoch:22, Lr:0.00000020, Cost:135.72s', 'Loss:0.8827', 'train_acc:70.13', 'val_acc:30.21', 'val_loss:1.31']
2021-05-10 07:30:03,237 - Eye - INFO - ['Epoch:23, Iter: 20, Lr:0.00000020', 'Loss:0.9219', 'train_acc:70.16']
2021-05-10 07:30:21,452 - Eye - INFO - ['Epoch:23, Iter: 40, Lr:0.00000020', 'Loss:0.8819', 'train_acc:70.20']
2021-05-10 07:30:39,442 - Eye - INFO - ['Epoch:23, Iter: 60, Lr:0.00000020', 'Loss:0.7643', 'train_acc:70.55']
2021-05-10 07:30:57,611 - Eye - INFO - ['Epoch:23, Iter: 80, Lr:0.00000020', 'Loss:0.8021', 'train_acc:70.26']
2021-05-10 07:31:15,382 - Eye - INFO - ['Epoch:23, Iter:100, Lr:0.00000020', 'Loss:0.7708', 'train_acc:70.66']
2021-05-10 07:31:33,235 - Eye - INFO - ['Epoch:23, Iter:120, Lr:0.00000020', 'Loss:0.7831', 'train_acc:70.59']
2021-05-10 07:31:51,423 - Eye - INFO - ['Epoch:23, Iter:140, Lr:0.00000020', 'Loss:0.9661', 'train_acc:70.50']
2021-05-10 07:31:57,337 - Eye - INFO - ['Epoch:23, Lr:0.00000020, Cost:137.01s', 'Loss:0.9661', 'train_acc:70.50', 'val_acc:29.69', 'val_loss:1.31']
2021-05-10 07:32:20,238 - Eye - INFO - ['Epoch:24, Iter: 20, Lr:0.00000020', 'Loss:0.7565', 'train_acc:70.86']
2021-05-10 07:32:38,171 - Eye - INFO - ['Epoch:24, Iter: 40, Lr:0.00000020', 'Loss:0.8167', 'train_acc:70.39']
2021-05-10 07:32:55,754 - Eye - INFO - ['Epoch:24, Iter: 60, Lr:0.00000020', 'Loss:0.9415', 'train_acc:70.35']
2021-05-10 07:33:13,243 - Eye - INFO - ['Epoch:24, Iter: 80, Lr:0.00000020', 'Loss:0.9426', 'train_acc:70.29']
2021-05-10 07:33:31,232 - Eye - INFO - ['Epoch:24, Iter:100, Lr:0.00000020', 'Loss:0.8049', 'train_acc:70.40']
2021-05-10 07:33:49,168 - Eye - INFO - ['Epoch:24, Iter:120, Lr:0.00000020', 'Loss:0.8629', 'train_acc:70.15']
2021-05-10 07:34:07,171 - Eye - INFO - ['Epoch:24, Iter:140, Lr:0.00000020', 'Loss:0.8033', 'train_acc:70.32']
2021-05-10 07:34:12,947 - Eye - INFO - ['Epoch:24, Lr:0.00000020, Cost:135.53s', 'Loss:0.8033', 'train_acc:70.32', 'val_acc:30.47', 'val_loss:1.33']
2021-05-10 07:34:36,572 - Eye - INFO - ['Epoch:25, Iter: 20, Lr:0.00000020', 'Loss:0.9054', 'train_acc:69.80']
2021-05-10 07:34:54,611 - Eye - INFO - ['Epoch:25, Iter: 40, Lr:0.00000020', 'Loss:0.8605', 'train_acc:69.16']
2021-05-10 07:35:12,724 - Eye - INFO - ['Epoch:25, Iter: 60, Lr:0.00000020', 'Loss:0.8049', 'train_acc:69.74']
2021-05-10 07:35:30,747 - Eye - INFO - ['Epoch:25, Iter: 80, Lr:0.00000020', 'Loss:0.7628', 'train_acc:70.08']
2021-05-10 07:35:48,862 - Eye - INFO - ['Epoch:25, Iter:100, Lr:0.00000020', 'Loss:0.8084', 'train_acc:70.25']
2021-05-10 07:36:06,889 - Eye - INFO - ['Epoch:25, Iter:120, Lr:0.00000020', 'Loss:0.7347', 'train_acc:70.21']
2021-05-10 07:36:23,979 - Eye - INFO - ['Epoch:25, Iter:140, Lr:0.00000020', 'Loss:0.8537', 'train_acc:70.20']
2021-05-10 07:36:29,703 - Eye - INFO - ['Epoch:25, Lr:0.00000020, Cost:136.68s', 'Loss:0.8537', 'train_acc:70.20', 'val_acc:29.43', 'val_loss:1.32']
2021-05-10 07:36:54,182 - Eye - INFO - ['Epoch:26, Iter: 20, Lr:0.00000010', 'Loss:0.8649', 'train_acc:69.73']
2021-05-10 07:37:12,046 - Eye - INFO - ['Epoch:26, Iter: 40, Lr:0.00000010', 'Loss:0.7441', 'train_acc:70.12']
2021-05-10 07:37:30,091 - Eye - INFO - ['Epoch:26, Iter: 60, Lr:0.00000010', 'Loss:0.9102', 'train_acc:70.00']
2021-05-10 07:37:47,715 - Eye - INFO - ['Epoch:26, Iter: 80, Lr:0.00000010', 'Loss:0.8113', 'train_acc:70.21']
2021-05-10 07:38:05,893 - Eye - INFO - ['Epoch:26, Iter:100, Lr:0.00000010', 'Loss:0.8424', 'train_acc:70.27']
2021-05-10 07:38:24,089 - Eye - INFO - ['Epoch:26, Iter:120, Lr:0.00000010', 'Loss:0.8671', 'train_acc:70.20']
2021-05-10 07:38:42,440 - Eye - INFO - ['Epoch:26, Iter:140, Lr:0.00000010', 'Loss:0.8514', 'train_acc:70.30']
2021-05-10 07:38:48,281 - Eye - INFO - ['Epoch:26, Lr:0.00000010, Cost:138.49s', 'Loss:0.8514', 'train_acc:70.30', 'val_acc:31.51', 'val_loss:1.30']
2021-05-10 07:39:11,867 - Eye - INFO - ['Epoch:27, Iter: 20, Lr:0.00000010', 'Loss:0.8675', 'train_acc:70.35']
2021-05-10 07:39:30,025 - Eye - INFO - ['Epoch:27, Iter: 40, Lr:0.00000010', 'Loss:0.8448', 'train_acc:70.31']
2021-05-10 07:39:48,011 - Eye - INFO - ['Epoch:27, Iter: 60, Lr:0.00000010', 'Loss:0.8560', 'train_acc:70.26']
2021-05-10 07:40:06,074 - Eye - INFO - ['Epoch:27, Iter: 80, Lr:0.00000010', 'Loss:0.8615', 'train_acc:70.43']
2021-05-10 07:40:24,048 - Eye - INFO - ['Epoch:27, Iter:100, Lr:0.00000010', 'Loss:0.7939', 'train_acc:70.45']
2021-05-10 07:40:41,869 - Eye - INFO - ['Epoch:27, Iter:120, Lr:0.00000010', 'Loss:0.9374', 'train_acc:70.47']
2021-05-10 07:40:59,994 - Eye - INFO - ['Epoch:27, Iter:140, Lr:0.00000010', 'Loss:0.8079', 'train_acc:70.66']
2021-05-10 07:41:05,789 - Eye - INFO - ['Epoch:27, Lr:0.00000010, Cost:137.42s', 'Loss:0.8079', 'train_acc:70.66', 'val_acc:30.99', 'val_loss:1.30']
2021-05-10 07:41:28,210 - Eye - INFO - ['Epoch:28, Iter: 20, Lr:0.00000010', 'Loss:0.7858', 'train_acc:69.61']
2021-05-10 07:41:46,074 - Eye - INFO - ['Epoch:28, Iter: 40, Lr:0.00000010', 'Loss:0.8576', 'train_acc:70.35']
2021-05-10 07:42:04,192 - Eye - INFO - ['Epoch:28, Iter: 60, Lr:0.00000010', 'Loss:0.7273', 'train_acc:71.03']
2021-05-10 07:42:22,140 - Eye - INFO - ['Epoch:28, Iter: 80, Lr:0.00000010', 'Loss:0.7031', 'train_acc:71.26']
2021-05-10 07:42:40,280 - Eye - INFO - ['Epoch:28, Iter:100, Lr:0.00000010', 'Loss:0.8343', 'train_acc:71.46']
2021-05-10 07:42:58,423 - Eye - INFO - ['Epoch:28, Iter:120, Lr:0.00000010', 'Loss:0.7812', 'train_acc:71.28']
2021-05-10 07:43:16,711 - Eye - INFO - ['Epoch:28, Iter:140, Lr:0.00000010', 'Loss:0.8053', 'train_acc:71.13']
2021-05-10 07:43:22,471 - Eye - INFO - ['Epoch:28, Lr:0.00000010, Cost:136.59s', 'Loss:0.8053', 'train_acc:71.13', 'val_acc:31.51', 'val_loss:1.32']
2021-05-10 07:43:45,187 - Eye - INFO - ['Epoch:29, Iter: 20, Lr:0.00000010', 'Loss:0.7573', 'train_acc:69.84']
2021-05-10 07:44:03,341 - Eye - INFO - ['Epoch:29, Iter: 40, Lr:0.00000010', 'Loss:0.7763', 'train_acc:70.43']
2021-05-10 07:44:21,578 - Eye - INFO - ['Epoch:29, Iter: 60, Lr:0.00000010', 'Loss:0.8442', 'train_acc:70.47']
2021-05-10 07:44:39,351 - Eye - INFO - ['Epoch:29, Iter: 80, Lr:0.00000010', 'Loss:0.8414', 'train_acc:70.31']
2021-05-10 07:44:57,319 - Eye - INFO - ['Epoch:29, Iter:100, Lr:0.00000010', 'Loss:0.7608', 'train_acc:70.30']
2021-05-10 07:45:15,448 - Eye - INFO - ['Epoch:29, Iter:120, Lr:0.00000010', 'Loss:0.7304', 'train_acc:70.30']
2021-05-10 07:45:33,914 - Eye - INFO - ['Epoch:29, Iter:140, Lr:0.00000010', 'Loss:0.8837', 'train_acc:70.28']
2021-05-10 07:45:39,685 - Eye - INFO - ['Epoch:29, Lr:0.00000010, Cost:137.14s', 'Loss:0.8837', 'train_acc:70.28', 'val_acc:30.21', 'val_loss:1.30']
2021-05-10 07:46:02,297 - Eye - INFO - ['Epoch:30, Iter: 20, Lr:0.00000010', 'Loss:0.7404', 'train_acc:69.34']
2021-05-10 07:46:20,202 - Eye - INFO - ['Epoch:30, Iter: 40, Lr:0.00000010', 'Loss:0.7684', 'train_acc:70.45']
2021-05-10 07:46:38,206 - Eye - INFO - ['Epoch:30, Iter: 60, Lr:0.00000010', 'Loss:0.8132', 'train_acc:70.74']
2021-05-10 07:46:56,206 - Eye - INFO - ['Epoch:30, Iter: 80, Lr:0.00000010', 'Loss:0.8632', 'train_acc:70.60']
2021-05-10 07:47:14,061 - Eye - INFO - ['Epoch:30, Iter:100, Lr:0.00000010', 'Loss:0.8759', 'train_acc:70.66']
2021-05-10 07:47:32,066 - Eye - INFO - ['Epoch:30, Iter:120, Lr:0.00000010', 'Loss:0.7621', 'train_acc:70.70']
2021-05-10 07:47:50,198 - Eye - INFO - ['Epoch:30, Iter:140, Lr:0.00000010', 'Loss:0.9704', 'train_acc:70.46']
2021-05-10 07:47:56,091 - Eye - INFO - ['Epoch:30, Lr:0.00000010, Cost:136.34s', 'Loss:0.9704', 'train_acc:70.46', 'val_acc:31.51', 'val_loss:1.31']
2021-05-10 07:48:18,835 - Eye - INFO - ['Epoch:31, Iter: 20, Lr:0.00000005', 'Loss:0.8027', 'train_acc:71.05']
2021-05-10 07:48:37,041 - Eye - INFO - ['Epoch:31, Iter: 40, Lr:0.00000005', 'Loss:0.8083', 'train_acc:71.74']
2021-05-10 07:48:55,248 - Eye - INFO - ['Epoch:31, Iter: 60, Lr:0.00000005', 'Loss:0.8674', 'train_acc:70.79']
2021-05-10 07:49:13,473 - Eye - INFO - ['Epoch:31, Iter: 80, Lr:0.00000005', 'Loss:0.8088', 'train_acc:71.09']
2021-05-10 07:49:31,428 - Eye - INFO - ['Epoch:31, Iter:100, Lr:0.00000005', 'Loss:0.8960', 'train_acc:70.86']
2021-05-10 07:49:49,532 - Eye - INFO - ['Epoch:31, Iter:120, Lr:0.00000005', 'Loss:0.7854', 'train_acc:70.72']
2021-05-10 07:50:07,450 - Eye - INFO - ['Epoch:31, Iter:140, Lr:0.00000005', 'Loss:0.8333', 'train_acc:70.79']
2021-05-10 07:50:13,256 - Eye - INFO - ['Epoch:31, Lr:0.00000005, Cost:137.09s', 'Loss:0.8333', 'train_acc:70.79', 'val_acc:30.99', 'val_loss:1.30']
2021-05-10 07:50:36,475 - Eye - INFO - ['Epoch:32, Iter: 20, Lr:0.00000005', 'Loss:0.7587', 'train_acc:69.69']
2021-05-10 07:50:53,947 - Eye - INFO - ['Epoch:32, Iter: 40, Lr:0.00000005', 'Loss:0.7203', 'train_acc:70.57']
2021-05-10 07:51:11,258 - Eye - INFO - ['Epoch:32, Iter: 60, Lr:0.00000005', 'Loss:0.7895', 'train_acc:70.38']
2021-05-10 07:51:28,792 - Eye - INFO - ['Epoch:32, Iter: 80, Lr:0.00000005', 'Loss:0.7148', 'train_acc:70.31']
2021-05-10 07:51:46,766 - Eye - INFO - ['Epoch:32, Iter:100, Lr:0.00000005', 'Loss:0.7937', 'train_acc:70.31']
2021-05-10 07:52:04,899 - Eye - INFO - ['Epoch:32, Iter:120, Lr:0.00000005', 'Loss:0.8161', 'train_acc:70.73']
2021-05-10 07:52:23,275 - Eye - INFO - ['Epoch:32, Iter:140, Lr:0.00000005', 'Loss:0.8293', 'train_acc:70.64']
2021-05-10 07:52:28,909 - Eye - INFO - ['Epoch:32, Lr:0.00000005, Cost:135.58s', 'Loss:0.8293', 'train_acc:70.64', 'val_acc:32.03', 'val_loss:1.32']
2021-05-10 07:52:53,022 - Eye - INFO - ['Epoch:33, Iter: 20, Lr:0.00000005', 'Loss:0.8545', 'train_acc:70.98']
2021-05-10 07:53:10,696 - Eye - INFO - ['Epoch:33, Iter: 40, Lr:0.00000005', 'Loss:0.8696', 'train_acc:71.02']
2021-05-10 07:53:28,735 - Eye - INFO - ['Epoch:33, Iter: 60, Lr:0.00000005', 'Loss:0.9061', 'train_acc:70.98']
2021-05-10 07:53:46,851 - Eye - INFO - ['Epoch:33, Iter: 80, Lr:0.00000005', 'Loss:0.7992', 'train_acc:70.90']
2021-05-10 07:54:04,979 - Eye - INFO - ['Epoch:33, Iter:100, Lr:0.00000005', 'Loss:0.8794', 'train_acc:70.78']
2021-05-10 07:54:23,118 - Eye - INFO - ['Epoch:33, Iter:120, Lr:0.00000005', 'Loss:0.8031', 'train_acc:70.76']
2021-05-10 07:54:41,746 - Eye - INFO - ['Epoch:33, Iter:140, Lr:0.00000005', 'Loss:0.8234', 'train_acc:70.63']
2021-05-10 07:54:47,565 - Eye - INFO - ['Epoch:33, Lr:0.00000005, Cost:138.56s', 'Loss:0.8234', 'train_acc:70.63', 'val_acc:30.99', 'val_loss:1.31']
2021-05-10 07:55:10,343 - Eye - INFO - ['Epoch:34, Iter: 20, Lr:0.00000005', 'Loss:0.8130', 'train_acc:71.48']
2021-05-10 07:55:28,286 - Eye - INFO - ['Epoch:34, Iter: 40, Lr:0.00000005', 'Loss:0.7836', 'train_acc:71.02']
2021-05-10 07:55:46,273 - Eye - INFO - ['Epoch:34, Iter: 60, Lr:0.00000005', 'Loss:0.7820', 'train_acc:71.12']
2021-05-10 07:56:04,258 - Eye - INFO - ['Epoch:34, Iter: 80, Lr:0.00000005', 'Loss:0.8025', 'train_acc:71.10']
2021-05-10 07:56:22,168 - Eye - INFO - ['Epoch:34, Iter:100, Lr:0.00000005', 'Loss:0.7813', 'train_acc:71.14']
2021-05-10 07:56:40,334 - Eye - INFO - ['Epoch:34, Iter:120, Lr:0.00000005', 'Loss:0.7647', 'train_acc:71.11']
2021-05-10 07:56:58,390 - Eye - INFO - ['Epoch:34, Iter:140, Lr:0.00000005', 'Loss:0.8927', 'train_acc:70.97']
2021-05-10 07:57:04,248 - Eye - INFO - ['Epoch:34, Lr:0.00000005, Cost:136.59s', 'Loss:0.8927', 'train_acc:70.97', 'val_acc:30.47', 'val_loss:1.31']
2021-05-10 07:57:26,825 - Eye - INFO - ['Epoch:35, Iter: 20, Lr:0.00000005', 'Loss:0.9363', 'train_acc:69.14']
2021-05-10 07:57:44,713 - Eye - INFO - ['Epoch:35, Iter: 40, Lr:0.00000005', 'Loss:0.8785', 'train_acc:69.77']
2021-05-10 07:58:02,640 - Eye - INFO - ['Epoch:35, Iter: 60, Lr:0.00000005', 'Loss:0.7294', 'train_acc:70.34']
2021-05-10 07:58:20,666 - Eye - INFO - ['Epoch:35, Iter: 80, Lr:0.00000005', 'Loss:0.7697', 'train_acc:70.27']
2021-05-10 07:58:38,718 - Eye - INFO - ['Epoch:35, Iter:100, Lr:0.00000005', 'Loss:0.8507', 'train_acc:70.22']
2021-05-10 07:58:56,462 - Eye - INFO - ['Epoch:35, Iter:120, Lr:0.00000005', 'Loss:0.8293', 'train_acc:70.39']
2021-05-10 07:59:14,127 - Eye - INFO - ['Epoch:35, Iter:140, Lr:0.00000005', 'Loss:0.7685', 'train_acc:70.44']
2021-05-10 07:59:19,874 - Eye - INFO - ['Epoch:35, Lr:0.00000005, Cost:135.54s', 'Loss:0.7685', 'train_acc:70.44', 'val_acc:31.25', 'val_loss:1.29']
2021-05-10 07:59:42,772 - Eye - INFO - ['Epoch:36, Iter: 20, Lr:0.00000005', 'Loss:0.9075', 'train_acc:71.68']
2021-05-10 08:00:00,832 - Eye - INFO - ['Epoch:36, Iter: 40, Lr:0.00000005', 'Loss:0.7457', 'train_acc:71.27']
2021-05-10 08:00:18,986 - Eye - INFO - ['Epoch:36, Iter: 60, Lr:0.00000005', 'Loss:0.9053', 'train_acc:71.03']
2021-05-10 08:00:37,214 - Eye - INFO - ['Epoch:36, Iter: 80, Lr:0.00000005', 'Loss:0.8514', 'train_acc:70.72']
2021-05-10 08:00:55,312 - Eye - INFO - ['Epoch:36, Iter:100, Lr:0.00000005', 'Loss:0.8811', 'train_acc:70.98']
2021-05-10 08:01:13,264 - Eye - INFO - ['Epoch:36, Iter:120, Lr:0.00000005', 'Loss:0.8134', 'train_acc:70.68']
2021-05-10 08:01:31,539 - Eye - INFO - ['Epoch:36, Iter:140, Lr:0.00000005', 'Loss:0.8746', 'train_acc:70.74']
2021-05-10 08:01:37,345 - Eye - INFO - ['Epoch:36, Lr:0.00000005, Cost:137.36s', 'Loss:0.8746', 'train_acc:70.74', 'val_acc:32.03', 'val_loss:1.30']
2021-05-10 08:02:00,049 - Eye - INFO - ['Epoch:37, Iter: 20, Lr:0.00000005', 'Loss:0.7992', 'train_acc:72.50']
2021-05-10 08:02:17,902 - Eye - INFO - ['Epoch:37, Iter: 40, Lr:0.00000005', 'Loss:0.7619', 'train_acc:71.41']
2021-05-10 08:02:35,571 - Eye - INFO - ['Epoch:37, Iter: 60, Lr:0.00000005', 'Loss:0.7975', 'train_acc:70.68']
2021-05-10 08:02:53,297 - Eye - INFO - ['Epoch:37, Iter: 80, Lr:0.00000005', 'Loss:0.7697', 'train_acc:70.82']
2021-05-10 08:03:11,168 - Eye - INFO - ['Epoch:37, Iter:100, Lr:0.00000005', 'Loss:0.9095', 'train_acc:70.72']
2021-05-10 08:03:28,699 - Eye - INFO - ['Epoch:37, Iter:120, Lr:0.00000005', 'Loss:0.8638', 'train_acc:70.45']
2021-05-10 08:03:45,657 - Eye - INFO - ['Epoch:37, Iter:140, Lr:0.00000005', 'Loss:0.8467', 'train_acc:70.72']
2021-05-10 08:03:51,433 - Eye - INFO - ['Epoch:37, Lr:0.00000005, Cost:134.00s', 'Loss:0.8467', 'train_acc:70.72', 'val_acc:30.47', 'val_loss:1.30']
2021-05-10 08:04:14,896 - Eye - INFO - ['Epoch:38, Iter: 20, Lr:0.00000005', 'Loss:0.9237', 'train_acc:71.45']
2021-05-10 08:04:32,796 - Eye - INFO - ['Epoch:38, Iter: 40, Lr:0.00000005', 'Loss:0.7893', 'train_acc:71.31']
2021-05-10 08:04:50,661 - Eye - INFO - ['Epoch:38, Iter: 60, Lr:0.00000005', 'Loss:0.8056', 'train_acc:71.71']
2021-05-10 08:05:08,697 - Eye - INFO - ['Epoch:38, Iter: 80, Lr:0.00000005', 'Loss:0.8517', 'train_acc:71.36']
2021-05-10 08:05:26,818 - Eye - INFO - ['Epoch:38, Iter:100, Lr:0.00000005', 'Loss:0.8625', 'train_acc:71.13']
2021-05-10 08:05:44,647 - Eye - INFO - ['Epoch:38, Iter:120, Lr:0.00000005', 'Loss:0.8396', 'train_acc:70.83']
2021-05-10 08:06:02,551 - Eye - INFO - ['Epoch:38, Iter:140, Lr:0.00000005', 'Loss:0.7564', 'train_acc:71.03']
2021-05-10 08:06:08,393 - Eye - INFO - ['Epoch:38, Lr:0.00000005, Cost:136.82s', 'Loss:0.7564', 'train_acc:71.03', 'val_acc:31.77', 'val_loss:1.30']
2021-05-10 08:06:31,193 - Eye - INFO - ['Epoch:39, Iter: 20, Lr:0.00000005', 'Loss:0.9131', 'train_acc:69.02']
2021-05-10 08:06:49,083 - Eye - INFO - ['Epoch:39, Iter: 40, Lr:0.00000005', 'Loss:0.7371', 'train_acc:69.73']
2021-05-10 08:07:06,892 - Eye - INFO - ['Epoch:39, Iter: 60, Lr:0.00000005', 'Loss:0.8057', 'train_acc:69.93']
2021-05-10 08:07:24,479 - Eye - INFO - ['Epoch:39, Iter: 80, Lr:0.00000005', 'Loss:0.8336', 'train_acc:69.91']
2021-05-10 08:07:41,890 - Eye - INFO - ['Epoch:39, Iter:100, Lr:0.00000005', 'Loss:0.8385', 'train_acc:70.19']
2021-05-10 08:07:59,732 - Eye - INFO - ['Epoch:39, Iter:120, Lr:0.00000005', 'Loss:0.8737', 'train_acc:70.14']
2021-05-10 08:08:18,201 - Eye - INFO - ['Epoch:39, Iter:140, Lr:0.00000005', 'Loss:0.7999', 'train_acc:70.14']
2021-05-10 08:08:24,037 - Eye - INFO - ['Epoch:39, Lr:0.00000005, Cost:135.55s', 'Loss:0.7999', 'train_acc:70.14', 'val_acc:31.51', 'val_loss:1.30']
2021-05-10 08:08:46,782 - Eye - INFO - ['Epoch:40, Iter: 20, Lr:0.00000005', 'Loss:0.8576', 'train_acc:69.73']
2021-05-10 08:09:04,853 - Eye - INFO - ['Epoch:40, Iter: 40, Lr:0.00000005', 'Loss:0.9213', 'train_acc:70.41']
2021-05-10 08:09:23,044 - Eye - INFO - ['Epoch:40, Iter: 60, Lr:0.00000005', 'Loss:0.7896', 'train_acc:70.59']
2021-05-10 08:09:41,299 - Eye - INFO - ['Epoch:40, Iter: 80, Lr:0.00000005', 'Loss:0.7883', 'train_acc:71.17']
2021-05-10 08:09:59,297 - Eye - INFO - ['Epoch:40, Iter:100, Lr:0.00000005', 'Loss:0.8626', 'train_acc:70.94']
2021-05-10 08:10:16,947 - Eye - INFO - ['Epoch:40, Iter:120, Lr:0.00000005', 'Loss:0.7730', 'train_acc:70.82']
2021-05-10 08:10:35,494 - Eye - INFO - ['Epoch:40, Iter:140, Lr:0.00000005', 'Loss:0.8365', 'train_acc:70.70']
2021-05-10 08:10:41,322 - Eye - INFO - ['Epoch:40, Lr:0.00000005, Cost:137.20s', 'Loss:0.8365', 'train_acc:70.70', 'val_acc:31.51', 'val_loss:1.30']
2021-05-10 08:11:04,055 - Eye - INFO - ['Epoch:41, Iter: 20, Lr:0.00000005', 'Loss:0.9163', 'train_acc:70.74']
2021-05-10 08:11:22,037 - Eye - INFO - ['Epoch:41, Iter: 40, Lr:0.00000005', 'Loss:0.8841', 'train_acc:70.96']
2021-05-10 08:11:40,020 - Eye - INFO - ['Epoch:41, Iter: 60, Lr:0.00000005', 'Loss:0.8093', 'train_acc:69.97']
2021-05-10 08:11:57,893 - Eye - INFO - ['Epoch:41, Iter: 80, Lr:0.00000005', 'Loss:0.8514', 'train_acc:69.77']
2021-05-10 08:12:16,076 - Eye - INFO - ['Epoch:41, Iter:100, Lr:0.00000005', 'Loss:0.8347', 'train_acc:69.84']
2021-05-10 08:12:34,259 - Eye - INFO - ['Epoch:41, Iter:120, Lr:0.00000005', 'Loss:0.8508', 'train_acc:70.35']
2021-05-10 08:12:52,628 - Eye - INFO - ['Epoch:41, Iter:140, Lr:0.00000005', 'Loss:0.7650', 'train_acc:70.48']
2021-05-10 08:12:58,464 - Eye - INFO - ['Epoch:41, Lr:0.00000005, Cost:137.05s', 'Loss:0.7650', 'train_acc:70.48', 'val_acc:31.25', 'val_loss:1.32']
2021-05-10 08:13:22,103 - Eye - INFO - ['Epoch:42, Iter: 20, Lr:0.00000005', 'Loss:0.7243', 'train_acc:71.84']
2021-05-10 08:13:40,200 - Eye - INFO - ['Epoch:42, Iter: 40, Lr:0.00000005', 'Loss:0.7857', 'train_acc:71.21']
2021-05-10 08:13:58,229 - Eye - INFO - ['Epoch:42, Iter: 60, Lr:0.00000005', 'Loss:0.7514', 'train_acc:71.18']
2021-05-10 08:14:16,299 - Eye - INFO - ['Epoch:42, Iter: 80, Lr:0.00000005', 'Loss:0.9463', 'train_acc:71.04']
2021-05-10 08:14:34,447 - Eye - INFO - ['Epoch:42, Iter:100, Lr:0.00000005', 'Loss:0.8658', 'train_acc:70.96']
2021-05-10 08:14:52,469 - Eye - INFO - ['Epoch:42, Iter:120, Lr:0.00000005', 'Loss:0.8288', 'train_acc:70.98']
2021-05-10 08:15:10,833 - Eye - INFO - ['Epoch:42, Iter:140, Lr:0.00000005', 'Loss:0.7761', 'train_acc:71.04']
2021-05-10 08:15:16,784 - Eye - INFO - ['Epoch:42, Lr:0.00000005, Cost:138.25s', 'Loss:0.7761', 'train_acc:71.04', 'val_acc:31.25', 'val_loss:1.31']
2021-05-10 08:15:40,295 - Eye - INFO - ['Epoch:43, Iter: 20, Lr:0.00000005', 'Loss:0.7591', 'train_acc:72.19']
2021-05-10 08:15:58,445 - Eye - INFO - ['Epoch:43, Iter: 40, Lr:0.00000005', 'Loss:0.8001', 'train_acc:71.33']
2021-05-10 08:16:16,624 - Eye - INFO - ['Epoch:43, Iter: 60, Lr:0.00000005', 'Loss:0.9341', 'train_acc:70.74']
2021-05-10 08:16:34,528 - Eye - INFO - ['Epoch:43, Iter: 80, Lr:0.00000005', 'Loss:0.8401', 'train_acc:70.65']
2021-05-10 08:16:52,569 - Eye - INFO - ['Epoch:43, Iter:100, Lr:0.00000005', 'Loss:0.8272', 'train_acc:70.72']
2021-05-10 08:17:10,420 - Eye - INFO - ['Epoch:43, Iter:120, Lr:0.00000005', 'Loss:0.8451', 'train_acc:70.75']
2021-05-10 08:17:27,479 - Eye - INFO - ['Epoch:43, Iter:140, Lr:0.00000005', 'Loss:0.8037', 'train_acc:71.01']
2021-05-10 08:17:33,217 - Eye - INFO - ['Epoch:43, Lr:0.00000005, Cost:136.34s', 'Loss:0.8037', 'train_acc:71.01', 'val_acc:30.47', 'val_loss:1.30']
2021-05-10 08:17:55,873 - Eye - INFO - ['Epoch:44, Iter: 20, Lr:0.00000005', 'Loss:0.7750', 'train_acc:70.27']
2021-05-10 08:18:14,054 - Eye - INFO - ['Epoch:44, Iter: 40, Lr:0.00000005', 'Loss:0.7489', 'train_acc:70.35']
2021-05-10 08:18:31,764 - Eye - INFO - ['Epoch:44, Iter: 60, Lr:0.00000005', 'Loss:0.7595', 'train_acc:70.57']
2021-05-10 08:18:49,926 - Eye - INFO - ['Epoch:44, Iter: 80, Lr:0.00000005', 'Loss:0.7620', 'train_acc:70.68']
2021-05-10 08:19:08,051 - Eye - INFO - ['Epoch:44, Iter:100, Lr:0.00000005', 'Loss:0.8088', 'train_acc:70.73']
2021-05-10 08:19:26,241 - Eye - INFO - ['Epoch:44, Iter:120, Lr:0.00000005', 'Loss:0.8564', 'train_acc:70.86']
2021-05-10 08:19:44,378 - Eye - INFO - ['Epoch:44, Iter:140, Lr:0.00000005', 'Loss:0.9426', 'train_acc:70.84']
2021-05-10 08:19:50,156 - Eye - INFO - ['Epoch:44, Lr:0.00000005, Cost:136.87s', 'Loss:0.9426', 'train_acc:70.84', 'val_acc:32.81', 'val_loss:1.30']
2021-05-10 08:20:12,860 - Eye - INFO - ['Epoch:45, Iter: 20, Lr:0.00000005', 'Loss:0.7624', 'train_acc:71.17']
2021-05-10 08:20:30,601 - Eye - INFO - ['Epoch:45, Iter: 40, Lr:0.00000005', 'Loss:0.8122', 'train_acc:71.07']
2021-05-10 08:20:48,322 - Eye - INFO - ['Epoch:45, Iter: 60, Lr:0.00000005', 'Loss:0.7546', 'train_acc:71.07']
2021-05-10 08:21:06,358 - Eye - INFO - ['Epoch:45, Iter: 80, Lr:0.00000005', 'Loss:0.8030', 'train_acc:71.12']
2021-05-10 08:21:24,292 - Eye - INFO - ['Epoch:45, Iter:100, Lr:0.00000005', 'Loss:0.7921', 'train_acc:71.02']
2021-05-10 08:21:41,820 - Eye - INFO - ['Epoch:45, Iter:120, Lr:0.00000005', 'Loss:0.7906', 'train_acc:70.97']
2021-05-10 08:22:00,371 - Eye - INFO - ['Epoch:45, Iter:140, Lr:0.00000005', 'Loss:0.8476', 'train_acc:70.85']
2021-05-10 08:22:06,078 - Eye - INFO - ['Epoch:45, Lr:0.00000005, Cost:135.85s', 'Loss:0.8476', 'train_acc:70.85', 'val_acc:31.51', 'val_loss:1.30']
2021-05-10 08:22:29,915 - Eye - INFO - ['Epoch:46, Iter: 20, Lr:0.00000005', 'Loss:0.7961', 'train_acc:72.89']
2021-05-10 08:22:47,717 - Eye - INFO - ['Epoch:46, Iter: 40, Lr:0.00000005', 'Loss:0.8244', 'train_acc:72.13']
2021-05-10 08:23:05,720 - Eye - INFO - ['Epoch:46, Iter: 60, Lr:0.00000005', 'Loss:0.7297', 'train_acc:72.01']
2021-05-10 08:23:23,785 - Eye - INFO - ['Epoch:46, Iter: 80, Lr:0.00000005', 'Loss:0.7519', 'train_acc:71.73']
2021-05-10 08:23:41,630 - Eye - INFO - ['Epoch:46, Iter:100, Lr:0.00000005', 'Loss:0.8670', 'train_acc:71.66']
2021-05-10 08:23:59,828 - Eye - INFO - ['Epoch:46, Iter:120, Lr:0.00000005', 'Loss:0.9209', 'train_acc:71.50']
2021-05-10 08:24:17,959 - Eye - INFO - ['Epoch:46, Iter:140, Lr:0.00000005', 'Loss:0.7179', 'train_acc:71.59']
2021-05-10 08:24:23,750 - Eye - INFO - ['Epoch:46, Lr:0.00000005, Cost:137.55s', 'Loss:0.7179', 'train_acc:71.59', 'val_acc:31.25', 'val_loss:1.30']
2021-05-10 08:24:46,421 - Eye - INFO - ['Epoch:47, Iter: 20, Lr:0.00000005', 'Loss:0.8052', 'train_acc:71.02']
2021-05-10 08:25:04,519 - Eye - INFO - ['Epoch:47, Iter: 40, Lr:0.00000005', 'Loss:0.9165', 'train_acc:71.15']
2021-05-10 08:25:22,583 - Eye - INFO - ['Epoch:47, Iter: 60, Lr:0.00000005', 'Loss:0.6933', 'train_acc:70.95']
2021-05-10 08:25:40,928 - Eye - INFO - ['Epoch:47, Iter: 80, Lr:0.00000005', 'Loss:0.8259', 'train_acc:70.55']
2021-05-10 08:25:58,867 - Eye - INFO - ['Epoch:47, Iter:100, Lr:0.00000005', 'Loss:0.8689', 'train_acc:70.55']
2021-05-10 08:26:16,689 - Eye - INFO - ['Epoch:47, Iter:120, Lr:0.00000005', 'Loss:0.8053', 'train_acc:70.29']
2021-05-10 08:26:34,481 - Eye - INFO - ['Epoch:47, Iter:140, Lr:0.00000005', 'Loss:0.8549', 'train_acc:70.22']
2021-05-10 08:26:40,229 - Eye - INFO - ['Epoch:47, Lr:0.00000005, Cost:136.41s', 'Loss:0.8549', 'train_acc:70.22', 'val_acc:30.99', 'val_loss:1.30']
2021-05-10 08:27:03,764 - Eye - INFO - ['Epoch:48, Iter: 20, Lr:0.00000005', 'Loss:0.8077', 'train_acc:70.35']
2021-05-10 08:27:21,822 - Eye - INFO - ['Epoch:48, Iter: 40, Lr:0.00000005', 'Loss:0.9321', 'train_acc:70.57']
2021-05-10 08:27:39,797 - Eye - INFO - ['Epoch:48, Iter: 60, Lr:0.00000005', 'Loss:0.9090', 'train_acc:70.61']
2021-05-10 08:27:57,830 - Eye - INFO - ['Epoch:48, Iter: 80, Lr:0.00000005', 'Loss:0.8484', 'train_acc:70.85']
2021-05-10 08:28:15,993 - Eye - INFO - ['Epoch:48, Iter:100, Lr:0.00000005', 'Loss:0.8908', 'train_acc:70.81']
2021-05-10 08:28:33,929 - Eye - INFO - ['Epoch:48, Iter:120, Lr:0.00000005', 'Loss:0.8756', 'train_acc:70.62']
2021-05-10 08:28:52,237 - Eye - INFO - ['Epoch:48, Iter:140, Lr:0.00000005', 'Loss:0.8085', 'train_acc:70.56']
2021-05-10 08:28:58,097 - Eye - INFO - ['Epoch:48, Lr:0.00000005, Cost:137.79s', 'Loss:0.8085', 'train_acc:70.56', 'val_acc:32.03', 'val_loss:1.31']
2021-05-10 08:29:20,704 - Eye - INFO - ['Epoch:49, Iter: 20, Lr:0.00000005', 'Loss:0.7725', 'train_acc:71.56']
2021-05-10 08:29:38,620 - Eye - INFO - ['Epoch:49, Iter: 40, Lr:0.00000005', 'Loss:0.8013', 'train_acc:71.58']
2021-05-10 08:29:56,645 - Eye - INFO - ['Epoch:49, Iter: 60, Lr:0.00000005', 'Loss:0.8110', 'train_acc:71.50']
2021-05-10 08:30:14,662 - Eye - INFO - ['Epoch:49, Iter: 80, Lr:0.00000005', 'Loss:0.7531', 'train_acc:71.19']
2021-05-10 08:30:32,561 - Eye - INFO - ['Epoch:49, Iter:100, Lr:0.00000005', 'Loss:0.7289', 'train_acc:71.50']
2021-05-10 08:30:50,966 - Eye - INFO - ['Epoch:49, Iter:120, Lr:0.00000005', 'Loss:0.7656', 'train_acc:71.43']
2021-05-10 08:31:09,250 - Eye - INFO - ['Epoch:49, Iter:140, Lr:0.00000005', 'Loss:0.8185', 'train_acc:71.36']
2021-05-10 08:31:15,032 - Eye - INFO - ['Epoch:49, Lr:0.00000005, Cost:136.84s', 'Loss:0.8185', 'train_acc:71.36', 'val_acc:31.25', 'val_loss:1.32']
