2021-05-09 13:19:07,592 - Eye - INFO - Train Dataset uploaded!
2021-05-09 13:19:07,592 - Eye - INFO - device:cuda
2021-05-09 13:20:21,982 - Eye - INFO - ['Epoch:00, Iter: 20, Lr:0.00010000', 'Loss:1.6842', 'train_acc:28.36']
2021-05-09 13:20:30,977 - Eye - INFO - ['Epoch:00, Iter: 40, Lr:0.00010000', 'Loss:1.6086', 'train_acc:31.76']
2021-05-09 13:20:40,036 - Eye - INFO - ['Epoch:00, Iter: 60, Lr:0.00010000', 'Loss:1.5093', 'train_acc:34.95']
2021-05-09 13:20:49,277 - Eye - INFO - ['Epoch:00, Iter: 80, Lr:0.00010000', 'Loss:1.3583', 'train_acc:37.71']
2021-05-09 13:20:58,662 - Eye - INFO - ['Epoch:00, Iter:100, Lr:0.00010000', 'Loss:1.2314', 'train_acc:40.23']
2021-05-09 13:21:07,878 - Eye - INFO - ['Epoch:00, Iter:120, Lr:0.00010000', 'Loss:1.2791', 'train_acc:42.24']
2021-05-09 13:21:17,189 - Eye - INFO - ['Epoch:00, Iter:140, Lr:0.00010000', 'Loss:1.2149', 'train_acc:43.49']
2021-05-09 13:21:26,506 - Eye - INFO - ['Epoch:00, Iter:160, Lr:0.00010000', 'Loss:1.1350', 'train_acc:44.56']
2021-05-09 13:21:36,032 - Eye - INFO - ['Epoch:00, Iter:180, Lr:0.00010000', 'Loss:1.3454', 'train_acc:45.45']
2021-05-09 13:21:45,608 - Eye - INFO - ['Epoch:00, Iter:200, Lr:0.00010000', 'Loss:1.2311', 'train_acc:46.04']
2021-05-09 13:21:55,026 - Eye - INFO - ['Epoch:00, Iter:220, Lr:0.00010000', 'Loss:1.0270', 'train_acc:46.74']
2021-05-09 13:22:04,386 - Eye - INFO - ['Epoch:00, Iter:240, Lr:0.00010000', 'Loss:0.9960', 'train_acc:47.18']
2021-05-09 13:22:13,938 - Eye - INFO - ['Epoch:00, Iter:260, Lr:0.00010000', 'Loss:1.2473', 'train_acc:47.66']
2021-05-09 13:22:23,509 - Eye - INFO - ['Epoch:00, Iter:280, Lr:0.00010000', 'Loss:1.0581', 'train_acc:48.29']
2021-05-09 13:22:28,054 - Eye - INFO - ['Epoch:00, Lr:0.00010000, Cost:140.35s', 'Loss:1.1215', 'train_acc:48.33', 'val_acc:21.61', 'val_loss:1.63']
2021-05-09 13:22:40,176 - Eye - INFO - ['Epoch:01, Iter: 20, Lr:0.00005000', 'Loss:1.0645', 'train_acc:54.53']
2021-05-09 13:22:49,743 - Eye - INFO - ['Epoch:01, Iter: 40, Lr:0.00005000', 'Loss:1.0874', 'train_acc:56.29']
2021-05-09 13:22:59,040 - Eye - INFO - ['Epoch:01, Iter: 60, Lr:0.00005000', 'Loss:1.1378', 'train_acc:57.68']
2021-05-09 13:23:08,386 - Eye - INFO - ['Epoch:01, Iter: 80, Lr:0.00005000', 'Loss:1.1323', 'train_acc:57.95']
2021-05-09 13:23:17,892 - Eye - INFO - ['Epoch:01, Iter:100, Lr:0.00005000', 'Loss:1.0843', 'train_acc:57.97']
2021-05-09 13:23:27,327 - Eye - INFO - ['Epoch:01, Iter:120, Lr:0.00005000', 'Loss:0.8908', 'train_acc:58.09']
2021-05-09 13:23:36,641 - Eye - INFO - ['Epoch:01, Iter:140, Lr:0.00005000', 'Loss:1.1004', 'train_acc:58.42']
2021-05-09 13:23:46,001 - Eye - INFO - ['Epoch:01, Iter:160, Lr:0.00005000', 'Loss:0.8658', 'train_acc:58.78']
2021-05-09 13:23:55,473 - Eye - INFO - ['Epoch:01, Iter:180, Lr:0.00005000', 'Loss:1.2097', 'train_acc:58.77']
2021-05-09 13:24:04,929 - Eye - INFO - ['Epoch:01, Iter:200, Lr:0.00005000', 'Loss:0.9563', 'train_acc:59.02']
2021-05-09 13:24:14,487 - Eye - INFO - ['Epoch:01, Iter:220, Lr:0.00005000', 'Loss:1.0355', 'train_acc:59.07']
2021-05-09 13:24:23,837 - Eye - INFO - ['Epoch:01, Iter:240, Lr:0.00005000', 'Loss:0.9579', 'train_acc:59.10']
2021-05-09 13:24:33,407 - Eye - INFO - ['Epoch:01, Iter:260, Lr:0.00005000', 'Loss:0.9268', 'train_acc:59.10']
2021-05-09 13:24:43,126 - Eye - INFO - ['Epoch:01, Iter:280, Lr:0.00005000', 'Loss:0.9353', 'train_acc:59.31']
2021-05-09 13:24:47,724 - Eye - INFO - ['Epoch:01, Lr:0.00005000, Cost:139.59s', 'Loss:1.0600', 'train_acc:59.30', 'val_acc:24.74', 'val_loss:1.54']
2021-05-09 13:25:00,288 - Eye - INFO - ['Epoch:02, Iter: 20, Lr:0.00002500', 'Loss:0.9153', 'train_acc:58.05']
2021-05-09 13:25:09,751 - Eye - INFO - ['Epoch:02, Iter: 40, Lr:0.00002500', 'Loss:0.9794', 'train_acc:58.24']
2021-05-09 13:25:19,139 - Eye - INFO - ['Epoch:02, Iter: 60, Lr:0.00002500', 'Loss:0.9327', 'train_acc:58.65']
2021-05-09 13:25:28,602 - Eye - INFO - ['Epoch:02, Iter: 80, Lr:0.00002500', 'Loss:0.8765', 'train_acc:60.31']
2021-05-09 13:25:38,097 - Eye - INFO - ['Epoch:02, Iter:100, Lr:0.00002500', 'Loss:0.9083', 'train_acc:60.92']
2021-05-09 13:25:47,522 - Eye - INFO - ['Epoch:02, Iter:120, Lr:0.00002500', 'Loss:0.9123', 'train_acc:61.25']
2021-05-09 13:25:56,794 - Eye - INFO - ['Epoch:02, Iter:140, Lr:0.00002500', 'Loss:1.0208', 'train_acc:61.42']
2021-05-09 13:26:05,816 - Eye - INFO - ['Epoch:02, Iter:160, Lr:0.00002500', 'Loss:0.8855', 'train_acc:61.81']
2021-05-09 13:26:14,845 - Eye - INFO - ['Epoch:02, Iter:180, Lr:0.00002500', 'Loss:0.9749', 'train_acc:61.68']
2021-05-09 13:26:24,279 - Eye - INFO - ['Epoch:02, Iter:200, Lr:0.00002500', 'Loss:0.8912', 'train_acc:61.93']
2021-05-09 13:26:33,940 - Eye - INFO - ['Epoch:02, Iter:220, Lr:0.00002500', 'Loss:0.9333', 'train_acc:62.13']
2021-05-09 13:26:43,404 - Eye - INFO - ['Epoch:02, Iter:240, Lr:0.00002500', 'Loss:0.8676', 'train_acc:62.36']
2021-05-09 13:26:52,974 - Eye - INFO - ['Epoch:02, Iter:260, Lr:0.00002500', 'Loss:0.9575', 'train_acc:62.55']
2021-05-09 13:27:02,697 - Eye - INFO - ['Epoch:02, Iter:280, Lr:0.00002500', 'Loss:0.9155', 'train_acc:62.96']
2021-05-09 13:27:07,398 - Eye - INFO - ['Epoch:02, Lr:0.00002500, Cost:139.59s', 'Loss:0.7980', 'train_acc:63.00', 'val_acc:41.41', 'val_loss:1.29']
2021-05-09 13:27:19,557 - Eye - INFO - ['Epoch:03, Iter: 20, Lr:0.00002500', 'Loss:0.8505', 'train_acc:66.25']
2021-05-09 13:27:29,083 - Eye - INFO - ['Epoch:03, Iter: 40, Lr:0.00002500', 'Loss:0.9089', 'train_acc:66.84']
2021-05-09 13:27:38,645 - Eye - INFO - ['Epoch:03, Iter: 60, Lr:0.00002500', 'Loss:0.8823', 'train_acc:68.23']
2021-05-09 13:27:47,977 - Eye - INFO - ['Epoch:03, Iter: 80, Lr:0.00002500', 'Loss:0.9791', 'train_acc:68.91']
2021-05-09 13:27:57,413 - Eye - INFO - ['Epoch:03, Iter:100, Lr:0.00002500', 'Loss:0.6399', 'train_acc:69.48']
2021-05-09 13:28:06,872 - Eye - INFO - ['Epoch:03, Iter:120, Lr:0.00002500', 'Loss:0.7292', 'train_acc:70.47']
2021-05-09 13:28:16,308 - Eye - INFO - ['Epoch:03, Iter:140, Lr:0.00002500', 'Loss:1.0081', 'train_acc:71.08']
2021-05-09 13:28:25,856 - Eye - INFO - ['Epoch:03, Iter:160, Lr:0.00002500', 'Loss:0.7924', 'train_acc:71.33']
2021-05-09 13:28:35,250 - Eye - INFO - ['Epoch:03, Iter:180, Lr:0.00002500', 'Loss:0.6630', 'train_acc:71.98']
2021-05-09 13:28:44,868 - Eye - INFO - ['Epoch:03, Iter:200, Lr:0.00002500', 'Loss:0.4655', 'train_acc:72.41']
2021-05-09 13:28:54,352 - Eye - INFO - ['Epoch:03, Iter:220, Lr:0.00002500', 'Loss:0.7367', 'train_acc:72.55']
2021-05-09 13:29:03,701 - Eye - INFO - ['Epoch:03, Iter:240, Lr:0.00002500', 'Loss:0.4352', 'train_acc:72.95']
2021-05-09 13:29:13,237 - Eye - INFO - ['Epoch:03, Iter:260, Lr:0.00002500', 'Loss:0.6388', 'train_acc:73.37']
2021-05-09 13:29:22,813 - Eye - INFO - ['Epoch:03, Iter:280, Lr:0.00002500', 'Loss:0.6314', 'train_acc:73.89']
2021-05-09 13:29:27,397 - Eye - INFO - ['Epoch:03, Lr:0.00002500, Cost:139.92s', 'Loss:0.5041', 'train_acc:73.95', 'val_acc:29.17', 'val_loss:1.47']
2021-05-09 13:29:39,718 - Eye - INFO - ['Epoch:04, Iter: 20, Lr:0.00001250', 'Loss:0.5320', 'train_acc:79.92']
2021-05-09 13:29:49,222 - Eye - INFO - ['Epoch:04, Iter: 40, Lr:0.00001250', 'Loss:0.5225', 'train_acc:81.76']
2021-05-09 13:29:58,702 - Eye - INFO - ['Epoch:04, Iter: 60, Lr:0.00001250', 'Loss:0.8789', 'train_acc:82.19']
2021-05-09 13:30:08,135 - Eye - INFO - ['Epoch:04, Iter: 80, Lr:0.00001250', 'Loss:0.6240', 'train_acc:82.71']
2021-05-09 13:30:17,661 - Eye - INFO - ['Epoch:04, Iter:100, Lr:0.00001250', 'Loss:0.4562', 'train_acc:83.39']
2021-05-09 13:30:27,260 - Eye - INFO - ['Epoch:04, Iter:120, Lr:0.00001250', 'Loss:0.5904', 'train_acc:83.68']
2021-05-09 13:30:36,316 - Eye - INFO - ['Epoch:04, Iter:140, Lr:0.00001250', 'Loss:0.4832', 'train_acc:84.13']
2021-05-09 13:30:45,369 - Eye - INFO - ['Epoch:04, Iter:160, Lr:0.00001250', 'Loss:0.5246', 'train_acc:84.27']
2021-05-09 13:30:54,813 - Eye - INFO - ['Epoch:04, Iter:180, Lr:0.00001250', 'Loss:0.3523', 'train_acc:84.38']
2021-05-09 13:31:04,287 - Eye - INFO - ['Epoch:04, Iter:200, Lr:0.00001250', 'Loss:0.5057', 'train_acc:84.57']
2021-05-09 13:31:13,715 - Eye - INFO - ['Epoch:04, Iter:220, Lr:0.00001250', 'Loss:0.5407', 'train_acc:84.54']
2021-05-09 13:31:23,157 - Eye - INFO - ['Epoch:04, Iter:240, Lr:0.00001250', 'Loss:0.5488', 'train_acc:84.79']
2021-05-09 13:31:32,598 - Eye - INFO - ['Epoch:04, Iter:260, Lr:0.00001250', 'Loss:0.3126', 'train_acc:85.04']
2021-05-09 13:31:42,076 - Eye - INFO - ['Epoch:04, Iter:280, Lr:0.00001250', 'Loss:0.3857', 'train_acc:85.09']
2021-05-09 13:31:46,626 - Eye - INFO - ['Epoch:04, Lr:0.00001250, Cost:139.16s', 'Loss:0.4378', 'train_acc:85.11', 'val_acc:64.58', 'val_loss:0.67']
2021-05-09 13:31:58,798 - Eye - INFO - ['Epoch:05, Iter: 20, Lr:0.00001250', 'Loss:0.3761', 'train_acc:88.98']
2021-05-09 13:32:08,093 - Eye - INFO - ['Epoch:05, Iter: 40, Lr:0.00001250', 'Loss:0.3720', 'train_acc:88.91']
2021-05-09 13:32:17,630 - Eye - INFO - ['Epoch:05, Iter: 60, Lr:0.00001250', 'Loss:0.3829', 'train_acc:88.26']
2021-05-09 13:32:27,128 - Eye - INFO - ['Epoch:05, Iter: 80, Lr:0.00001250', 'Loss:0.3148', 'train_acc:88.73']
2021-05-09 13:32:36,589 - Eye - INFO - ['Epoch:05, Iter:100, Lr:0.00001250', 'Loss:0.4263', 'train_acc:89.12']
2021-05-09 13:32:45,741 - Eye - INFO - ['Epoch:05, Iter:120, Lr:0.00001250', 'Loss:0.3326', 'train_acc:89.31']
2021-05-09 13:32:54,733 - Eye - INFO - ['Epoch:05, Iter:140, Lr:0.00001250', 'Loss:0.4396', 'train_acc:89.20']
2021-05-09 13:33:03,749 - Eye - INFO - ['Epoch:05, Iter:160, Lr:0.00001250', 'Loss:0.4310', 'train_acc:89.09']
2021-05-09 13:33:13,149 - Eye - INFO - ['Epoch:05, Iter:180, Lr:0.00001250', 'Loss:0.3936', 'train_acc:89.01']
2021-05-09 13:33:22,554 - Eye - INFO - ['Epoch:05, Iter:200, Lr:0.00001250', 'Loss:0.3720', 'train_acc:89.04']
2021-05-09 13:33:32,169 - Eye - INFO - ['Epoch:05, Iter:220, Lr:0.00001250', 'Loss:0.4216', 'train_acc:89.13']
2021-05-09 13:33:41,637 - Eye - INFO - ['Epoch:05, Iter:240, Lr:0.00001250', 'Loss:0.3572', 'train_acc:89.13']
2021-05-09 13:33:51,115 - Eye - INFO - ['Epoch:05, Iter:260, Lr:0.00001250', 'Loss:0.3763', 'train_acc:89.13']
2021-05-09 13:34:00,756 - Eye - INFO - ['Epoch:05, Iter:280, Lr:0.00001250', 'Loss:0.4625', 'train_acc:89.32']
2021-05-09 13:34:05,294 - Eye - INFO - ['Epoch:05, Lr:0.00001250, Cost:138.58s', 'Loss:0.4004', 'train_acc:89.33', 'val_acc:69.01', 'val_loss:0.52']
2021-05-09 13:34:17,430 - Eye - INFO - ['Epoch:06, Iter: 20, Lr:0.00000625', 'Loss:0.2972', 'train_acc:92.11']
2021-05-09 13:34:26,775 - Eye - INFO - ['Epoch:06, Iter: 40, Lr:0.00000625', 'Loss:0.2581', 'train_acc:92.46']
2021-05-09 13:34:36,269 - Eye - INFO - ['Epoch:06, Iter: 60, Lr:0.00000625', 'Loss:0.4208', 'train_acc:92.03']
2021-05-09 13:34:45,718 - Eye - INFO - ['Epoch:06, Iter: 80, Lr:0.00000625', 'Loss:0.3008', 'train_acc:92.52']
2021-05-09 13:34:55,084 - Eye - INFO - ['Epoch:06, Iter:100, Lr:0.00000625', 'Loss:0.4117', 'train_acc:92.50']
2021-05-09 13:35:04,619 - Eye - INFO - ['Epoch:06, Iter:120, Lr:0.00000625', 'Loss:0.2985', 'train_acc:92.51']
2021-05-09 13:35:13,946 - Eye - INFO - ['Epoch:06, Iter:140, Lr:0.00000625', 'Loss:0.3212', 'train_acc:92.91']
2021-05-09 13:35:23,537 - Eye - INFO - ['Epoch:06, Iter:160, Lr:0.00000625', 'Loss:0.2493', 'train_acc:93.23']
2021-05-09 13:35:33,055 - Eye - INFO - ['Epoch:06, Iter:180, Lr:0.00000625', 'Loss:0.2925', 'train_acc:93.39']
2021-05-09 13:35:42,423 - Eye - INFO - ['Epoch:06, Iter:200, Lr:0.00000625', 'Loss:0.2328', 'train_acc:93.67']
2021-05-09 13:35:51,948 - Eye - INFO - ['Epoch:06, Iter:220, Lr:0.00000625', 'Loss:0.1896', 'train_acc:93.88']
2021-05-09 13:36:01,369 - Eye - INFO - ['Epoch:06, Iter:240, Lr:0.00000625', 'Loss:0.2434', 'train_acc:94.05']
2021-05-09 13:36:10,728 - Eye - INFO - ['Epoch:06, Iter:260, Lr:0.00000625', 'Loss:0.2445', 'train_acc:94.14']
2021-05-09 13:36:20,418 - Eye - INFO - ['Epoch:06, Iter:280, Lr:0.00000625', 'Loss:0.2833', 'train_acc:94.20']
2021-05-09 13:36:24,872 - Eye - INFO - ['Epoch:06, Lr:0.00000625, Cost:139.49s', 'Loss:0.2034', 'train_acc:94.22', 'val_acc:71.61', 'val_loss:0.38']
2021-05-09 13:36:37,244 - Eye - INFO - ['Epoch:07, Iter: 20, Lr:0.00000625', 'Loss:0.2003', 'train_acc:96.48']
2021-05-09 13:36:46,720 - Eye - INFO - ['Epoch:07, Iter: 40, Lr:0.00000625', 'Loss:0.2106', 'train_acc:96.45']
2021-05-09 13:36:55,814 - Eye - INFO - ['Epoch:07, Iter: 60, Lr:0.00000625', 'Loss:0.3490', 'train_acc:96.74']
2021-05-09 13:37:05,170 - Eye - INFO - ['Epoch:07, Iter: 80, Lr:0.00000625', 'Loss:0.2275', 'train_acc:96.76']
2021-05-09 13:37:14,545 - Eye - INFO - ['Epoch:07, Iter:100, Lr:0.00000625', 'Loss:0.2996', 'train_acc:96.56']
2021-05-09 13:37:23,913 - Eye - INFO - ['Epoch:07, Iter:120, Lr:0.00000625', 'Loss:0.1778', 'train_acc:96.47']
2021-05-09 13:37:33,385 - Eye - INFO - ['Epoch:07, Iter:140, Lr:0.00000625', 'Loss:0.2468', 'train_acc:96.48']
2021-05-09 13:37:42,916 - Eye - INFO - ['Epoch:07, Iter:160, Lr:0.00000625', 'Loss:0.1502', 'train_acc:96.58']
2021-05-09 13:37:52,411 - Eye - INFO - ['Epoch:07, Iter:180, Lr:0.00000625', 'Loss:0.2051', 'train_acc:96.74']
2021-05-09 13:38:01,816 - Eye - INFO - ['Epoch:07, Iter:200, Lr:0.00000625', 'Loss:0.2888', 'train_acc:96.84']
2021-05-09 13:38:11,326 - Eye - INFO - ['Epoch:07, Iter:220, Lr:0.00000625', 'Loss:0.1706', 'train_acc:96.92']
2021-05-09 13:38:20,794 - Eye - INFO - ['Epoch:07, Iter:240, Lr:0.00000625', 'Loss:0.2320', 'train_acc:96.99']
2021-05-09 13:38:30,232 - Eye - INFO - ['Epoch:07, Iter:260, Lr:0.00000625', 'Loss:0.2096', 'train_acc:97.07']
2021-05-09 13:38:39,811 - Eye - INFO - ['Epoch:07, Iter:280, Lr:0.00000625', 'Loss:0.1452', 'train_acc:97.08']
2021-05-09 13:38:44,502 - Eye - INFO - ['Epoch:07, Lr:0.00000625, Cost:139.56s', 'Loss:0.1433', 'train_acc:97.08', 'val_acc:69.53', 'val_loss:0.51']
2021-05-09 13:38:56,929 - Eye - INFO - ['Epoch:08, Iter: 20, Lr:0.00000313', 'Loss:0.2039', 'train_acc:98.05']
2021-05-09 13:39:06,396 - Eye - INFO - ['Epoch:08, Iter: 40, Lr:0.00000313', 'Loss:0.1336', 'train_acc:98.16']
2021-05-09 13:39:15,825 - Eye - INFO - ['Epoch:08, Iter: 60, Lr:0.00000313', 'Loss:0.1343', 'train_acc:98.41']
2021-05-09 13:39:25,260 - Eye - INFO - ['Epoch:08, Iter: 80, Lr:0.00000313', 'Loss:0.1430', 'train_acc:98.42']
2021-05-09 13:39:34,763 - Eye - INFO - ['Epoch:08, Iter:100, Lr:0.00000313', 'Loss:0.1196', 'train_acc:98.38']
2021-05-09 13:39:44,215 - Eye - INFO - ['Epoch:08, Iter:120, Lr:0.00000313', 'Loss:0.2494', 'train_acc:98.41']
2021-05-09 13:39:53,711 - Eye - INFO - ['Epoch:08, Iter:140, Lr:0.00000313', 'Loss:0.3380', 'train_acc:98.40']
2021-05-09 13:40:03,204 - Eye - INFO - ['Epoch:08, Iter:160, Lr:0.00000313', 'Loss:0.1666', 'train_acc:98.49']
2021-05-09 13:40:12,247 - Eye - INFO - ['Epoch:08, Iter:180, Lr:0.00000313', 'Loss:0.1230', 'train_acc:98.49']
2021-05-09 13:40:21,422 - Eye - INFO - ['Epoch:08, Iter:200, Lr:0.00000313', 'Loss:0.1400', 'train_acc:98.49']
2021-05-09 13:40:30,831 - Eye - INFO - ['Epoch:08, Iter:220, Lr:0.00000313', 'Loss:0.1688', 'train_acc:98.49']
2021-05-09 13:40:40,318 - Eye - INFO - ['Epoch:08, Iter:240, Lr:0.00000313', 'Loss:0.1529', 'train_acc:98.51']
2021-05-09 13:40:49,966 - Eye - INFO - ['Epoch:08, Iter:260, Lr:0.00000313', 'Loss:0.1887', 'train_acc:98.52']
2021-05-09 13:40:59,720 - Eye - INFO - ['Epoch:08, Iter:280, Lr:0.00000313', 'Loss:0.1092', 'train_acc:98.52']
2021-05-09 13:41:04,320 - Eye - INFO - ['Epoch:08, Lr:0.00000313, Cost:139.74s', 'Loss:0.1616', 'train_acc:98.52', 'val_acc:70.83', 'val_loss:0.58']
2021-05-09 13:41:16,565 - Eye - INFO - ['Epoch:09, Iter: 20, Lr:0.00000313', 'Loss:0.1840', 'train_acc:98.91']
2021-05-09 13:41:26,011 - Eye - INFO - ['Epoch:09, Iter: 40, Lr:0.00000313', 'Loss:0.1758', 'train_acc:98.87']
2021-05-09 13:41:35,477 - Eye - INFO - ['Epoch:09, Iter: 60, Lr:0.00000313', 'Loss:0.1171', 'train_acc:98.91']
2021-05-09 13:41:44,893 - Eye - INFO - ['Epoch:09, Iter: 80, Lr:0.00000313', 'Loss:0.1221', 'train_acc:98.95']
2021-05-09 13:41:54,433 - Eye - INFO - ['Epoch:09, Iter:100, Lr:0.00000313', 'Loss:0.1669', 'train_acc:98.84']
2021-05-09 13:42:03,947 - Eye - INFO - ['Epoch:09, Iter:120, Lr:0.00000313', 'Loss:0.1328', 'train_acc:98.89']
2021-05-09 13:42:13,407 - Eye - INFO - ['Epoch:09, Iter:140, Lr:0.00000313', 'Loss:0.1153', 'train_acc:98.96']
2021-05-09 13:42:22,850 - Eye - INFO - ['Epoch:09, Iter:160, Lr:0.00000313', 'Loss:0.1049', 'train_acc:98.92']
2021-05-09 13:42:32,379 - Eye - INFO - ['Epoch:09, Iter:180, Lr:0.00000313', 'Loss:0.1585', 'train_acc:98.95']
2021-05-09 13:42:41,907 - Eye - INFO - ['Epoch:09, Iter:200, Lr:0.00000313', 'Loss:0.2418', 'train_acc:98.95']
2021-05-09 13:42:51,412 - Eye - INFO - ['Epoch:09, Iter:220, Lr:0.00000313', 'Loss:0.2634', 'train_acc:98.95']
2021-05-09 13:43:00,838 - Eye - INFO - ['Epoch:09, Iter:240, Lr:0.00000313', 'Loss:0.0919', 'train_acc:98.97']
2021-05-09 13:43:10,268 - Eye - INFO - ['Epoch:09, Iter:260, Lr:0.00000313', 'Loss:0.1682', 'train_acc:98.91']
2021-05-09 13:43:18,912 - Eye - INFO - ['Epoch:09, Iter:280, Lr:0.00000313', 'Loss:0.1033', 'train_acc:98.95']
2021-05-09 13:43:23,423 - Eye - INFO - ['Epoch:09, Lr:0.00000313, Cost:139.01s', 'Loss:0.1055', 'train_acc:98.95', 'val_acc:72.66', 'val_loss:0.40']
2021-05-09 13:43:36,089 - Eye - INFO - ['Epoch:10, Iter: 20, Lr:0.00000156', 'Loss:0.1164', 'train_acc:98.91']
2021-05-09 13:43:45,497 - Eye - INFO - ['Epoch:10, Iter: 40, Lr:0.00000156', 'Loss:0.1452', 'train_acc:98.87']
2021-05-09 13:43:55,077 - Eye - INFO - ['Epoch:10, Iter: 60, Lr:0.00000156', 'Loss:0.1124', 'train_acc:98.96']
2021-05-09 13:44:04,610 - Eye - INFO - ['Epoch:10, Iter: 80, Lr:0.00000156', 'Loss:0.0967', 'train_acc:99.02']
2021-05-09 13:44:13,972 - Eye - INFO - ['Epoch:10, Iter:100, Lr:0.00000156', 'Loss:0.1516', 'train_acc:99.14']
2021-05-09 13:44:23,425 - Eye - INFO - ['Epoch:10, Iter:120, Lr:0.00000156', 'Loss:0.2170', 'train_acc:99.17']
2021-05-09 13:44:32,815 - Eye - INFO - ['Epoch:10, Iter:140, Lr:0.00000156', 'Loss:0.2174', 'train_acc:99.20']
2021-05-09 13:44:42,364 - Eye - INFO - ['Epoch:10, Iter:160, Lr:0.00000156', 'Loss:0.1134', 'train_acc:99.25']
2021-05-09 13:44:51,784 - Eye - INFO - ['Epoch:10, Iter:180, Lr:0.00000156', 'Loss:0.1367', 'train_acc:99.28']
2021-05-09 13:45:01,310 - Eye - INFO - ['Epoch:10, Iter:200, Lr:0.00000156', 'Loss:0.1236', 'train_acc:99.27']
2021-05-09 13:45:10,761 - Eye - INFO - ['Epoch:10, Iter:220, Lr:0.00000156', 'Loss:0.1140', 'train_acc:99.31']
2021-05-09 13:45:20,203 - Eye - INFO - ['Epoch:10, Iter:240, Lr:0.00000156', 'Loss:0.0994', 'train_acc:99.35']
2021-05-09 13:45:29,595 - Eye - INFO - ['Epoch:10, Iter:260, Lr:0.00000156', 'Loss:0.1155', 'train_acc:99.33']
2021-05-09 13:45:39,273 - Eye - INFO - ['Epoch:10, Iter:280, Lr:0.00000156', 'Loss:0.0909', 'train_acc:99.35']
2021-05-09 13:45:43,872 - Eye - INFO - ['Epoch:10, Lr:0.00000156, Cost:140.38s', 'Loss:0.0723', 'train_acc:99.35', 'val_acc:73.18', 'val_loss:0.36']
2021-05-09 13:45:55,946 - Eye - INFO - ['Epoch:11, Iter: 20, Lr:0.00000156', 'Loss:0.1202', 'train_acc:99.69']
2021-05-09 13:46:05,468 - Eye - INFO - ['Epoch:11, Iter: 40, Lr:0.00000156', 'Loss:0.1290', 'train_acc:99.61']
2021-05-09 13:46:14,818 - Eye - INFO - ['Epoch:11, Iter: 60, Lr:0.00000156', 'Loss:0.0983', 'train_acc:99.48']
2021-05-09 13:46:24,302 - Eye - INFO - ['Epoch:11, Iter: 80, Lr:0.00000156', 'Loss:0.0975', 'train_acc:99.39']
2021-05-09 13:46:33,696 - Eye - INFO - ['Epoch:11, Iter:100, Lr:0.00000156', 'Loss:0.1023', 'train_acc:99.41']
2021-05-09 13:46:43,173 - Eye - INFO - ['Epoch:11, Iter:120, Lr:0.00000156', 'Loss:0.0950', 'train_acc:99.41']
2021-05-09 13:46:52,786 - Eye - INFO - ['Epoch:11, Iter:140, Lr:0.00000156', 'Loss:0.1601', 'train_acc:99.41']
2021-05-09 13:47:02,309 - Eye - INFO - ['Epoch:11, Iter:160, Lr:0.00000156', 'Loss:0.1363', 'train_acc:99.45']
2021-05-09 13:47:11,468 - Eye - INFO - ['Epoch:11, Iter:180, Lr:0.00000156', 'Loss:0.0810', 'train_acc:99.44']
2021-05-09 13:47:20,745 - Eye - INFO - ['Epoch:11, Iter:200, Lr:0.00000156', 'Loss:0.1235', 'train_acc:99.45']
2021-05-09 13:47:30,211 - Eye - INFO - ['Epoch:11, Iter:220, Lr:0.00000156', 'Loss:0.1181', 'train_acc:99.45']
2021-05-09 13:47:39,588 - Eye - INFO - ['Epoch:11, Iter:240, Lr:0.00000156', 'Loss:0.1075', 'train_acc:99.44']
2021-05-09 13:47:49,072 - Eye - INFO - ['Epoch:11, Iter:260, Lr:0.00000156', 'Loss:0.1257', 'train_acc:99.44']
2021-05-09 13:47:58,739 - Eye - INFO - ['Epoch:11, Iter:280, Lr:0.00000156', 'Loss:0.1499', 'train_acc:99.44']
2021-05-09 13:48:03,324 - Eye - INFO - ['Epoch:11, Lr:0.00000156, Cost:139.38s', 'Loss:0.1216', 'train_acc:99.44', 'val_acc:72.92', 'val_loss:0.40']
2021-05-09 13:48:15,909 - Eye - INFO - ['Epoch:12, Iter: 20, Lr:0.00000156', 'Loss:0.1087', 'train_acc:99.84']
2021-05-09 13:48:25,495 - Eye - INFO - ['Epoch:12, Iter: 40, Lr:0.00000156', 'Loss:0.1103', 'train_acc:99.65']
2021-05-09 13:48:35,011 - Eye - INFO - ['Epoch:12, Iter: 60, Lr:0.00000156', 'Loss:0.0895', 'train_acc:99.48']
2021-05-09 13:48:44,558 - Eye - INFO - ['Epoch:12, Iter: 80, Lr:0.00000156', 'Loss:0.1408', 'train_acc:99.49']
2021-05-09 13:48:54,121 - Eye - INFO - ['Epoch:12, Iter:100, Lr:0.00000156', 'Loss:0.0958', 'train_acc:99.45']
2021-05-09 13:49:03,698 - Eye - INFO - ['Epoch:12, Iter:120, Lr:0.00000156', 'Loss:0.2385', 'train_acc:99.43']
2021-05-09 13:49:12,921 - Eye - INFO - ['Epoch:12, Iter:140, Lr:0.00000156', 'Loss:0.1389', 'train_acc:99.36']
2021-05-09 13:49:22,247 - Eye - INFO - ['Epoch:12, Iter:160, Lr:0.00000156', 'Loss:0.0901', 'train_acc:99.35']
2021-05-09 13:49:31,693 - Eye - INFO - ['Epoch:12, Iter:180, Lr:0.00000156', 'Loss:0.1942', 'train_acc:99.35']
2021-05-09 13:49:41,228 - Eye - INFO - ['Epoch:12, Iter:200, Lr:0.00000156', 'Loss:0.1246', 'train_acc:99.38']
2021-05-09 13:49:50,775 - Eye - INFO - ['Epoch:12, Iter:220, Lr:0.00000156', 'Loss:0.0771', 'train_acc:99.40']
2021-05-09 13:50:00,283 - Eye - INFO - ['Epoch:12, Iter:240, Lr:0.00000156', 'Loss:0.1184', 'train_acc:99.43']
2021-05-09 13:50:09,532 - Eye - INFO - ['Epoch:12, Iter:260, Lr:0.00000156', 'Loss:0.0849', 'train_acc:99.44']
2021-05-09 13:50:18,928 - Eye - INFO - ['Epoch:12, Iter:280, Lr:0.00000156', 'Loss:0.1245', 'train_acc:99.45']
2021-05-09 13:50:23,480 - Eye - INFO - ['Epoch:12, Lr:0.00000156, Cost:140.08s', 'Loss:0.1073', 'train_acc:99.45', 'val_acc:71.35', 'val_loss:0.51']
2021-05-09 13:50:35,547 - Eye - INFO - ['Epoch:13, Iter: 20, Lr:0.00000078', 'Loss:0.0758', 'train_acc:99.14']
2021-05-09 13:50:45,061 - Eye - INFO - ['Epoch:13, Iter: 40, Lr:0.00000078', 'Loss:0.1116', 'train_acc:99.49']
2021-05-09 13:50:54,469 - Eye - INFO - ['Epoch:13, Iter: 60, Lr:0.00000078', 'Loss:0.1137', 'train_acc:99.43']
2021-05-09 13:51:03,936 - Eye - INFO - ['Epoch:13, Iter: 80, Lr:0.00000078', 'Loss:0.1125', 'train_acc:99.45']
2021-05-09 13:51:13,275 - Eye - INFO - ['Epoch:13, Iter:100, Lr:0.00000078', 'Loss:0.1202', 'train_acc:99.44']
2021-05-09 13:51:22,593 - Eye - INFO - ['Epoch:13, Iter:120, Lr:0.00000078', 'Loss:0.0701', 'train_acc:99.40']
2021-05-09 13:51:32,103 - Eye - INFO - ['Epoch:13, Iter:140, Lr:0.00000078', 'Loss:0.1312', 'train_acc:99.45']
2021-05-09 13:51:41,730 - Eye - INFO - ['Epoch:13, Iter:160, Lr:0.00000078', 'Loss:0.1830', 'train_acc:99.46']
2021-05-09 13:51:51,288 - Eye - INFO - ['Epoch:13, Iter:180, Lr:0.00000078', 'Loss:0.1220', 'train_acc:99.49']
2021-05-09 13:52:00,805 - Eye - INFO - ['Epoch:13, Iter:200, Lr:0.00000078', 'Loss:0.0981', 'train_acc:99.47']
2021-05-09 13:52:10,134 - Eye - INFO - ['Epoch:13, Iter:220, Lr:0.00000078', 'Loss:0.0693', 'train_acc:99.45']
2021-05-09 13:52:19,724 - Eye - INFO - ['Epoch:13, Iter:240, Lr:0.00000078', 'Loss:0.0809', 'train_acc:99.46']
2021-05-09 13:52:29,262 - Eye - INFO - ['Epoch:13, Iter:260, Lr:0.00000078', 'Loss:0.0920', 'train_acc:99.48']
2021-05-09 13:52:38,456 - Eye - INFO - ['Epoch:13, Iter:280, Lr:0.00000078', 'Loss:0.0853', 'train_acc:99.50']
2021-05-09 13:52:43,080 - Eye - INFO - ['Epoch:13, Lr:0.00000078, Cost:139.53s', 'Loss:0.0905', 'train_acc:99.49', 'val_acc:74.74', 'val_loss:0.40']
2021-05-09 13:52:55,139 - Eye - INFO - ['Epoch:14, Iter: 20, Lr:0.00000078', 'Loss:0.1291', 'train_acc:99.69']
2021-05-09 13:53:04,331 - Eye - INFO - ['Epoch:14, Iter: 40, Lr:0.00000078', 'Loss:0.0783', 'train_acc:99.80']
2021-05-09 13:53:13,693 - Eye - INFO - ['Epoch:14, Iter: 60, Lr:0.00000078', 'Loss:0.0674', 'train_acc:99.79']
2021-05-09 13:53:23,084 - Eye - INFO - ['Epoch:14, Iter: 80, Lr:0.00000078', 'Loss:0.1502', 'train_acc:99.73']
2021-05-09 13:53:32,535 - Eye - INFO - ['Epoch:14, Iter:100, Lr:0.00000078', 'Loss:0.0997', 'train_acc:99.64']
2021-05-09 13:53:42,000 - Eye - INFO - ['Epoch:14, Iter:120, Lr:0.00000078', 'Loss:0.0723', 'train_acc:99.65']
2021-05-09 13:53:51,502 - Eye - INFO - ['Epoch:14, Iter:140, Lr:0.00000078', 'Loss:0.1315', 'train_acc:99.63']
2021-05-09 13:54:01,062 - Eye - INFO - ['Epoch:14, Iter:160, Lr:0.00000078', 'Loss:0.1083', 'train_acc:99.61']
2021-05-09 13:54:10,571 - Eye - INFO - ['Epoch:14, Iter:180, Lr:0.00000078', 'Loss:0.0921', 'train_acc:99.63']
2021-05-09 13:54:20,034 - Eye - INFO - ['Epoch:14, Iter:200, Lr:0.00000078', 'Loss:0.1007', 'train_acc:99.63']
2021-05-09 13:54:29,597 - Eye - INFO - ['Epoch:14, Iter:220, Lr:0.00000078', 'Loss:0.0928', 'train_acc:99.58']
2021-05-09 13:54:39,110 - Eye - INFO - ['Epoch:14, Iter:240, Lr:0.00000078', 'Loss:0.1485', 'train_acc:99.61']
2021-05-09 13:54:48,453 - Eye - INFO - ['Epoch:14, Iter:260, Lr:0.00000078', 'Loss:0.0830', 'train_acc:99.62']
2021-05-09 13:54:57,647 - Eye - INFO - ['Epoch:14, Iter:280, Lr:0.00000078', 'Loss:0.0995', 'train_acc:99.63']
2021-05-09 13:55:02,117 - Eye - INFO - ['Epoch:14, Lr:0.00000078, Cost:138.95s', 'Loss:0.0972', 'train_acc:99.63', 'val_acc:75.78', 'val_loss:0.27']
2021-05-09 13:55:14,224 - Eye - INFO - ['Epoch:15, Iter: 20, Lr:0.00000078', 'Loss:0.0745', 'train_acc:99.61']
2021-05-09 13:55:23,633 - Eye - INFO - ['Epoch:15, Iter: 40, Lr:0.00000078', 'Loss:0.1099', 'train_acc:99.61']
2021-05-09 13:55:33,116 - Eye - INFO - ['Epoch:15, Iter: 60, Lr:0.00000078', 'Loss:0.1134', 'train_acc:99.56']
2021-05-09 13:55:42,564 - Eye - INFO - ['Epoch:15, Iter: 80, Lr:0.00000078', 'Loss:0.1324', 'train_acc:99.55']
2021-05-09 13:55:51,943 - Eye - INFO - ['Epoch:15, Iter:100, Lr:0.00000078', 'Loss:0.1501', 'train_acc:99.56']
2021-05-09 13:56:01,490 - Eye - INFO - ['Epoch:15, Iter:120, Lr:0.00000078', 'Loss:0.0616', 'train_acc:99.60']
2021-05-09 13:56:10,990 - Eye - INFO - ['Epoch:15, Iter:140, Lr:0.00000078', 'Loss:0.0549', 'train_acc:99.62']
2021-05-09 13:56:20,560 - Eye - INFO - ['Epoch:15, Iter:160, Lr:0.00000078', 'Loss:0.0586', 'train_acc:99.61']
2021-05-09 13:56:30,001 - Eye - INFO - ['Epoch:15, Iter:180, Lr:0.00000078', 'Loss:0.1057', 'train_acc:99.64']
2021-05-09 13:56:39,573 - Eye - INFO - ['Epoch:15, Iter:200, Lr:0.00000078', 'Loss:0.0750', 'train_acc:99.62']
2021-05-09 13:56:49,097 - Eye - INFO - ['Epoch:15, Iter:220, Lr:0.00000078', 'Loss:0.0786', 'train_acc:99.60']
2021-05-09 13:56:58,534 - Eye - INFO - ['Epoch:15, Iter:240, Lr:0.00000078', 'Loss:0.1245', 'train_acc:99.60']
2021-05-09 13:57:07,978 - Eye - INFO - ['Epoch:15, Iter:260, Lr:0.00000078', 'Loss:0.0723', 'train_acc:99.61']
2021-05-09 13:57:17,497 - Eye - INFO - ['Epoch:15, Iter:280, Lr:0.00000078', 'Loss:0.0859', 'train_acc:99.62']
2021-05-09 13:57:22,100 - Eye - INFO - ['Epoch:15, Lr:0.00000078, Cost:139.91s', 'Loss:0.0750', 'train_acc:99.62', 'val_acc:74.48', 'val_loss:0.33']
2021-05-09 13:57:34,176 - Eye - INFO - ['Epoch:16, Iter: 20, Lr:0.00000039', 'Loss:0.0560', 'train_acc:99.69']
2021-05-09 13:57:43,601 - Eye - INFO - ['Epoch:16, Iter: 40, Lr:0.00000039', 'Loss:0.0711', 'train_acc:99.65']
2021-05-09 13:57:52,866 - Eye - INFO - ['Epoch:16, Iter: 60, Lr:0.00000039', 'Loss:0.1202', 'train_acc:99.64']
2021-05-09 13:58:02,347 - Eye - INFO - ['Epoch:16, Iter: 80, Lr:0.00000039', 'Loss:0.0571', 'train_acc:99.69']
2021-05-09 13:58:11,832 - Eye - INFO - ['Epoch:16, Iter:100, Lr:0.00000039', 'Loss:0.0735', 'train_acc:99.69']
2021-05-09 13:58:21,154 - Eye - INFO - ['Epoch:16, Iter:120, Lr:0.00000039', 'Loss:0.1220', 'train_acc:99.71']
2021-05-09 13:58:30,643 - Eye - INFO - ['Epoch:16, Iter:140, Lr:0.00000039', 'Loss:0.0694', 'train_acc:99.72']
2021-05-09 13:58:40,066 - Eye - INFO - ['Epoch:16, Iter:160, Lr:0.00000039', 'Loss:0.1285', 'train_acc:99.73']
2021-05-09 13:58:49,300 - Eye - INFO - ['Epoch:16, Iter:180, Lr:0.00000039', 'Loss:0.0675', 'train_acc:99.72']
2021-05-09 13:58:58,762 - Eye - INFO - ['Epoch:16, Iter:200, Lr:0.00000039', 'Loss:0.1103', 'train_acc:99.73']
2021-05-09 13:59:08,136 - Eye - INFO - ['Epoch:16, Iter:220, Lr:0.00000039', 'Loss:0.1046', 'train_acc:99.74']
2021-05-09 13:59:17,613 - Eye - INFO - ['Epoch:16, Iter:240, Lr:0.00000039', 'Loss:0.0563', 'train_acc:99.73']
2021-05-09 13:59:27,054 - Eye - INFO - ['Epoch:16, Iter:260, Lr:0.00000039', 'Loss:0.1073', 'train_acc:99.74']
2021-05-09 13:59:36,431 - Eye - INFO - ['Epoch:16, Iter:280, Lr:0.00000039', 'Loss:0.1350', 'train_acc:99.72']
2021-05-09 13:59:41,028 - Eye - INFO - ['Epoch:16, Lr:0.00000039, Cost:138.84s', 'Loss:0.0812', 'train_acc:99.72', 'val_acc:74.48', 'val_loss:0.37']
2021-05-09 13:59:53,968 - Eye - INFO - ['Epoch:17, Iter: 20, Lr:0.00000039', 'Loss:0.0783', 'train_acc:99.53']
2021-05-09 14:00:03,416 - Eye - INFO - ['Epoch:17, Iter: 40, Lr:0.00000039', 'Loss:0.0746', 'train_acc:99.61']
2021-05-09 14:00:12,779 - Eye - INFO - ['Epoch:17, Iter: 60, Lr:0.00000039', 'Loss:0.1532', 'train_acc:99.61']
2021-05-09 14:00:22,155 - Eye - INFO - ['Epoch:17, Iter: 80, Lr:0.00000039', 'Loss:0.0990', 'train_acc:99.61']
2021-05-09 14:00:31,466 - Eye - INFO - ['Epoch:17, Iter:100, Lr:0.00000039', 'Loss:0.0800', 'train_acc:99.64']
2021-05-09 14:00:40,949 - Eye - INFO - ['Epoch:17, Iter:120, Lr:0.00000039', 'Loss:0.1196', 'train_acc:99.61']
2021-05-09 14:00:50,468 - Eye - INFO - ['Epoch:17, Iter:140, Lr:0.00000039', 'Loss:0.1563', 'train_acc:99.62']
2021-05-09 14:00:59,950 - Eye - INFO - ['Epoch:17, Iter:160, Lr:0.00000039', 'Loss:0.0705', 'train_acc:99.66']
2021-05-09 14:01:09,253 - Eye - INFO - ['Epoch:17, Iter:180, Lr:0.00000039', 'Loss:0.0532', 'train_acc:99.68']
2021-05-09 14:01:18,580 - Eye - INFO - ['Epoch:17, Iter:200, Lr:0.00000039', 'Loss:0.0605', 'train_acc:99.69']
2021-05-09 14:01:27,899 - Eye - INFO - ['Epoch:17, Iter:220, Lr:0.00000039', 'Loss:0.1199', 'train_acc:99.69']
2021-05-09 14:01:37,483 - Eye - INFO - ['Epoch:17, Iter:240, Lr:0.00000039', 'Loss:0.1466', 'train_acc:99.68']
2021-05-09 14:01:46,920 - Eye - INFO - ['Epoch:17, Iter:260, Lr:0.00000039', 'Loss:0.1619', 'train_acc:99.69']
2021-05-09 14:01:56,332 - Eye - INFO - ['Epoch:17, Iter:280, Lr:0.00000039', 'Loss:0.0832', 'train_acc:99.71']
2021-05-09 14:02:00,879 - Eye - INFO - ['Epoch:17, Lr:0.00000039, Cost:139.78s', 'Loss:0.0644', 'train_acc:99.71', 'val_acc:74.74', 'val_loss:0.33']
2021-05-09 14:02:14,082 - Eye - INFO - ['Epoch:18, Iter: 20, Lr:0.00000039', 'Loss:0.1107', 'train_acc:99.84']
2021-05-09 14:02:23,600 - Eye - INFO - ['Epoch:18, Iter: 40, Lr:0.00000039', 'Loss:0.0763', 'train_acc:99.84']
2021-05-09 14:02:32,796 - Eye - INFO - ['Epoch:18, Iter: 60, Lr:0.00000039', 'Loss:0.0579', 'train_acc:99.79']
2021-05-09 14:02:41,943 - Eye - INFO - ['Epoch:18, Iter: 80, Lr:0.00000039', 'Loss:0.0962', 'train_acc:99.80']
2021-05-09 14:02:51,459 - Eye - INFO - ['Epoch:18, Iter:100, Lr:0.00000039', 'Loss:0.0671', 'train_acc:99.77']
2021-05-09 14:03:01,002 - Eye - INFO - ['Epoch:18, Iter:120, Lr:0.00000039', 'Loss:0.1082', 'train_acc:99.75']
2021-05-09 14:03:10,462 - Eye - INFO - ['Epoch:18, Iter:140, Lr:0.00000039', 'Loss:0.0916', 'train_acc:99.74']
2021-05-09 14:03:19,766 - Eye - INFO - ['Epoch:18, Iter:160, Lr:0.00000039', 'Loss:0.0652', 'train_acc:99.73']
2021-05-09 14:03:29,027 - Eye - INFO - ['Epoch:18, Iter:180, Lr:0.00000039', 'Loss:0.0759', 'train_acc:99.72']
2021-05-09 14:03:38,484 - Eye - INFO - ['Epoch:18, Iter:200, Lr:0.00000039', 'Loss:0.0771', 'train_acc:99.73']
2021-05-09 14:03:47,966 - Eye - INFO - ['Epoch:18, Iter:220, Lr:0.00000039', 'Loss:0.0973', 'train_acc:99.73']
2021-05-09 14:03:57,455 - Eye - INFO - ['Epoch:18, Iter:240, Lr:0.00000039', 'Loss:0.0720', 'train_acc:99.73']
2021-05-09 14:04:06,972 - Eye - INFO - ['Epoch:18, Iter:260, Lr:0.00000039', 'Loss:0.1127', 'train_acc:99.71']
2021-05-09 14:04:16,737 - Eye - INFO - ['Epoch:18, Iter:280, Lr:0.00000039', 'Loss:0.1627', 'train_acc:99.70']
2021-05-09 14:04:21,389 - Eye - INFO - ['Epoch:18, Lr:0.00000039, Cost:140.42s', 'Loss:0.0764', 'train_acc:99.70', 'val_acc:72.66', 'val_loss:0.38']
2021-05-09 14:04:33,437 - Eye - INFO - ['Epoch:19, Iter: 20, Lr:0.00000039', 'Loss:0.0638', 'train_acc:99.77']
2021-05-09 14:04:42,777 - Eye - INFO - ['Epoch:19, Iter: 40, Lr:0.00000039', 'Loss:0.1237', 'train_acc:99.80']
2021-05-09 14:04:51,839 - Eye - INFO - ['Epoch:19, Iter: 60, Lr:0.00000039', 'Loss:0.0713', 'train_acc:99.79']
2021-05-09 14:05:01,341 - Eye - INFO - ['Epoch:19, Iter: 80, Lr:0.00000039', 'Loss:0.0661', 'train_acc:99.75']
2021-05-09 14:05:10,773 - Eye - INFO - ['Epoch:19, Iter:100, Lr:0.00000039', 'Loss:0.1049', 'train_acc:99.73']
2021-05-09 14:05:20,089 - Eye - INFO - ['Epoch:19, Iter:120, Lr:0.00000039', 'Loss:0.0517', 'train_acc:99.73']
2021-05-09 14:05:29,573 - Eye - INFO - ['Epoch:19, Iter:140, Lr:0.00000039', 'Loss:0.0834', 'train_acc:99.72']
2021-05-09 14:05:38,694 - Eye - INFO - ['Epoch:19, Iter:160, Lr:0.00000039', 'Loss:0.0523', 'train_acc:99.73']
2021-05-09 14:05:48,195 - Eye - INFO - ['Epoch:19, Iter:180, Lr:0.00000039', 'Loss:0.0589', 'train_acc:99.75']
2021-05-09 14:05:57,670 - Eye - INFO - ['Epoch:19, Iter:200, Lr:0.00000039', 'Loss:0.1064', 'train_acc:99.77']
2021-05-09 14:06:07,154 - Eye - INFO - ['Epoch:19, Iter:220, Lr:0.00000039', 'Loss:0.0777', 'train_acc:99.77']
2021-05-09 14:06:16,623 - Eye - INFO - ['Epoch:19, Iter:240, Lr:0.00000039', 'Loss:0.1205', 'train_acc:99.75']
2021-05-09 14:06:26,002 - Eye - INFO - ['Epoch:19, Iter:260, Lr:0.00000039', 'Loss:0.0950', 'train_acc:99.75']
2021-05-09 14:06:35,590 - Eye - INFO - ['Epoch:19, Iter:280, Lr:0.00000039', 'Loss:0.0611', 'train_acc:99.75']
2021-05-09 14:06:40,236 - Eye - INFO - ['Epoch:19, Lr:0.00000039, Cost:138.76s', 'Loss:0.0590', 'train_acc:99.75', 'val_acc:75.52', 'val_loss:0.31']
2021-05-09 14:06:52,304 - Eye - INFO - ['Epoch:20, Iter: 20, Lr:0.00000039', 'Loss:0.0946', 'train_acc:99.30']
2021-05-09 14:07:01,823 - Eye - INFO - ['Epoch:20, Iter: 40, Lr:0.00000039', 'Loss:0.0645', 'train_acc:99.49']
2021-05-09 14:07:11,235 - Eye - INFO - ['Epoch:20, Iter: 60, Lr:0.00000039', 'Loss:0.0881', 'train_acc:99.56']
2021-05-09 14:07:20,519 - Eye - INFO - ['Epoch:20, Iter: 80, Lr:0.00000039', 'Loss:0.0943', 'train_acc:99.67']
2021-05-09 14:07:30,028 - Eye - INFO - ['Epoch:20, Iter:100, Lr:0.00000039', 'Loss:0.0641', 'train_acc:99.70']
2021-05-09 14:07:39,572 - Eye - INFO - ['Epoch:20, Iter:120, Lr:0.00000039', 'Loss:0.1041', 'train_acc:99.69']
2021-05-09 14:07:48,940 - Eye - INFO - ['Epoch:20, Iter:140, Lr:0.00000039', 'Loss:0.0646', 'train_acc:99.70']
2021-05-09 14:07:58,320 - Eye - INFO - ['Epoch:20, Iter:160, Lr:0.00000039', 'Loss:0.0753', 'train_acc:99.69']
2021-05-09 14:08:07,910 - Eye - INFO - ['Epoch:20, Iter:180, Lr:0.00000039', 'Loss:0.0989', 'train_acc:99.68']
2021-05-09 14:08:17,493 - Eye - INFO - ['Epoch:20, Iter:200, Lr:0.00000039', 'Loss:0.0997', 'train_acc:99.68']
2021-05-09 14:08:26,921 - Eye - INFO - ['Epoch:20, Iter:220, Lr:0.00000039', 'Loss:0.0627', 'train_acc:99.67']
2021-05-09 14:08:36,299 - Eye - INFO - ['Epoch:20, Iter:240, Lr:0.00000039', 'Loss:0.0957', 'train_acc:99.67']
2021-05-09 14:08:45,885 - Eye - INFO - ['Epoch:20, Iter:260, Lr:0.00000039', 'Loss:0.0932', 'train_acc:99.68']
2021-05-09 14:08:55,503 - Eye - INFO - ['Epoch:20, Iter:280, Lr:0.00000039', 'Loss:0.0657', 'train_acc:99.68']
2021-05-09 14:09:00,048 - Eye - INFO - ['Epoch:20, Lr:0.00000039, Cost:139.74s', 'Loss:0.0838', 'train_acc:99.68', 'val_acc:76.04', 'val_loss:0.33']
2021-05-09 14:09:12,107 - Eye - INFO - ['Epoch:21, Iter: 20, Lr:0.00000020', 'Loss:0.0681', 'train_acc:99.77']
2021-05-09 14:09:21,094 - Eye - INFO - ['Epoch:21, Iter: 40, Lr:0.00000020', 'Loss:0.0868', 'train_acc:99.88']
2021-05-09 14:09:30,276 - Eye - INFO - ['Epoch:21, Iter: 60, Lr:0.00000020', 'Loss:0.0794', 'train_acc:99.82']
2021-05-09 14:09:39,650 - Eye - INFO - ['Epoch:21, Iter: 80, Lr:0.00000020', 'Loss:0.0810', 'train_acc:99.79']
2021-05-09 14:09:49,178 - Eye - INFO - ['Epoch:21, Iter:100, Lr:0.00000020', 'Loss:0.0731', 'train_acc:99.80']
2021-05-09 14:09:58,648 - Eye - INFO - ['Epoch:21, Iter:120, Lr:0.00000020', 'Loss:0.0790', 'train_acc:99.82']
2021-05-09 14:10:08,104 - Eye - INFO - ['Epoch:21, Iter:140, Lr:0.00000020', 'Loss:0.0929', 'train_acc:99.84']
2021-05-09 14:10:17,475 - Eye - INFO - ['Epoch:21, Iter:160, Lr:0.00000020', 'Loss:0.0898', 'train_acc:99.83']
2021-05-09 14:10:26,787 - Eye - INFO - ['Epoch:21, Iter:180, Lr:0.00000020', 'Loss:0.0716', 'train_acc:99.84']
2021-05-09 14:10:36,157 - Eye - INFO - ['Epoch:21, Iter:200, Lr:0.00000020', 'Loss:0.0585', 'train_acc:99.85']
2021-05-09 14:10:45,549 - Eye - INFO - ['Epoch:21, Iter:220, Lr:0.00000020', 'Loss:0.0984', 'train_acc:99.84']
2021-05-09 14:10:55,126 - Eye - INFO - ['Epoch:21, Iter:240, Lr:0.00000020', 'Loss:0.0657', 'train_acc:99.83']
2021-05-09 14:11:04,553 - Eye - INFO - ['Epoch:21, Iter:260, Lr:0.00000020', 'Loss:0.1107', 'train_acc:99.81']
2021-05-09 14:11:14,267 - Eye - INFO - ['Epoch:21, Iter:280, Lr:0.00000020', 'Loss:0.0925', 'train_acc:99.80']
2021-05-09 14:11:18,900 - Eye - INFO - ['Epoch:21, Lr:0.00000020, Cost:138.77s', 'Loss:0.0858', 'train_acc:99.81', 'val_acc:75.78', 'val_loss:0.29']
2021-05-09 14:11:32,097 - Eye - INFO - ['Epoch:22, Iter: 20, Lr:0.00000020', 'Loss:0.0806', 'train_acc:99.84']
2021-05-09 14:11:41,511 - Eye - INFO - ['Epoch:22, Iter: 40, Lr:0.00000020', 'Loss:0.0752', 'train_acc:99.84']
2021-05-09 14:11:51,004 - Eye - INFO - ['Epoch:22, Iter: 60, Lr:0.00000020', 'Loss:0.0917', 'train_acc:99.77']
2021-05-09 14:12:00,416 - Eye - INFO - ['Epoch:22, Iter: 80, Lr:0.00000020', 'Loss:0.0688', 'train_acc:99.79']
2021-05-09 14:12:09,867 - Eye - INFO - ['Epoch:22, Iter:100, Lr:0.00000020', 'Loss:0.0791', 'train_acc:99.81']
2021-05-09 14:12:19,278 - Eye - INFO - ['Epoch:22, Iter:120, Lr:0.00000020', 'Loss:0.0966', 'train_acc:99.80']
2021-05-09 14:12:28,647 - Eye - INFO - ['Epoch:22, Iter:140, Lr:0.00000020', 'Loss:0.0559', 'train_acc:99.78']
2021-05-09 14:12:38,087 - Eye - INFO - ['Epoch:22, Iter:160, Lr:0.00000020', 'Loss:0.1044', 'train_acc:99.79']
2021-05-09 14:12:47,592 - Eye - INFO - ['Epoch:22, Iter:180, Lr:0.00000020', 'Loss:0.2059', 'train_acc:99.80']
2021-05-09 14:12:57,056 - Eye - INFO - ['Epoch:22, Iter:200, Lr:0.00000020', 'Loss:0.0736', 'train_acc:99.78']
2021-05-09 14:13:06,259 - Eye - INFO - ['Epoch:22, Iter:220, Lr:0.00000020', 'Loss:0.0496', 'train_acc:99.77']
2021-05-09 14:13:15,447 - Eye - INFO - ['Epoch:22, Iter:240, Lr:0.00000020', 'Loss:0.0721', 'train_acc:99.78']
2021-05-09 14:13:24,837 - Eye - INFO - ['Epoch:22, Iter:260, Lr:0.00000020', 'Loss:0.1095', 'train_acc:99.77']
2021-05-09 14:13:34,284 - Eye - INFO - ['Epoch:22, Iter:280, Lr:0.00000020', 'Loss:0.1071', 'train_acc:99.77']
2021-05-09 14:13:38,757 - Eye - INFO - ['Epoch:22, Lr:0.00000020, Cost:139.78s', 'Loss:0.0814', 'train_acc:99.77', 'val_acc:73.44', 'val_loss:0.41']
2021-05-09 14:13:50,856 - Eye - INFO - ['Epoch:23, Iter: 20, Lr:0.00000020', 'Loss:0.0703', 'train_acc:99.77']
2021-05-09 14:14:00,223 - Eye - INFO - ['Epoch:23, Iter: 40, Lr:0.00000020', 'Loss:0.0943', 'train_acc:99.77']
2021-05-09 14:14:09,680 - Eye - INFO - ['Epoch:23, Iter: 60, Lr:0.00000020', 'Loss:0.0711', 'train_acc:99.74']
2021-05-09 14:14:19,136 - Eye - INFO - ['Epoch:23, Iter: 80, Lr:0.00000020', 'Loss:0.0718', 'train_acc:99.75']
2021-05-09 14:14:28,699 - Eye - INFO - ['Epoch:23, Iter:100, Lr:0.00000020', 'Loss:0.0721', 'train_acc:99.78']
2021-05-09 14:14:38,153 - Eye - INFO - ['Epoch:23, Iter:120, Lr:0.00000020', 'Loss:0.0647', 'train_acc:99.82']
2021-05-09 14:14:47,699 - Eye - INFO - ['Epoch:23, Iter:140, Lr:0.00000020', 'Loss:0.1288', 'train_acc:99.80']
2021-05-09 14:14:57,221 - Eye - INFO - ['Epoch:23, Iter:160, Lr:0.00000020', 'Loss:0.0555', 'train_acc:99.79']
2021-05-09 14:15:06,679 - Eye - INFO - ['Epoch:23, Iter:180, Lr:0.00000020', 'Loss:0.0770', 'train_acc:99.78']
2021-05-09 14:15:16,220 - Eye - INFO - ['Epoch:23, Iter:200, Lr:0.00000020', 'Loss:0.0722', 'train_acc:99.77']
2021-05-09 14:15:25,801 - Eye - INFO - ['Epoch:23, Iter:220, Lr:0.00000020', 'Loss:0.0772', 'train_acc:99.79']
2021-05-09 14:15:35,291 - Eye - INFO - ['Epoch:23, Iter:240, Lr:0.00000020', 'Loss:0.0650', 'train_acc:99.79']
2021-05-09 14:15:44,689 - Eye - INFO - ['Epoch:23, Iter:260, Lr:0.00000020', 'Loss:0.0712', 'train_acc:99.79']
2021-05-09 14:15:53,908 - Eye - INFO - ['Epoch:23, Iter:280, Lr:0.00000020', 'Loss:0.1088', 'train_acc:99.78']
2021-05-09 14:15:58,566 - Eye - INFO - ['Epoch:23, Lr:0.00000020, Cost:139.72s', 'Loss:0.1096', 'train_acc:99.78', 'val_acc:75.52', 'val_loss:0.32']
2021-05-09 14:16:10,861 - Eye - INFO - ['Epoch:24, Iter: 20, Lr:0.00000020', 'Loss:0.0685', 'train_acc:100.00']
2021-05-09 14:16:20,342 - Eye - INFO - ['Epoch:24, Iter: 40, Lr:0.00000020', 'Loss:0.1158', 'train_acc:99.84']
2021-05-09 14:16:29,807 - Eye - INFO - ['Epoch:24, Iter: 60, Lr:0.00000020', 'Loss:0.0852', 'train_acc:99.79']
2021-05-09 14:16:39,254 - Eye - INFO - ['Epoch:24, Iter: 80, Lr:0.00000020', 'Loss:0.0556', 'train_acc:99.82']
2021-05-09 14:16:48,835 - Eye - INFO - ['Epoch:24, Iter:100, Lr:0.00000020', 'Loss:0.0770', 'train_acc:99.83']
2021-05-09 14:16:58,234 - Eye - INFO - ['Epoch:24, Iter:120, Lr:0.00000020', 'Loss:0.0817', 'train_acc:99.82']
2021-05-09 14:17:07,691 - Eye - INFO - ['Epoch:24, Iter:140, Lr:0.00000020', 'Loss:0.0709', 'train_acc:99.83']
2021-05-09 14:17:17,085 - Eye - INFO - ['Epoch:24, Iter:160, Lr:0.00000020', 'Loss:0.0753', 'train_acc:99.84']
2021-05-09 14:17:26,562 - Eye - INFO - ['Epoch:24, Iter:180, Lr:0.00000020', 'Loss:0.0688', 'train_acc:99.84']
2021-05-09 14:17:35,925 - Eye - INFO - ['Epoch:24, Iter:200, Lr:0.00000020', 'Loss:0.1034', 'train_acc:99.84']
2021-05-09 14:17:45,271 - Eye - INFO - ['Epoch:24, Iter:220, Lr:0.00000020', 'Loss:0.0857', 'train_acc:99.85']
2021-05-09 14:17:54,816 - Eye - INFO - ['Epoch:24, Iter:240, Lr:0.00000020', 'Loss:0.0555', 'train_acc:99.85']
2021-05-09 14:18:04,402 - Eye - INFO - ['Epoch:24, Iter:260, Lr:0.00000020', 'Loss:0.0489', 'train_acc:99.84']
2021-05-09 14:18:14,022 - Eye - INFO - ['Epoch:24, Iter:280, Lr:0.00000020', 'Loss:0.1157', 'train_acc:99.83']
2021-05-09 14:18:18,663 - Eye - INFO - ['Epoch:24, Lr:0.00000020, Cost:140.02s', 'Loss:0.0775', 'train_acc:99.83', 'val_acc:75.26', 'val_loss:0.36']
2021-05-09 14:18:30,725 - Eye - INFO - ['Epoch:25, Iter: 20, Lr:0.00000020', 'Loss:0.0844', 'train_acc:99.92']
2021-05-09 14:18:40,084 - Eye - INFO - ['Epoch:25, Iter: 40, Lr:0.00000020', 'Loss:0.0592', 'train_acc:99.88']
2021-05-09 14:18:49,570 - Eye - INFO - ['Epoch:25, Iter: 60, Lr:0.00000020', 'Loss:0.0589', 'train_acc:99.90']
2021-05-09 14:18:59,122 - Eye - INFO - ['Epoch:25, Iter: 80, Lr:0.00000020', 'Loss:0.0892', 'train_acc:99.86']
2021-05-09 14:19:08,617 - Eye - INFO - ['Epoch:25, Iter:100, Lr:0.00000020', 'Loss:0.0663', 'train_acc:99.86']
2021-05-09 14:19:17,975 - Eye - INFO - ['Epoch:25, Iter:120, Lr:0.00000020', 'Loss:0.0710', 'train_acc:99.86']
2021-05-09 14:19:27,459 - Eye - INFO - ['Epoch:25, Iter:140, Lr:0.00000020', 'Loss:0.0641', 'train_acc:99.81']
2021-05-09 14:19:36,815 - Eye - INFO - ['Epoch:25, Iter:160, Lr:0.00000020', 'Loss:0.0705', 'train_acc:99.82']
2021-05-09 14:19:46,297 - Eye - INFO - ['Epoch:25, Iter:180, Lr:0.00000020', 'Loss:0.0886', 'train_acc:99.84']
2021-05-09 14:19:55,770 - Eye - INFO - ['Epoch:25, Iter:200, Lr:0.00000020', 'Loss:0.0799', 'train_acc:99.84']
2021-05-09 14:20:05,077 - Eye - INFO - ['Epoch:25, Iter:220, Lr:0.00000020', 'Loss:0.0813', 'train_acc:99.84']
2021-05-09 14:20:14,349 - Eye - INFO - ['Epoch:25, Iter:240, Lr:0.00000020', 'Loss:0.0624', 'train_acc:99.84']
2021-05-09 14:20:23,646 - Eye - INFO - ['Epoch:25, Iter:260, Lr:0.00000020', 'Loss:0.1005', 'train_acc:99.84']
2021-05-09 14:20:33,109 - Eye - INFO - ['Epoch:25, Iter:280, Lr:0.00000020', 'Loss:0.0782', 'train_acc:99.83']
2021-05-09 14:20:37,741 - Eye - INFO - ['Epoch:25, Lr:0.00000020, Cost:138.99s', 'Loss:0.0658', 'train_acc:99.83', 'val_acc:76.04', 'val_loss:0.32']
2021-05-09 14:20:49,809 - Eye - INFO - ['Epoch:26, Iter: 20, Lr:0.00000010', 'Loss:0.0779', 'train_acc:99.84']
2021-05-09 14:20:59,239 - Eye - INFO - ['Epoch:26, Iter: 40, Lr:0.00000010', 'Loss:0.0816', 'train_acc:99.88']
2021-05-09 14:21:08,741 - Eye - INFO - ['Epoch:26, Iter: 60, Lr:0.00000010', 'Loss:0.0584', 'train_acc:99.92']
2021-05-09 14:21:18,313 - Eye - INFO - ['Epoch:26, Iter: 80, Lr:0.00000010', 'Loss:0.0866', 'train_acc:99.86']
2021-05-09 14:21:27,846 - Eye - INFO - ['Epoch:26, Iter:100, Lr:0.00000010', 'Loss:0.0951', 'train_acc:99.88']
2021-05-09 14:21:37,197 - Eye - INFO - ['Epoch:26, Iter:120, Lr:0.00000010', 'Loss:0.1322', 'train_acc:99.87']
2021-05-09 14:21:46,666 - Eye - INFO - ['Epoch:26, Iter:140, Lr:0.00000010', 'Loss:0.0864', 'train_acc:99.89']
2021-05-09 14:21:56,167 - Eye - INFO - ['Epoch:26, Iter:160, Lr:0.00000010', 'Loss:0.0951', 'train_acc:99.90']
2021-05-09 14:22:05,589 - Eye - INFO - ['Epoch:26, Iter:180, Lr:0.00000010', 'Loss:0.0745', 'train_acc:99.86']
2021-05-09 14:22:15,151 - Eye - INFO - ['Epoch:26, Iter:200, Lr:0.00000010', 'Loss:0.0756', 'train_acc:99.88']
2021-05-09 14:22:24,713 - Eye - INFO - ['Epoch:26, Iter:220, Lr:0.00000010', 'Loss:0.1128', 'train_acc:99.88']
2021-05-09 14:22:34,113 - Eye - INFO - ['Epoch:26, Iter:240, Lr:0.00000010', 'Loss:0.0867', 'train_acc:99.88']
2021-05-09 14:22:43,706 - Eye - INFO - ['Epoch:26, Iter:260, Lr:0.00000010', 'Loss:0.1270', 'train_acc:99.87']
2021-05-09 14:22:53,205 - Eye - INFO - ['Epoch:26, Iter:280, Lr:0.00000010', 'Loss:0.0598', 'train_acc:99.86']
2021-05-09 14:22:57,779 - Eye - INFO - ['Epoch:26, Lr:0.00000010, Cost:139.97s', 'Loss:0.0764', 'train_acc:99.86', 'val_acc:75.78', 'val_loss:0.35']
2021-05-09 14:23:10,052 - Eye - INFO - ['Epoch:27, Iter: 20, Lr:0.00000010', 'Loss:0.0516', 'train_acc:99.77']
2021-05-09 14:23:19,614 - Eye - INFO - ['Epoch:27, Iter: 40, Lr:0.00000010', 'Loss:0.0637', 'train_acc:99.80']
2021-05-09 14:23:29,108 - Eye - INFO - ['Epoch:27, Iter: 60, Lr:0.00000010', 'Loss:0.0697', 'train_acc:99.79']
2021-05-09 14:23:38,336 - Eye - INFO - ['Epoch:27, Iter: 80, Lr:0.00000010', 'Loss:0.0602', 'train_acc:99.77']
2021-05-09 14:23:47,777 - Eye - INFO - ['Epoch:27, Iter:100, Lr:0.00000010', 'Loss:0.0772', 'train_acc:99.77']
2021-05-09 14:23:57,252 - Eye - INFO - ['Epoch:27, Iter:120, Lr:0.00000010', 'Loss:0.0576', 'train_acc:99.79']
2021-05-09 14:24:06,808 - Eye - INFO - ['Epoch:27, Iter:140, Lr:0.00000010', 'Loss:0.0483', 'train_acc:99.81']
2021-05-09 14:24:16,309 - Eye - INFO - ['Epoch:27, Iter:160, Lr:0.00000010', 'Loss:0.0567', 'train_acc:99.79']
2021-05-09 14:24:25,690 - Eye - INFO - ['Epoch:27, Iter:180, Lr:0.00000010', 'Loss:0.0542', 'train_acc:99.78']
2021-05-09 14:24:35,099 - Eye - INFO - ['Epoch:27, Iter:200, Lr:0.00000010', 'Loss:0.0899', 'train_acc:99.79']
2021-05-09 14:24:44,707 - Eye - INFO - ['Epoch:27, Iter:220, Lr:0.00000010', 'Loss:0.0725', 'train_acc:99.80']
2021-05-09 14:24:54,224 - Eye - INFO - ['Epoch:27, Iter:240, Lr:0.00000010', 'Loss:0.0860', 'train_acc:99.81']
2021-05-09 14:25:03,512 - Eye - INFO - ['Epoch:27, Iter:260, Lr:0.00000010', 'Loss:0.1545', 'train_acc:99.80']
2021-05-09 14:25:13,207 - Eye - INFO - ['Epoch:27, Iter:280, Lr:0.00000010', 'Loss:0.1249', 'train_acc:99.80']
2021-05-09 14:25:17,884 - Eye - INFO - ['Epoch:27, Lr:0.00000010, Cost:140.01s', 'Loss:0.1000', 'train_acc:99.81', 'val_acc:75.00', 'val_loss:0.30']
2021-05-09 14:25:29,951 - Eye - INFO - ['Epoch:28, Iter: 20, Lr:0.00000010', 'Loss:0.0530', 'train_acc:99.84']
2021-05-09 14:25:39,385 - Eye - INFO - ['Epoch:28, Iter: 40, Lr:0.00000010', 'Loss:0.1426', 'train_acc:99.84']
2021-05-09 14:25:48,755 - Eye - INFO - ['Epoch:28, Iter: 60, Lr:0.00000010', 'Loss:0.0604', 'train_acc:99.84']
2021-05-09 14:25:58,236 - Eye - INFO - ['Epoch:28, Iter: 80, Lr:0.00000010', 'Loss:0.1060', 'train_acc:99.84']
2021-05-09 14:26:07,772 - Eye - INFO - ['Epoch:28, Iter:100, Lr:0.00000010', 'Loss:0.0661', 'train_acc:99.86']
2021-05-09 14:26:17,359 - Eye - INFO - ['Epoch:28, Iter:120, Lr:0.00000010', 'Loss:0.0728', 'train_acc:99.84']
2021-05-09 14:26:26,848 - Eye - INFO - ['Epoch:28, Iter:140, Lr:0.00000010', 'Loss:0.0905', 'train_acc:99.82']
2021-05-09 14:26:36,264 - Eye - INFO - ['Epoch:28, Iter:160, Lr:0.00000010', 'Loss:0.0903', 'train_acc:99.82']
2021-05-09 14:26:45,760 - Eye - INFO - ['Epoch:28, Iter:180, Lr:0.00000010', 'Loss:0.0883', 'train_acc:99.84']
2021-05-09 14:26:55,205 - Eye - INFO - ['Epoch:28, Iter:200, Lr:0.00000010', 'Loss:0.1057', 'train_acc:99.84']
2021-05-09 14:27:04,703 - Eye - INFO - ['Epoch:28, Iter:220, Lr:0.00000010', 'Loss:0.1333', 'train_acc:99.84']
2021-05-09 14:27:14,177 - Eye - INFO - ['Epoch:28, Iter:240, Lr:0.00000010', 'Loss:0.0607', 'train_acc:99.84']
2021-05-09 14:27:23,564 - Eye - INFO - ['Epoch:28, Iter:260, Lr:0.00000010', 'Loss:0.0891', 'train_acc:99.84']
2021-05-09 14:27:33,142 - Eye - INFO - ['Epoch:28, Iter:280, Lr:0.00000010', 'Loss:0.0650', 'train_acc:99.81']
2021-05-09 14:27:37,764 - Eye - INFO - ['Epoch:28, Lr:0.00000010, Cost:139.80s', 'Loss:0.0980', 'train_acc:99.81', 'val_acc:74.22', 'val_loss:0.37']
2021-05-09 14:27:49,953 - Eye - INFO - ['Epoch:29, Iter: 20, Lr:0.00000010', 'Loss:0.0824', 'train_acc:100.00']
2021-05-09 14:27:59,362 - Eye - INFO - ['Epoch:29, Iter: 40, Lr:0.00000010', 'Loss:0.0670', 'train_acc:99.96']
2021-05-09 14:28:08,692 - Eye - INFO - ['Epoch:29, Iter: 60, Lr:0.00000010', 'Loss:0.0731', 'train_acc:99.92']
2021-05-09 14:28:18,138 - Eye - INFO - ['Epoch:29, Iter: 80, Lr:0.00000010', 'Loss:0.0767', 'train_acc:99.94']
2021-05-09 14:28:27,556 - Eye - INFO - ['Epoch:29, Iter:100, Lr:0.00000010', 'Loss:0.0444', 'train_acc:99.94']
2021-05-09 14:28:36,893 - Eye - INFO - ['Epoch:29, Iter:120, Lr:0.00000010', 'Loss:0.0999', 'train_acc:99.91']
2021-05-09 14:28:46,329 - Eye - INFO - ['Epoch:29, Iter:140, Lr:0.00000010', 'Loss:0.0764', 'train_acc:99.89']
2021-05-09 14:28:55,805 - Eye - INFO - ['Epoch:29, Iter:160, Lr:0.00000010', 'Loss:0.0625', 'train_acc:99.88']
2021-05-09 14:29:05,170 - Eye - INFO - ['Epoch:29, Iter:180, Lr:0.00000010', 'Loss:0.0616', 'train_acc:99.88']
2021-05-09 14:29:14,589 - Eye - INFO - ['Epoch:29, Iter:200, Lr:0.00000010', 'Loss:0.0834', 'train_acc:99.89']
2021-05-09 14:29:24,052 - Eye - INFO - ['Epoch:29, Iter:220, Lr:0.00000010', 'Loss:0.0593', 'train_acc:99.87']
2021-05-09 14:29:33,611 - Eye - INFO - ['Epoch:29, Iter:240, Lr:0.00000010', 'Loss:0.1032', 'train_acc:99.87']
2021-05-09 14:29:43,136 - Eye - INFO - ['Epoch:29, Iter:260, Lr:0.00000010', 'Loss:0.1291', 'train_acc:99.87']
2021-05-09 14:29:52,720 - Eye - INFO - ['Epoch:29, Iter:280, Lr:0.00000010', 'Loss:0.0768', 'train_acc:99.87']
2021-05-09 14:29:57,308 - Eye - INFO - ['Epoch:29, Lr:0.00000010, Cost:139.47s', 'Loss:0.1033', 'train_acc:99.87', 'val_acc:75.00', 'val_loss:0.35']
2021-05-09 14:30:09,875 - Eye - INFO - ['Epoch:30, Iter: 20, Lr:0.00000010', 'Loss:0.1235', 'train_acc:99.69']
2021-05-09 14:30:19,255 - Eye - INFO - ['Epoch:30, Iter: 40, Lr:0.00000010', 'Loss:0.0880', 'train_acc:99.65']
2021-05-09 14:30:28,693 - Eye - INFO - ['Epoch:30, Iter: 60, Lr:0.00000010', 'Loss:0.0581', 'train_acc:99.66']
2021-05-09 14:30:38,164 - Eye - INFO - ['Epoch:30, Iter: 80, Lr:0.00000010', 'Loss:0.1112', 'train_acc:99.73']
2021-05-09 14:30:47,275 - Eye - INFO - ['Epoch:30, Iter:100, Lr:0.00000010', 'Loss:0.0914', 'train_acc:99.69']
2021-05-09 14:30:56,547 - Eye - INFO - ['Epoch:30, Iter:120, Lr:0.00000010', 'Loss:0.0807', 'train_acc:99.71']
2021-05-09 14:31:06,037 - Eye - INFO - ['Epoch:30, Iter:140, Lr:0.00000010', 'Loss:0.0840', 'train_acc:99.73']
2021-05-09 14:31:15,624 - Eye - INFO - ['Epoch:30, Iter:160, Lr:0.00000010', 'Loss:0.0725', 'train_acc:99.74']
2021-05-09 14:31:25,185 - Eye - INFO - ['Epoch:30, Iter:180, Lr:0.00000010', 'Loss:0.0723', 'train_acc:99.75']
2021-05-09 14:31:34,735 - Eye - INFO - ['Epoch:30, Iter:200, Lr:0.00000010', 'Loss:0.1137', 'train_acc:99.76']
2021-05-09 14:31:44,152 - Eye - INFO - ['Epoch:30, Iter:220, Lr:0.00000010', 'Loss:0.0655', 'train_acc:99.74']
2021-05-09 14:31:53,577 - Eye - INFO - ['Epoch:30, Iter:240, Lr:0.00000010', 'Loss:0.0670', 'train_acc:99.75']
2021-05-09 14:32:03,064 - Eye - INFO - ['Epoch:30, Iter:260, Lr:0.00000010', 'Loss:0.0743', 'train_acc:99.74']
2021-05-09 14:32:12,544 - Eye - INFO - ['Epoch:30, Iter:280, Lr:0.00000010', 'Loss:0.0875', 'train_acc:99.75']
2021-05-09 14:32:17,151 - Eye - INFO - ['Epoch:30, Lr:0.00000010, Cost:139.77s', 'Loss:0.0729', 'train_acc:99.75', 'val_acc:75.78', 'val_loss:0.32']
2021-05-09 14:32:29,619 - Eye - INFO - ['Epoch:31, Iter: 20, Lr:0.00000005', 'Loss:0.0738', 'train_acc:99.77']
2021-05-09 14:32:38,978 - Eye - INFO - ['Epoch:31, Iter: 40, Lr:0.00000005', 'Loss:0.0796', 'train_acc:99.69']
2021-05-09 14:32:48,321 - Eye - INFO - ['Epoch:31, Iter: 60, Lr:0.00000005', 'Loss:0.0606', 'train_acc:99.71']
2021-05-09 14:32:57,662 - Eye - INFO - ['Epoch:31, Iter: 80, Lr:0.00000005', 'Loss:0.0596', 'train_acc:99.75']
2021-05-09 14:33:07,131 - Eye - INFO - ['Epoch:31, Iter:100, Lr:0.00000005', 'Loss:0.0707', 'train_acc:99.80']
2021-05-09 14:33:16,584 - Eye - INFO - ['Epoch:31, Iter:120, Lr:0.00000005', 'Loss:0.0659', 'train_acc:99.82']
2021-05-09 14:33:26,112 - Eye - INFO - ['Epoch:31, Iter:140, Lr:0.00000005', 'Loss:0.1137', 'train_acc:99.79']
2021-05-09 14:33:35,676 - Eye - INFO - ['Epoch:31, Iter:160, Lr:0.00000005', 'Loss:0.0850', 'train_acc:99.81']
2021-05-09 14:33:45,073 - Eye - INFO - ['Epoch:31, Iter:180, Lr:0.00000005', 'Loss:0.0641', 'train_acc:99.82']
2021-05-09 14:33:54,553 - Eye - INFO - ['Epoch:31, Iter:200, Lr:0.00000005', 'Loss:0.0633', 'train_acc:99.82']
2021-05-09 14:34:04,075 - Eye - INFO - ['Epoch:31, Iter:220, Lr:0.00000005', 'Loss:0.0678', 'train_acc:99.81']
2021-05-09 14:34:13,534 - Eye - INFO - ['Epoch:31, Iter:240, Lr:0.00000005', 'Loss:0.0670', 'train_acc:99.82']
2021-05-09 14:34:22,566 - Eye - INFO - ['Epoch:31, Iter:260, Lr:0.00000005', 'Loss:0.0831', 'train_acc:99.82']
2021-05-09 14:34:31,966 - Eye - INFO - ['Epoch:31, Iter:280, Lr:0.00000005', 'Loss:0.0570', 'train_acc:99.83']
2021-05-09 14:34:36,598 - Eye - INFO - ['Epoch:31, Lr:0.00000005, Cost:139.36s', 'Loss:0.0679', 'train_acc:99.83', 'val_acc:74.48', 'val_loss:0.36']
2021-05-09 14:34:48,692 - Eye - INFO - ['Epoch:32, Iter: 20, Lr:0.00000005', 'Loss:0.0957', 'train_acc:99.77']
2021-05-09 14:34:58,297 - Eye - INFO - ['Epoch:32, Iter: 40, Lr:0.00000005', 'Loss:0.0779', 'train_acc:99.88']
2021-05-09 14:35:07,630 - Eye - INFO - ['Epoch:32, Iter: 60, Lr:0.00000005', 'Loss:0.0597', 'train_acc:99.84']
2021-05-09 14:35:17,155 - Eye - INFO - ['Epoch:32, Iter: 80, Lr:0.00000005', 'Loss:0.0669', 'train_acc:99.86']
2021-05-09 14:35:26,407 - Eye - INFO - ['Epoch:32, Iter:100, Lr:0.00000005', 'Loss:0.1070', 'train_acc:99.88']
2021-05-09 14:35:35,606 - Eye - INFO - ['Epoch:32, Iter:120, Lr:0.00000005', 'Loss:0.0819', 'train_acc:99.88']
2021-05-09 14:35:45,138 - Eye - INFO - ['Epoch:32, Iter:140, Lr:0.00000005', 'Loss:0.0782', 'train_acc:99.89']
2021-05-09 14:35:54,750 - Eye - INFO - ['Epoch:32, Iter:160, Lr:0.00000005', 'Loss:0.0722', 'train_acc:99.89']
2021-05-09 14:36:04,238 - Eye - INFO - ['Epoch:32, Iter:180, Lr:0.00000005', 'Loss:0.0570', 'train_acc:99.89']
2021-05-09 14:36:13,677 - Eye - INFO - ['Epoch:32, Iter:200, Lr:0.00000005', 'Loss:0.0573', 'train_acc:99.89']
2021-05-09 14:36:23,189 - Eye - INFO - ['Epoch:32, Iter:220, Lr:0.00000005', 'Loss:0.0566', 'train_acc:99.89']
2021-05-09 14:36:32,601 - Eye - INFO - ['Epoch:32, Iter:240, Lr:0.00000005', 'Loss:0.0781', 'train_acc:99.88']
2021-05-09 14:36:41,933 - Eye - INFO - ['Epoch:32, Iter:260, Lr:0.00000005', 'Loss:0.0830', 'train_acc:99.89']
2021-05-09 14:36:51,469 - Eye - INFO - ['Epoch:32, Iter:280, Lr:0.00000005', 'Loss:0.1334', 'train_acc:99.89']
2021-05-09 14:36:56,103 - Eye - INFO - ['Epoch:32, Lr:0.00000005, Cost:139.42s', 'Loss:0.1018', 'train_acc:99.89', 'val_acc:73.18', 'val_loss:0.37']
2021-05-09 14:37:07,980 - Eye - INFO - ['Epoch:33, Iter: 20, Lr:0.00000005', 'Loss:0.0783', 'train_acc:99.92']
2021-05-09 14:37:17,018 - Eye - INFO - ['Epoch:33, Iter: 40, Lr:0.00000005', 'Loss:0.1158', 'train_acc:99.88']
2021-05-09 14:37:26,188 - Eye - INFO - ['Epoch:33, Iter: 60, Lr:0.00000005', 'Loss:0.0519', 'train_acc:99.87']
2021-05-09 14:37:35,762 - Eye - INFO - ['Epoch:33, Iter: 80, Lr:0.00000005', 'Loss:0.0778', 'train_acc:99.90']
2021-05-09 14:37:45,240 - Eye - INFO - ['Epoch:33, Iter:100, Lr:0.00000005', 'Loss:0.0580', 'train_acc:99.92']
2021-05-09 14:37:54,626 - Eye - INFO - ['Epoch:33, Iter:120, Lr:0.00000005', 'Loss:0.1356', 'train_acc:99.92']
2021-05-09 14:38:04,192 - Eye - INFO - ['Epoch:33, Iter:140, Lr:0.00000005', 'Loss:0.1097', 'train_acc:99.92']
2021-05-09 14:38:13,828 - Eye - INFO - ['Epoch:33, Iter:160, Lr:0.00000005', 'Loss:0.0547', 'train_acc:99.91']
2021-05-09 14:38:23,385 - Eye - INFO - ['Epoch:33, Iter:180, Lr:0.00000005', 'Loss:0.0608', 'train_acc:99.90']
2021-05-09 14:38:32,875 - Eye - INFO - ['Epoch:33, Iter:200, Lr:0.00000005', 'Loss:0.0651', 'train_acc:99.91']
2021-05-09 14:38:41,859 - Eye - INFO - ['Epoch:33, Iter:220, Lr:0.00000005', 'Loss:0.1012', 'train_acc:99.91']
2021-05-09 14:38:51,211 - Eye - INFO - ['Epoch:33, Iter:240, Lr:0.00000005', 'Loss:0.0590', 'train_acc:99.89']
2021-05-09 14:39:00,767 - Eye - INFO - ['Epoch:33, Iter:260, Lr:0.00000005', 'Loss:0.0898', 'train_acc:99.89']
2021-05-09 14:39:10,060 - Eye - INFO - ['Epoch:33, Iter:280, Lr:0.00000005', 'Loss:0.0728', 'train_acc:99.89']
2021-05-09 14:39:14,697 - Eye - INFO - ['Epoch:33, Lr:0.00000005, Cost:138.52s', 'Loss:0.0562', 'train_acc:99.89', 'val_acc:74.74', 'val_loss:0.34']
2021-05-09 14:39:26,864 - Eye - INFO - ['Epoch:34, Iter: 20, Lr:0.00000005', 'Loss:0.0969', 'train_acc:99.92']
2021-05-09 14:39:36,364 - Eye - INFO - ['Epoch:34, Iter: 40, Lr:0.00000005', 'Loss:0.0609', 'train_acc:99.96']
2021-05-09 14:39:45,945 - Eye - INFO - ['Epoch:34, Iter: 60, Lr:0.00000005', 'Loss:0.0702', 'train_acc:99.95']
2021-05-09 14:39:55,438 - Eye - INFO - ['Epoch:34, Iter: 80, Lr:0.00000005', 'Loss:0.0685', 'train_acc:99.90']
2021-05-09 14:40:04,966 - Eye - INFO - ['Epoch:34, Iter:100, Lr:0.00000005', 'Loss:0.1212', 'train_acc:99.91']
2021-05-09 14:40:14,207 - Eye - INFO - ['Epoch:34, Iter:120, Lr:0.00000005', 'Loss:0.0623', 'train_acc:99.91']
2021-05-09 14:40:23,428 - Eye - INFO - ['Epoch:34, Iter:140, Lr:0.00000005', 'Loss:0.0699', 'train_acc:99.91']
2021-05-09 14:40:32,987 - Eye - INFO - ['Epoch:34, Iter:160, Lr:0.00000005', 'Loss:0.0869', 'train_acc:99.90']
2021-05-09 14:40:42,499 - Eye - INFO - ['Epoch:34, Iter:180, Lr:0.00000005', 'Loss:0.1074', 'train_acc:99.89']
2021-05-09 14:40:51,755 - Eye - INFO - ['Epoch:34, Iter:200, Lr:0.00000005', 'Loss:0.0989', 'train_acc:99.88']
2021-05-09 14:41:01,057 - Eye - INFO - ['Epoch:34, Iter:220, Lr:0.00000005', 'Loss:0.0716', 'train_acc:99.88']
2021-05-09 14:41:10,476 - Eye - INFO - ['Epoch:34, Iter:240, Lr:0.00000005', 'Loss:0.0811', 'train_acc:99.88']
2021-05-09 14:41:19,858 - Eye - INFO - ['Epoch:34, Iter:260, Lr:0.00000005', 'Loss:0.0964', 'train_acc:99.87']
2021-05-09 14:41:28,793 - Eye - INFO - ['Epoch:34, Iter:280, Lr:0.00000005', 'Loss:0.0741', 'train_acc:99.87']
2021-05-09 14:41:33,281 - Eye - INFO - ['Epoch:34, Lr:0.00000005, Cost:138.51s', 'Loss:0.0631', 'train_acc:99.87', 'val_acc:75.78', 'val_loss:0.29']
2021-05-09 14:41:45,493 - Eye - INFO - ['Epoch:35, Iter: 20, Lr:0.00000005', 'Loss:0.0733', 'train_acc:100.00']
2021-05-09 14:41:54,935 - Eye - INFO - ['Epoch:35, Iter: 40, Lr:0.00000005', 'Loss:0.1690', 'train_acc:99.92']
2021-05-09 14:42:04,449 - Eye - INFO - ['Epoch:35, Iter: 60, Lr:0.00000005', 'Loss:0.0590', 'train_acc:99.87']
2021-05-09 14:42:14,016 - Eye - INFO - ['Epoch:35, Iter: 80, Lr:0.00000005', 'Loss:0.0716', 'train_acc:99.84']
2021-05-09 14:42:23,486 - Eye - INFO - ['Epoch:35, Iter:100, Lr:0.00000005', 'Loss:0.0898', 'train_acc:99.81']
2021-05-09 14:42:32,959 - Eye - INFO - ['Epoch:35, Iter:120, Lr:0.00000005', 'Loss:0.0663', 'train_acc:99.79']
2021-05-09 14:42:42,386 - Eye - INFO - ['Epoch:35, Iter:140, Lr:0.00000005', 'Loss:0.0717', 'train_acc:99.80']
2021-05-09 14:42:51,923 - Eye - INFO - ['Epoch:35, Iter:160, Lr:0.00000005', 'Loss:0.1165', 'train_acc:99.82']
2021-05-09 14:43:01,231 - Eye - INFO - ['Epoch:35, Iter:180, Lr:0.00000005', 'Loss:0.1098', 'train_acc:99.81']
2021-05-09 14:43:10,572 - Eye - INFO - ['Epoch:35, Iter:200, Lr:0.00000005', 'Loss:0.1136', 'train_acc:99.80']
2021-05-09 14:43:19,957 - Eye - INFO - ['Epoch:35, Iter:220, Lr:0.00000005', 'Loss:0.0933', 'train_acc:99.82']
2021-05-09 14:43:29,401 - Eye - INFO - ['Epoch:35, Iter:240, Lr:0.00000005', 'Loss:0.0981', 'train_acc:99.82']
2021-05-09 14:43:38,735 - Eye - INFO - ['Epoch:35, Iter:260, Lr:0.00000005', 'Loss:0.0492', 'train_acc:99.83']
2021-05-09 14:43:48,257 - Eye - INFO - ['Epoch:35, Iter:280, Lr:0.00000005', 'Loss:0.1190', 'train_acc:99.83']
2021-05-09 14:43:52,942 - Eye - INFO - ['Epoch:35, Lr:0.00000005, Cost:139.57s', 'Loss:0.0869', 'train_acc:99.83', 'val_acc:74.74', 'val_loss:0.34']
2021-05-09 14:44:05,162 - Eye - INFO - ['Epoch:36, Iter: 20, Lr:0.00000005', 'Loss:0.0734', 'train_acc:100.00']
2021-05-09 14:44:14,483 - Eye - INFO - ['Epoch:36, Iter: 40, Lr:0.00000005', 'Loss:0.0672', 'train_acc:99.65']
2021-05-09 14:44:23,900 - Eye - INFO - ['Epoch:36, Iter: 60, Lr:0.00000005', 'Loss:0.0897', 'train_acc:99.61']
2021-05-09 14:44:32,946 - Eye - INFO - ['Epoch:36, Iter: 80, Lr:0.00000005', 'Loss:0.0657', 'train_acc:99.69']
2021-05-09 14:44:42,498 - Eye - INFO - ['Epoch:36, Iter:100, Lr:0.00000005', 'Loss:0.0871', 'train_acc:99.75']
2021-05-09 14:44:51,812 - Eye - INFO - ['Epoch:36, Iter:120, Lr:0.00000005', 'Loss:0.0568', 'train_acc:99.75']
2021-05-09 14:45:01,384 - Eye - INFO - ['Epoch:36, Iter:140, Lr:0.00000005', 'Loss:0.0619', 'train_acc:99.79']
2021-05-09 14:45:10,908 - Eye - INFO - ['Epoch:36, Iter:160, Lr:0.00000005', 'Loss:0.0687', 'train_acc:99.80']
2021-05-09 14:45:20,384 - Eye - INFO - ['Epoch:36, Iter:180, Lr:0.00000005', 'Loss:0.1313', 'train_acc:99.79']
2021-05-09 14:45:29,863 - Eye - INFO - ['Epoch:36, Iter:200, Lr:0.00000005', 'Loss:0.1093', 'train_acc:99.78']
2021-05-09 14:45:39,284 - Eye - INFO - ['Epoch:36, Iter:220, Lr:0.00000005', 'Loss:0.0655', 'train_acc:99.79']
2021-05-09 14:45:48,789 - Eye - INFO - ['Epoch:36, Iter:240, Lr:0.00000005', 'Loss:0.0816', 'train_acc:99.81']
2021-05-09 14:45:58,383 - Eye - INFO - ['Epoch:36, Iter:260, Lr:0.00000005', 'Loss:0.1104', 'train_acc:99.82']
2021-05-09 14:46:08,108 - Eye - INFO - ['Epoch:36, Iter:280, Lr:0.00000005', 'Loss:0.1265', 'train_acc:99.82']
2021-05-09 14:46:12,679 - Eye - INFO - ['Epoch:36, Lr:0.00000005, Cost:139.64s', 'Loss:0.0790', 'train_acc:99.82', 'val_acc:75.00', 'val_loss:0.37']
2021-05-09 14:46:24,649 - Eye - INFO - ['Epoch:37, Iter: 20, Lr:0.00000005', 'Loss:0.0600', 'train_acc:99.92']
2021-05-09 14:46:33,945 - Eye - INFO - ['Epoch:37, Iter: 40, Lr:0.00000005', 'Loss:0.0820', 'train_acc:99.96']
2021-05-09 14:46:43,422 - Eye - INFO - ['Epoch:37, Iter: 60, Lr:0.00000005', 'Loss:0.0880', 'train_acc:99.77']
2021-05-09 14:46:52,873 - Eye - INFO - ['Epoch:37, Iter: 80, Lr:0.00000005', 'Loss:0.1054', 'train_acc:99.77']
2021-05-09 14:47:02,182 - Eye - INFO - ['Epoch:37, Iter:100, Lr:0.00000005', 'Loss:0.0716', 'train_acc:99.78']
2021-05-09 14:47:11,594 - Eye - INFO - ['Epoch:37, Iter:120, Lr:0.00000005', 'Loss:0.0556', 'train_acc:99.79']
2021-05-09 14:47:21,166 - Eye - INFO - ['Epoch:37, Iter:140, Lr:0.00000005', 'Loss:0.0747', 'train_acc:99.80']
2021-05-09 14:47:30,489 - Eye - INFO - ['Epoch:37, Iter:160, Lr:0.00000005', 'Loss:0.0871', 'train_acc:99.80']
2021-05-09 14:47:39,845 - Eye - INFO - ['Epoch:37, Iter:180, Lr:0.00000005', 'Loss:0.0746', 'train_acc:99.82']
2021-05-09 14:47:49,345 - Eye - INFO - ['Epoch:37, Iter:200, Lr:0.00000005', 'Loss:0.0599', 'train_acc:99.83']
2021-05-09 14:47:58,823 - Eye - INFO - ['Epoch:37, Iter:220, Lr:0.00000005', 'Loss:0.0611', 'train_acc:99.82']
2021-05-09 14:48:08,286 - Eye - INFO - ['Epoch:37, Iter:240, Lr:0.00000005', 'Loss:0.0830', 'train_acc:99.82']
2021-05-09 14:48:17,888 - Eye - INFO - ['Epoch:37, Iter:260, Lr:0.00000005', 'Loss:0.0670', 'train_acc:99.83']
2021-05-09 14:48:27,362 - Eye - INFO - ['Epoch:37, Iter:280, Lr:0.00000005', 'Loss:0.0710', 'train_acc:99.82']
2021-05-09 14:48:32,016 - Eye - INFO - ['Epoch:37, Lr:0.00000005, Cost:139.27s', 'Loss:0.0715', 'train_acc:99.81', 'val_acc:76.04', 'val_loss:0.31']
2021-05-09 14:48:43,950 - Eye - INFO - ['Epoch:38, Iter: 20, Lr:0.00000005', 'Loss:0.0801', 'train_acc:99.84']
2021-05-09 14:48:53,304 - Eye - INFO - ['Epoch:38, Iter: 40, Lr:0.00000005', 'Loss:0.0872', 'train_acc:99.88']
2021-05-09 14:49:02,792 - Eye - INFO - ['Epoch:38, Iter: 60, Lr:0.00000005', 'Loss:0.0760', 'train_acc:99.90']
2021-05-09 14:49:12,265 - Eye - INFO - ['Epoch:38, Iter: 80, Lr:0.00000005', 'Loss:0.0832', 'train_acc:99.92']
2021-05-09 14:49:21,792 - Eye - INFO - ['Epoch:38, Iter:100, Lr:0.00000005', 'Loss:0.0952', 'train_acc:99.88']
2021-05-09 14:49:31,417 - Eye - INFO - ['Epoch:38, Iter:120, Lr:0.00000005', 'Loss:0.0638', 'train_acc:99.86']
2021-05-09 14:49:40,970 - Eye - INFO - ['Epoch:38, Iter:140, Lr:0.00000005', 'Loss:0.0942', 'train_acc:99.88']
2021-05-09 14:49:50,503 - Eye - INFO - ['Epoch:38, Iter:160, Lr:0.00000005', 'Loss:0.0953', 'train_acc:99.89']
2021-05-09 14:49:59,892 - Eye - INFO - ['Epoch:38, Iter:180, Lr:0.00000005', 'Loss:0.0626', 'train_acc:99.90']
2021-05-09 14:50:09,447 - Eye - INFO - ['Epoch:38, Iter:200, Lr:0.00000005', 'Loss:0.0609', 'train_acc:99.90']
2021-05-09 14:50:18,825 - Eye - INFO - ['Epoch:38, Iter:220, Lr:0.00000005', 'Loss:0.0630', 'train_acc:99.91']
2021-05-09 14:50:27,902 - Eye - INFO - ['Epoch:38, Iter:240, Lr:0.00000005', 'Loss:0.0712', 'train_acc:99.92']
2021-05-09 14:50:37,396 - Eye - INFO - ['Epoch:38, Iter:260, Lr:0.00000005', 'Loss:0.0980', 'train_acc:99.92']
2021-05-09 14:50:47,104 - Eye - INFO - ['Epoch:38, Iter:280, Lr:0.00000005', 'Loss:0.0533', 'train_acc:99.92']
2021-05-09 14:50:51,667 - Eye - INFO - ['Epoch:38, Lr:0.00000005, Cost:139.58s', 'Loss:0.0971', 'train_acc:99.92', 'val_acc:73.70', 'val_loss:0.34']
2021-05-09 14:51:03,654 - Eye - INFO - ['Epoch:39, Iter: 20, Lr:0.00000005', 'Loss:0.0837', 'train_acc:100.00']
2021-05-09 14:51:12,798 - Eye - INFO - ['Epoch:39, Iter: 40, Lr:0.00000005', 'Loss:0.0780', 'train_acc:99.84']
2021-05-09 14:51:22,139 - Eye - INFO - ['Epoch:39, Iter: 60, Lr:0.00000005', 'Loss:0.0654', 'train_acc:99.82']
2021-05-09 14:51:31,345 - Eye - INFO - ['Epoch:39, Iter: 80, Lr:0.00000005', 'Loss:0.0642', 'train_acc:99.79']
2021-05-09 14:51:40,602 - Eye - INFO - ['Epoch:39, Iter:100, Lr:0.00000005', 'Loss:0.0636', 'train_acc:99.81']
2021-05-09 14:51:49,987 - Eye - INFO - ['Epoch:39, Iter:120, Lr:0.00000005', 'Loss:0.0780', 'train_acc:99.83']
2021-05-09 14:51:59,411 - Eye - INFO - ['Epoch:39, Iter:140, Lr:0.00000005', 'Loss:0.0861', 'train_acc:99.85']
2021-05-09 14:52:08,995 - Eye - INFO - ['Epoch:39, Iter:160, Lr:0.00000005', 'Loss:0.0749', 'train_acc:99.83']
2021-05-09 14:52:18,311 - Eye - INFO - ['Epoch:39, Iter:180, Lr:0.00000005', 'Loss:0.1023', 'train_acc:99.84']
2021-05-09 14:52:27,980 - Eye - INFO - ['Epoch:39, Iter:200, Lr:0.00000005', 'Loss:0.0867', 'train_acc:99.86']
2021-05-09 14:52:37,507 - Eye - INFO - ['Epoch:39, Iter:220, Lr:0.00000005', 'Loss:0.0890', 'train_acc:99.86']
2021-05-09 14:52:46,860 - Eye - INFO - ['Epoch:39, Iter:240, Lr:0.00000005', 'Loss:0.0673', 'train_acc:99.87']
2021-05-09 14:52:55,963 - Eye - INFO - ['Epoch:39, Iter:260, Lr:0.00000005', 'Loss:0.0699', 'train_acc:99.83']
2021-05-09 14:53:05,648 - Eye - INFO - ['Epoch:39, Iter:280, Lr:0.00000005', 'Loss:0.0808', 'train_acc:99.84']
2021-05-09 14:53:10,150 - Eye - INFO - ['Epoch:39, Lr:0.00000005, Cost:138.41s', 'Loss:0.1149', 'train_acc:99.83', 'val_acc:75.78', 'val_loss:0.33']
2021-05-09 14:53:23,457 - Eye - INFO - ['Epoch:40, Iter: 20, Lr:0.00000005', 'Loss:0.1237', 'train_acc:99.92']
2021-05-09 14:53:32,814 - Eye - INFO - ['Epoch:40, Iter: 40, Lr:0.00000005', 'Loss:0.0915', 'train_acc:99.92']
2021-05-09 14:53:42,332 - Eye - INFO - ['Epoch:40, Iter: 60, Lr:0.00000005', 'Loss:0.0789', 'train_acc:99.90']
2021-05-09 14:53:51,535 - Eye - INFO - ['Epoch:40, Iter: 80, Lr:0.00000005', 'Loss:0.0784', 'train_acc:99.84']
2021-05-09 14:54:00,908 - Eye - INFO - ['Epoch:40, Iter:100, Lr:0.00000005', 'Loss:0.0535', 'train_acc:99.84']
2021-05-09 14:54:10,301 - Eye - INFO - ['Epoch:40, Iter:120, Lr:0.00000005', 'Loss:0.1661', 'train_acc:99.80']
2021-05-09 14:54:19,762 - Eye - INFO - ['Epoch:40, Iter:140, Lr:0.00000005', 'Loss:0.1022', 'train_acc:99.78']
2021-05-09 14:54:29,287 - Eye - INFO - ['Epoch:40, Iter:160, Lr:0.00000005', 'Loss:0.0616', 'train_acc:99.77']
2021-05-09 14:54:38,714 - Eye - INFO - ['Epoch:40, Iter:180, Lr:0.00000005', 'Loss:0.0834', 'train_acc:99.78']
2021-05-09 14:54:48,178 - Eye - INFO - ['Epoch:40, Iter:200, Lr:0.00000005', 'Loss:0.0592', 'train_acc:99.77']
2021-05-09 14:54:57,687 - Eye - INFO - ['Epoch:40, Iter:220, Lr:0.00000005', 'Loss:0.0950', 'train_acc:99.77']
2021-05-09 14:55:07,117 - Eye - INFO - ['Epoch:40, Iter:240, Lr:0.00000005', 'Loss:0.0570', 'train_acc:99.78']
2021-05-09 14:55:16,686 - Eye - INFO - ['Epoch:40, Iter:260, Lr:0.00000005', 'Loss:0.0719', 'train_acc:99.78']
2021-05-09 14:55:26,354 - Eye - INFO - ['Epoch:40, Iter:280, Lr:0.00000005', 'Loss:0.0679', 'train_acc:99.79']
2021-05-09 14:55:30,895 - Eye - INFO - ['Epoch:40, Lr:0.00000005, Cost:140.65s', 'Loss:0.0554', 'train_acc:99.79', 'val_acc:74.74', 'val_loss:0.37']
2021-05-09 14:55:42,971 - Eye - INFO - ['Epoch:41, Iter: 20, Lr:0.00000005', 'Loss:0.0818', 'train_acc:100.00']
2021-05-09 14:55:52,417 - Eye - INFO - ['Epoch:41, Iter: 40, Lr:0.00000005', 'Loss:0.1129', 'train_acc:99.92']
2021-05-09 14:56:01,849 - Eye - INFO - ['Epoch:41, Iter: 60, Lr:0.00000005', 'Loss:0.0792', 'train_acc:99.87']
2021-05-09 14:56:11,347 - Eye - INFO - ['Epoch:41, Iter: 80, Lr:0.00000005', 'Loss:0.0681', 'train_acc:99.90']
2021-05-09 14:56:20,872 - Eye - INFO - ['Epoch:41, Iter:100, Lr:0.00000005', 'Loss:0.0724', 'train_acc:99.91']
2021-05-09 14:56:30,090 - Eye - INFO - ['Epoch:41, Iter:120, Lr:0.00000005', 'Loss:0.0608', 'train_acc:99.91']
2021-05-09 14:56:39,573 - Eye - INFO - ['Epoch:41, Iter:140, Lr:0.00000005', 'Loss:0.0838', 'train_acc:99.92']
2021-05-09 14:56:48,750 - Eye - INFO - ['Epoch:41, Iter:160, Lr:0.00000005', 'Loss:0.0707', 'train_acc:99.91']
2021-05-09 14:56:58,211 - Eye - INFO - ['Epoch:41, Iter:180, Lr:0.00000005', 'Loss:0.0800', 'train_acc:99.90']
2021-05-09 14:57:07,777 - Eye - INFO - ['Epoch:41, Iter:200, Lr:0.00000005', 'Loss:0.0758', 'train_acc:99.87']
2021-05-09 14:57:17,108 - Eye - INFO - ['Epoch:41, Iter:220, Lr:0.00000005', 'Loss:0.1710', 'train_acc:99.85']
2021-05-09 14:57:26,060 - Eye - INFO - ['Epoch:41, Iter:240, Lr:0.00000005', 'Loss:0.1019', 'train_acc:99.86']
2021-05-09 14:57:35,461 - Eye - INFO - ['Epoch:41, Iter:260, Lr:0.00000005', 'Loss:0.0882', 'train_acc:99.86']
2021-05-09 14:57:45,195 - Eye - INFO - ['Epoch:41, Iter:280, Lr:0.00000005', 'Loss:0.0612', 'train_acc:99.85']
2021-05-09 14:57:49,876 - Eye - INFO - ['Epoch:41, Lr:0.00000005, Cost:138.89s', 'Loss:0.0751', 'train_acc:99.86', 'val_acc:75.00', 'val_loss:0.33']
2021-05-09 14:58:02,831 - Eye - INFO - ['Epoch:42, Iter: 20, Lr:0.00000005', 'Loss:0.1159', 'train_acc:99.92']
2021-05-09 14:58:12,223 - Eye - INFO - ['Epoch:42, Iter: 40, Lr:0.00000005', 'Loss:0.0941', 'train_acc:99.92']
2021-05-09 14:58:21,895 - Eye - INFO - ['Epoch:42, Iter: 60, Lr:0.00000005', 'Loss:0.1063', 'train_acc:99.92']
2021-05-09 14:58:31,350 - Eye - INFO - ['Epoch:42, Iter: 80, Lr:0.00000005', 'Loss:0.0642', 'train_acc:99.94']
2021-05-09 14:58:40,789 - Eye - INFO - ['Epoch:42, Iter:100, Lr:0.00000005', 'Loss:0.0753', 'train_acc:99.95']
2021-05-09 14:58:50,333 - Eye - INFO - ['Epoch:42, Iter:120, Lr:0.00000005', 'Loss:0.0609', 'train_acc:99.91']
2021-05-09 14:58:59,747 - Eye - INFO - ['Epoch:42, Iter:140, Lr:0.00000005', 'Loss:0.0731', 'train_acc:99.88']
2021-05-09 14:59:09,320 - Eye - INFO - ['Epoch:42, Iter:160, Lr:0.00000005', 'Loss:0.0925', 'train_acc:99.87']
2021-05-09 14:59:18,723 - Eye - INFO - ['Epoch:42, Iter:180, Lr:0.00000005', 'Loss:0.0800', 'train_acc:99.88']
2021-05-09 14:59:28,152 - Eye - INFO - ['Epoch:42, Iter:200, Lr:0.00000005', 'Loss:0.0748', 'train_acc:99.89']
2021-05-09 14:59:37,498 - Eye - INFO - ['Epoch:42, Iter:220, Lr:0.00000005', 'Loss:0.0818', 'train_acc:99.89']
2021-05-09 14:59:46,720 - Eye - INFO - ['Epoch:42, Iter:240, Lr:0.00000005', 'Loss:0.1181', 'train_acc:99.89']
2021-05-09 14:59:56,261 - Eye - INFO - ['Epoch:42, Iter:260, Lr:0.00000005', 'Loss:0.0760', 'train_acc:99.88']
2021-05-09 15:00:06,004 - Eye - INFO - ['Epoch:42, Iter:280, Lr:0.00000005', 'Loss:0.0902', 'train_acc:99.88']
2021-05-09 15:00:10,502 - Eye - INFO - ['Epoch:42, Lr:0.00000005, Cost:140.55s', 'Loss:0.1026', 'train_acc:99.87', 'val_acc:75.00', 'val_loss:0.35']
2021-05-09 15:00:22,775 - Eye - INFO - ['Epoch:43, Iter: 20, Lr:0.00000005', 'Loss:0.0481', 'train_acc:100.00']
2021-05-09 15:00:32,178 - Eye - INFO - ['Epoch:43, Iter: 40, Lr:0.00000005', 'Loss:0.0906', 'train_acc:99.69']
2021-05-09 15:00:41,549 - Eye - INFO - ['Epoch:43, Iter: 60, Lr:0.00000005', 'Loss:0.0865', 'train_acc:99.77']
2021-05-09 15:00:51,047 - Eye - INFO - ['Epoch:43, Iter: 80, Lr:0.00000005', 'Loss:0.1076', 'train_acc:99.77']
2021-05-09 15:01:00,671 - Eye - INFO - ['Epoch:43, Iter:100, Lr:0.00000005', 'Loss:0.0895', 'train_acc:99.80']
2021-05-09 15:01:10,072 - Eye - INFO - ['Epoch:43, Iter:120, Lr:0.00000005', 'Loss:0.0878', 'train_acc:99.79']
2021-05-09 15:01:19,616 - Eye - INFO - ['Epoch:43, Iter:140, Lr:0.00000005', 'Loss:0.0812', 'train_acc:99.79']
2021-05-09 15:01:29,062 - Eye - INFO - ['Epoch:43, Iter:160, Lr:0.00000005', 'Loss:0.1053', 'train_acc:99.80']
2021-05-09 15:01:38,647 - Eye - INFO - ['Epoch:43, Iter:180, Lr:0.00000005', 'Loss:0.0606', 'train_acc:99.82']
2021-05-09 15:01:48,184 - Eye - INFO - ['Epoch:43, Iter:200, Lr:0.00000005', 'Loss:0.0641', 'train_acc:99.82']
2021-05-09 15:01:57,452 - Eye - INFO - ['Epoch:43, Iter:220, Lr:0.00000005', 'Loss:0.0834', 'train_acc:99.82']
2021-05-09 15:02:06,685 - Eye - INFO - ['Epoch:43, Iter:240, Lr:0.00000005', 'Loss:0.0674', 'train_acc:99.82']
2021-05-09 15:02:16,113 - Eye - INFO - ['Epoch:43, Iter:260, Lr:0.00000005', 'Loss:0.0623', 'train_acc:99.84']
2021-05-09 15:02:25,715 - Eye - INFO - ['Epoch:43, Iter:280, Lr:0.00000005', 'Loss:0.0674', 'train_acc:99.83']
2021-05-09 15:02:30,342 - Eye - INFO - ['Epoch:43, Lr:0.00000005, Cost:139.77s', 'Loss:0.0747', 'train_acc:99.83', 'val_acc:74.74', 'val_loss:0.32']
2021-05-09 15:02:42,650 - Eye - INFO - ['Epoch:44, Iter: 20, Lr:0.00000005', 'Loss:0.0775', 'train_acc:99.92']
2021-05-09 15:02:51,919 - Eye - INFO - ['Epoch:44, Iter: 40, Lr:0.00000005', 'Loss:0.0656', 'train_acc:99.92']
2021-05-09 15:03:01,198 - Eye - INFO - ['Epoch:44, Iter: 60, Lr:0.00000005', 'Loss:0.0631', 'train_acc:99.92']
2021-05-09 15:03:10,433 - Eye - INFO - ['Epoch:44, Iter: 80, Lr:0.00000005', 'Loss:0.1033', 'train_acc:99.88']
2021-05-09 15:03:19,880 - Eye - INFO - ['Epoch:44, Iter:100, Lr:0.00000005', 'Loss:0.0698', 'train_acc:99.91']
2021-05-09 15:03:29,333 - Eye - INFO - ['Epoch:44, Iter:120, Lr:0.00000005', 'Loss:0.1140', 'train_acc:99.91']
2021-05-09 15:03:38,820 - Eye - INFO - ['Epoch:44, Iter:140, Lr:0.00000005', 'Loss:0.0665', 'train_acc:99.91']
2021-05-09 15:03:48,465 - Eye - INFO - ['Epoch:44, Iter:160, Lr:0.00000005', 'Loss:0.0586', 'train_acc:99.92']
2021-05-09 15:03:57,795 - Eye - INFO - ['Epoch:44, Iter:180, Lr:0.00000005', 'Loss:0.0534', 'train_acc:99.92']
2021-05-09 15:04:07,165 - Eye - INFO - ['Epoch:44, Iter:200, Lr:0.00000005', 'Loss:0.1057', 'train_acc:99.91']
2021-05-09 15:04:16,652 - Eye - INFO - ['Epoch:44, Iter:220, Lr:0.00000005', 'Loss:0.0709', 'train_acc:99.91']
2021-05-09 15:04:26,212 - Eye - INFO - ['Epoch:44, Iter:240, Lr:0.00000005', 'Loss:0.0619', 'train_acc:99.89']
2021-05-09 15:04:35,751 - Eye - INFO - ['Epoch:44, Iter:260, Lr:0.00000005', 'Loss:0.0911', 'train_acc:99.88']
2021-05-09 15:04:45,219 - Eye - INFO - ['Epoch:44, Iter:280, Lr:0.00000005', 'Loss:0.0524', 'train_acc:99.89']
2021-05-09 15:04:49,742 - Eye - INFO - ['Epoch:44, Lr:0.00000005, Cost:139.31s', 'Loss:0.0707', 'train_acc:99.89', 'val_acc:75.26', 'val_loss:0.35']
2021-05-09 15:05:02,170 - Eye - INFO - ['Epoch:45, Iter: 20, Lr:0.00000005', 'Loss:0.0751', 'train_acc:99.92']
2021-05-09 15:05:11,673 - Eye - INFO - ['Epoch:45, Iter: 40, Lr:0.00000005', 'Loss:0.0462', 'train_acc:99.96']
2021-05-09 15:05:21,206 - Eye - INFO - ['Epoch:45, Iter: 60, Lr:0.00000005', 'Loss:0.0731', 'train_acc:99.95']
2021-05-09 15:05:30,661 - Eye - INFO - ['Epoch:45, Iter: 80, Lr:0.00000005', 'Loss:0.0664', 'train_acc:99.94']
2021-05-09 15:05:40,151 - Eye - INFO - ['Epoch:45, Iter:100, Lr:0.00000005', 'Loss:0.0537', 'train_acc:99.89']
2021-05-09 15:05:49,707 - Eye - INFO - ['Epoch:45, Iter:120, Lr:0.00000005', 'Loss:0.0922', 'train_acc:99.90']
2021-05-09 15:05:59,195 - Eye - INFO - ['Epoch:45, Iter:140, Lr:0.00000005', 'Loss:0.0774', 'train_acc:99.91']
2021-05-09 15:06:08,558 - Eye - INFO - ['Epoch:45, Iter:160, Lr:0.00000005', 'Loss:0.0802', 'train_acc:99.91']
2021-05-09 15:06:18,111 - Eye - INFO - ['Epoch:45, Iter:180, Lr:0.00000005', 'Loss:0.0664', 'train_acc:99.92']
2021-05-09 15:06:27,606 - Eye - INFO - ['Epoch:45, Iter:200, Lr:0.00000005', 'Loss:0.0621', 'train_acc:99.91']
2021-05-09 15:06:37,066 - Eye - INFO - ['Epoch:45, Iter:220, Lr:0.00000005', 'Loss:0.0621', 'train_acc:99.91']
2021-05-09 15:06:46,581 - Eye - INFO - ['Epoch:45, Iter:240, Lr:0.00000005', 'Loss:0.0995', 'train_acc:99.90']
2021-05-09 15:06:55,847 - Eye - INFO - ['Epoch:45, Iter:260, Lr:0.00000005', 'Loss:0.0911', 'train_acc:99.90']
2021-05-09 15:07:05,350 - Eye - INFO - ['Epoch:45, Iter:280, Lr:0.00000005', 'Loss:0.0503', 'train_acc:99.91']
2021-05-09 15:07:09,819 - Eye - INFO - ['Epoch:45, Lr:0.00000005, Cost:140.01s', 'Loss:0.0570', 'train_acc:99.91', 'val_acc:76.30', 'val_loss:0.31']
2021-05-09 15:07:21,923 - Eye - INFO - ['Epoch:46, Iter: 20, Lr:0.00000005', 'Loss:0.0800', 'train_acc:99.84']
2021-05-09 15:07:31,530 - Eye - INFO - ['Epoch:46, Iter: 40, Lr:0.00000005', 'Loss:0.0970', 'train_acc:99.88']
2021-05-09 15:07:41,062 - Eye - INFO - ['Epoch:46, Iter: 60, Lr:0.00000005', 'Loss:0.0917', 'train_acc:99.84']
2021-05-09 15:07:50,539 - Eye - INFO - ['Epoch:46, Iter: 80, Lr:0.00000005', 'Loss:0.0768', 'train_acc:99.86']
2021-05-09 15:07:59,868 - Eye - INFO - ['Epoch:46, Iter:100, Lr:0.00000005', 'Loss:0.0804', 'train_acc:99.80']
2021-05-09 15:08:09,379 - Eye - INFO - ['Epoch:46, Iter:120, Lr:0.00000005', 'Loss:0.0685', 'train_acc:99.77']
2021-05-09 15:08:18,737 - Eye - INFO - ['Epoch:46, Iter:140, Lr:0.00000005', 'Loss:0.0556', 'train_acc:99.79']
2021-05-09 15:08:28,050 - Eye - INFO - ['Epoch:46, Iter:160, Lr:0.00000005', 'Loss:0.1319', 'train_acc:99.78']
2021-05-09 15:08:37,457 - Eye - INFO - ['Epoch:46, Iter:180, Lr:0.00000005', 'Loss:0.0704', 'train_acc:99.76']
2021-05-09 15:08:46,736 - Eye - INFO - ['Epoch:46, Iter:200, Lr:0.00000005', 'Loss:0.0562', 'train_acc:99.77']
2021-05-09 15:08:56,161 - Eye - INFO - ['Epoch:46, Iter:220, Lr:0.00000005', 'Loss:0.1466', 'train_acc:99.78']
2021-05-09 15:09:05,718 - Eye - INFO - ['Epoch:46, Iter:240, Lr:0.00000005', 'Loss:0.0561', 'train_acc:99.79']
2021-05-09 15:09:14,945 - Eye - INFO - ['Epoch:46, Iter:260, Lr:0.00000005', 'Loss:0.0929', 'train_acc:99.78']
2021-05-09 15:09:24,133 - Eye - INFO - ['Epoch:46, Iter:280, Lr:0.00000005', 'Loss:0.1031', 'train_acc:99.79']
2021-05-09 15:09:28,712 - Eye - INFO - ['Epoch:46, Lr:0.00000005, Cost:138.82s', 'Loss:0.1444', 'train_acc:99.79', 'val_acc:75.00', 'val_loss:0.34']
2021-05-09 15:09:40,976 - Eye - INFO - ['Epoch:47, Iter: 20, Lr:0.00000005', 'Loss:0.0968', 'train_acc:99.92']
2021-05-09 15:09:50,247 - Eye - INFO - ['Epoch:47, Iter: 40, Lr:0.00000005', 'Loss:0.0782', 'train_acc:99.96']
2021-05-09 15:09:59,271 - Eye - INFO - ['Epoch:47, Iter: 60, Lr:0.00000005', 'Loss:0.0574', 'train_acc:99.95']
2021-05-09 15:10:08,754 - Eye - INFO - ['Epoch:47, Iter: 80, Lr:0.00000005', 'Loss:0.0565', 'train_acc:99.94']
2021-05-09 15:10:18,249 - Eye - INFO - ['Epoch:47, Iter:100, Lr:0.00000005', 'Loss:0.0683', 'train_acc:99.91']
2021-05-09 15:10:27,576 - Eye - INFO - ['Epoch:47, Iter:120, Lr:0.00000005', 'Loss:0.1084', 'train_acc:99.83']
2021-05-09 15:10:37,126 - Eye - INFO - ['Epoch:47, Iter:140, Lr:0.00000005', 'Loss:0.0655', 'train_acc:99.83']
2021-05-09 15:10:46,441 - Eye - INFO - ['Epoch:47, Iter:160, Lr:0.00000005', 'Loss:0.0974', 'train_acc:99.82']
2021-05-09 15:10:55,428 - Eye - INFO - ['Epoch:47, Iter:180, Lr:0.00000005', 'Loss:0.0639', 'train_acc:99.82']
2021-05-09 15:11:04,478 - Eye - INFO - ['Epoch:47, Iter:200, Lr:0.00000005', 'Loss:0.0718', 'train_acc:99.80']
2021-05-09 15:11:14,081 - Eye - INFO - ['Epoch:47, Iter:220, Lr:0.00000005', 'Loss:0.0652', 'train_acc:99.82']
2021-05-09 15:11:23,553 - Eye - INFO - ['Epoch:47, Iter:240, Lr:0.00000005', 'Loss:0.0546', 'train_acc:99.83']
2021-05-09 15:11:32,995 - Eye - INFO - ['Epoch:47, Iter:260, Lr:0.00000005', 'Loss:0.0595', 'train_acc:99.82']
2021-05-09 15:11:42,776 - Eye - INFO - ['Epoch:47, Iter:280, Lr:0.00000005', 'Loss:0.0687', 'train_acc:99.83']
2021-05-09 15:11:47,210 - Eye - INFO - ['Epoch:47, Lr:0.00000005, Cost:138.42s', 'Loss:0.0610', 'train_acc:99.83', 'val_acc:74.74', 'val_loss:0.36']
2021-05-09 15:11:59,143 - Eye - INFO - ['Epoch:48, Iter: 20, Lr:0.00000005', 'Loss:0.0632', 'train_acc:99.92']
2021-05-09 15:12:08,573 - Eye - INFO - ['Epoch:48, Iter: 40, Lr:0.00000005', 'Loss:0.0749', 'train_acc:99.92']
2021-05-09 15:12:18,034 - Eye - INFO - ['Epoch:48, Iter: 60, Lr:0.00000005', 'Loss:0.0951', 'train_acc:99.92']
2021-05-09 15:12:27,501 - Eye - INFO - ['Epoch:48, Iter: 80, Lr:0.00000005', 'Loss:0.1114', 'train_acc:99.90']
2021-05-09 15:12:37,072 - Eye - INFO - ['Epoch:48, Iter:100, Lr:0.00000005', 'Loss:0.1033', 'train_acc:99.89']
2021-05-09 15:12:46,520 - Eye - INFO - ['Epoch:48, Iter:120, Lr:0.00000005', 'Loss:0.1067', 'train_acc:99.90']
2021-05-09 15:12:55,775 - Eye - INFO - ['Epoch:48, Iter:140, Lr:0.00000005', 'Loss:0.0788', 'train_acc:99.89']
2021-05-09 15:13:05,038 - Eye - INFO - ['Epoch:48, Iter:160, Lr:0.00000005', 'Loss:0.0560', 'train_acc:99.89']
2021-05-09 15:13:14,448 - Eye - INFO - ['Epoch:48, Iter:180, Lr:0.00000005', 'Loss:0.0594', 'train_acc:99.90']
2021-05-09 15:13:23,806 - Eye - INFO - ['Epoch:48, Iter:200, Lr:0.00000005', 'Loss:0.0846', 'train_acc:99.91']
2021-05-09 15:13:33,385 - Eye - INFO - ['Epoch:48, Iter:220, Lr:0.00000005', 'Loss:0.0976', 'train_acc:99.90']
2021-05-09 15:13:42,888 - Eye - INFO - ['Epoch:48, Iter:240, Lr:0.00000005', 'Loss:0.1040', 'train_acc:99.86']
2021-05-09 15:13:52,373 - Eye - INFO - ['Epoch:48, Iter:260, Lr:0.00000005', 'Loss:0.0829', 'train_acc:99.87']
2021-05-09 15:14:01,797 - Eye - INFO - ['Epoch:48, Iter:280, Lr:0.00000005', 'Loss:0.0682', 'train_acc:99.86']
2021-05-09 15:14:06,304 - Eye - INFO - ['Epoch:48, Lr:0.00000005, Cost:139.02s', 'Loss:0.0746', 'train_acc:99.86', 'val_acc:75.78', 'val_loss:0.31']
2021-05-09 15:14:18,407 - Eye - INFO - ['Epoch:49, Iter: 20, Lr:0.00000005', 'Loss:0.1060', 'train_acc:99.84']
2021-05-09 15:14:27,807 - Eye - INFO - ['Epoch:49, Iter: 40, Lr:0.00000005', 'Loss:0.0633', 'train_acc:99.84']
2021-05-09 15:14:37,218 - Eye - INFO - ['Epoch:49, Iter: 60, Lr:0.00000005', 'Loss:0.1346', 'train_acc:99.82']
2021-05-09 15:14:46,735 - Eye - INFO - ['Epoch:49, Iter: 80, Lr:0.00000005', 'Loss:0.0649', 'train_acc:99.86']
2021-05-09 15:14:56,093 - Eye - INFO - ['Epoch:49, Iter:100, Lr:0.00000005', 'Loss:0.0631', 'train_acc:99.83']
2021-05-09 15:15:05,486 - Eye - INFO - ['Epoch:49, Iter:120, Lr:0.00000005', 'Loss:0.1079', 'train_acc:99.84']
2021-05-09 15:15:14,707 - Eye - INFO - ['Epoch:49, Iter:140, Lr:0.00000005', 'Loss:0.0775', 'train_acc:99.83']
2021-05-09 15:15:24,057 - Eye - INFO - ['Epoch:49, Iter:160, Lr:0.00000005', 'Loss:0.0577', 'train_acc:99.84']
2021-05-09 15:15:33,437 - Eye - INFO - ['Epoch:49, Iter:180, Lr:0.00000005', 'Loss:0.0556', 'train_acc:99.85']
2021-05-09 15:15:42,830 - Eye - INFO - ['Epoch:49, Iter:200, Lr:0.00000005', 'Loss:0.1638', 'train_acc:99.86']
2021-05-09 15:15:52,323 - Eye - INFO - ['Epoch:49, Iter:220, Lr:0.00000005', 'Loss:0.1051', 'train_acc:99.85']
2021-05-09 15:16:01,839 - Eye - INFO - ['Epoch:49, Iter:240, Lr:0.00000005', 'Loss:0.0778', 'train_acc:99.82']
2021-05-09 15:16:11,224 - Eye - INFO - ['Epoch:49, Iter:260, Lr:0.00000005', 'Loss:0.0901', 'train_acc:99.83']
2021-05-09 15:16:20,918 - Eye - INFO - ['Epoch:49, Iter:280, Lr:0.00000005', 'Loss:0.0807', 'train_acc:99.83']
2021-05-09 15:16:25,509 - Eye - INFO - ['Epoch:49, Lr:0.00000005, Cost:139.13s', 'Loss:0.0921', 'train_acc:99.83', 'val_acc:76.04', 'val_loss:0.32']
