2021-05-09 12:12:50,415 - Eye - INFO - Train Dataset uploaded!
2021-05-09 12:12:50,415 - Eye - INFO - device:cuda
2021-05-09 12:14:03,535 - Eye - INFO - ['Epoch:00, Iter: 20, Lr:0.00010000', 'Loss:1.7270', 'train_acc:19.53']
2021-05-09 12:14:12,494 - Eye - INFO - ['Epoch:00, Iter: 40, Lr:0.00010000', 'Loss:1.6972', 'train_acc:28.28']
2021-05-09 12:14:21,355 - Eye - INFO - ['Epoch:00, Iter: 60, Lr:0.00010000', 'Loss:1.5860', 'train_acc:32.71']
2021-05-09 12:14:30,628 - Eye - INFO - ['Epoch:00, Iter: 80, Lr:0.00010000', 'Loss:1.4746', 'train_acc:35.78']
2021-05-09 12:14:39,941 - Eye - INFO - ['Epoch:00, Iter:100, Lr:0.00010000', 'Loss:1.4024', 'train_acc:38.05']
2021-05-09 12:14:49,344 - Eye - INFO - ['Epoch:00, Iter:120, Lr:0.00010000', 'Loss:1.4485', 'train_acc:39.52']
2021-05-09 12:14:58,759 - Eye - INFO - ['Epoch:00, Iter:140, Lr:0.00010000', 'Loss:1.2676', 'train_acc:40.83']
2021-05-09 12:15:08,264 - Eye - INFO - ['Epoch:00, Iter:160, Lr:0.00010000', 'Loss:1.1416', 'train_acc:42.10']
2021-05-09 12:15:17,754 - Eye - INFO - ['Epoch:00, Iter:180, Lr:0.00010000', 'Loss:1.3440', 'train_acc:43.18']
2021-05-09 12:15:26,919 - Eye - INFO - ['Epoch:00, Iter:200, Lr:0.00010000', 'Loss:1.1698', 'train_acc:44.26']
2021-05-09 12:15:36,277 - Eye - INFO - ['Epoch:00, Iter:220, Lr:0.00010000', 'Loss:1.1357', 'train_acc:45.04']
2021-05-09 12:15:45,640 - Eye - INFO - ['Epoch:00, Iter:240, Lr:0.00010000', 'Loss:1.2122', 'train_acc:45.75']
2021-05-09 12:15:55,179 - Eye - INFO - ['Epoch:00, Iter:260, Lr:0.00010000', 'Loss:1.1789', 'train_acc:46.34']
2021-05-09 12:16:03,985 - Eye - INFO - ['Epoch:00, Iter:280, Lr:0.00010000', 'Loss:1.1183', 'train_acc:46.88']
2021-05-09 12:16:08,588 - Eye - INFO - ['Epoch:00, Lr:0.00010000, Cost:138.78s', 'Loss:1.0505', 'train_acc:46.93', 'val_acc:19.53', 'val_loss:1.84']
2021-05-09 12:16:20,514 - Eye - INFO - ['Epoch:01, Iter: 20, Lr:0.00005000', 'Loss:1.0800', 'train_acc:55.31']
2021-05-09 12:16:29,896 - Eye - INFO - ['Epoch:01, Iter: 40, Lr:0.00005000', 'Loss:1.1271', 'train_acc:54.02']
2021-05-09 12:16:39,433 - Eye - INFO - ['Epoch:01, Iter: 60, Lr:0.00005000', 'Loss:1.1541', 'train_acc:55.23']
2021-05-09 12:16:48,852 - Eye - INFO - ['Epoch:01, Iter: 80, Lr:0.00005000', 'Loss:0.9444', 'train_acc:55.88']
2021-05-09 12:16:58,236 - Eye - INFO - ['Epoch:01, Iter:100, Lr:0.00005000', 'Loss:1.0301', 'train_acc:56.41']
2021-05-09 12:17:07,425 - Eye - INFO - ['Epoch:01, Iter:120, Lr:0.00005000', 'Loss:1.0304', 'train_acc:56.84']
2021-05-09 12:17:16,858 - Eye - INFO - ['Epoch:01, Iter:140, Lr:0.00005000', 'Loss:1.1384', 'train_acc:56.88']
2021-05-09 12:17:26,361 - Eye - INFO - ['Epoch:01, Iter:160, Lr:0.00005000', 'Loss:1.0532', 'train_acc:56.97']
2021-05-09 12:17:35,507 - Eye - INFO - ['Epoch:01, Iter:180, Lr:0.00005000', 'Loss:1.0983', 'train_acc:57.41']
2021-05-09 12:17:44,577 - Eye - INFO - ['Epoch:01, Iter:200, Lr:0.00005000', 'Loss:1.0449', 'train_acc:57.42']
2021-05-09 12:17:53,978 - Eye - INFO - ['Epoch:01, Iter:220, Lr:0.00005000', 'Loss:0.9533', 'train_acc:57.41']
2021-05-09 12:18:03,367 - Eye - INFO - ['Epoch:01, Iter:240, Lr:0.00005000', 'Loss:0.9849', 'train_acc:57.55']
2021-05-09 12:18:12,816 - Eye - INFO - ['Epoch:01, Iter:260, Lr:0.00005000', 'Loss:0.8355', 'train_acc:57.73']
2021-05-09 12:18:22,579 - Eye - INFO - ['Epoch:01, Iter:280, Lr:0.00005000', 'Loss:0.9437', 'train_acc:57.90']
2021-05-09 12:18:27,144 - Eye - INFO - ['Epoch:01, Lr:0.00005000, Cost:138.46s', 'Loss:0.9741', 'train_acc:57.91', 'val_acc:40.10', 'val_loss:1.25']
2021-05-09 12:18:40,135 - Eye - INFO - ['Epoch:02, Iter: 20, Lr:0.00002500', 'Loss:0.8930', 'train_acc:61.56']
2021-05-09 12:18:49,595 - Eye - INFO - ['Epoch:02, Iter: 40, Lr:0.00002500', 'Loss:0.9737', 'train_acc:62.11']
2021-05-09 12:18:59,053 - Eye - INFO - ['Epoch:02, Iter: 60, Lr:0.00002500', 'Loss:1.0758', 'train_acc:62.27']
2021-05-09 12:19:08,499 - Eye - INFO - ['Epoch:02, Iter: 80, Lr:0.00002500', 'Loss:0.8154', 'train_acc:62.34']
2021-05-09 12:19:17,991 - Eye - INFO - ['Epoch:02, Iter:100, Lr:0.00002500', 'Loss:1.0228', 'train_acc:62.23']
2021-05-09 12:19:27,393 - Eye - INFO - ['Epoch:02, Iter:120, Lr:0.00002500', 'Loss:0.8583', 'train_acc:62.38']
2021-05-09 12:19:36,627 - Eye - INFO - ['Epoch:02, Iter:140, Lr:0.00002500', 'Loss:0.9868', 'train_acc:62.35']
2021-05-09 12:19:46,021 - Eye - INFO - ['Epoch:02, Iter:160, Lr:0.00002500', 'Loss:0.8984', 'train_acc:62.59']
2021-05-09 12:19:55,359 - Eye - INFO - ['Epoch:02, Iter:180, Lr:0.00002500', 'Loss:0.8169', 'train_acc:63.06']
2021-05-09 12:20:04,790 - Eye - INFO - ['Epoch:02, Iter:200, Lr:0.00002500', 'Loss:0.8343', 'train_acc:63.10']
2021-05-09 12:20:14,383 - Eye - INFO - ['Epoch:02, Iter:220, Lr:0.00002500', 'Loss:0.9993', 'train_acc:63.11']
2021-05-09 12:20:23,804 - Eye - INFO - ['Epoch:02, Iter:240, Lr:0.00002500', 'Loss:0.7775', 'train_acc:63.29']
2021-05-09 12:20:33,189 - Eye - INFO - ['Epoch:02, Iter:260, Lr:0.00002500', 'Loss:0.9475', 'train_acc:63.26']
2021-05-09 12:20:42,288 - Eye - INFO - ['Epoch:02, Iter:280, Lr:0.00002500', 'Loss:0.7944', 'train_acc:63.44']
2021-05-09 12:20:46,807 - Eye - INFO - ['Epoch:02, Lr:0.00002500, Cost:139.57s', 'Loss:0.8127', 'train_acc:63.45', 'val_acc:37.24', 'val_loss:1.30']
2021-05-09 12:20:58,808 - Eye - INFO - ['Epoch:03, Iter: 20, Lr:0.00002500', 'Loss:0.7870', 'train_acc:66.56']
2021-05-09 12:21:08,208 - Eye - INFO - ['Epoch:03, Iter: 40, Lr:0.00002500', 'Loss:0.8048', 'train_acc:65.86']
2021-05-09 12:21:17,651 - Eye - INFO - ['Epoch:03, Iter: 60, Lr:0.00002500', 'Loss:0.8833', 'train_acc:65.81']
2021-05-09 12:21:27,142 - Eye - INFO - ['Epoch:03, Iter: 80, Lr:0.00002500', 'Loss:1.0282', 'train_acc:66.45']
2021-05-09 12:21:36,691 - Eye - INFO - ['Epoch:03, Iter:100, Lr:0.00002500', 'Loss:0.9610', 'train_acc:66.75']
2021-05-09 12:21:46,117 - Eye - INFO - ['Epoch:03, Iter:120, Lr:0.00002500', 'Loss:0.6261', 'train_acc:67.57']
2021-05-09 12:21:55,635 - Eye - INFO - ['Epoch:03, Iter:140, Lr:0.00002500', 'Loss:0.7350', 'train_acc:68.46']
2021-05-09 12:22:05,039 - Eye - INFO - ['Epoch:03, Iter:160, Lr:0.00002500', 'Loss:0.7892', 'train_acc:69.16']
2021-05-09 12:22:14,519 - Eye - INFO - ['Epoch:03, Iter:180, Lr:0.00002500', 'Loss:0.8277', 'train_acc:69.62']
2021-05-09 12:22:23,963 - Eye - INFO - ['Epoch:03, Iter:200, Lr:0.00002500', 'Loss:0.5868', 'train_acc:70.16']
2021-05-09 12:22:33,282 - Eye - INFO - ['Epoch:03, Iter:220, Lr:0.00002500', 'Loss:0.4935', 'train_acc:70.62']
2021-05-09 12:22:42,691 - Eye - INFO - ['Epoch:03, Iter:240, Lr:0.00002500', 'Loss:0.6104', 'train_acc:71.24']
2021-05-09 12:22:52,094 - Eye - INFO - ['Epoch:03, Iter:260, Lr:0.00002500', 'Loss:0.6398', 'train_acc:71.72']
2021-05-09 12:23:00,776 - Eye - INFO - ['Epoch:03, Iter:280, Lr:0.00002500', 'Loss:0.6079', 'train_acc:72.33']
2021-05-09 12:23:05,235 - Eye - INFO - ['Epoch:03, Lr:0.00002500, Cost:138.34s', 'Loss:0.7466', 'train_acc:72.34', 'val_acc:53.91', 'val_loss:1.13']
2021-05-09 12:23:17,258 - Eye - INFO - ['Epoch:04, Iter: 20, Lr:0.00001250', 'Loss:0.5591', 'train_acc:81.72']
2021-05-09 12:23:26,594 - Eye - INFO - ['Epoch:04, Iter: 40, Lr:0.00001250', 'Loss:0.6356', 'train_acc:82.46']
2021-05-09 12:23:35,955 - Eye - INFO - ['Epoch:04, Iter: 60, Lr:0.00001250', 'Loss:0.4870', 'train_acc:83.05']
2021-05-09 12:23:45,334 - Eye - INFO - ['Epoch:04, Iter: 80, Lr:0.00001250', 'Loss:0.5885', 'train_acc:83.03']
2021-05-09 12:23:54,865 - Eye - INFO - ['Epoch:04, Iter:100, Lr:0.00001250', 'Loss:0.4737', 'train_acc:83.55']
2021-05-09 12:24:04,249 - Eye - INFO - ['Epoch:04, Iter:120, Lr:0.00001250', 'Loss:0.5649', 'train_acc:83.85']
2021-05-09 12:24:13,567 - Eye - INFO - ['Epoch:04, Iter:140, Lr:0.00001250', 'Loss:0.4957', 'train_acc:84.06']
2021-05-09 12:24:23,037 - Eye - INFO - ['Epoch:04, Iter:160, Lr:0.00001250', 'Loss:0.3839', 'train_acc:84.32']
2021-05-09 12:24:32,282 - Eye - INFO - ['Epoch:04, Iter:180, Lr:0.00001250', 'Loss:0.4825', 'train_acc:84.51']
2021-05-09 12:24:41,790 - Eye - INFO - ['Epoch:04, Iter:200, Lr:0.00001250', 'Loss:0.3404', 'train_acc:84.84']
2021-05-09 12:24:51,306 - Eye - INFO - ['Epoch:04, Iter:220, Lr:0.00001250', 'Loss:0.3929', 'train_acc:85.13']
2021-05-09 12:25:00,849 - Eye - INFO - ['Epoch:04, Iter:240, Lr:0.00001250', 'Loss:0.5265', 'train_acc:85.23']
2021-05-09 12:25:10,379 - Eye - INFO - ['Epoch:04, Iter:260, Lr:0.00001250', 'Loss:0.5250', 'train_acc:85.28']
2021-05-09 12:25:19,956 - Eye - INFO - ['Epoch:04, Iter:280, Lr:0.00001250', 'Loss:0.4697', 'train_acc:85.32']
2021-05-09 12:25:24,534 - Eye - INFO - ['Epoch:04, Lr:0.00001250, Cost:139.23s', 'Loss:0.5454', 'train_acc:85.31', 'val_acc:58.59', 'val_loss:0.82']
2021-05-09 12:25:36,713 - Eye - INFO - ['Epoch:05, Iter: 20, Lr:0.00001250', 'Loss:0.4575', 'train_acc:87.89']
2021-05-09 12:25:46,093 - Eye - INFO - ['Epoch:05, Iter: 40, Lr:0.00001250', 'Loss:0.5125', 'train_acc:87.58']
2021-05-09 12:25:55,500 - Eye - INFO - ['Epoch:05, Iter: 60, Lr:0.00001250', 'Loss:0.5202', 'train_acc:87.97']
2021-05-09 12:26:04,865 - Eye - INFO - ['Epoch:05, Iter: 80, Lr:0.00001250', 'Loss:0.5259', 'train_acc:88.09']
2021-05-09 12:26:14,271 - Eye - INFO - ['Epoch:05, Iter:100, Lr:0.00001250', 'Loss:0.2812', 'train_acc:88.30']
2021-05-09 12:26:23,686 - Eye - INFO - ['Epoch:05, Iter:120, Lr:0.00001250', 'Loss:0.3889', 'train_acc:88.75']
2021-05-09 12:26:33,184 - Eye - INFO - ['Epoch:05, Iter:140, Lr:0.00001250', 'Loss:0.3566', 'train_acc:88.93']
2021-05-09 12:26:42,681 - Eye - INFO - ['Epoch:05, Iter:160, Lr:0.00001250', 'Loss:0.4058', 'train_acc:89.15']
2021-05-09 12:26:52,103 - Eye - INFO - ['Epoch:05, Iter:180, Lr:0.00001250', 'Loss:0.4317', 'train_acc:89.21']
2021-05-09 12:27:01,673 - Eye - INFO - ['Epoch:05, Iter:200, Lr:0.00001250', 'Loss:0.4244', 'train_acc:89.30']
2021-05-09 12:27:11,165 - Eye - INFO - ['Epoch:05, Iter:220, Lr:0.00001250', 'Loss:0.4379', 'train_acc:89.29']
2021-05-09 12:27:20,617 - Eye - INFO - ['Epoch:05, Iter:240, Lr:0.00001250', 'Loss:0.4043', 'train_acc:89.47']
2021-05-09 12:27:29,866 - Eye - INFO - ['Epoch:05, Iter:260, Lr:0.00001250', 'Loss:0.3465', 'train_acc:89.63']
2021-05-09 12:27:39,297 - Eye - INFO - ['Epoch:05, Iter:280, Lr:0.00001250', 'Loss:0.3128', 'train_acc:89.81']
2021-05-09 12:27:43,821 - Eye - INFO - ['Epoch:05, Lr:0.00001250, Cost:139.20s', 'Loss:0.2648', 'train_acc:89.84', 'val_acc:57.81', 'val_loss:0.97']
2021-05-09 12:27:55,899 - Eye - INFO - ['Epoch:06, Iter: 20, Lr:0.00000625', 'Loss:0.3832', 'train_acc:92.27']
2021-05-09 12:28:05,283 - Eye - INFO - ['Epoch:06, Iter: 40, Lr:0.00000625', 'Loss:0.3585', 'train_acc:93.05']
2021-05-09 12:28:14,642 - Eye - INFO - ['Epoch:06, Iter: 60, Lr:0.00000625', 'Loss:0.4052', 'train_acc:93.23']
2021-05-09 12:28:24,043 - Eye - INFO - ['Epoch:06, Iter: 80, Lr:0.00000625', 'Loss:0.2985', 'train_acc:93.71']
2021-05-09 12:28:33,569 - Eye - INFO - ['Epoch:06, Iter:100, Lr:0.00000625', 'Loss:0.3658', 'train_acc:94.02']
2021-05-09 12:28:42,887 - Eye - INFO - ['Epoch:06, Iter:120, Lr:0.00000625', 'Loss:0.2007', 'train_acc:94.10']
2021-05-09 12:28:52,420 - Eye - INFO - ['Epoch:06, Iter:140, Lr:0.00000625', 'Loss:0.2251', 'train_acc:94.26']
2021-05-09 12:29:02,091 - Eye - INFO - ['Epoch:06, Iter:160, Lr:0.00000625', 'Loss:0.2377', 'train_acc:94.47']
2021-05-09 12:29:11,548 - Eye - INFO - ['Epoch:06, Iter:180, Lr:0.00000625', 'Loss:0.2566', 'train_acc:94.53']
2021-05-09 12:29:21,078 - Eye - INFO - ['Epoch:06, Iter:200, Lr:0.00000625', 'Loss:0.2153', 'train_acc:94.59']
2021-05-09 12:29:30,650 - Eye - INFO - ['Epoch:06, Iter:220, Lr:0.00000625', 'Loss:0.2242', 'train_acc:94.72']
2021-05-09 12:29:40,163 - Eye - INFO - ['Epoch:06, Iter:240, Lr:0.00000625', 'Loss:0.2224', 'train_acc:94.77']
2021-05-09 12:29:49,495 - Eye - INFO - ['Epoch:06, Iter:260, Lr:0.00000625', 'Loss:0.2512', 'train_acc:94.94']
2021-05-09 12:29:58,832 - Eye - INFO - ['Epoch:06, Iter:280, Lr:0.00000625', 'Loss:0.2658', 'train_acc:94.94']
2021-05-09 12:30:03,273 - Eye - INFO - ['Epoch:06, Lr:0.00000625, Cost:139.38s', 'Loss:0.1605', 'train_acc:94.96', 'val_acc:73.70', 'val_loss:0.41']
2021-05-09 12:30:15,424 - Eye - INFO - ['Epoch:07, Iter: 20, Lr:0.00000625', 'Loss:0.1989', 'train_acc:96.17']
2021-05-09 12:30:24,863 - Eye - INFO - ['Epoch:07, Iter: 40, Lr:0.00000625', 'Loss:0.2579', 'train_acc:96.45']
2021-05-09 12:30:34,265 - Eye - INFO - ['Epoch:07, Iter: 60, Lr:0.00000625', 'Loss:0.1911', 'train_acc:96.46']
2021-05-09 12:30:43,692 - Eye - INFO - ['Epoch:07, Iter: 80, Lr:0.00000625', 'Loss:0.1755', 'train_acc:96.60']
2021-05-09 12:30:53,066 - Eye - INFO - ['Epoch:07, Iter:100, Lr:0.00000625', 'Loss:0.1491', 'train_acc:96.53']
2021-05-09 12:31:02,649 - Eye - INFO - ['Epoch:07, Iter:120, Lr:0.00000625', 'Loss:0.2222', 'train_acc:96.84']
2021-05-09 12:31:11,970 - Eye - INFO - ['Epoch:07, Iter:140, Lr:0.00000625', 'Loss:0.1731', 'train_acc:96.82']
2021-05-09 12:31:21,403 - Eye - INFO - ['Epoch:07, Iter:160, Lr:0.00000625', 'Loss:0.2051', 'train_acc:96.80']
2021-05-09 12:31:30,951 - Eye - INFO - ['Epoch:07, Iter:180, Lr:0.00000625', 'Loss:0.3006', 'train_acc:96.90']
2021-05-09 12:31:40,113 - Eye - INFO - ['Epoch:07, Iter:200, Lr:0.00000625', 'Loss:0.1747', 'train_acc:96.94']
2021-05-09 12:31:49,535 - Eye - INFO - ['Epoch:07, Iter:220, Lr:0.00000625', 'Loss:0.1756', 'train_acc:97.00']
2021-05-09 12:31:59,044 - Eye - INFO - ['Epoch:07, Iter:240, Lr:0.00000625', 'Loss:0.1132', 'train_acc:97.02']
2021-05-09 12:32:08,306 - Eye - INFO - ['Epoch:07, Iter:260, Lr:0.00000625', 'Loss:0.1131', 'train_acc:97.07']
2021-05-09 12:32:17,915 - Eye - INFO - ['Epoch:07, Iter:280, Lr:0.00000625', 'Loss:0.1517', 'train_acc:97.15']
2021-05-09 12:32:22,342 - Eye - INFO - ['Epoch:07, Lr:0.00000625, Cost:138.99s', 'Loss:0.2287', 'train_acc:97.15', 'val_acc:75.26', 'val_loss:0.23']
2021-05-09 12:32:34,476 - Eye - INFO - ['Epoch:08, Iter: 20, Lr:0.00000313', 'Loss:0.1883', 'train_acc:98.28']
2021-05-09 12:32:43,963 - Eye - INFO - ['Epoch:08, Iter: 40, Lr:0.00000313', 'Loss:0.2833', 'train_acc:98.24']
2021-05-09 12:32:53,326 - Eye - INFO - ['Epoch:08, Iter: 60, Lr:0.00000313', 'Loss:0.3567', 'train_acc:98.18']
2021-05-09 12:33:02,793 - Eye - INFO - ['Epoch:08, Iter: 80, Lr:0.00000313', 'Loss:0.1573', 'train_acc:98.22']
2021-05-09 12:33:12,477 - Eye - INFO - ['Epoch:08, Iter:100, Lr:0.00000313', 'Loss:0.1134', 'train_acc:98.23']
2021-05-09 12:33:21,845 - Eye - INFO - ['Epoch:08, Iter:120, Lr:0.00000313', 'Loss:0.1645', 'train_acc:98.18']
2021-05-09 12:33:31,278 - Eye - INFO - ['Epoch:08, Iter:140, Lr:0.00000313', 'Loss:0.1920', 'train_acc:98.25']
2021-05-09 12:33:40,740 - Eye - INFO - ['Epoch:08, Iter:160, Lr:0.00000313', 'Loss:0.2258', 'train_acc:98.26']
2021-05-09 12:33:50,167 - Eye - INFO - ['Epoch:08, Iter:180, Lr:0.00000313', 'Loss:0.2158', 'train_acc:98.33']
2021-05-09 12:33:59,571 - Eye - INFO - ['Epoch:08, Iter:200, Lr:0.00000313', 'Loss:0.2192', 'train_acc:98.32']
2021-05-09 12:34:08,894 - Eye - INFO - ['Epoch:08, Iter:220, Lr:0.00000313', 'Loss:0.1709', 'train_acc:98.32']
2021-05-09 12:34:18,354 - Eye - INFO - ['Epoch:08, Iter:240, Lr:0.00000313', 'Loss:0.1644', 'train_acc:98.31']
2021-05-09 12:34:27,724 - Eye - INFO - ['Epoch:08, Iter:260, Lr:0.00000313', 'Loss:0.1332', 'train_acc:98.32']
2021-05-09 12:34:37,325 - Eye - INFO - ['Epoch:08, Iter:280, Lr:0.00000313', 'Loss:0.1628', 'train_acc:98.32']
2021-05-09 12:34:41,789 - Eye - INFO - ['Epoch:08, Lr:0.00000313, Cost:139.35s', 'Loss:0.1516', 'train_acc:98.32', 'val_acc:75.78', 'val_loss:0.26']
2021-05-09 12:34:54,341 - Eye - INFO - ['Epoch:09, Iter: 20, Lr:0.00000313', 'Loss:0.1350', 'train_acc:98.44']
2021-05-09 12:35:03,783 - Eye - INFO - ['Epoch:09, Iter: 40, Lr:0.00000313', 'Loss:0.1303', 'train_acc:98.87']
2021-05-09 12:35:13,114 - Eye - INFO - ['Epoch:09, Iter: 60, Lr:0.00000313', 'Loss:0.1793', 'train_acc:98.93']
2021-05-09 12:35:22,258 - Eye - INFO - ['Epoch:09, Iter: 80, Lr:0.00000313', 'Loss:0.1318', 'train_acc:98.89']
2021-05-09 12:35:31,709 - Eye - INFO - ['Epoch:09, Iter:100, Lr:0.00000313', 'Loss:0.1538', 'train_acc:98.66']
2021-05-09 12:35:41,224 - Eye - INFO - ['Epoch:09, Iter:120, Lr:0.00000313', 'Loss:0.1653', 'train_acc:98.62']
2021-05-09 12:35:50,791 - Eye - INFO - ['Epoch:09, Iter:140, Lr:0.00000313', 'Loss:0.1282', 'train_acc:98.65']
2021-05-09 12:36:00,164 - Eye - INFO - ['Epoch:09, Iter:160, Lr:0.00000313', 'Loss:0.1309', 'train_acc:98.63']
2021-05-09 12:36:09,588 - Eye - INFO - ['Epoch:09, Iter:180, Lr:0.00000313', 'Loss:0.1871', 'train_acc:98.68']
2021-05-09 12:36:18,752 - Eye - INFO - ['Epoch:09, Iter:200, Lr:0.00000313', 'Loss:0.1198', 'train_acc:98.73']
2021-05-09 12:36:28,200 - Eye - INFO - ['Epoch:09, Iter:220, Lr:0.00000313', 'Loss:0.1394', 'train_acc:98.72']
2021-05-09 12:36:37,633 - Eye - INFO - ['Epoch:09, Iter:240, Lr:0.00000313', 'Loss:0.1325', 'train_acc:98.72']
2021-05-09 12:36:47,104 - Eye - INFO - ['Epoch:09, Iter:260, Lr:0.00000313', 'Loss:0.1382', 'train_acc:98.70']
2021-05-09 12:36:56,424 - Eye - INFO - ['Epoch:09, Iter:280, Lr:0.00000313', 'Loss:0.1501', 'train_acc:98.69']
2021-05-09 12:37:01,081 - Eye - INFO - ['Epoch:09, Lr:0.00000313, Cost:139.21s', 'Loss:0.1912', 'train_acc:98.68', 'val_acc:74.48', 'val_loss:0.41']
2021-05-09 12:37:13,506 - Eye - INFO - ['Epoch:10, Iter: 20, Lr:0.00000156', 'Loss:0.1247', 'train_acc:99.14']
2021-05-09 12:37:22,814 - Eye - INFO - ['Epoch:10, Iter: 40, Lr:0.00000156', 'Loss:0.0985', 'train_acc:99.14']
2021-05-09 12:37:32,206 - Eye - INFO - ['Epoch:10, Iter: 60, Lr:0.00000156', 'Loss:0.2049', 'train_acc:99.19']
2021-05-09 12:37:41,658 - Eye - INFO - ['Epoch:10, Iter: 80, Lr:0.00000156', 'Loss:0.1307', 'train_acc:99.10']
2021-05-09 12:37:51,143 - Eye - INFO - ['Epoch:10, Iter:100, Lr:0.00000156', 'Loss:0.0931', 'train_acc:99.09']
2021-05-09 12:38:00,559 - Eye - INFO - ['Epoch:10, Iter:120, Lr:0.00000156', 'Loss:0.1047', 'train_acc:99.06']
2021-05-09 12:38:10,075 - Eye - INFO - ['Epoch:10, Iter:140, Lr:0.00000156', 'Loss:0.1005', 'train_acc:99.06']
2021-05-09 12:38:19,520 - Eye - INFO - ['Epoch:10, Iter:160, Lr:0.00000156', 'Loss:0.1055', 'train_acc:99.08']
2021-05-09 12:38:29,017 - Eye - INFO - ['Epoch:10, Iter:180, Lr:0.00000156', 'Loss:0.1172', 'train_acc:99.13']
2021-05-09 12:38:38,395 - Eye - INFO - ['Epoch:10, Iter:200, Lr:0.00000156', 'Loss:0.1401', 'train_acc:99.14']
2021-05-09 12:38:47,812 - Eye - INFO - ['Epoch:10, Iter:220, Lr:0.00000156', 'Loss:0.1044', 'train_acc:99.16']
2021-05-09 12:38:57,337 - Eye - INFO - ['Epoch:10, Iter:240, Lr:0.00000156', 'Loss:0.1526', 'train_acc:99.14']
2021-05-09 12:39:06,787 - Eye - INFO - ['Epoch:10, Iter:260, Lr:0.00000156', 'Loss:0.1309', 'train_acc:99.14']
2021-05-09 12:39:16,142 - Eye - INFO - ['Epoch:10, Iter:280, Lr:0.00000156', 'Loss:0.1560', 'train_acc:99.18']
2021-05-09 12:39:20,504 - Eye - INFO - ['Epoch:10, Lr:0.00000156, Cost:139.33s', 'Loss:0.1748', 'train_acc:99.18', 'val_acc:76.04', 'val_loss:0.25']
2021-05-09 12:39:32,642 - Eye - INFO - ['Epoch:11, Iter: 20, Lr:0.00000156', 'Loss:0.1152', 'train_acc:99.22']
2021-05-09 12:39:42,035 - Eye - INFO - ['Epoch:11, Iter: 40, Lr:0.00000156', 'Loss:0.1582', 'train_acc:99.26']
2021-05-09 12:39:51,422 - Eye - INFO - ['Epoch:11, Iter: 60, Lr:0.00000156', 'Loss:0.1193', 'train_acc:99.27']
2021-05-09 12:40:00,878 - Eye - INFO - ['Epoch:11, Iter: 80, Lr:0.00000156', 'Loss:0.1106', 'train_acc:99.16']
2021-05-09 12:40:10,405 - Eye - INFO - ['Epoch:11, Iter:100, Lr:0.00000156', 'Loss:0.1123', 'train_acc:99.19']
2021-05-09 12:40:19,885 - Eye - INFO - ['Epoch:11, Iter:120, Lr:0.00000156', 'Loss:0.1191', 'train_acc:99.24']
2021-05-09 12:40:29,151 - Eye - INFO - ['Epoch:11, Iter:140, Lr:0.00000156', 'Loss:0.1042', 'train_acc:99.25']
2021-05-09 12:40:38,554 - Eye - INFO - ['Epoch:11, Iter:160, Lr:0.00000156', 'Loss:0.1112', 'train_acc:99.27']
2021-05-09 12:40:48,130 - Eye - INFO - ['Epoch:11, Iter:180, Lr:0.00000156', 'Loss:0.0944', 'train_acc:99.31']
2021-05-09 12:40:57,695 - Eye - INFO - ['Epoch:11, Iter:200, Lr:0.00000156', 'Loss:0.1416', 'train_acc:99.31']
2021-05-09 12:41:07,148 - Eye - INFO - ['Epoch:11, Iter:220, Lr:0.00000156', 'Loss:0.1631', 'train_acc:99.29']
2021-05-09 12:41:16,747 - Eye - INFO - ['Epoch:11, Iter:240, Lr:0.00000156', 'Loss:0.1465', 'train_acc:99.28']
2021-05-09 12:41:25,743 - Eye - INFO - ['Epoch:11, Iter:260, Lr:0.00000156', 'Loss:0.0802', 'train_acc:99.28']
2021-05-09 12:41:35,108 - Eye - INFO - ['Epoch:11, Iter:280, Lr:0.00000156', 'Loss:0.1272', 'train_acc:99.30']
2021-05-09 12:41:39,584 - Eye - INFO - ['Epoch:11, Lr:0.00000156, Cost:139.00s', 'Loss:0.0854', 'train_acc:99.30', 'val_acc:77.08', 'val_loss:0.34']
2021-05-09 12:41:51,282 - Eye - INFO - ['Epoch:12, Iter: 20, Lr:0.00000156', 'Loss:0.1606', 'train_acc:98.52']
2021-05-09 12:42:00,824 - Eye - INFO - ['Epoch:12, Iter: 40, Lr:0.00000156', 'Loss:0.1285', 'train_acc:98.98']
2021-05-09 12:42:10,208 - Eye - INFO - ['Epoch:12, Iter: 60, Lr:0.00000156', 'Loss:0.1123', 'train_acc:99.17']
2021-05-09 12:42:19,657 - Eye - INFO - ['Epoch:12, Iter: 80, Lr:0.00000156', 'Loss:0.1329', 'train_acc:99.20']
2021-05-09 12:42:28,988 - Eye - INFO - ['Epoch:12, Iter:100, Lr:0.00000156', 'Loss:0.1274', 'train_acc:99.27']
2021-05-09 12:42:38,362 - Eye - INFO - ['Epoch:12, Iter:120, Lr:0.00000156', 'Loss:0.1044', 'train_acc:99.32']
2021-05-09 12:42:47,868 - Eye - INFO - ['Epoch:12, Iter:140, Lr:0.00000156', 'Loss:0.1146', 'train_acc:99.34']
2021-05-09 12:42:57,299 - Eye - INFO - ['Epoch:12, Iter:160, Lr:0.00000156', 'Loss:0.1144', 'train_acc:99.34']
2021-05-09 12:43:06,672 - Eye - INFO - ['Epoch:12, Iter:180, Lr:0.00000156', 'Loss:0.0927', 'train_acc:99.31']
2021-05-09 12:43:16,120 - Eye - INFO - ['Epoch:12, Iter:200, Lr:0.00000156', 'Loss:0.0965', 'train_acc:99.35']
2021-05-09 12:43:25,378 - Eye - INFO - ['Epoch:12, Iter:220, Lr:0.00000156', 'Loss:0.1173', 'train_acc:99.36']
2021-05-09 12:43:34,766 - Eye - INFO - ['Epoch:12, Iter:240, Lr:0.00000156', 'Loss:0.1128', 'train_acc:99.35']
2021-05-09 12:43:44,172 - Eye - INFO - ['Epoch:12, Iter:260, Lr:0.00000156', 'Loss:0.1383', 'train_acc:99.34']
2021-05-09 12:43:53,657 - Eye - INFO - ['Epoch:12, Iter:280, Lr:0.00000156', 'Loss:0.0835', 'train_acc:99.35']
2021-05-09 12:43:58,207 - Eye - INFO - ['Epoch:12, Lr:0.00000156, Cost:138.55s', 'Loss:0.1307', 'train_acc:99.35', 'val_acc:76.30', 'val_loss:0.36']
2021-05-09 12:44:10,344 - Eye - INFO - ['Epoch:13, Iter: 20, Lr:0.00000078', 'Loss:0.1383', 'train_acc:99.38']
2021-05-09 12:44:19,811 - Eye - INFO - ['Epoch:13, Iter: 40, Lr:0.00000078', 'Loss:0.1381', 'train_acc:99.49']
2021-05-09 12:44:29,248 - Eye - INFO - ['Epoch:13, Iter: 60, Lr:0.00000078', 'Loss:0.1458', 'train_acc:99.43']
2021-05-09 12:44:38,392 - Eye - INFO - ['Epoch:13, Iter: 80, Lr:0.00000078', 'Loss:0.0748', 'train_acc:99.49']
2021-05-09 12:44:47,486 - Eye - INFO - ['Epoch:13, Iter:100, Lr:0.00000078', 'Loss:0.1030', 'train_acc:99.53']
2021-05-09 12:44:56,940 - Eye - INFO - ['Epoch:13, Iter:120, Lr:0.00000078', 'Loss:0.1015', 'train_acc:99.58']
2021-05-09 12:45:06,272 - Eye - INFO - ['Epoch:13, Iter:140, Lr:0.00000078', 'Loss:0.1022', 'train_acc:99.56']
2021-05-09 12:45:15,773 - Eye - INFO - ['Epoch:13, Iter:160, Lr:0.00000078', 'Loss:0.1437', 'train_acc:99.58']
2021-05-09 12:45:25,193 - Eye - INFO - ['Epoch:13, Iter:180, Lr:0.00000078', 'Loss:0.1167', 'train_acc:99.56']
2021-05-09 12:45:34,652 - Eye - INFO - ['Epoch:13, Iter:200, Lr:0.00000078', 'Loss:0.1501', 'train_acc:99.54']
2021-05-09 12:45:44,137 - Eye - INFO - ['Epoch:13, Iter:220, Lr:0.00000078', 'Loss:0.0744', 'train_acc:99.54']
2021-05-09 12:45:53,437 - Eye - INFO - ['Epoch:13, Iter:240, Lr:0.00000078', 'Loss:0.0831', 'train_acc:99.54']
2021-05-09 12:46:02,928 - Eye - INFO - ['Epoch:13, Iter:260, Lr:0.00000078', 'Loss:0.1442', 'train_acc:99.56']
2021-05-09 12:46:12,312 - Eye - INFO - ['Epoch:13, Iter:280, Lr:0.00000078', 'Loss:0.1705', 'train_acc:99.56']
2021-05-09 12:46:17,891 - Eye - INFO - ['Epoch:13, Lr:0.00000078, Cost:139.59s', 'Loss:0.1267', 'train_acc:99.56', 'val_acc:75.78', 'val_loss:0.40']
2021-05-09 12:46:30,657 - Eye - INFO - ['Epoch:14, Iter: 20, Lr:0.00000078', 'Loss:0.0836', 'train_acc:99.45']
2021-05-09 12:46:39,960 - Eye - INFO - ['Epoch:14, Iter: 40, Lr:0.00000078', 'Loss:0.0653', 'train_acc:99.45']
2021-05-09 12:46:49,491 - Eye - INFO - ['Epoch:14, Iter: 60, Lr:0.00000078', 'Loss:0.0990', 'train_acc:99.48']
2021-05-09 12:46:58,860 - Eye - INFO - ['Epoch:14, Iter: 80, Lr:0.00000078', 'Loss:0.0862', 'train_acc:99.51']
2021-05-09 12:47:08,189 - Eye - INFO - ['Epoch:14, Iter:100, Lr:0.00000078', 'Loss:0.0938', 'train_acc:99.50']
2021-05-09 12:47:17,733 - Eye - INFO - ['Epoch:14, Iter:120, Lr:0.00000078', 'Loss:0.0765', 'train_acc:99.53']
2021-05-09 12:47:27,099 - Eye - INFO - ['Epoch:14, Iter:140, Lr:0.00000078', 'Loss:0.0662', 'train_acc:99.52']
2021-05-09 12:47:36,508 - Eye - INFO - ['Epoch:14, Iter:160, Lr:0.00000078', 'Loss:0.0973', 'train_acc:99.55']
2021-05-09 12:47:45,984 - Eye - INFO - ['Epoch:14, Iter:180, Lr:0.00000078', 'Loss:0.0991', 'train_acc:99.53']
2021-05-09 12:47:55,479 - Eye - INFO - ['Epoch:14, Iter:200, Lr:0.00000078', 'Loss:0.1244', 'train_acc:99.52']
2021-05-09 12:48:04,955 - Eye - INFO - ['Epoch:14, Iter:220, Lr:0.00000078', 'Loss:0.2000', 'train_acc:99.50']
2021-05-09 12:48:14,328 - Eye - INFO - ['Epoch:14, Iter:240, Lr:0.00000078', 'Loss:0.1374', 'train_acc:99.50']
2021-05-09 12:48:23,610 - Eye - INFO - ['Epoch:14, Iter:260, Lr:0.00000078', 'Loss:0.1110', 'train_acc:99.50']
2021-05-09 12:48:33,387 - Eye - INFO - ['Epoch:14, Iter:280, Lr:0.00000078', 'Loss:0.0993', 'train_acc:99.50']
2021-05-09 12:48:37,848 - Eye - INFO - ['Epoch:14, Lr:0.00000078, Cost:139.87s', 'Loss:0.1693', 'train_acc:99.50', 'val_acc:75.78', 'val_loss:0.24']
2021-05-09 12:48:50,292 - Eye - INFO - ['Epoch:15, Iter: 20, Lr:0.00000078', 'Loss:0.0771', 'train_acc:99.77']
2021-05-09 12:48:59,636 - Eye - INFO - ['Epoch:15, Iter: 40, Lr:0.00000078', 'Loss:0.1119', 'train_acc:99.80']
2021-05-09 12:49:08,979 - Eye - INFO - ['Epoch:15, Iter: 60, Lr:0.00000078', 'Loss:0.0884', 'train_acc:99.77']
2021-05-09 12:49:18,304 - Eye - INFO - ['Epoch:15, Iter: 80, Lr:0.00000078', 'Loss:0.0599', 'train_acc:99.75']
2021-05-09 12:49:27,852 - Eye - INFO - ['Epoch:15, Iter:100, Lr:0.00000078', 'Loss:0.1643', 'train_acc:99.72']
2021-05-09 12:49:37,251 - Eye - INFO - ['Epoch:15, Iter:120, Lr:0.00000078', 'Loss:0.1132', 'train_acc:99.77']
2021-05-09 12:49:46,655 - Eye - INFO - ['Epoch:15, Iter:140, Lr:0.00000078', 'Loss:0.0879', 'train_acc:99.77']
2021-05-09 12:49:56,019 - Eye - INFO - ['Epoch:15, Iter:160, Lr:0.00000078', 'Loss:0.1594', 'train_acc:99.75']
2021-05-09 12:50:05,317 - Eye - INFO - ['Epoch:15, Iter:180, Lr:0.00000078', 'Loss:0.0913', 'train_acc:99.70']
2021-05-09 12:50:14,797 - Eye - INFO - ['Epoch:15, Iter:200, Lr:0.00000078', 'Loss:0.0934', 'train_acc:99.70']
2021-05-09 12:50:24,386 - Eye - INFO - ['Epoch:15, Iter:220, Lr:0.00000078', 'Loss:0.1086', 'train_acc:99.68']
2021-05-09 12:50:33,865 - Eye - INFO - ['Epoch:15, Iter:240, Lr:0.00000078', 'Loss:0.0882', 'train_acc:99.69']
2021-05-09 12:50:43,223 - Eye - INFO - ['Epoch:15, Iter:260, Lr:0.00000078', 'Loss:0.0943', 'train_acc:99.69']
2021-05-09 12:50:52,650 - Eye - INFO - ['Epoch:15, Iter:280, Lr:0.00000078', 'Loss:0.1053', 'train_acc:99.69']
2021-05-09 12:50:57,085 - Eye - INFO - ['Epoch:15, Lr:0.00000078, Cost:139.16s', 'Loss:0.0904', 'train_acc:99.69', 'val_acc:76.04', 'val_loss:0.34']
2021-05-09 12:51:09,413 - Eye - INFO - ['Epoch:16, Iter: 20, Lr:0.00000039', 'Loss:0.0789', 'train_acc:99.77']
2021-05-09 12:51:18,832 - Eye - INFO - ['Epoch:16, Iter: 40, Lr:0.00000039', 'Loss:0.0778', 'train_acc:99.57']
2021-05-09 12:51:27,876 - Eye - INFO - ['Epoch:16, Iter: 60, Lr:0.00000039', 'Loss:0.0972', 'train_acc:99.61']
2021-05-09 12:51:37,335 - Eye - INFO - ['Epoch:16, Iter: 80, Lr:0.00000039', 'Loss:0.1339', 'train_acc:99.55']
2021-05-09 12:51:46,863 - Eye - INFO - ['Epoch:16, Iter:100, Lr:0.00000039', 'Loss:0.1039', 'train_acc:99.58']
2021-05-09 12:51:56,115 - Eye - INFO - ['Epoch:16, Iter:120, Lr:0.00000039', 'Loss:0.1007', 'train_acc:99.58']
2021-05-09 12:52:05,346 - Eye - INFO - ['Epoch:16, Iter:140, Lr:0.00000039', 'Loss:0.1944', 'train_acc:99.61']
2021-05-09 12:52:14,783 - Eye - INFO - ['Epoch:16, Iter:160, Lr:0.00000039', 'Loss:0.1212', 'train_acc:99.60']
2021-05-09 12:52:24,204 - Eye - INFO - ['Epoch:16, Iter:180, Lr:0.00000039', 'Loss:0.0848', 'train_acc:99.58']
2021-05-09 12:52:33,505 - Eye - INFO - ['Epoch:16, Iter:200, Lr:0.00000039', 'Loss:0.0839', 'train_acc:99.58']
2021-05-09 12:52:42,537 - Eye - INFO - ['Epoch:16, Iter:220, Lr:0.00000039', 'Loss:0.0763', 'train_acc:99.58']
2021-05-09 12:52:51,556 - Eye - INFO - ['Epoch:16, Iter:240, Lr:0.00000039', 'Loss:0.1026', 'train_acc:99.60']
2021-05-09 12:53:00,722 - Eye - INFO - ['Epoch:16, Iter:260, Lr:0.00000039', 'Loss:0.0565', 'train_acc:99.60']
2021-05-09 12:53:10,331 - Eye - INFO - ['Epoch:16, Iter:280, Lr:0.00000039', 'Loss:0.0861', 'train_acc:99.60']
2021-05-09 12:53:14,931 - Eye - INFO - ['Epoch:16, Lr:0.00000039, Cost:137.76s', 'Loss:0.0947', 'train_acc:99.61', 'val_acc:75.26', 'val_loss:0.28']
2021-05-09 12:53:26,762 - Eye - INFO - ['Epoch:17, Iter: 20, Lr:0.00000039', 'Loss:0.0848', 'train_acc:99.45']
2021-05-09 12:53:36,180 - Eye - INFO - ['Epoch:17, Iter: 40, Lr:0.00000039', 'Loss:0.0811', 'train_acc:99.49']
2021-05-09 12:53:45,512 - Eye - INFO - ['Epoch:17, Iter: 60, Lr:0.00000039', 'Loss:0.0740', 'train_acc:99.64']
2021-05-09 12:53:54,790 - Eye - INFO - ['Epoch:17, Iter: 80, Lr:0.00000039', 'Loss:0.0779', 'train_acc:99.61']
2021-05-09 12:54:04,114 - Eye - INFO - ['Epoch:17, Iter:100, Lr:0.00000039', 'Loss:0.0875', 'train_acc:99.64']
2021-05-09 12:54:13,700 - Eye - INFO - ['Epoch:17, Iter:120, Lr:0.00000039', 'Loss:0.1501', 'train_acc:99.69']
2021-05-09 12:54:23,145 - Eye - INFO - ['Epoch:17, Iter:140, Lr:0.00000039', 'Loss:0.0769', 'train_acc:99.68']
2021-05-09 12:54:32,455 - Eye - INFO - ['Epoch:17, Iter:160, Lr:0.00000039', 'Loss:0.0761', 'train_acc:99.69']
2021-05-09 12:54:41,709 - Eye - INFO - ['Epoch:17, Iter:180, Lr:0.00000039', 'Loss:0.1022', 'train_acc:99.69']
2021-05-09 12:54:51,169 - Eye - INFO - ['Epoch:17, Iter:200, Lr:0.00000039', 'Loss:0.0919', 'train_acc:99.71']
2021-05-09 12:55:00,580 - Eye - INFO - ['Epoch:17, Iter:220, Lr:0.00000039', 'Loss:0.0970', 'train_acc:99.70']
2021-05-09 12:55:10,071 - Eye - INFO - ['Epoch:17, Iter:240, Lr:0.00000039', 'Loss:0.0797', 'train_acc:99.70']
2021-05-09 12:55:19,572 - Eye - INFO - ['Epoch:17, Iter:260, Lr:0.00000039', 'Loss:0.1482', 'train_acc:99.70']
2021-05-09 12:55:29,108 - Eye - INFO - ['Epoch:17, Iter:280, Lr:0.00000039', 'Loss:0.0804', 'train_acc:99.69']
2021-05-09 12:55:33,591 - Eye - INFO - ['Epoch:17, Lr:0.00000039, Cost:138.59s', 'Loss:0.0903', 'train_acc:99.69', 'val_acc:75.52', 'val_loss:0.30']
2021-05-09 12:55:45,609 - Eye - INFO - ['Epoch:18, Iter: 20, Lr:0.00000039', 'Loss:0.0851', 'train_acc:99.69']
2021-05-09 12:55:54,997 - Eye - INFO - ['Epoch:18, Iter: 40, Lr:0.00000039', 'Loss:0.1018', 'train_acc:99.69']
2021-05-09 12:56:04,397 - Eye - INFO - ['Epoch:18, Iter: 60, Lr:0.00000039', 'Loss:0.1148', 'train_acc:99.74']
2021-05-09 12:56:13,778 - Eye - INFO - ['Epoch:18, Iter: 80, Lr:0.00000039', 'Loss:0.0627', 'train_acc:99.77']
2021-05-09 12:56:23,194 - Eye - INFO - ['Epoch:18, Iter:100, Lr:0.00000039', 'Loss:0.0955', 'train_acc:99.78']
2021-05-09 12:56:32,498 - Eye - INFO - ['Epoch:18, Iter:120, Lr:0.00000039', 'Loss:0.0804', 'train_acc:99.75']
2021-05-09 12:56:41,883 - Eye - INFO - ['Epoch:18, Iter:140, Lr:0.00000039', 'Loss:0.0866', 'train_acc:99.73']
2021-05-09 12:56:51,443 - Eye - INFO - ['Epoch:18, Iter:160, Lr:0.00000039', 'Loss:0.0638', 'train_acc:99.71']
2021-05-09 12:57:00,829 - Eye - INFO - ['Epoch:18, Iter:180, Lr:0.00000039', 'Loss:0.0987', 'train_acc:99.70']
2021-05-09 12:57:09,844 - Eye - INFO - ['Epoch:18, Iter:200, Lr:0.00000039', 'Loss:0.0774', 'train_acc:99.73']
2021-05-09 12:57:18,840 - Eye - INFO - ['Epoch:18, Iter:220, Lr:0.00000039', 'Loss:0.0767', 'train_acc:99.74']
2021-05-09 12:57:28,162 - Eye - INFO - ['Epoch:18, Iter:240, Lr:0.00000039', 'Loss:0.0863', 'train_acc:99.75']
2021-05-09 12:57:37,660 - Eye - INFO - ['Epoch:18, Iter:260, Lr:0.00000039', 'Loss:0.0742', 'train_acc:99.77']
2021-05-09 12:57:47,328 - Eye - INFO - ['Epoch:18, Iter:280, Lr:0.00000039', 'Loss:0.0696', 'train_acc:99.78']
2021-05-09 12:57:51,866 - Eye - INFO - ['Epoch:18, Lr:0.00000039, Cost:138.20s', 'Loss:0.0738', 'train_acc:99.78', 'val_acc:75.78', 'val_loss:0.28']
2021-05-09 12:58:03,646 - Eye - INFO - ['Epoch:19, Iter: 20, Lr:0.00000039', 'Loss:0.0822', 'train_acc:99.69']
2021-05-09 12:58:13,083 - Eye - INFO - ['Epoch:19, Iter: 40, Lr:0.00000039', 'Loss:0.0885', 'train_acc:99.77']
2021-05-09 12:58:22,492 - Eye - INFO - ['Epoch:19, Iter: 60, Lr:0.00000039', 'Loss:0.0797', 'train_acc:99.64']
2021-05-09 12:58:31,718 - Eye - INFO - ['Epoch:19, Iter: 80, Lr:0.00000039', 'Loss:0.1875', 'train_acc:99.69']
2021-05-09 12:58:41,028 - Eye - INFO - ['Epoch:19, Iter:100, Lr:0.00000039', 'Loss:0.1040', 'train_acc:99.66']
2021-05-09 12:58:50,389 - Eye - INFO - ['Epoch:19, Iter:120, Lr:0.00000039', 'Loss:0.0825', 'train_acc:99.66']
2021-05-09 12:58:59,659 - Eye - INFO - ['Epoch:19, Iter:140, Lr:0.00000039', 'Loss:0.1555', 'train_acc:99.67']
2021-05-09 12:59:09,068 - Eye - INFO - ['Epoch:19, Iter:160, Lr:0.00000039', 'Loss:0.0976', 'train_acc:99.69']
2021-05-09 12:59:18,592 - Eye - INFO - ['Epoch:19, Iter:180, Lr:0.00000039', 'Loss:0.0648', 'train_acc:99.70']
2021-05-09 12:59:28,125 - Eye - INFO - ['Epoch:19, Iter:200, Lr:0.00000039', 'Loss:0.0683', 'train_acc:99.67']
2021-05-09 12:59:37,566 - Eye - INFO - ['Epoch:19, Iter:220, Lr:0.00000039', 'Loss:0.0702', 'train_acc:99.67']
2021-05-09 12:59:47,085 - Eye - INFO - ['Epoch:19, Iter:240, Lr:0.00000039', 'Loss:0.0803', 'train_acc:99.65']
2021-05-09 12:59:56,389 - Eye - INFO - ['Epoch:19, Iter:260, Lr:0.00000039', 'Loss:0.1011', 'train_acc:99.65']
2021-05-09 13:00:06,004 - Eye - INFO - ['Epoch:19, Iter:280, Lr:0.00000039', 'Loss:0.0748', 'train_acc:99.64']
2021-05-09 13:00:10,519 - Eye - INFO - ['Epoch:19, Lr:0.00000039, Cost:138.57s', 'Loss:0.0765', 'train_acc:99.64', 'val_acc:76.30', 'val_loss:0.30']
2021-05-09 13:00:22,375 - Eye - INFO - ['Epoch:20, Iter: 20, Lr:0.00000039', 'Loss:0.0913', 'train_acc:99.53']
2021-05-09 13:00:31,435 - Eye - INFO - ['Epoch:20, Iter: 40, Lr:0.00000039', 'Loss:0.0640', 'train_acc:99.49']
2021-05-09 13:00:40,924 - Eye - INFO - ['Epoch:20, Iter: 60, Lr:0.00000039', 'Loss:0.1043', 'train_acc:99.51']
2021-05-09 13:00:50,393 - Eye - INFO - ['Epoch:20, Iter: 80, Lr:0.00000039', 'Loss:0.0636', 'train_acc:99.59']
2021-05-09 13:00:59,802 - Eye - INFO - ['Epoch:20, Iter:100, Lr:0.00000039', 'Loss:0.0792', 'train_acc:99.62']
2021-05-09 13:01:09,387 - Eye - INFO - ['Epoch:20, Iter:120, Lr:0.00000039', 'Loss:0.0740', 'train_acc:99.60']
2021-05-09 13:01:18,920 - Eye - INFO - ['Epoch:20, Iter:140, Lr:0.00000039', 'Loss:0.0797', 'train_acc:99.61']
2021-05-09 13:01:28,211 - Eye - INFO - ['Epoch:20, Iter:160, Lr:0.00000039', 'Loss:0.1235', 'train_acc:99.62']
2021-05-09 13:01:37,701 - Eye - INFO - ['Epoch:20, Iter:180, Lr:0.00000039', 'Loss:0.0603', 'train_acc:99.62']
2021-05-09 13:01:47,202 - Eye - INFO - ['Epoch:20, Iter:200, Lr:0.00000039', 'Loss:0.0999', 'train_acc:99.62']
2021-05-09 13:01:56,719 - Eye - INFO - ['Epoch:20, Iter:220, Lr:0.00000039', 'Loss:0.1111', 'train_acc:99.65']
2021-05-09 13:02:06,089 - Eye - INFO - ['Epoch:20, Iter:240, Lr:0.00000039', 'Loss:0.1007', 'train_acc:99.65']
2021-05-09 13:02:15,375 - Eye - INFO - ['Epoch:20, Iter:260, Lr:0.00000039', 'Loss:0.0800', 'train_acc:99.65']
2021-05-09 13:02:24,671 - Eye - INFO - ['Epoch:20, Iter:280, Lr:0.00000039', 'Loss:0.0800', 'train_acc:99.63']
2021-05-09 13:02:29,125 - Eye - INFO - ['Epoch:20, Lr:0.00000039, Cost:138.52s', 'Loss:0.0725', 'train_acc:99.63', 'val_acc:76.56', 'val_loss:0.37']
2021-05-09 13:02:41,374 - Eye - INFO - ['Epoch:21, Iter: 20, Lr:0.00000020', 'Loss:0.1345', 'train_acc:99.92']
2021-05-09 13:02:50,548 - Eye - INFO - ['Epoch:21, Iter: 40, Lr:0.00000020', 'Loss:0.1143', 'train_acc:99.88']
2021-05-09 13:02:59,986 - Eye - INFO - ['Epoch:21, Iter: 60, Lr:0.00000020', 'Loss:0.0549', 'train_acc:99.84']
2021-05-09 13:03:09,460 - Eye - INFO - ['Epoch:21, Iter: 80, Lr:0.00000020', 'Loss:0.0673', 'train_acc:99.80']
2021-05-09 13:03:18,938 - Eye - INFO - ['Epoch:21, Iter:100, Lr:0.00000020', 'Loss:0.0979', 'train_acc:99.83']
2021-05-09 13:03:28,309 - Eye - INFO - ['Epoch:21, Iter:120, Lr:0.00000020', 'Loss:0.0926', 'train_acc:99.82']
2021-05-09 13:03:37,728 - Eye - INFO - ['Epoch:21, Iter:140, Lr:0.00000020', 'Loss:0.0919', 'train_acc:99.83']
2021-05-09 13:03:47,124 - Eye - INFO - ['Epoch:21, Iter:160, Lr:0.00000020', 'Loss:0.0979', 'train_acc:99.84']
2021-05-09 13:03:56,635 - Eye - INFO - ['Epoch:21, Iter:180, Lr:0.00000020', 'Loss:0.0736', 'train_acc:99.81']
2021-05-09 13:04:06,169 - Eye - INFO - ['Epoch:21, Iter:200, Lr:0.00000020', 'Loss:0.0775', 'train_acc:99.82']
2021-05-09 13:04:15,614 - Eye - INFO - ['Epoch:21, Iter:220, Lr:0.00000020', 'Loss:0.0679', 'train_acc:99.84']
2021-05-09 13:04:25,085 - Eye - INFO - ['Epoch:21, Iter:240, Lr:0.00000020', 'Loss:0.0771', 'train_acc:99.84']
2021-05-09 13:04:34,414 - Eye - INFO - ['Epoch:21, Iter:260, Lr:0.00000020', 'Loss:0.1241', 'train_acc:99.82']
2021-05-09 13:04:43,610 - Eye - INFO - ['Epoch:21, Iter:280, Lr:0.00000020', 'Loss:0.0797', 'train_acc:99.83']
2021-05-09 13:04:48,250 - Eye - INFO - ['Epoch:21, Lr:0.00000020, Cost:139.04s', 'Loss:0.0714', 'train_acc:99.83', 'val_acc:75.26', 'val_loss:0.25']
2021-05-09 13:05:00,312 - Eye - INFO - ['Epoch:22, Iter: 20, Lr:0.00000020', 'Loss:0.0842', 'train_acc:99.69']
2021-05-09 13:05:09,652 - Eye - INFO - ['Epoch:22, Iter: 40, Lr:0.00000020', 'Loss:0.1096', 'train_acc:99.77']
2021-05-09 13:05:19,115 - Eye - INFO - ['Epoch:22, Iter: 60, Lr:0.00000020', 'Loss:0.0869', 'train_acc:99.79']
2021-05-09 13:05:28,463 - Eye - INFO - ['Epoch:22, Iter: 80, Lr:0.00000020', 'Loss:0.0550', 'train_acc:99.77']
2021-05-09 13:05:37,879 - Eye - INFO - ['Epoch:22, Iter:100, Lr:0.00000020', 'Loss:0.0829', 'train_acc:99.75']
2021-05-09 13:05:47,248 - Eye - INFO - ['Epoch:22, Iter:120, Lr:0.00000020', 'Loss:0.1975', 'train_acc:99.70']
2021-05-09 13:05:56,660 - Eye - INFO - ['Epoch:22, Iter:140, Lr:0.00000020', 'Loss:0.1231', 'train_acc:99.70']
2021-05-09 13:06:06,088 - Eye - INFO - ['Epoch:22, Iter:160, Lr:0.00000020', 'Loss:0.1067', 'train_acc:99.67']
2021-05-09 13:06:15,640 - Eye - INFO - ['Epoch:22, Iter:180, Lr:0.00000020', 'Loss:0.0881', 'train_acc:99.70']
2021-05-09 13:06:24,998 - Eye - INFO - ['Epoch:22, Iter:200, Lr:0.00000020', 'Loss:0.1665', 'train_acc:99.70']
2021-05-09 13:06:34,311 - Eye - INFO - ['Epoch:22, Iter:220, Lr:0.00000020', 'Loss:0.0856', 'train_acc:99.72']
2021-05-09 13:06:43,684 - Eye - INFO - ['Epoch:22, Iter:240, Lr:0.00000020', 'Loss:0.1039', 'train_acc:99.71']
2021-05-09 13:06:52,865 - Eye - INFO - ['Epoch:22, Iter:260, Lr:0.00000020', 'Loss:0.0603', 'train_acc:99.73']
2021-05-09 13:07:02,288 - Eye - INFO - ['Epoch:22, Iter:280, Lr:0.00000020', 'Loss:0.0826', 'train_acc:99.73']
2021-05-09 13:07:06,839 - Eye - INFO - ['Epoch:22, Lr:0.00000020, Cost:138.52s', 'Loss:0.1239', 'train_acc:99.73', 'val_acc:75.00', 'val_loss:0.16']
2021-05-09 13:07:18,828 - Eye - INFO - ['Epoch:23, Iter: 20, Lr:0.00000020', 'Loss:0.0723', 'train_acc:99.69']
2021-05-09 13:07:28,315 - Eye - INFO - ['Epoch:23, Iter: 40, Lr:0.00000020', 'Loss:0.1037', 'train_acc:99.77']
2021-05-09 13:07:37,748 - Eye - INFO - ['Epoch:23, Iter: 60, Lr:0.00000020', 'Loss:0.0577', 'train_acc:99.74']
2021-05-09 13:07:46,956 - Eye - INFO - ['Epoch:23, Iter: 80, Lr:0.00000020', 'Loss:0.0902', 'train_acc:99.80']
2021-05-09 13:07:56,306 - Eye - INFO - ['Epoch:23, Iter:100, Lr:0.00000020', 'Loss:0.0744', 'train_acc:99.83']
2021-05-09 13:08:05,756 - Eye - INFO - ['Epoch:23, Iter:120, Lr:0.00000020', 'Loss:0.0760', 'train_acc:99.84']
2021-05-09 13:08:15,151 - Eye - INFO - ['Epoch:23, Iter:140, Lr:0.00000020', 'Loss:0.0703', 'train_acc:99.82']
2021-05-09 13:08:24,454 - Eye - INFO - ['Epoch:23, Iter:160, Lr:0.00000020', 'Loss:0.0821', 'train_acc:99.81']
2021-05-09 13:08:33,660 - Eye - INFO - ['Epoch:23, Iter:180, Lr:0.00000020', 'Loss:0.0610', 'train_acc:99.77']
2021-05-09 13:08:43,015 - Eye - INFO - ['Epoch:23, Iter:200, Lr:0.00000020', 'Loss:0.0786', 'train_acc:99.77']
2021-05-09 13:08:52,248 - Eye - INFO - ['Epoch:23, Iter:220, Lr:0.00000020', 'Loss:0.1143', 'train_acc:99.76']
2021-05-09 13:09:01,608 - Eye - INFO - ['Epoch:23, Iter:240, Lr:0.00000020', 'Loss:0.0655', 'train_acc:99.77']
2021-05-09 13:09:11,057 - Eye - INFO - ['Epoch:23, Iter:260, Lr:0.00000020', 'Loss:0.0735', 'train_acc:99.75']
2021-05-09 13:09:20,455 - Eye - INFO - ['Epoch:23, Iter:280, Lr:0.00000020', 'Loss:0.0787', 'train_acc:99.75']
2021-05-09 13:09:24,973 - Eye - INFO - ['Epoch:23, Lr:0.00000020, Cost:138.04s', 'Loss:0.0802', 'train_acc:99.76', 'val_acc:75.52', 'val_loss:0.24']
2021-05-09 13:09:36,970 - Eye - INFO - ['Epoch:24, Iter: 20, Lr:0.00000020', 'Loss:0.0971', 'train_acc:99.84']
2021-05-09 13:09:46,284 - Eye - INFO - ['Epoch:24, Iter: 40, Lr:0.00000020', 'Loss:0.0755', 'train_acc:99.80']
2021-05-09 13:09:55,889 - Eye - INFO - ['Epoch:24, Iter: 60, Lr:0.00000020', 'Loss:0.0828', 'train_acc:99.87']
2021-05-09 13:10:05,218 - Eye - INFO - ['Epoch:24, Iter: 80, Lr:0.00000020', 'Loss:0.0624', 'train_acc:99.86']
2021-05-09 13:10:14,471 - Eye - INFO - ['Epoch:24, Iter:100, Lr:0.00000020', 'Loss:0.0955', 'train_acc:99.84']
