2021-05-02 15:04:27,176 - Eye - INFO - Train Dataset uploaded!
2021-05-02 15:04:27,176 - Eye - INFO - device:cuda
2021-05-02 15:05:40,411 - Eye - INFO - ['Epoch:00, Iter: 20, Lr:0.00010000', 'Loss:1.4487', 'train_acc:36.17']
2021-05-02 15:05:49,400 - Eye - INFO - ['Epoch:00, Iter: 40, Lr:0.00010000', 'Loss:1.3120', 'train_acc:45.94']
2021-05-02 15:05:58,692 - Eye - INFO - ['Epoch:00, Iter: 60, Lr:0.00010000', 'Loss:1.1072', 'train_acc:50.81']
2021-05-02 15:06:08,156 - Eye - INFO - ['Epoch:00, Iter: 80, Lr:0.00010000', 'Loss:1.1374', 'train_acc:54.24']
2021-05-02 15:06:17,656 - Eye - INFO - ['Epoch:00, Iter:100, Lr:0.00010000', 'Loss:0.8780', 'train_acc:56.16']
2021-05-02 15:06:27,097 - Eye - INFO - ['Epoch:00, Iter:120, Lr:0.00010000', 'Loss:0.9482', 'train_acc:58.59']
2021-05-02 15:06:36,578 - Eye - INFO - ['Epoch:00, Iter:140, Lr:0.00010000', 'Loss:0.7465', 'train_acc:60.36']
2021-05-02 15:06:46,166 - Eye - INFO - ['Epoch:00, Iter:160, Lr:0.00010000', 'Loss:0.8240', 'train_acc:61.76']
2021-05-02 15:06:55,763 - Eye - INFO - ['Epoch:00, Iter:180, Lr:0.00010000', 'Loss:0.6990', 'train_acc:63.12']
2021-05-02 15:07:05,302 - Eye - INFO - ['Epoch:00, Iter:200, Lr:0.00010000', 'Loss:0.8815', 'train_acc:64.36']
2021-05-02 15:07:14,766 - Eye - INFO - ['Epoch:00, Iter:220, Lr:0.00010000', 'Loss:0.5238', 'train_acc:65.58']
2021-05-02 15:07:24,175 - Eye - INFO - ['Epoch:00, Iter:240, Lr:0.00010000', 'Loss:0.6089', 'train_acc:66.81']
2021-05-02 15:07:33,800 - Eye - INFO - ['Epoch:00, Iter:260, Lr:0.00010000', 'Loss:0.6121', 'train_acc:68.03']
2021-05-02 15:07:43,436 - Eye - INFO - ['Epoch:00, Iter:280, Lr:0.00010000', 'Loss:0.5175', 'train_acc:69.37']
2021-05-02 15:07:47,846 - Eye - INFO - ['Epoch:00, Lr:0.00010000, Cost:141.44s', 'Loss:0.4355', 'train_acc:69.44', 'val_acc:52.08', 'val_loss:1.35']
2021-05-02 15:07:59,894 - Eye - INFO - ['Epoch:01, Iter: 20, Lr:0.00005000', 'Loss:0.4434', 'train_acc:87.66']
2021-05-02 15:08:09,421 - Eye - INFO - ['Epoch:01, Iter: 40, Lr:0.00005000', 'Loss:0.4140', 'train_acc:89.26']
2021-05-02 15:08:18,968 - Eye - INFO - ['Epoch:01, Iter: 60, Lr:0.00005000', 'Loss:0.2747', 'train_acc:90.03']
2021-05-02 15:08:28,482 - Eye - INFO - ['Epoch:01, Iter: 80, Lr:0.00005000', 'Loss:0.4196', 'train_acc:90.37']
2021-05-02 15:08:37,817 - Eye - INFO - ['Epoch:01, Iter:100, Lr:0.00005000', 'Loss:0.3515', 'train_acc:90.66']
2021-05-02 15:08:47,214 - Eye - INFO - ['Epoch:01, Iter:120, Lr:0.00005000', 'Loss:0.3547', 'train_acc:90.98']
2021-05-02 15:08:56,616 - Eye - INFO - ['Epoch:01, Iter:140, Lr:0.00005000', 'Loss:0.3012', 'train_acc:91.24']
2021-05-02 15:09:06,130 - Eye - INFO - ['Epoch:01, Iter:160, Lr:0.00005000', 'Loss:0.1872', 'train_acc:91.49']
2021-05-02 15:09:15,696 - Eye - INFO - ['Epoch:01, Iter:180, Lr:0.00005000', 'Loss:0.3890', 'train_acc:91.61']
2021-05-02 15:09:25,060 - Eye - INFO - ['Epoch:01, Iter:200, Lr:0.00005000', 'Loss:0.2883', 'train_acc:91.82']
2021-05-02 15:09:34,413 - Eye - INFO - ['Epoch:01, Iter:220, Lr:0.00005000', 'Loss:0.2760', 'train_acc:92.11']
2021-05-02 15:09:43,896 - Eye - INFO - ['Epoch:01, Iter:240, Lr:0.00005000', 'Loss:0.2669', 'train_acc:92.38']
2021-05-02 15:09:53,312 - Eye - INFO - ['Epoch:01, Iter:260, Lr:0.00005000', 'Loss:0.2582', 'train_acc:92.48']
2021-05-02 15:10:02,551 - Eye - INFO - ['Epoch:01, Iter:280, Lr:0.00005000', 'Loss:0.1724', 'train_acc:92.67']
2021-05-02 15:10:07,033 - Eye - INFO - ['Epoch:01, Lr:0.00005000, Cost:139.09s', 'Loss:0.3352', 'train_acc:92.67', 'val_acc:64.32', 'val_loss:0.89']
2021-05-02 15:10:19,050 - Eye - INFO - ['Epoch:02, Iter: 20, Lr:0.00002500', 'Loss:0.2268', 'train_acc:95.47']
2021-05-02 15:10:28,581 - Eye - INFO - ['Epoch:02, Iter: 40, Lr:0.00002500', 'Loss:0.2630', 'train_acc:95.59']
2021-05-02 15:10:38,112 - Eye - INFO - ['Epoch:02, Iter: 60, Lr:0.00002500', 'Loss:0.1421', 'train_acc:96.28']
2021-05-02 15:10:47,556 - Eye - INFO - ['Epoch:02, Iter: 80, Lr:0.00002500', 'Loss:0.1897', 'train_acc:96.56']
2021-05-02 15:10:56,996 - Eye - INFO - ['Epoch:02, Iter:100, Lr:0.00002500', 'Loss:0.2316', 'train_acc:96.59']
2021-05-02 15:11:06,303 - Eye - INFO - ['Epoch:02, Iter:120, Lr:0.00002500', 'Loss:0.1457', 'train_acc:96.85']
2021-05-02 15:11:15,718 - Eye - INFO - ['Epoch:02, Iter:140, Lr:0.00002500', 'Loss:0.1467', 'train_acc:97.06']
2021-05-02 15:11:25,154 - Eye - INFO - ['Epoch:02, Iter:160, Lr:0.00002500', 'Loss:0.1715', 'train_acc:97.08']
2021-05-02 15:11:34,679 - Eye - INFO - ['Epoch:02, Iter:180, Lr:0.00002500', 'Loss:0.1254', 'train_acc:97.11']
2021-05-02 15:11:44,304 - Eye - INFO - ['Epoch:02, Iter:200, Lr:0.00002500', 'Loss:0.1563', 'train_acc:97.09']
2021-05-02 15:11:53,947 - Eye - INFO - ['Epoch:02, Iter:220, Lr:0.00002500', 'Loss:0.1657', 'train_acc:97.19']
2021-05-02 15:12:03,429 - Eye - INFO - ['Epoch:02, Iter:240, Lr:0.00002500', 'Loss:0.1015', 'train_acc:97.27']
2021-05-02 15:12:12,915 - Eye - INFO - ['Epoch:02, Iter:260, Lr:0.00002500', 'Loss:0.1354', 'train_acc:97.32']
2021-05-02 15:12:22,562 - Eye - INFO - ['Epoch:02, Iter:280, Lr:0.00002500', 'Loss:0.1133', 'train_acc:97.32']
2021-05-02 15:12:26,956 - Eye - INFO - ['Epoch:02, Lr:0.00002500, Cost:139.82s', 'Loss:0.0916', 'train_acc:97.33', 'val_acc:65.89', 'val_loss:0.93']
2021-05-02 15:12:39,031 - Eye - INFO - ['Epoch:03, Iter: 20, Lr:0.00002500', 'Loss:0.1600', 'train_acc:98.36']
2021-05-02 15:12:48,346 - Eye - INFO - ['Epoch:03, Iter: 40, Lr:0.00002500', 'Loss:0.1126', 'train_acc:98.28']
2021-05-02 15:12:57,716 - Eye - INFO - ['Epoch:03, Iter: 60, Lr:0.00002500', 'Loss:0.1951', 'train_acc:97.92']
2021-05-02 15:13:07,249 - Eye - INFO - ['Epoch:03, Iter: 80, Lr:0.00002500', 'Loss:0.1201', 'train_acc:98.01']
2021-05-02 15:13:16,509 - Eye - INFO - ['Epoch:03, Iter:100, Lr:0.00002500', 'Loss:0.1872', 'train_acc:98.02']
2021-05-02 15:13:26,000 - Eye - INFO - ['Epoch:03, Iter:120, Lr:0.00002500', 'Loss:0.2609', 'train_acc:98.09']
2021-05-02 15:13:35,405 - Eye - INFO - ['Epoch:03, Iter:140, Lr:0.00002500', 'Loss:0.1606', 'train_acc:98.17']
2021-05-02 15:13:44,760 - Eye - INFO - ['Epoch:03, Iter:160, Lr:0.00002500', 'Loss:0.0909', 'train_acc:98.15']
2021-05-02 15:13:54,157 - Eye - INFO - ['Epoch:03, Iter:180, Lr:0.00002500', 'Loss:0.1257', 'train_acc:98.06']
2021-05-02 15:14:03,447 - Eye - INFO - ['Epoch:03, Iter:200, Lr:0.00002500', 'Loss:0.1157', 'train_acc:98.09']
2021-05-02 15:14:12,665 - Eye - INFO - ['Epoch:03, Iter:220, Lr:0.00002500', 'Loss:0.1178', 'train_acc:98.19']
2021-05-02 15:14:21,924 - Eye - INFO - ['Epoch:03, Iter:240, Lr:0.00002500', 'Loss:0.1178', 'train_acc:98.16']
2021-05-02 15:14:31,454 - Eye - INFO - ['Epoch:03, Iter:260, Lr:0.00002500', 'Loss:0.1505', 'train_acc:98.15']
2021-05-02 15:14:41,027 - Eye - INFO - ['Epoch:03, Iter:280, Lr:0.00002500', 'Loss:0.1638', 'train_acc:98.17']
2021-05-02 15:14:45,513 - Eye - INFO - ['Epoch:03, Lr:0.00002500, Cost:138.48s', 'Loss:0.1035', 'train_acc:98.18', 'val_acc:77.60', 'val_loss:0.48']
2021-05-02 15:14:57,490 - Eye - INFO - ['Epoch:04, Iter: 20, Lr:0.00001250', 'Loss:0.0768', 'train_acc:98.98']
2021-05-02 15:15:06,948 - Eye - INFO - ['Epoch:04, Iter: 40, Lr:0.00001250', 'Loss:0.0576', 'train_acc:99.06']
2021-05-02 15:15:16,368 - Eye - INFO - ['Epoch:04, Iter: 60, Lr:0.00001250', 'Loss:0.1159', 'train_acc:99.14']
2021-05-02 15:15:25,977 - Eye - INFO - ['Epoch:04, Iter: 80, Lr:0.00001250', 'Loss:0.0749', 'train_acc:99.22']
2021-05-02 15:15:35,480 - Eye - INFO - ['Epoch:04, Iter:100, Lr:0.00001250', 'Loss:0.1025', 'train_acc:99.25']
2021-05-02 15:15:44,990 - Eye - INFO - ['Epoch:04, Iter:120, Lr:0.00001250', 'Loss:0.0892', 'train_acc:99.30']
2021-05-02 15:15:54,452 - Eye - INFO - ['Epoch:04, Iter:140, Lr:0.00001250', 'Loss:0.0849', 'train_acc:99.30']
2021-05-02 15:16:03,878 - Eye - INFO - ['Epoch:04, Iter:160, Lr:0.00001250', 'Loss:0.0649', 'train_acc:99.36']
2021-05-02 15:16:13,391 - Eye - INFO - ['Epoch:04, Iter:180, Lr:0.00001250', 'Loss:0.0621', 'train_acc:99.36']
2021-05-02 15:16:22,801 - Eye - INFO - ['Epoch:04, Iter:200, Lr:0.00001250', 'Loss:0.0701', 'train_acc:99.38']
2021-05-02 15:16:32,117 - Eye - INFO - ['Epoch:04, Iter:220, Lr:0.00001250', 'Loss:0.0908', 'train_acc:99.42']
2021-05-02 15:16:41,660 - Eye - INFO - ['Epoch:04, Iter:240, Lr:0.00001250', 'Loss:0.1250', 'train_acc:99.39']
2021-05-02 15:16:51,204 - Eye - INFO - ['Epoch:04, Iter:260, Lr:0.00001250', 'Loss:0.1166', 'train_acc:99.41']
2021-05-02 15:17:00,725 - Eye - INFO - ['Epoch:04, Iter:280, Lr:0.00001250', 'Loss:0.0897', 'train_acc:99.42']
2021-05-02 15:17:05,238 - Eye - INFO - ['Epoch:04, Lr:0.00001250, Cost:139.64s', 'Loss:0.1038', 'train_acc:99.42', 'val_acc:80.73', 'val_loss:0.21']
2021-05-02 15:17:17,240 - Eye - INFO - ['Epoch:05, Iter: 20, Lr:0.00001250', 'Loss:0.0558', 'train_acc:99.38']
2021-05-02 15:17:26,702 - Eye - INFO - ['Epoch:05, Iter: 40, Lr:0.00001250', 'Loss:0.0782', 'train_acc:99.38']
2021-05-02 15:17:36,207 - Eye - INFO - ['Epoch:05, Iter: 60, Lr:0.00001250', 'Loss:0.0539', 'train_acc:99.22']
2021-05-02 15:17:45,513 - Eye - INFO - ['Epoch:05, Iter: 80, Lr:0.00001250', 'Loss:0.0672', 'train_acc:99.28']
2021-05-02 15:17:54,913 - Eye - INFO - ['Epoch:05, Iter:100, Lr:0.00001250', 'Loss:0.0651', 'train_acc:99.39']
2021-05-02 15:18:04,471 - Eye - INFO - ['Epoch:05, Iter:120, Lr:0.00001250', 'Loss:0.0620', 'train_acc:99.43']
2021-05-02 15:18:14,074 - Eye - INFO - ['Epoch:05, Iter:140, Lr:0.00001250', 'Loss:0.0674', 'train_acc:99.41']
2021-05-02 15:18:23,635 - Eye - INFO - ['Epoch:05, Iter:160, Lr:0.00001250', 'Loss:0.1046', 'train_acc:99.40']
2021-05-02 15:18:33,193 - Eye - INFO - ['Epoch:05, Iter:180, Lr:0.00001250', 'Loss:0.0837', 'train_acc:99.37']
2021-05-02 15:18:42,672 - Eye - INFO - ['Epoch:05, Iter:200, Lr:0.00001250', 'Loss:0.0777', 'train_acc:99.39']
2021-05-02 15:18:51,943 - Eye - INFO - ['Epoch:05, Iter:220, Lr:0.00001250', 'Loss:0.1354', 'train_acc:99.35']
2021-05-02 15:19:01,296 - Eye - INFO - ['Epoch:05, Iter:240, Lr:0.00001250', 'Loss:0.1094', 'train_acc:99.26']
2021-05-02 15:19:10,804 - Eye - INFO - ['Epoch:05, Iter:260, Lr:0.00001250', 'Loss:0.0814', 'train_acc:99.24']
2021-05-02 15:19:20,423 - Eye - INFO - ['Epoch:05, Iter:280, Lr:0.00001250', 'Loss:0.0814', 'train_acc:99.23']
2021-05-02 15:19:25,018 - Eye - INFO - ['Epoch:05, Lr:0.00001250, Cost:139.69s', 'Loss:0.1197', 'train_acc:99.23', 'val_acc:81.25', 'val_loss:0.29']
2021-05-02 15:19:36,997 - Eye - INFO - ['Epoch:06, Iter: 20, Lr:0.00000625', 'Loss:0.0603', 'train_acc:99.53']
2021-05-02 15:19:46,380 - Eye - INFO - ['Epoch:06, Iter: 40, Lr:0.00000625', 'Loss:0.0618', 'train_acc:99.69']
2021-05-02 15:19:55,221 - Eye - INFO - ['Epoch:06, Iter: 60, Lr:0.00000625', 'Loss:0.0999', 'train_acc:99.74']
2021-05-02 15:20:04,093 - Eye - INFO - ['Epoch:06, Iter: 80, Lr:0.00000625', 'Loss:0.0595', 'train_acc:99.79']
2021-05-02 15:20:12,997 - Eye - INFO - ['Epoch:06, Iter:100, Lr:0.00000625', 'Loss:0.0447', 'train_acc:99.83']
2021-05-02 15:20:22,256 - Eye - INFO - ['Epoch:06, Iter:120, Lr:0.00000625', 'Loss:0.0522', 'train_acc:99.79']
2021-05-02 15:20:31,815 - Eye - INFO - ['Epoch:06, Iter:140, Lr:0.00000625', 'Loss:0.0570', 'train_acc:99.81']
2021-05-02 15:20:41,393 - Eye - INFO - ['Epoch:06, Iter:160, Lr:0.00000625', 'Loss:0.0342', 'train_acc:99.82']
2021-05-02 15:20:50,549 - Eye - INFO - ['Epoch:06, Iter:180, Lr:0.00000625', 'Loss:0.0760', 'train_acc:99.84']
2021-05-02 15:20:59,887 - Eye - INFO - ['Epoch:06, Iter:200, Lr:0.00000625', 'Loss:0.0568', 'train_acc:99.84']
2021-05-02 15:21:09,237 - Eye - INFO - ['Epoch:06, Iter:220, Lr:0.00000625', 'Loss:0.0987', 'train_acc:99.84']
2021-05-02 15:21:18,489 - Eye - INFO - ['Epoch:06, Iter:240, Lr:0.00000625', 'Loss:0.0472', 'train_acc:99.85']
2021-05-02 15:21:28,048 - Eye - INFO - ['Epoch:06, Iter:260, Lr:0.00000625', 'Loss:0.0458', 'train_acc:99.86']
2021-05-02 15:21:37,442 - Eye - INFO - ['Epoch:06, Iter:280, Lr:0.00000625', 'Loss:0.0746', 'train_acc:99.87']
2021-05-02 15:21:41,971 - Eye - INFO - ['Epoch:06, Lr:0.00000625, Cost:136.85s', 'Loss:0.0462', 'train_acc:99.87', 'val_acc:82.03', 'val_loss:0.15']
2021-05-02 15:21:53,895 - Eye - INFO - ['Epoch:07, Iter: 20, Lr:0.00000625', 'Loss:0.0721', 'train_acc:100.00']
2021-05-02 15:22:03,339 - Eye - INFO - ['Epoch:07, Iter: 40, Lr:0.00000625', 'Loss:0.0908', 'train_acc:99.88']
2021-05-02 15:22:12,811 - Eye - INFO - ['Epoch:07, Iter: 60, Lr:0.00000625', 'Loss:0.0592', 'train_acc:99.84']
2021-05-02 15:22:22,166 - Eye - INFO - ['Epoch:07, Iter: 80, Lr:0.00000625', 'Loss:0.0459', 'train_acc:99.80']
2021-05-02 15:22:31,544 - Eye - INFO - ['Epoch:07, Iter:100, Lr:0.00000625', 'Loss:0.0601', 'train_acc:99.77']
2021-05-02 15:22:41,131 - Eye - INFO - ['Epoch:07, Iter:120, Lr:0.00000625', 'Loss:0.0620', 'train_acc:99.75']
2021-05-02 15:22:50,794 - Eye - INFO - ['Epoch:07, Iter:140, Lr:0.00000625', 'Loss:0.0985', 'train_acc:99.74']
2021-05-02 15:23:00,333 - Eye - INFO - ['Epoch:07, Iter:160, Lr:0.00000625', 'Loss:0.0805', 'train_acc:99.78']
2021-05-02 15:23:09,787 - Eye - INFO - ['Epoch:07, Iter:180, Lr:0.00000625', 'Loss:0.0899', 'train_acc:99.79']
2021-05-02 15:23:19,230 - Eye - INFO - ['Epoch:07, Iter:200, Lr:0.00000625', 'Loss:0.0681', 'train_acc:99.81']
2021-05-02 15:23:28,742 - Eye - INFO - ['Epoch:07, Iter:220, Lr:0.00000625', 'Loss:0.0922', 'train_acc:99.82']
2021-05-02 15:23:38,222 - Eye - INFO - ['Epoch:07, Iter:240, Lr:0.00000625', 'Loss:0.0679', 'train_acc:99.80']
2021-05-02 15:23:47,643 - Eye - INFO - ['Epoch:07, Iter:260, Lr:0.00000625', 'Loss:0.0849', 'train_acc:99.80']
2021-05-02 15:23:57,348 - Eye - INFO - ['Epoch:07, Iter:280, Lr:0.00000625', 'Loss:0.0613', 'train_acc:99.81']
2021-05-02 15:24:01,906 - Eye - INFO - ['Epoch:07, Lr:0.00000625, Cost:139.85s', 'Loss:0.0690', 'train_acc:99.81', 'val_acc:81.77', 'val_loss:0.29']
2021-05-02 15:24:13,994 - Eye - INFO - ['Epoch:08, Iter: 20, Lr:0.00000313', 'Loss:0.0573', 'train_acc:99.92']
2021-05-02 15:24:23,467 - Eye - INFO - ['Epoch:08, Iter: 40, Lr:0.00000313', 'Loss:0.0536', 'train_acc:99.96']
2021-05-02 15:24:32,774 - Eye - INFO - ['Epoch:08, Iter: 60, Lr:0.00000313', 'Loss:0.0373', 'train_acc:99.92']
2021-05-02 15:24:42,318 - Eye - INFO - ['Epoch:08, Iter: 80, Lr:0.00000313', 'Loss:0.0464', 'train_acc:99.84']
2021-05-02 15:24:51,784 - Eye - INFO - ['Epoch:08, Iter:100, Lr:0.00000313', 'Loss:0.0769', 'train_acc:99.84']
2021-05-02 15:25:01,214 - Eye - INFO - ['Epoch:08, Iter:120, Lr:0.00000313', 'Loss:0.0489', 'train_acc:99.86']
2021-05-02 15:25:10,641 - Eye - INFO - ['Epoch:08, Iter:140, Lr:0.00000313', 'Loss:0.0782', 'train_acc:99.88']
2021-05-02 15:25:20,132 - Eye - INFO - ['Epoch:08, Iter:160, Lr:0.00000313', 'Loss:0.0358', 'train_acc:99.86']
2021-05-02 15:25:29,640 - Eye - INFO - ['Epoch:08, Iter:180, Lr:0.00000313', 'Loss:0.0373', 'train_acc:99.87']
2021-05-02 15:25:39,113 - Eye - INFO - ['Epoch:08, Iter:200, Lr:0.00000313', 'Loss:0.0522', 'train_acc:99.88']
2021-05-02 15:25:48,637 - Eye - INFO - ['Epoch:08, Iter:220, Lr:0.00000313', 'Loss:0.0390', 'train_acc:99.89']
2021-05-02 15:25:58,062 - Eye - INFO - ['Epoch:08, Iter:240, Lr:0.00000313', 'Loss:0.0358', 'train_acc:99.90']
2021-05-02 15:26:07,507 - Eye - INFO - ['Epoch:08, Iter:260, Lr:0.00000313', 'Loss:0.0725', 'train_acc:99.90']
2021-05-02 15:26:17,155 - Eye - INFO - ['Epoch:08, Iter:280, Lr:0.00000313', 'Loss:0.0330', 'train_acc:99.91']
2021-05-02 15:26:21,765 - Eye - INFO - ['Epoch:08, Lr:0.00000313, Cost:139.78s', 'Loss:0.0442', 'train_acc:99.91', 'val_acc:81.25', 'val_loss:0.23']
2021-05-02 15:26:33,649 - Eye - INFO - ['Epoch:09, Iter: 20, Lr:0.00000313', 'Loss:0.0404', 'train_acc:99.92']
2021-05-02 15:26:43,022 - Eye - INFO - ['Epoch:09, Iter: 40, Lr:0.00000313', 'Loss:0.0690', 'train_acc:99.88']
2021-05-02 15:26:52,494 - Eye - INFO - ['Epoch:09, Iter: 60, Lr:0.00000313', 'Loss:0.0454', 'train_acc:99.90']
2021-05-02 15:27:01,754 - Eye - INFO - ['Epoch:09, Iter: 80, Lr:0.00000313', 'Loss:0.0623', 'train_acc:99.90']
2021-05-02 15:27:10,989 - Eye - INFO - ['Epoch:09, Iter:100, Lr:0.00000313', 'Loss:0.0301', 'train_acc:99.92']
2021-05-02 15:27:20,266 - Eye - INFO - ['Epoch:09, Iter:120, Lr:0.00000313', 'Loss:0.0407', 'train_acc:99.92']
2021-05-02 15:27:29,609 - Eye - INFO - ['Epoch:09, Iter:140, Lr:0.00000313', 'Loss:0.0742', 'train_acc:99.93']
2021-05-02 15:27:39,132 - Eye - INFO - ['Epoch:09, Iter:160, Lr:0.00000313', 'Loss:0.0513', 'train_acc:99.94']
2021-05-02 15:27:48,644 - Eye - INFO - ['Epoch:09, Iter:180, Lr:0.00000313', 'Loss:0.0780', 'train_acc:99.94']
2021-05-02 15:27:58,023 - Eye - INFO - ['Epoch:09, Iter:200, Lr:0.00000313', 'Loss:0.0749', 'train_acc:99.91']
2021-05-02 15:28:07,472 - Eye - INFO - ['Epoch:09, Iter:220, Lr:0.00000313', 'Loss:0.0437', 'train_acc:99.91']
2021-05-02 15:28:16,935 - Eye - INFO - ['Epoch:09, Iter:240, Lr:0.00000313', 'Loss:0.0682', 'train_acc:99.92']
2021-05-02 15:28:26,478 - Eye - INFO - ['Epoch:09, Iter:260, Lr:0.00000313', 'Loss:0.0336', 'train_acc:99.92']
2021-05-02 15:28:36,147 - Eye - INFO - ['Epoch:09, Iter:280, Lr:0.00000313', 'Loss:0.0548', 'train_acc:99.92']
2021-05-02 15:28:40,799 - Eye - INFO - ['Epoch:09, Lr:0.00000313, Cost:138.93s', 'Loss:0.0706', 'train_acc:99.92', 'val_acc:79.69', 'val_loss:0.28']
2021-05-02 15:28:53,014 - Eye - INFO - ['Epoch:10, Iter: 20, Lr:0.00000156', 'Loss:0.0596', 'train_acc:100.00']
2021-05-02 15:29:02,433 - Eye - INFO - ['Epoch:10, Iter: 40, Lr:0.00000156', 'Loss:0.0570', 'train_acc:99.96']
2021-05-02 15:29:11,503 - Eye - INFO - ['Epoch:10, Iter: 60, Lr:0.00000156', 'Loss:0.0405', 'train_acc:99.97']
2021-05-02 15:29:21,030 - Eye - INFO - ['Epoch:10, Iter: 80, Lr:0.00000156', 'Loss:0.0567', 'train_acc:99.98']
2021-05-02 15:29:30,450 - Eye - INFO - ['Epoch:10, Iter:100, Lr:0.00000156', 'Loss:0.0402', 'train_acc:99.97']
2021-05-02 15:29:39,812 - Eye - INFO - ['Epoch:10, Iter:120, Lr:0.00000156', 'Loss:0.0559', 'train_acc:99.96']
2021-05-02 15:29:49,163 - Eye - INFO - ['Epoch:10, Iter:140, Lr:0.00000156', 'Loss:0.0580', 'train_acc:99.97']
2021-05-02 15:29:58,456 - Eye - INFO - ['Epoch:10, Iter:160, Lr:0.00000156', 'Loss:0.0453', 'train_acc:99.96']
2021-05-02 15:30:07,737 - Eye - INFO - ['Epoch:10, Iter:180, Lr:0.00000156', 'Loss:0.0446', 'train_acc:99.96']
2021-05-02 15:30:16,872 - Eye - INFO - ['Epoch:10, Iter:200, Lr:0.00000156', 'Loss:0.0442', 'train_acc:99.95']
2021-05-02 15:30:26,166 - Eye - INFO - ['Epoch:10, Iter:220, Lr:0.00000156', 'Loss:0.0667', 'train_acc:99.96']
2021-05-02 15:30:35,624 - Eye - INFO - ['Epoch:10, Iter:240, Lr:0.00000156', 'Loss:0.1190', 'train_acc:99.95']
2021-05-02 15:30:45,169 - Eye - INFO - ['Epoch:10, Iter:260, Lr:0.00000156', 'Loss:0.0372', 'train_acc:99.96']
2021-05-02 15:30:54,870 - Eye - INFO - ['Epoch:10, Iter:280, Lr:0.00000156', 'Loss:0.0358', 'train_acc:99.96']
2021-05-02 15:30:59,483 - Eye - INFO - ['Epoch:10, Lr:0.00000156, Cost:138.60s', 'Loss:0.0423', 'train_acc:99.96', 'val_acc:80.99', 'val_loss:0.25']
2021-05-02 15:31:11,495 - Eye - INFO - ['Epoch:11, Iter: 20, Lr:0.00000156', 'Loss:0.0442', 'train_acc:100.00']
2021-05-02 15:31:20,863 - Eye - INFO - ['Epoch:11, Iter: 40, Lr:0.00000156', 'Loss:0.0689', 'train_acc:100.00']
2021-05-02 15:31:30,251 - Eye - INFO - ['Epoch:11, Iter: 60, Lr:0.00000156', 'Loss:0.0299', 'train_acc:99.97']
2021-05-02 15:31:39,799 - Eye - INFO - ['Epoch:11, Iter: 80, Lr:0.00000156', 'Loss:0.0448', 'train_acc:99.96']
2021-05-02 15:31:49,054 - Eye - INFO - ['Epoch:11, Iter:100, Lr:0.00000156', 'Loss:0.0379', 'train_acc:99.95']
2021-05-02 15:31:58,395 - Eye - INFO - ['Epoch:11, Iter:120, Lr:0.00000156', 'Loss:0.0828', 'train_acc:99.96']
2021-05-02 15:32:07,683 - Eye - INFO - ['Epoch:11, Iter:140, Lr:0.00000156', 'Loss:0.0437', 'train_acc:99.96']
2021-05-02 15:32:17,117 - Eye - INFO - ['Epoch:11, Iter:160, Lr:0.00000156', 'Loss:0.0537', 'train_acc:99.96']
2021-05-02 15:32:26,498 - Eye - INFO - ['Epoch:11, Iter:180, Lr:0.00000156', 'Loss:0.0615', 'train_acc:99.95']
2021-05-02 15:32:35,628 - Eye - INFO - ['Epoch:11, Iter:200, Lr:0.00000156', 'Loss:0.0600', 'train_acc:99.95']
2021-05-02 15:32:44,613 - Eye - INFO - ['Epoch:11, Iter:220, Lr:0.00000156', 'Loss:0.0393', 'train_acc:99.94']
2021-05-02 15:32:54,019 - Eye - INFO - ['Epoch:11, Iter:240, Lr:0.00000156', 'Loss:0.0454', 'train_acc:99.95']
2021-05-02 15:33:03,379 - Eye - INFO - ['Epoch:11, Iter:260, Lr:0.00000156', 'Loss:0.0407', 'train_acc:99.95']
2021-05-02 15:33:12,813 - Eye - INFO - ['Epoch:11, Iter:280, Lr:0.00000156', 'Loss:0.0577', 'train_acc:99.96']
2021-05-02 15:33:17,427 - Eye - INFO - ['Epoch:11, Lr:0.00000156, Cost:137.84s', 'Loss:0.0975', 'train_acc:99.96', 'val_acc:80.99', 'val_loss:0.18']
2021-05-02 15:33:29,252 - Eye - INFO - ['Epoch:12, Iter: 20, Lr:0.00000156', 'Loss:0.0521', 'train_acc:100.00']
2021-05-02 15:33:38,682 - Eye - INFO - ['Epoch:12, Iter: 40, Lr:0.00000156', 'Loss:0.0707', 'train_acc:100.00']
2021-05-02 15:33:47,898 - Eye - INFO - ['Epoch:12, Iter: 60, Lr:0.00000156', 'Loss:0.0344', 'train_acc:100.00']
2021-05-02 15:33:57,161 - Eye - INFO - ['Epoch:12, Iter: 80, Lr:0.00000156', 'Loss:0.0494', 'train_acc:100.00']
2021-05-02 15:34:06,628 - Eye - INFO - ['Epoch:12, Iter:100, Lr:0.00000156', 'Loss:0.0627', 'train_acc:100.00']
2021-05-02 15:34:16,018 - Eye - INFO - ['Epoch:12, Iter:120, Lr:0.00000156', 'Loss:0.0428', 'train_acc:100.00']
2021-05-02 15:34:25,468 - Eye - INFO - ['Epoch:12, Iter:140, Lr:0.00000156', 'Loss:0.0447', 'train_acc:99.99']
2021-05-02 15:34:34,795 - Eye - INFO - ['Epoch:12, Iter:160, Lr:0.00000156', 'Loss:0.0553', 'train_acc:99.99']
2021-05-02 15:34:44,385 - Eye - INFO - ['Epoch:12, Iter:180, Lr:0.00000156', 'Loss:0.0377', 'train_acc:99.99']
2021-05-02 15:34:53,742 - Eye - INFO - ['Epoch:12, Iter:200, Lr:0.00000156', 'Loss:0.0461', 'train_acc:99.98']
2021-05-02 15:35:02,981 - Eye - INFO - ['Epoch:12, Iter:220, Lr:0.00000156', 'Loss:0.0525', 'train_acc:99.98']
2021-05-02 15:35:12,523 - Eye - INFO - ['Epoch:12, Iter:240, Lr:0.00000156', 'Loss:0.0448', 'train_acc:99.97']
2021-05-02 15:35:21,984 - Eye - INFO - ['Epoch:12, Iter:260, Lr:0.00000156', 'Loss:0.0479', 'train_acc:99.96']
2021-05-02 15:35:31,639 - Eye - INFO - ['Epoch:12, Iter:280, Lr:0.00000156', 'Loss:0.0867', 'train_acc:99.97']
2021-05-02 15:35:36,092 - Eye - INFO - ['Epoch:12, Lr:0.00000156, Cost:138.58s', 'Loss:0.0553', 'train_acc:99.97', 'val_acc:80.99', 'val_loss:0.28']
2021-05-02 15:35:48,582 - Eye - INFO - ['Epoch:13, Iter: 20, Lr:0.00000078', 'Loss:0.0421', 'train_acc:99.92']
2021-05-02 15:35:57,856 - Eye - INFO - ['Epoch:13, Iter: 40, Lr:0.00000078', 'Loss:0.0512', 'train_acc:99.96']
2021-05-02 15:36:07,120 - Eye - INFO - ['Epoch:13, Iter: 60, Lr:0.00000078', 'Loss:0.0301', 'train_acc:99.97']
2021-05-02 15:36:16,430 - Eye - INFO - ['Epoch:13, Iter: 80, Lr:0.00000078', 'Loss:0.0407', 'train_acc:99.98']
2021-05-02 15:36:25,981 - Eye - INFO - ['Epoch:13, Iter:100, Lr:0.00000078', 'Loss:0.0508', 'train_acc:99.98']
2021-05-02 15:36:35,276 - Eye - INFO - ['Epoch:13, Iter:120, Lr:0.00000078', 'Loss:0.0739', 'train_acc:99.99']
2021-05-02 15:36:44,418 - Eye - INFO - ['Epoch:13, Iter:140, Lr:0.00000078', 'Loss:0.0462', 'train_acc:99.99']
2021-05-02 15:36:53,808 - Eye - INFO - ['Epoch:13, Iter:160, Lr:0.00000078', 'Loss:0.0443', 'train_acc:99.99']
2021-05-02 15:37:02,750 - Eye - INFO - ['Epoch:13, Iter:180, Lr:0.00000078', 'Loss:0.0528', 'train_acc:99.99']
2021-05-02 15:37:11,722 - Eye - INFO - ['Epoch:13, Iter:200, Lr:0.00000078', 'Loss:0.0299', 'train_acc:99.98']
2021-05-02 15:37:20,783 - Eye - INFO - ['Epoch:13, Iter:220, Lr:0.00000078', 'Loss:0.1519', 'train_acc:99.98']
2021-05-02 15:37:29,792 - Eye - INFO - ['Epoch:13, Iter:240, Lr:0.00000078', 'Loss:0.0410', 'train_acc:99.98']
2021-05-02 15:37:38,797 - Eye - INFO - ['Epoch:13, Iter:260, Lr:0.00000078', 'Loss:0.0395', 'train_acc:99.98']
2021-05-02 15:37:48,469 - Eye - INFO - ['Epoch:13, Iter:280, Lr:0.00000078', 'Loss:0.0356', 'train_acc:99.98']
2021-05-02 15:37:53,121 - Eye - INFO - ['Epoch:13, Lr:0.00000078, Cost:136.93s', 'Loss:0.0378', 'train_acc:99.98', 'val_acc:81.25', 'val_loss:0.23']
2021-05-02 15:38:05,530 - Eye - INFO - ['Epoch:14, Iter: 20, Lr:0.00000078', 'Loss:0.0353', 'train_acc:100.00']
2021-05-02 15:38:14,810 - Eye - INFO - ['Epoch:14, Iter: 40, Lr:0.00000078', 'Loss:0.0795', 'train_acc:100.00']
2021-05-02 15:38:24,277 - Eye - INFO - ['Epoch:14, Iter: 60, Lr:0.00000078', 'Loss:0.0521', 'train_acc:100.00']
2021-05-02 15:38:33,599 - Eye - INFO - ['Epoch:14, Iter: 80, Lr:0.00000078', 'Loss:0.0786', 'train_acc:100.00']
2021-05-02 15:38:43,183 - Eye - INFO - ['Epoch:14, Iter:100, Lr:0.00000078', 'Loss:0.0942', 'train_acc:100.00']
2021-05-02 15:38:52,671 - Eye - INFO - ['Epoch:14, Iter:120, Lr:0.00000078', 'Loss:0.0431', 'train_acc:100.00']
2021-05-02 15:39:02,280 - Eye - INFO - ['Epoch:14, Iter:140, Lr:0.00000078', 'Loss:0.0524', 'train_acc:100.00']
2021-05-02 15:39:11,812 - Eye - INFO - ['Epoch:14, Iter:160, Lr:0.00000078', 'Loss:0.0286', 'train_acc:100.00']
2021-05-02 15:39:21,132 - Eye - INFO - ['Epoch:14, Iter:180, Lr:0.00000078', 'Loss:0.0401', 'train_acc:99.99']
2021-05-02 15:39:30,404 - Eye - INFO - ['Epoch:14, Iter:200, Lr:0.00000078', 'Loss:0.0446', 'train_acc:99.99']
2021-05-02 15:39:39,751 - Eye - INFO - ['Epoch:14, Iter:220, Lr:0.00000078', 'Loss:0.0374', 'train_acc:99.98']
2021-05-02 15:39:49,162 - Eye - INFO - ['Epoch:14, Iter:240, Lr:0.00000078', 'Loss:0.0519', 'train_acc:99.97']
2021-05-02 15:39:58,388 - Eye - INFO - ['Epoch:14, Iter:260, Lr:0.00000078', 'Loss:0.0277', 'train_acc:99.97']
2021-05-02 15:40:08,029 - Eye - INFO - ['Epoch:14, Iter:280, Lr:0.00000078', 'Loss:0.0398', 'train_acc:99.97']
2021-05-02 15:40:13,618 - Eye - INFO - ['Epoch:14, Lr:0.00000078, Cost:140.40s', 'Loss:0.0457', 'train_acc:99.97', 'val_acc:80.99', 'val_loss:0.24']
2021-05-02 15:40:26,229 - Eye - INFO - ['Epoch:15, Iter: 20, Lr:0.00000078', 'Loss:0.0537', 'train_acc:100.00']
2021-05-02 15:40:35,678 - Eye - INFO - ['Epoch:15, Iter: 40, Lr:0.00000078', 'Loss:0.0424', 'train_acc:99.96']
2021-05-02 15:40:45,147 - Eye - INFO - ['Epoch:15, Iter: 60, Lr:0.00000078', 'Loss:0.0433', 'train_acc:99.97']
2021-05-02 15:40:54,545 - Eye - INFO - ['Epoch:15, Iter: 80, Lr:0.00000078', 'Loss:0.0332', 'train_acc:99.98']
2021-05-02 15:41:04,015 - Eye - INFO - ['Epoch:15, Iter:100, Lr:0.00000078', 'Loss:0.0384', 'train_acc:99.98']
2021-05-02 15:41:13,396 - Eye - INFO - ['Epoch:15, Iter:120, Lr:0.00000078', 'Loss:0.0336', 'train_acc:99.97']
2021-05-02 15:41:22,840 - Eye - INFO - ['Epoch:15, Iter:140, Lr:0.00000078', 'Loss:0.0368', 'train_acc:99.97']
2021-05-02 15:41:32,172 - Eye - INFO - ['Epoch:15, Iter:160, Lr:0.00000078', 'Loss:0.0416', 'train_acc:99.96']
2021-05-02 15:41:41,740 - Eye - INFO - ['Epoch:15, Iter:180, Lr:0.00000078', 'Loss:0.0356', 'train_acc:99.95']
2021-05-02 15:41:51,301 - Eye - INFO - ['Epoch:15, Iter:200, Lr:0.00000078', 'Loss:0.0508', 'train_acc:99.95']
2021-05-02 15:42:00,903 - Eye - INFO - ['Epoch:15, Iter:220, Lr:0.00000078', 'Loss:0.0763', 'train_acc:99.93']
2021-05-02 15:42:10,476 - Eye - INFO - ['Epoch:15, Iter:240, Lr:0.00000078', 'Loss:0.0715', 'train_acc:99.93']
2021-05-02 15:42:19,918 - Eye - INFO - ['Epoch:15, Iter:260, Lr:0.00000078', 'Loss:0.0716', 'train_acc:99.94']
2021-05-02 15:42:29,562 - Eye - INFO - ['Epoch:15, Iter:280, Lr:0.00000078', 'Loss:0.0860', 'train_acc:99.93']
2021-05-02 15:42:34,176 - Eye - INFO - ['Epoch:15, Lr:0.00000078, Cost:140.42s', 'Loss:0.0419', 'train_acc:99.93', 'val_acc:82.55', 'val_loss:0.24']
2021-05-02 15:42:46,415 - Eye - INFO - ['Epoch:16, Iter: 20, Lr:0.00000039', 'Loss:0.0461', 'train_acc:100.00']
2021-05-02 15:42:55,922 - Eye - INFO - ['Epoch:16, Iter: 40, Lr:0.00000039', 'Loss:0.0682', 'train_acc:99.92']
2021-05-02 15:43:05,503 - Eye - INFO - ['Epoch:16, Iter: 60, Lr:0.00000039', 'Loss:0.0430', 'train_acc:99.92']
2021-05-02 15:43:14,991 - Eye - INFO - ['Epoch:16, Iter: 80, Lr:0.00000039', 'Loss:0.0420', 'train_acc:99.94']
2021-05-02 15:43:24,392 - Eye - INFO - ['Epoch:16, Iter:100, Lr:0.00000039', 'Loss:0.0474', 'train_acc:99.95']
2021-05-02 15:43:33,670 - Eye - INFO - ['Epoch:16, Iter:120, Lr:0.00000039', 'Loss:0.0538', 'train_acc:99.93']
2021-05-02 15:43:43,080 - Eye - INFO - ['Epoch:16, Iter:140, Lr:0.00000039', 'Loss:0.0348', 'train_acc:99.93']
2021-05-02 15:43:52,747 - Eye - INFO - ['Epoch:16, Iter:160, Lr:0.00000039', 'Loss:0.0426', 'train_acc:99.93']
2021-05-02 15:44:02,218 - Eye - INFO - ['Epoch:16, Iter:180, Lr:0.00000039', 'Loss:0.0718', 'train_acc:99.94']
2021-05-02 15:44:11,576 - Eye - INFO - ['Epoch:16, Iter:200, Lr:0.00000039', 'Loss:0.0429', 'train_acc:99.95']
2021-05-02 15:44:20,816 - Eye - INFO - ['Epoch:16, Iter:220, Lr:0.00000039', 'Loss:0.0423', 'train_acc:99.95']
2021-05-02 15:44:30,033 - Eye - INFO - ['Epoch:16, Iter:240, Lr:0.00000039', 'Loss:0.0385', 'train_acc:99.95']
2021-05-02 15:44:39,298 - Eye - INFO - ['Epoch:16, Iter:260, Lr:0.00000039', 'Loss:0.0354', 'train_acc:99.95']
2021-05-02 15:44:48,590 - Eye - INFO - ['Epoch:16, Iter:280, Lr:0.00000039', 'Loss:0.0385', 'train_acc:99.96']
2021-05-02 15:44:53,034 - Eye - INFO - ['Epoch:16, Lr:0.00000039, Cost:138.75s', 'Loss:0.0502', 'train_acc:99.96', 'val_acc:79.95', 'val_loss:0.27']
2021-05-02 15:45:05,264 - Eye - INFO - ['Epoch:17, Iter: 20, Lr:0.00000039', 'Loss:0.0627', 'train_acc:100.00']
2021-05-02 15:45:14,832 - Eye - INFO - ['Epoch:17, Iter: 40, Lr:0.00000039', 'Loss:0.0327', 'train_acc:99.92']
2021-05-02 15:45:23,992 - Eye - INFO - ['Epoch:17, Iter: 60, Lr:0.00000039', 'Loss:0.0369', 'train_acc:99.95']
2021-05-02 15:45:32,982 - Eye - INFO - ['Epoch:17, Iter: 80, Lr:0.00000039', 'Loss:0.0306', 'train_acc:99.96']
2021-05-02 15:45:42,303 - Eye - INFO - ['Epoch:17, Iter:100, Lr:0.00000039', 'Loss:0.0331', 'train_acc:99.97']
2021-05-02 15:45:51,920 - Eye - INFO - ['Epoch:17, Iter:120, Lr:0.00000039', 'Loss:0.0358', 'train_acc:99.97']
2021-05-02 15:46:01,327 - Eye - INFO - ['Epoch:17, Iter:140, Lr:0.00000039', 'Loss:0.0458', 'train_acc:99.98']
2021-05-02 15:46:10,583 - Eye - INFO - ['Epoch:17, Iter:160, Lr:0.00000039', 'Loss:0.0550', 'train_acc:99.98']
2021-05-02 15:46:20,063 - Eye - INFO - ['Epoch:17, Iter:180, Lr:0.00000039', 'Loss:0.0369', 'train_acc:99.97']
2021-05-02 15:46:29,226 - Eye - INFO - ['Epoch:17, Iter:200, Lr:0.00000039', 'Loss:0.0532', 'train_acc:99.98']
2021-05-02 15:46:38,736 - Eye - INFO - ['Epoch:17, Iter:220, Lr:0.00000039', 'Loss:0.0491', 'train_acc:99.97']
2021-05-02 15:46:48,207 - Eye - INFO - ['Epoch:17, Iter:240, Lr:0.00000039', 'Loss:0.0689', 'train_acc:99.97']
2021-05-02 15:46:57,743 - Eye - INFO - ['Epoch:17, Iter:260, Lr:0.00000039', 'Loss:0.0495', 'train_acc:99.98']
2021-05-02 15:47:07,346 - Eye - INFO - ['Epoch:17, Iter:280, Lr:0.00000039', 'Loss:0.0322', 'train_acc:99.98']
2021-05-02 15:47:11,886 - Eye - INFO - ['Epoch:17, Lr:0.00000039, Cost:138.74s', 'Loss:0.0383', 'train_acc:99.98', 'val_acc:81.51', 'val_loss:0.22']
2021-05-02 15:47:24,089 - Eye - INFO - ['Epoch:18, Iter: 20, Lr:0.00000039', 'Loss:0.0399', 'train_acc:100.00']
2021-05-02 15:47:33,574 - Eye - INFO - ['Epoch:18, Iter: 40, Lr:0.00000039', 'Loss:0.0509', 'train_acc:100.00']
2021-05-02 15:47:42,973 - Eye - INFO - ['Epoch:18, Iter: 60, Lr:0.00000039', 'Loss:0.0365', 'train_acc:99.95']
2021-05-02 15:47:52,613 - Eye - INFO - ['Epoch:18, Iter: 80, Lr:0.00000039', 'Loss:0.0492', 'train_acc:99.96']
2021-05-02 15:48:02,162 - Eye - INFO - ['Epoch:18, Iter:100, Lr:0.00000039', 'Loss:0.0419', 'train_acc:99.97']
2021-05-02 15:48:11,554 - Eye - INFO - ['Epoch:18, Iter:120, Lr:0.00000039', 'Loss:0.0422', 'train_acc:99.96']
2021-05-02 15:48:20,955 - Eye - INFO - ['Epoch:18, Iter:140, Lr:0.00000039', 'Loss:0.0390', 'train_acc:99.97']
2021-05-02 15:48:30,358 - Eye - INFO - ['Epoch:18, Iter:160, Lr:0.00000039', 'Loss:0.0360', 'train_acc:99.97']
2021-05-02 15:48:39,644 - Eye - INFO - ['Epoch:18, Iter:180, Lr:0.00000039', 'Loss:0.0528', 'train_acc:99.97']
2021-05-02 15:48:48,920 - Eye - INFO - ['Epoch:18, Iter:200, Lr:0.00000039', 'Loss:0.0683', 'train_acc:99.96']
2021-05-02 15:48:58,283 - Eye - INFO - ['Epoch:18, Iter:220, Lr:0.00000039', 'Loss:0.0535', 'train_acc:99.96']
2021-05-02 15:49:07,699 - Eye - INFO - ['Epoch:18, Iter:240, Lr:0.00000039', 'Loss:0.0399', 'train_acc:99.97']
2021-05-02 15:49:17,071 - Eye - INFO - ['Epoch:18, Iter:260, Lr:0.00000039', 'Loss:0.0490', 'train_acc:99.97']
2021-05-02 15:49:26,440 - Eye - INFO - ['Epoch:18, Iter:280, Lr:0.00000039', 'Loss:0.0499', 'train_acc:99.97']
2021-05-02 15:49:30,950 - Eye - INFO - ['Epoch:18, Lr:0.00000039, Cost:138.98s', 'Loss:0.0296', 'train_acc:99.97', 'val_acc:81.51', 'val_loss:0.26']
2021-05-02 15:49:43,023 - Eye - INFO - ['Epoch:19, Iter: 20, Lr:0.00000039', 'Loss:0.0467', 'train_acc:99.92']
2021-05-02 15:49:52,422 - Eye - INFO - ['Epoch:19, Iter: 40, Lr:0.00000039', 'Loss:0.0691', 'train_acc:99.96']
2021-05-02 15:50:01,755 - Eye - INFO - ['Epoch:19, Iter: 60, Lr:0.00000039', 'Loss:0.0354', 'train_acc:99.95']
2021-05-02 15:50:11,106 - Eye - INFO - ['Epoch:19, Iter: 80, Lr:0.00000039', 'Loss:0.0435', 'train_acc:99.96']
2021-05-02 15:50:20,466 - Eye - INFO - ['Epoch:19, Iter:100, Lr:0.00000039', 'Loss:0.0574', 'train_acc:99.97']
2021-05-02 15:50:29,795 - Eye - INFO - ['Epoch:19, Iter:120, Lr:0.00000039', 'Loss:0.0517', 'train_acc:99.97']
2021-05-02 15:50:39,078 - Eye - INFO - ['Epoch:19, Iter:140, Lr:0.00000039', 'Loss:0.0326', 'train_acc:99.98']
2021-05-02 15:50:48,467 - Eye - INFO - ['Epoch:19, Iter:160, Lr:0.00000039', 'Loss:0.0475', 'train_acc:99.98']
2021-05-02 15:50:57,950 - Eye - INFO - ['Epoch:19, Iter:180, Lr:0.00000039', 'Loss:0.0364', 'train_acc:99.98']
2021-05-02 15:51:07,272 - Eye - INFO - ['Epoch:19, Iter:200, Lr:0.00000039', 'Loss:0.0430', 'train_acc:99.98']
2021-05-02 15:51:16,719 - Eye - INFO - ['Epoch:19, Iter:220, Lr:0.00000039', 'Loss:0.0571', 'train_acc:99.98']
2021-05-02 15:51:25,874 - Eye - INFO - ['Epoch:19, Iter:240, Lr:0.00000039', 'Loss:0.0399', 'train_acc:99.97']
2021-05-02 15:51:35,170 - Eye - INFO - ['Epoch:19, Iter:260, Lr:0.00000039', 'Loss:0.0855', 'train_acc:99.98']
2021-05-02 15:51:44,526 - Eye - INFO - ['Epoch:19, Iter:280, Lr:0.00000039', 'Loss:0.0377', 'train_acc:99.98']
2021-05-02 15:51:49,049 - Eye - INFO - ['Epoch:19, Lr:0.00000039, Cost:138.00s', 'Loss:0.0430', 'train_acc:99.98', 'val_acc:81.77', 'val_loss:0.27']
2021-05-02 15:52:02,405 - Eye - INFO - ['Epoch:20, Iter: 20, Lr:0.00000039', 'Loss:0.0331', 'train_acc:100.00']
2021-05-02 15:52:11,722 - Eye - INFO - ['Epoch:20, Iter: 40, Lr:0.00000039', 'Loss:0.0743', 'train_acc:100.00']
2021-05-02 15:52:21,049 - Eye - INFO - ['Epoch:20, Iter: 60, Lr:0.00000039', 'Loss:0.0355', 'train_acc:100.00']
2021-05-02 15:52:30,547 - Eye - INFO - ['Epoch:20, Iter: 80, Lr:0.00000039', 'Loss:0.0401', 'train_acc:100.00']
2021-05-02 15:52:40,085 - Eye - INFO - ['Epoch:20, Iter:100, Lr:0.00000039', 'Loss:0.0501', 'train_acc:100.00']
2021-05-02 15:52:49,606 - Eye - INFO - ['Epoch:20, Iter:120, Lr:0.00000039', 'Loss:0.0698', 'train_acc:100.00']
2021-05-02 15:52:59,257 - Eye - INFO - ['Epoch:20, Iter:140, Lr:0.00000039', 'Loss:0.0503', 'train_acc:99.97']
2021-05-02 15:53:08,830 - Eye - INFO - ['Epoch:20, Iter:160, Lr:0.00000039', 'Loss:0.0376', 'train_acc:99.97']
2021-05-02 15:53:18,053 - Eye - INFO - ['Epoch:20, Iter:180, Lr:0.00000039', 'Loss:0.0438', 'train_acc:99.97']
2021-05-02 15:53:27,593 - Eye - INFO - ['Epoch:20, Iter:200, Lr:0.00000039', 'Loss:0.0422', 'train_acc:99.97']
2021-05-02 15:53:37,001 - Eye - INFO - ['Epoch:20, Iter:220, Lr:0.00000039', 'Loss:0.0466', 'train_acc:99.97']
2021-05-02 15:53:46,331 - Eye - INFO - ['Epoch:20, Iter:240, Lr:0.00000039', 'Loss:0.0496', 'train_acc:99.97']
2021-05-02 15:53:55,901 - Eye - INFO - ['Epoch:20, Iter:260, Lr:0.00000039', 'Loss:0.0849', 'train_acc:99.97']
2021-05-02 15:54:05,381 - Eye - INFO - ['Epoch:20, Iter:280, Lr:0.00000039', 'Loss:0.0572', 'train_acc:99.97']
2021-05-02 15:54:09,851 - Eye - INFO - ['Epoch:20, Lr:0.00000039, Cost:140.69s', 'Loss:0.0285', 'train_acc:99.97', 'val_acc:82.29', 'val_loss:0.20']
2021-05-02 15:54:22,001 - Eye - INFO - ['Epoch:21, Iter: 20, Lr:0.00000020', 'Loss:0.0424', 'train_acc:100.00']
2021-05-02 15:54:31,419 - Eye - INFO - ['Epoch:21, Iter: 40, Lr:0.00000020', 'Loss:0.0397', 'train_acc:100.00']
2021-05-02 15:54:40,847 - Eye - INFO - ['Epoch:21, Iter: 60, Lr:0.00000020', 'Loss:0.0274', 'train_acc:100.00']
2021-05-02 15:54:50,277 - Eye - INFO - ['Epoch:21, Iter: 80, Lr:0.00000020', 'Loss:0.0367', 'train_acc:100.00']
2021-05-02 15:54:59,500 - Eye - INFO - ['Epoch:21, Iter:100, Lr:0.00000020', 'Loss:0.0784', 'train_acc:100.00']
2021-05-02 15:55:09,114 - Eye - INFO - ['Epoch:21, Iter:120, Lr:0.00000020', 'Loss:0.0435', 'train_acc:100.00']
2021-05-02 15:55:18,603 - Eye - INFO - ['Epoch:21, Iter:140, Lr:0.00000020', 'Loss:0.0376', 'train_acc:100.00']
2021-05-02 15:55:28,077 - Eye - INFO - ['Epoch:21, Iter:160, Lr:0.00000020', 'Loss:0.0412', 'train_acc:99.99']
2021-05-02 15:55:37,628 - Eye - INFO - ['Epoch:21, Iter:180, Lr:0.00000020', 'Loss:0.0329', 'train_acc:99.97']
2021-05-02 15:55:47,069 - Eye - INFO - ['Epoch:21, Iter:200, Lr:0.00000020', 'Loss:0.0749', 'train_acc:99.98']
2021-05-02 15:55:56,514 - Eye - INFO - ['Epoch:21, Iter:220, Lr:0.00000020', 'Loss:0.0624', 'train_acc:99.98']
2021-05-02 15:56:05,941 - Eye - INFO - ['Epoch:21, Iter:240, Lr:0.00000020', 'Loss:0.0399', 'train_acc:99.98']
2021-05-02 15:56:15,173 - Eye - INFO - ['Epoch:21, Iter:260, Lr:0.00000020', 'Loss:0.0691', 'train_acc:99.98']
2021-05-02 15:56:24,718 - Eye - INFO - ['Epoch:21, Iter:280, Lr:0.00000020', 'Loss:0.0420', 'train_acc:99.98']
2021-05-02 15:56:29,328 - Eye - INFO - ['Epoch:21, Lr:0.00000020, Cost:139.37s', 'Loss:0.0414', 'train_acc:99.98', 'val_acc:80.99', 'val_loss:0.20']
2021-05-02 15:56:41,450 - Eye - INFO - ['Epoch:22, Iter: 20, Lr:0.00000020', 'Loss:0.0661', 'train_acc:100.00']
2021-05-02 15:56:50,967 - Eye - INFO - ['Epoch:22, Iter: 40, Lr:0.00000020', 'Loss:0.0420', 'train_acc:100.00']
2021-05-02 15:57:00,383 - Eye - INFO - ['Epoch:22, Iter: 60, Lr:0.00000020', 'Loss:0.0303', 'train_acc:100.00']
2021-05-02 15:57:09,838 - Eye - INFO - ['Epoch:22, Iter: 80, Lr:0.00000020', 'Loss:0.0286', 'train_acc:99.98']
2021-05-02 15:57:19,100 - Eye - INFO - ['Epoch:22, Iter:100, Lr:0.00000020', 'Loss:0.0389', 'train_acc:99.98']
2021-05-02 15:57:28,589 - Eye - INFO - ['Epoch:22, Iter:120, Lr:0.00000020', 'Loss:0.0501', 'train_acc:99.99']
2021-05-02 15:57:38,115 - Eye - INFO - ['Epoch:22, Iter:140, Lr:0.00000020', 'Loss:0.0785', 'train_acc:99.98']
2021-05-02 15:57:47,426 - Eye - INFO - ['Epoch:22, Iter:160, Lr:0.00000020', 'Loss:0.0476', 'train_acc:99.98']
2021-05-02 15:57:56,829 - Eye - INFO - ['Epoch:22, Iter:180, Lr:0.00000020', 'Loss:0.0497', 'train_acc:99.97']
2021-05-02 15:58:06,292 - Eye - INFO - ['Epoch:22, Iter:200, Lr:0.00000020', 'Loss:0.0568', 'train_acc:99.97']
2021-05-02 15:58:15,855 - Eye - INFO - ['Epoch:22, Iter:220, Lr:0.00000020', 'Loss:0.0663', 'train_acc:99.96']
2021-05-02 15:58:25,441 - Eye - INFO - ['Epoch:22, Iter:240, Lr:0.00000020', 'Loss:0.0387', 'train_acc:99.95']
2021-05-02 15:58:34,852 - Eye - INFO - ['Epoch:22, Iter:260, Lr:0.00000020', 'Loss:0.0372', 'train_acc:99.96']
2021-05-02 15:58:44,224 - Eye - INFO - ['Epoch:22, Iter:280, Lr:0.00000020', 'Loss:0.0543', 'train_acc:99.96']
2021-05-02 15:58:48,804 - Eye - INFO - ['Epoch:22, Lr:0.00000020, Cost:139.40s', 'Loss:0.0625', 'train_acc:99.96', 'val_acc:82.03', 'val_loss:0.20']
2021-05-02 15:59:00,940 - Eye - INFO - ['Epoch:23, Iter: 20, Lr:0.00000020', 'Loss:0.0832', 'train_acc:100.00']
2021-05-02 15:59:10,144 - Eye - INFO - ['Epoch:23, Iter: 40, Lr:0.00000020', 'Loss:0.0250', 'train_acc:100.00']
2021-05-02 15:59:19,477 - Eye - INFO - ['Epoch:23, Iter: 60, Lr:0.00000020', 'Loss:0.0349', 'train_acc:100.00']
2021-05-02 15:59:28,795 - Eye - INFO - ['Epoch:23, Iter: 80, Lr:0.00000020', 'Loss:0.0346', 'train_acc:100.00']
2021-05-02 15:59:38,345 - Eye - INFO - ['Epoch:23, Iter:100, Lr:0.00000020', 'Loss:0.0623', 'train_acc:100.00']
2021-05-02 15:59:47,910 - Eye - INFO - ['Epoch:23, Iter:120, Lr:0.00000020', 'Loss:0.0450', 'train_acc:99.99']
2021-05-02 15:59:57,371 - Eye - INFO - ['Epoch:23, Iter:140, Lr:0.00000020', 'Loss:0.0412', 'train_acc:99.99']
2021-05-02 16:00:06,508 - Eye - INFO - ['Epoch:23, Iter:160, Lr:0.00000020', 'Loss:0.0609', 'train_acc:99.99']
2021-05-02 16:00:15,675 - Eye - INFO - ['Epoch:23, Iter:180, Lr:0.00000020', 'Loss:0.0531', 'train_acc:99.99']
2021-05-02 16:00:24,891 - Eye - INFO - ['Epoch:23, Iter:200, Lr:0.00000020', 'Loss:0.0620', 'train_acc:99.99']
2021-05-02 16:00:34,349 - Eye - INFO - ['Epoch:23, Iter:220, Lr:0.00000020', 'Loss:0.0381', 'train_acc:99.99']
2021-05-02 16:00:43,815 - Eye - INFO - ['Epoch:23, Iter:240, Lr:0.00000020', 'Loss:0.0286', 'train_acc:99.98']
2021-05-02 16:00:53,000 - Eye - INFO - ['Epoch:23, Iter:260, Lr:0.00000020', 'Loss:0.0305', 'train_acc:99.98']
2021-05-02 16:01:02,345 - Eye - INFO - ['Epoch:23, Iter:280, Lr:0.00000020', 'Loss:0.0648', 'train_acc:99.98']
2021-05-02 16:01:06,768 - Eye - INFO - ['Epoch:23, Lr:0.00000020, Cost:137.87s', 'Loss:0.0588', 'train_acc:99.98', 'val_acc:81.51', 'val_loss:0.25']
2021-05-02 16:01:19,470 - Eye - INFO - ['Epoch:24, Iter: 20, Lr:0.00000020', 'Loss:0.0526', 'train_acc:100.00']
2021-05-02 16:01:28,953 - Eye - INFO - ['Epoch:24, Iter: 40, Lr:0.00000020', 'Loss:0.0437', 'train_acc:100.00']
2021-05-02 16:01:38,350 - Eye - INFO - ['Epoch:24, Iter: 60, Lr:0.00000020', 'Loss:0.0502', 'train_acc:100.00']
2021-05-02 16:01:47,939 - Eye - INFO - ['Epoch:24, Iter: 80, Lr:0.00000020', 'Loss:0.0290', 'train_acc:100.00']
2021-05-02 16:01:57,472 - Eye - INFO - ['Epoch:24, Iter:100, Lr:0.00000020', 'Loss:0.0544', 'train_acc:100.00']
2021-05-02 16:02:06,868 - Eye - INFO - ['Epoch:24, Iter:120, Lr:0.00000020', 'Loss:0.0516', 'train_acc:100.00']
2021-05-02 16:02:16,134 - Eye - INFO - ['Epoch:24, Iter:140, Lr:0.00000020', 'Loss:0.0322', 'train_acc:99.98']
2021-05-02 16:02:25,463 - Eye - INFO - ['Epoch:24, Iter:160, Lr:0.00000020', 'Loss:0.0505', 'train_acc:99.98']
2021-05-02 16:02:34,949 - Eye - INFO - ['Epoch:24, Iter:180, Lr:0.00000020', 'Loss:0.0513', 'train_acc:99.98']
2021-05-02 16:02:44,424 - Eye - INFO - ['Epoch:24, Iter:200, Lr:0.00000020', 'Loss:0.0573', 'train_acc:99.98']
2021-05-02 16:02:53,979 - Eye - INFO - ['Epoch:24, Iter:220, Lr:0.00000020', 'Loss:0.0922', 'train_acc:99.98']
2021-05-02 16:03:03,602 - Eye - INFO - ['Epoch:24, Iter:240, Lr:0.00000020', 'Loss:0.0773', 'train_acc:99.98']
2021-05-02 16:03:13,157 - Eye - INFO - ['Epoch:24, Iter:260, Lr:0.00000020', 'Loss:0.0564', 'train_acc:99.98']
2021-05-02 16:03:22,814 - Eye - INFO - ['Epoch:24, Iter:280, Lr:0.00000020', 'Loss:0.0343', 'train_acc:99.98']
2021-05-02 16:03:27,330 - Eye - INFO - ['Epoch:24, Lr:0.00000020, Cost:140.46s', 'Loss:0.0307', 'train_acc:99.98', 'val_acc:80.73', 'val_loss:0.29']
2021-05-02 16:03:39,375 - Eye - INFO - ['Epoch:25, Iter: 20, Lr:0.00000020', 'Loss:0.0645', 'train_acc:99.92']
2021-05-02 16:03:48,656 - Eye - INFO - ['Epoch:25, Iter: 40, Lr:0.00000020', 'Loss:0.0391', 'train_acc:99.92']
2021-05-02 16:03:58,113 - Eye - INFO - ['Epoch:25, Iter: 60, Lr:0.00000020', 'Loss:0.0373', 'train_acc:99.95']
2021-05-02 16:04:07,218 - Eye - INFO - ['Epoch:25, Iter: 80, Lr:0.00000020', 'Loss:0.0503', 'train_acc:99.94']
2021-05-02 16:04:16,453 - Eye - INFO - ['Epoch:25, Iter:100, Lr:0.00000020', 'Loss:0.0381', 'train_acc:99.94']
2021-05-02 16:04:25,835 - Eye - INFO - ['Epoch:25, Iter:120, Lr:0.00000020', 'Loss:0.0482', 'train_acc:99.95']
2021-05-02 16:04:35,226 - Eye - INFO - ['Epoch:25, Iter:140, Lr:0.00000020', 'Loss:0.0300', 'train_acc:99.96']
2021-05-02 16:04:44,593 - Eye - INFO - ['Epoch:25, Iter:160, Lr:0.00000020', 'Loss:0.0653', 'train_acc:99.96']
2021-05-02 16:04:54,037 - Eye - INFO - ['Epoch:25, Iter:180, Lr:0.00000020', 'Loss:0.0608', 'train_acc:99.96']
2021-05-02 16:05:03,329 - Eye - INFO - ['Epoch:25, Iter:200, Lr:0.00000020', 'Loss:0.0394', 'train_acc:99.96']
2021-05-02 16:05:12,751 - Eye - INFO - ['Epoch:25, Iter:220, Lr:0.00000020', 'Loss:0.0506', 'train_acc:99.96']
2021-05-02 16:05:22,369 - Eye - INFO - ['Epoch:25, Iter:240, Lr:0.00000020', 'Loss:0.0245', 'train_acc:99.95']
2021-05-02 16:05:31,889 - Eye - INFO - ['Epoch:25, Iter:260, Lr:0.00000020', 'Loss:0.0489', 'train_acc:99.95']
2021-05-02 16:05:41,363 - Eye - INFO - ['Epoch:25, Iter:280, Lr:0.00000020', 'Loss:0.0651', 'train_acc:99.96']
2021-05-02 16:05:46,010 - Eye - INFO - ['Epoch:25, Lr:0.00000020, Cost:138.57s', 'Loss:0.0477', 'train_acc:99.96', 'val_acc:80.73', 'val_loss:0.22']
2021-05-02 16:05:58,088 - Eye - INFO - ['Epoch:26, Iter: 20, Lr:0.00000010', 'Loss:0.0543', 'train_acc:99.92']
2021-05-02 16:06:07,422 - Eye - INFO - ['Epoch:26, Iter: 40, Lr:0.00000010', 'Loss:0.0464', 'train_acc:99.88']
2021-05-02 16:06:16,969 - Eye - INFO - ['Epoch:26, Iter: 60, Lr:0.00000010', 'Loss:0.0456', 'train_acc:99.92']
2021-05-02 16:06:26,512 - Eye - INFO - ['Epoch:26, Iter: 80, Lr:0.00000010', 'Loss:0.0309', 'train_acc:99.94']
2021-05-02 16:06:36,027 - Eye - INFO - ['Epoch:26, Iter:100, Lr:0.00000010', 'Loss:0.0886', 'train_acc:99.95']
2021-05-02 16:06:45,088 - Eye - INFO - ['Epoch:26, Iter:120, Lr:0.00000010', 'Loss:0.0414', 'train_acc:99.96']
2021-05-02 16:06:54,466 - Eye - INFO - ['Epoch:26, Iter:140, Lr:0.00000010', 'Loss:0.0521', 'train_acc:99.97']
2021-05-02 16:07:03,832 - Eye - INFO - ['Epoch:26, Iter:160, Lr:0.00000010', 'Loss:0.0587', 'train_acc:99.96']
2021-05-02 16:07:13,251 - Eye - INFO - ['Epoch:26, Iter:180, Lr:0.00000010', 'Loss:0.0372', 'train_acc:99.97']
2021-05-02 16:07:22,748 - Eye - INFO - ['Epoch:26, Iter:200, Lr:0.00000010', 'Loss:0.0500', 'train_acc:99.95']
2021-05-02 16:07:32,258 - Eye - INFO - ['Epoch:26, Iter:220, Lr:0.00000010', 'Loss:0.0683', 'train_acc:99.96']
2021-05-02 16:07:41,738 - Eye - INFO - ['Epoch:26, Iter:240, Lr:0.00000010', 'Loss:0.0492', 'train_acc:99.96']
2021-05-02 16:07:51,239 - Eye - INFO - ['Epoch:26, Iter:260, Lr:0.00000010', 'Loss:0.0304', 'train_acc:99.96']
2021-05-02 16:08:00,724 - Eye - INFO - ['Epoch:26, Iter:280, Lr:0.00000010', 'Loss:0.0580', 'train_acc:99.96']
2021-05-02 16:08:05,345 - Eye - INFO - ['Epoch:26, Lr:0.00000010, Cost:139.25s', 'Loss:0.0518', 'train_acc:99.96', 'val_acc:81.25', 'val_loss:0.26']
2021-05-02 16:08:17,401 - Eye - INFO - ['Epoch:27, Iter: 20, Lr:0.00000010', 'Loss:0.0689', 'train_acc:100.00']
2021-05-02 16:08:26,829 - Eye - INFO - ['Epoch:27, Iter: 40, Lr:0.00000010', 'Loss:0.0494', 'train_acc:100.00']
2021-05-02 16:08:36,160 - Eye - INFO - ['Epoch:27, Iter: 60, Lr:0.00000010', 'Loss:0.0390', 'train_acc:100.00']
2021-05-02 16:08:45,735 - Eye - INFO - ['Epoch:27, Iter: 80, Lr:0.00000010', 'Loss:0.0389', 'train_acc:100.00']
2021-05-02 16:08:55,107 - Eye - INFO - ['Epoch:27, Iter:100, Lr:0.00000010', 'Loss:0.0545', 'train_acc:100.00']
2021-05-02 16:09:04,534 - Eye - INFO - ['Epoch:27, Iter:120, Lr:0.00000010', 'Loss:0.0524', 'train_acc:100.00']
2021-05-02 16:09:14,004 - Eye - INFO - ['Epoch:27, Iter:140, Lr:0.00000010', 'Loss:0.0353', 'train_acc:100.00']
2021-05-02 16:09:23,503 - Eye - INFO - ['Epoch:27, Iter:160, Lr:0.00000010', 'Loss:0.0467', 'train_acc:100.00']
2021-05-02 16:09:33,066 - Eye - INFO - ['Epoch:27, Iter:180, Lr:0.00000010', 'Loss:0.0356', 'train_acc:100.00']
2021-05-02 16:09:42,426 - Eye - INFO - ['Epoch:27, Iter:200, Lr:0.00000010', 'Loss:0.0556', 'train_acc:100.00']
2021-05-02 16:09:52,051 - Eye - INFO - ['Epoch:27, Iter:220, Lr:0.00000010', 'Loss:0.0592', 'train_acc:99.99']
2021-05-02 16:10:01,599 - Eye - INFO - ['Epoch:27, Iter:240, Lr:0.00000010', 'Loss:0.0421', 'train_acc:99.99']
2021-05-02 16:10:11,019 - Eye - INFO - ['Epoch:27, Iter:260, Lr:0.00000010', 'Loss:0.0351', 'train_acc:99.99']
2021-05-02 16:10:20,505 - Eye - INFO - ['Epoch:27, Iter:280, Lr:0.00000010', 'Loss:0.0356', 'train_acc:99.99']
2021-05-02 16:10:24,931 - Eye - INFO - ['Epoch:27, Lr:0.00000010, Cost:139.50s', 'Loss:0.0462', 'train_acc:99.99', 'val_acc:80.73', 'val_loss:0.23']
2021-05-02 16:10:36,889 - Eye - INFO - ['Epoch:28, Iter: 20, Lr:0.00000010', 'Loss:0.0490', 'train_acc:100.00']
2021-05-02 16:10:45,898 - Eye - INFO - ['Epoch:28, Iter: 40, Lr:0.00000010', 'Loss:0.0371', 'train_acc:100.00']
2021-05-02 16:10:55,172 - Eye - INFO - ['Epoch:28, Iter: 60, Lr:0.00000010', 'Loss:0.0378', 'train_acc:99.95']
2021-05-02 16:11:04,335 - Eye - INFO - ['Epoch:28, Iter: 80, Lr:0.00000010', 'Loss:0.0441', 'train_acc:99.94']
2021-05-02 16:11:13,887 - Eye - INFO - ['Epoch:28, Iter:100, Lr:0.00000010', 'Loss:0.0450', 'train_acc:99.95']
2021-05-02 16:11:23,206 - Eye - INFO - ['Epoch:28, Iter:120, Lr:0.00000010', 'Loss:0.0680', 'train_acc:99.96']
2021-05-02 16:11:32,678 - Eye - INFO - ['Epoch:28, Iter:140, Lr:0.00000010', 'Loss:0.0433', 'train_acc:99.96']
2021-05-02 16:11:42,223 - Eye - INFO - ['Epoch:28, Iter:160, Lr:0.00000010', 'Loss:0.0277', 'train_acc:99.96']
2021-05-02 16:11:51,664 - Eye - INFO - ['Epoch:28, Iter:180, Lr:0.00000010', 'Loss:0.0650', 'train_acc:99.97']
2021-05-02 16:12:00,956 - Eye - INFO - ['Epoch:28, Iter:200, Lr:0.00000010', 'Loss:0.0305', 'train_acc:99.97']
2021-05-02 16:12:10,444 - Eye - INFO - ['Epoch:28, Iter:220, Lr:0.00000010', 'Loss:0.0378', 'train_acc:99.97']
2021-05-02 16:12:19,914 - Eye - INFO - ['Epoch:28, Iter:240, Lr:0.00000010', 'Loss:0.0458', 'train_acc:99.97']
2021-05-02 16:12:29,113 - Eye - INFO - ['Epoch:28, Iter:260, Lr:0.00000010', 'Loss:0.0653', 'train_acc:99.98']
2021-05-02 16:12:38,351 - Eye - INFO - ['Epoch:28, Iter:280, Lr:0.00000010', 'Loss:0.0314', 'train_acc:99.97']
2021-05-02 16:12:42,951 - Eye - INFO - ['Epoch:28, Lr:0.00000010, Cost:137.93s', 'Loss:0.0505', 'train_acc:99.97', 'val_acc:81.25', 'val_loss:0.21']
2021-05-02 16:12:55,170 - Eye - INFO - ['Epoch:29, Iter: 20, Lr:0.00000010', 'Loss:0.0341', 'train_acc:100.00']
2021-05-02 16:13:04,791 - Eye - INFO - ['Epoch:29, Iter: 40, Lr:0.00000010', 'Loss:0.0359', 'train_acc:100.00']
2021-05-02 16:13:14,152 - Eye - INFO - ['Epoch:29, Iter: 60, Lr:0.00000010', 'Loss:0.0343', 'train_acc:100.00']
2021-05-02 16:13:23,545 - Eye - INFO - ['Epoch:29, Iter: 80, Lr:0.00000010', 'Loss:0.0303', 'train_acc:100.00']
2021-05-02 16:13:33,025 - Eye - INFO - ['Epoch:29, Iter:100, Lr:0.00000010', 'Loss:0.0412', 'train_acc:99.98']
2021-05-02 16:13:42,507 - Eye - INFO - ['Epoch:29, Iter:120, Lr:0.00000010', 'Loss:0.0450', 'train_acc:99.99']
2021-05-02 16:13:51,995 - Eye - INFO - ['Epoch:29, Iter:140, Lr:0.00000010', 'Loss:0.0749', 'train_acc:99.99']
2021-05-02 16:14:01,466 - Eye - INFO - ['Epoch:29, Iter:160, Lr:0.00000010', 'Loss:0.0305', 'train_acc:99.99']
2021-05-02 16:14:10,846 - Eye - INFO - ['Epoch:29, Iter:180, Lr:0.00000010', 'Loss:0.0445', 'train_acc:99.99']
2021-05-02 16:14:20,229 - Eye - INFO - ['Epoch:29, Iter:200, Lr:0.00000010', 'Loss:0.0332', 'train_acc:99.99']
2021-05-02 16:14:29,512 - Eye - INFO - ['Epoch:29, Iter:220, Lr:0.00000010', 'Loss:0.0391', 'train_acc:99.99']
2021-05-02 16:14:38,829 - Eye - INFO - ['Epoch:29, Iter:240, Lr:0.00000010', 'Loss:0.0335', 'train_acc:99.99']
2021-05-02 16:14:48,390 - Eye - INFO - ['Epoch:29, Iter:260, Lr:0.00000010', 'Loss:0.0670', 'train_acc:99.99']
2021-05-02 16:14:58,072 - Eye - INFO - ['Epoch:29, Iter:280, Lr:0.00000010', 'Loss:0.0585', 'train_acc:99.99']
2021-05-02 16:15:02,604 - Eye - INFO - ['Epoch:29, Lr:0.00000010, Cost:139.55s', 'Loss:0.0349', 'train_acc:99.99', 'val_acc:81.51', 'val_loss:0.27']
2021-05-02 16:15:14,717 - Eye - INFO - ['Epoch:30, Iter: 20, Lr:0.00000010', 'Loss:0.0379', 'train_acc:100.00']
2021-05-02 16:15:24,023 - Eye - INFO - ['Epoch:30, Iter: 40, Lr:0.00000010', 'Loss:0.0338', 'train_acc:100.00']
2021-05-02 16:15:33,362 - Eye - INFO - ['Epoch:30, Iter: 60, Lr:0.00000010', 'Loss:0.0436', 'train_acc:100.00']
2021-05-02 16:15:42,757 - Eye - INFO - ['Epoch:30, Iter: 80, Lr:0.00000010', 'Loss:0.0353', 'train_acc:100.00']
2021-05-02 16:15:52,076 - Eye - INFO - ['Epoch:30, Iter:100, Lr:0.00000010', 'Loss:0.0268', 'train_acc:100.00']
2021-05-02 16:16:01,518 - Eye - INFO - ['Epoch:30, Iter:120, Lr:0.00000010', 'Loss:0.0643', 'train_acc:100.00']
2021-05-02 16:16:10,910 - Eye - INFO - ['Epoch:30, Iter:140, Lr:0.00000010', 'Loss:0.0364', 'train_acc:100.00']
2021-05-02 16:16:20,196 - Eye - INFO - ['Epoch:30, Iter:160, Lr:0.00000010', 'Loss:0.1134', 'train_acc:100.00']
2021-05-02 16:16:29,531 - Eye - INFO - ['Epoch:30, Iter:180, Lr:0.00000010', 'Loss:0.0486', 'train_acc:100.00']
2021-05-02 16:16:39,009 - Eye - INFO - ['Epoch:30, Iter:200, Lr:0.00000010', 'Loss:0.0402', 'train_acc:99.99']
2021-05-02 16:16:48,549 - Eye - INFO - ['Epoch:30, Iter:220, Lr:0.00000010', 'Loss:0.0458', 'train_acc:99.99']
2021-05-02 16:16:58,027 - Eye - INFO - ['Epoch:30, Iter:240, Lr:0.00000010', 'Loss:0.0916', 'train_acc:99.99']
2021-05-02 16:17:07,691 - Eye - INFO - ['Epoch:30, Iter:260, Lr:0.00000010', 'Loss:0.0378', 'train_acc:99.99']
2021-05-02 16:17:17,386 - Eye - INFO - ['Epoch:30, Iter:280, Lr:0.00000010', 'Loss:0.0580', 'train_acc:99.99']
2021-05-02 16:17:22,060 - Eye - INFO - ['Epoch:30, Lr:0.00000010, Cost:139.35s', 'Loss:0.0465', 'train_acc:99.99', 'val_acc:79.43', 'val_loss:0.31']
2021-05-02 16:17:34,016 - Eye - INFO - ['Epoch:31, Iter: 20, Lr:0.00000005', 'Loss:0.0500', 'train_acc:100.00']
2021-05-02 16:17:43,428 - Eye - INFO - ['Epoch:31, Iter: 40, Lr:0.00000005', 'Loss:0.0578', 'train_acc:99.96']
2021-05-02 16:17:53,013 - Eye - INFO - ['Epoch:31, Iter: 60, Lr:0.00000005', 'Loss:0.0581', 'train_acc:99.97']
2021-05-02 16:18:02,621 - Eye - INFO - ['Epoch:31, Iter: 80, Lr:0.00000005', 'Loss:0.0366', 'train_acc:99.98']
2021-05-02 16:18:12,154 - Eye - INFO - ['Epoch:31, Iter:100, Lr:0.00000005', 'Loss:0.0387', 'train_acc:99.98']
2021-05-02 16:18:21,752 - Eye - INFO - ['Epoch:31, Iter:120, Lr:0.00000005', 'Loss:0.0502', 'train_acc:99.99']
2021-05-02 16:18:31,221 - Eye - INFO - ['Epoch:31, Iter:140, Lr:0.00000005', 'Loss:0.0386', 'train_acc:99.99']
2021-05-02 16:18:40,703 - Eye - INFO - ['Epoch:31, Iter:160, Lr:0.00000005', 'Loss:0.0486', 'train_acc:99.98']
2021-05-02 16:18:50,064 - Eye - INFO - ['Epoch:31, Iter:180, Lr:0.00000005', 'Loss:0.0472', 'train_acc:99.98']
2021-05-02 16:18:59,391 - Eye - INFO - ['Epoch:31, Iter:200, Lr:0.00000005', 'Loss:0.0391', 'train_acc:99.98']
2021-05-02 16:19:08,886 - Eye - INFO - ['Epoch:31, Iter:220, Lr:0.00000005', 'Loss:0.0360', 'train_acc:99.99']
2021-05-02 16:19:18,321 - Eye - INFO - ['Epoch:31, Iter:240, Lr:0.00000005', 'Loss:0.0458', 'train_acc:99.98']
2021-05-02 16:19:27,871 - Eye - INFO - ['Epoch:31, Iter:260, Lr:0.00000005', 'Loss:0.0548', 'train_acc:99.98']
2021-05-02 16:19:37,141 - Eye - INFO - ['Epoch:31, Iter:280, Lr:0.00000005', 'Loss:0.0449', 'train_acc:99.98']
2021-05-02 16:19:41,626 - Eye - INFO - ['Epoch:31, Lr:0.00000005, Cost:139.48s', 'Loss:0.0435', 'train_acc:99.98', 'val_acc:81.25', 'val_loss:0.28']
2021-05-02 16:19:53,658 - Eye - INFO - ['Epoch:32, Iter: 20, Lr:0.00000005', 'Loss:0.0655', 'train_acc:100.00']
2021-05-02 16:20:03,218 - Eye - INFO - ['Epoch:32, Iter: 40, Lr:0.00000005', 'Loss:0.0349', 'train_acc:100.00']
2021-05-02 16:20:12,668 - Eye - INFO - ['Epoch:32, Iter: 60, Lr:0.00000005', 'Loss:0.0573', 'train_acc:100.00']
2021-05-02 16:20:22,018 - Eye - INFO - ['Epoch:32, Iter: 80, Lr:0.00000005', 'Loss:0.0470', 'train_acc:100.00']
2021-05-02 16:20:31,482 - Eye - INFO - ['Epoch:32, Iter:100, Lr:0.00000005', 'Loss:0.0420', 'train_acc:100.00']
2021-05-02 16:20:40,981 - Eye - INFO - ['Epoch:32, Iter:120, Lr:0.00000005', 'Loss:0.0369', 'train_acc:99.99']
2021-05-02 16:20:50,572 - Eye - INFO - ['Epoch:32, Iter:140, Lr:0.00000005', 'Loss:0.0332', 'train_acc:99.99']
2021-05-02 16:21:00,176 - Eye - INFO - ['Epoch:32, Iter:160, Lr:0.00000005', 'Loss:0.0297', 'train_acc:99.99']
2021-05-02 16:21:09,747 - Eye - INFO - ['Epoch:32, Iter:180, Lr:0.00000005', 'Loss:0.0614', 'train_acc:99.99']
2021-05-02 16:21:19,177 - Eye - INFO - ['Epoch:32, Iter:200, Lr:0.00000005', 'Loss:0.0327', 'train_acc:99.99']
2021-05-02 16:21:28,604 - Eye - INFO - ['Epoch:32, Iter:220, Lr:0.00000005', 'Loss:0.0378', 'train_acc:99.99']
2021-05-02 16:21:37,933 - Eye - INFO - ['Epoch:32, Iter:240, Lr:0.00000005', 'Loss:0.0423', 'train_acc:99.99']
2021-05-02 16:21:47,334 - Eye - INFO - ['Epoch:32, Iter:260, Lr:0.00000005', 'Loss:0.0870', 'train_acc:99.99']
2021-05-02 16:21:56,967 - Eye - INFO - ['Epoch:32, Iter:280, Lr:0.00000005', 'Loss:0.0584', 'train_acc:99.99']
2021-05-02 16:22:01,600 - Eye - INFO - ['Epoch:32, Lr:0.00000005, Cost:139.87s', 'Loss:0.0434', 'train_acc:99.99', 'val_acc:81.25', 'val_loss:0.27']
2021-05-02 16:22:13,534 - Eye - INFO - ['Epoch:33, Iter: 20, Lr:0.00000005', 'Loss:0.0447', 'train_acc:100.00']
2021-05-02 16:22:22,743 - Eye - INFO - ['Epoch:33, Iter: 40, Lr:0.00000005', 'Loss:0.0628', 'train_acc:100.00']
2021-05-02 16:22:32,295 - Eye - INFO - ['Epoch:33, Iter: 60, Lr:0.00000005', 'Loss:0.0566', 'train_acc:100.00']
2021-05-02 16:22:41,698 - Eye - INFO - ['Epoch:33, Iter: 80, Lr:0.00000005', 'Loss:0.0389', 'train_acc:100.00']
2021-05-02 16:22:51,248 - Eye - INFO - ['Epoch:33, Iter:100, Lr:0.00000005', 'Loss:0.0479', 'train_acc:100.00']
2021-05-02 16:23:00,750 - Eye - INFO - ['Epoch:33, Iter:120, Lr:0.00000005', 'Loss:0.0802', 'train_acc:100.00']
2021-05-02 16:23:10,288 - Eye - INFO - ['Epoch:33, Iter:140, Lr:0.00000005', 'Loss:0.0525', 'train_acc:100.00']
2021-05-02 16:23:19,705 - Eye - INFO - ['Epoch:33, Iter:160, Lr:0.00000005', 'Loss:0.0995', 'train_acc:100.00']
2021-05-02 16:23:29,209 - Eye - INFO - ['Epoch:33, Iter:180, Lr:0.00000005', 'Loss:0.0548', 'train_acc:100.00']
2021-05-02 16:23:38,695 - Eye - INFO - ['Epoch:33, Iter:200, Lr:0.00000005', 'Loss:0.0476', 'train_acc:99.99']
2021-05-02 16:23:47,993 - Eye - INFO - ['Epoch:33, Iter:220, Lr:0.00000005', 'Loss:0.0290', 'train_acc:99.99']
2021-05-02 16:23:57,455 - Eye - INFO - ['Epoch:33, Iter:240, Lr:0.00000005', 'Loss:0.0482', 'train_acc:99.99']
2021-05-02 16:24:06,749 - Eye - INFO - ['Epoch:33, Iter:260, Lr:0.00000005', 'Loss:0.0329', 'train_acc:99.99']
2021-05-02 16:24:16,147 - Eye - INFO - ['Epoch:33, Iter:280, Lr:0.00000005', 'Loss:0.0536', 'train_acc:99.99']
2021-05-02 16:24:20,663 - Eye - INFO - ['Epoch:33, Lr:0.00000005, Cost:138.98s', 'Loss:0.0368', 'train_acc:99.99', 'val_acc:81.77', 'val_loss:0.21']
2021-05-02 16:24:32,642 - Eye - INFO - ['Epoch:34, Iter: 20, Lr:0.00000005', 'Loss:0.0346', 'train_acc:99.92']
2021-05-02 16:24:41,783 - Eye - INFO - ['Epoch:34, Iter: 40, Lr:0.00000005', 'Loss:0.0570', 'train_acc:99.96']
2021-05-02 16:24:51,205 - Eye - INFO - ['Epoch:34, Iter: 60, Lr:0.00000005', 'Loss:0.0404', 'train_acc:99.97']
2021-05-02 16:25:00,654 - Eye - INFO - ['Epoch:34, Iter: 80, Lr:0.00000005', 'Loss:0.0298', 'train_acc:99.98']
2021-05-02 16:25:09,894 - Eye - INFO - ['Epoch:34, Iter:100, Lr:0.00000005', 'Loss:0.0371', 'train_acc:99.98']
2021-05-02 16:25:19,405 - Eye - INFO - ['Epoch:34, Iter:120, Lr:0.00000005', 'Loss:0.0324', 'train_acc:99.99']
2021-05-02 16:25:28,998 - Eye - INFO - ['Epoch:34, Iter:140, Lr:0.00000005', 'Loss:0.0695', 'train_acc:99.99']
2021-05-02 16:25:38,584 - Eye - INFO - ['Epoch:34, Iter:160, Lr:0.00000005', 'Loss:0.0443', 'train_acc:99.99']
2021-05-02 16:25:48,150 - Eye - INFO - ['Epoch:34, Iter:180, Lr:0.00000005', 'Loss:0.0509', 'train_acc:99.99']
2021-05-02 16:25:57,686 - Eye - INFO - ['Epoch:34, Iter:200, Lr:0.00000005', 'Loss:0.0483', 'train_acc:99.99']
2021-05-02 16:26:07,139 - Eye - INFO - ['Epoch:34, Iter:220, Lr:0.00000005', 'Loss:0.0562', 'train_acc:99.98']
2021-05-02 16:26:16,705 - Eye - INFO - ['Epoch:34, Iter:240, Lr:0.00000005', 'Loss:0.0470', 'train_acc:99.98']
2021-05-02 16:26:26,298 - Eye - INFO - ['Epoch:34, Iter:260, Lr:0.00000005', 'Loss:0.0394', 'train_acc:99.98']
2021-05-02 16:26:35,968 - Eye - INFO - ['Epoch:34, Iter:280, Lr:0.00000005', 'Loss:0.0689', 'train_acc:99.98']
2021-05-02 16:26:40,405 - Eye - INFO - ['Epoch:34, Lr:0.00000005, Cost:139.64s', 'Loss:0.0356', 'train_acc:99.98', 'val_acc:80.47', 'val_loss:0.22']
2021-05-02 16:26:52,382 - Eye - INFO - ['Epoch:35, Iter: 20, Lr:0.00000005', 'Loss:0.0340', 'train_acc:100.00']
2021-05-02 16:27:01,516 - Eye - INFO - ['Epoch:35, Iter: 40, Lr:0.00000005', 'Loss:0.0338', 'train_acc:100.00']
2021-05-02 16:27:10,542 - Eye - INFO - ['Epoch:35, Iter: 60, Lr:0.00000005', 'Loss:0.0309', 'train_acc:100.00']
2021-05-02 16:27:19,882 - Eye - INFO - ['Epoch:35, Iter: 80, Lr:0.00000005', 'Loss:0.0545', 'train_acc:99.98']
2021-05-02 16:27:29,370 - Eye - INFO - ['Epoch:35, Iter:100, Lr:0.00000005', 'Loss:0.0444', 'train_acc:99.98']
2021-05-02 16:27:38,856 - Eye - INFO - ['Epoch:35, Iter:120, Lr:0.00000005', 'Loss:0.0518', 'train_acc:99.99']
2021-05-02 16:27:48,095 - Eye - INFO - ['Epoch:35, Iter:140, Lr:0.00000005', 'Loss:0.0358', 'train_acc:99.98']
2021-05-02 16:27:57,704 - Eye - INFO - ['Epoch:35, Iter:160, Lr:0.00000005', 'Loss:0.0354', 'train_acc:99.98']
2021-05-02 16:28:06,923 - Eye - INFO - ['Epoch:35, Iter:180, Lr:0.00000005', 'Loss:0.0412', 'train_acc:99.98']
2021-05-02 16:28:15,902 - Eye - INFO - ['Epoch:35, Iter:200, Lr:0.00000005', 'Loss:0.0613', 'train_acc:99.98']
2021-05-02 16:28:24,931 - Eye - INFO - ['Epoch:35, Iter:220, Lr:0.00000005', 'Loss:0.0622', 'train_acc:99.99']
2021-05-02 16:28:34,508 - Eye - INFO - ['Epoch:35, Iter:240, Lr:0.00000005', 'Loss:0.0792', 'train_acc:99.99']
2021-05-02 16:28:43,913 - Eye - INFO - ['Epoch:35, Iter:260, Lr:0.00000005', 'Loss:0.0772', 'train_acc:99.99']
2021-05-02 16:28:53,243 - Eye - INFO - ['Epoch:35, Iter:280, Lr:0.00000005', 'Loss:0.0298', 'train_acc:99.99']
2021-05-02 16:28:57,675 - Eye - INFO - ['Epoch:35, Lr:0.00000005, Cost:137.19s', 'Loss:0.0368', 'train_acc:99.99', 'val_acc:81.77', 'val_loss:0.20']
2021-05-02 16:29:09,531 - Eye - INFO - ['Epoch:36, Iter: 20, Lr:0.00000005', 'Loss:0.0388', 'train_acc:99.92']
2021-05-02 16:29:18,830 - Eye - INFO - ['Epoch:36, Iter: 40, Lr:0.00000005', 'Loss:0.0559', 'train_acc:99.96']
2021-05-02 16:29:28,220 - Eye - INFO - ['Epoch:36, Iter: 60, Lr:0.00000005', 'Loss:0.0463', 'train_acc:99.97']
2021-05-02 16:29:37,128 - Eye - INFO - ['Epoch:36, Iter: 80, Lr:0.00000005', 'Loss:0.0410', 'train_acc:99.98']
2021-05-02 16:29:46,245 - Eye - INFO - ['Epoch:36, Iter:100, Lr:0.00000005', 'Loss:0.0305', 'train_acc:99.98']
2021-05-02 16:29:55,354 - Eye - INFO - ['Epoch:36, Iter:120, Lr:0.00000005', 'Loss:0.0424', 'train_acc:99.99']
2021-05-02 16:30:04,557 - Eye - INFO - ['Epoch:36, Iter:140, Lr:0.00000005', 'Loss:0.0536', 'train_acc:99.99']
2021-05-02 16:30:13,951 - Eye - INFO - ['Epoch:36, Iter:160, Lr:0.00000005', 'Loss:0.0851', 'train_acc:99.99']
2021-05-02 16:30:23,392 - Eye - INFO - ['Epoch:36, Iter:180, Lr:0.00000005', 'Loss:0.0380', 'train_acc:99.98']
2021-05-02 16:30:32,825 - Eye - INFO - ['Epoch:36, Iter:200, Lr:0.00000005', 'Loss:0.0300', 'train_acc:99.98']
2021-05-02 16:30:42,187 - Eye - INFO - ['Epoch:36, Iter:220, Lr:0.00000005', 'Loss:0.0368', 'train_acc:99.99']
2021-05-02 16:30:51,705 - Eye - INFO - ['Epoch:36, Iter:240, Lr:0.00000005', 'Loss:0.0559', 'train_acc:99.98']
2021-05-02 16:31:01,018 - Eye - INFO - ['Epoch:36, Iter:260, Lr:0.00000005', 'Loss:0.0667', 'train_acc:99.98']
2021-05-02 16:31:10,351 - Eye - INFO - ['Epoch:36, Iter:280, Lr:0.00000005', 'Loss:0.0409', 'train_acc:99.98']
2021-05-02 16:31:14,970 - Eye - INFO - ['Epoch:36, Lr:0.00000005, Cost:137.21s', 'Loss:0.0345', 'train_acc:99.98', 'val_acc:80.99', 'val_loss:0.28']
2021-05-02 16:31:27,080 - Eye - INFO - ['Epoch:37, Iter: 20, Lr:0.00000005', 'Loss:0.0502', 'train_acc:100.00']
2021-05-02 16:31:36,525 - Eye - INFO - ['Epoch:37, Iter: 40, Lr:0.00000005', 'Loss:0.0469', 'train_acc:100.00']
2021-05-02 16:31:45,923 - Eye - INFO - ['Epoch:37, Iter: 60, Lr:0.00000005', 'Loss:0.0497', 'train_acc:99.97']
2021-05-02 16:31:55,512 - Eye - INFO - ['Epoch:37, Iter: 80, Lr:0.00000005', 'Loss:0.0499', 'train_acc:99.98']
2021-05-02 16:32:05,104 - Eye - INFO - ['Epoch:37, Iter:100, Lr:0.00000005', 'Loss:0.0531', 'train_acc:99.98']
2021-05-02 16:32:14,735 - Eye - INFO - ['Epoch:37, Iter:120, Lr:0.00000005', 'Loss:0.0534', 'train_acc:99.99']
2021-05-02 16:32:24,299 - Eye - INFO - ['Epoch:37, Iter:140, Lr:0.00000005', 'Loss:0.0478', 'train_acc:99.99']
2021-05-02 16:32:33,872 - Eye - INFO - ['Epoch:37, Iter:160, Lr:0.00000005', 'Loss:0.0438', 'train_acc:99.99']
2021-05-02 16:32:43,399 - Eye - INFO - ['Epoch:37, Iter:180, Lr:0.00000005', 'Loss:0.0559', 'train_acc:99.99']
2021-05-02 16:32:52,978 - Eye - INFO - ['Epoch:37, Iter:200, Lr:0.00000005', 'Loss:0.0379', 'train_acc:99.99']
2021-05-02 16:33:02,408 - Eye - INFO - ['Epoch:37, Iter:220, Lr:0.00000005', 'Loss:0.0404', 'train_acc:99.99']
2021-05-02 16:33:11,874 - Eye - INFO - ['Epoch:37, Iter:240, Lr:0.00000005', 'Loss:0.0631', 'train_acc:99.98']
2021-05-02 16:33:21,154 - Eye - INFO - ['Epoch:37, Iter:260, Lr:0.00000005', 'Loss:0.0497', 'train_acc:99.98']
2021-05-02 16:33:30,473 - Eye - INFO - ['Epoch:37, Iter:280, Lr:0.00000005', 'Loss:0.0520', 'train_acc:99.98']
2021-05-02 16:33:34,920 - Eye - INFO - ['Epoch:37, Lr:0.00000005, Cost:139.87s', 'Loss:0.0503', 'train_acc:99.98', 'val_acc:80.47', 'val_loss:0.22']
2021-05-02 16:33:46,909 - Eye - INFO - ['Epoch:38, Iter: 20, Lr:0.00000005', 'Loss:0.0501', 'train_acc:100.00']
2021-05-02 16:33:56,354 - Eye - INFO - ['Epoch:38, Iter: 40, Lr:0.00000005', 'Loss:0.0393', 'train_acc:100.00']
2021-05-02 16:34:05,911 - Eye - INFO - ['Epoch:38, Iter: 60, Lr:0.00000005', 'Loss:0.0386', 'train_acc:99.97']
2021-05-02 16:34:15,387 - Eye - INFO - ['Epoch:38, Iter: 80, Lr:0.00000005', 'Loss:0.0546', 'train_acc:99.96']
2021-05-02 16:34:24,813 - Eye - INFO - ['Epoch:38, Iter:100, Lr:0.00000005', 'Loss:0.0415', 'train_acc:99.97']
2021-05-02 16:34:34,254 - Eye - INFO - ['Epoch:38, Iter:120, Lr:0.00000005', 'Loss:0.0266', 'train_acc:99.97']
2021-05-02 16:34:43,896 - Eye - INFO - ['Epoch:38, Iter:140, Lr:0.00000005', 'Loss:0.0365', 'train_acc:99.98']
2021-05-02 16:34:53,381 - Eye - INFO - ['Epoch:38, Iter:160, Lr:0.00000005', 'Loss:0.0625', 'train_acc:99.98']
2021-05-02 16:35:02,945 - Eye - INFO - ['Epoch:38, Iter:180, Lr:0.00000005', 'Loss:0.0288', 'train_acc:99.98']
2021-05-02 16:35:12,300 - Eye - INFO - ['Epoch:38, Iter:200, Lr:0.00000005', 'Loss:0.0580', 'train_acc:99.98']
2021-05-02 16:35:21,722 - Eye - INFO - ['Epoch:38, Iter:220, Lr:0.00000005', 'Loss:0.0390', 'train_acc:99.99']
2021-05-02 16:35:31,143 - Eye - INFO - ['Epoch:38, Iter:240, Lr:0.00000005', 'Loss:0.0376', 'train_acc:99.99']
2021-05-02 16:35:40,696 - Eye - INFO - ['Epoch:38, Iter:260, Lr:0.00000005', 'Loss:0.0302', 'train_acc:99.99']
2021-05-02 16:35:50,297 - Eye - INFO - ['Epoch:38, Iter:280, Lr:0.00000005', 'Loss:0.0454', 'train_acc:99.99']
2021-05-02 16:35:54,913 - Eye - INFO - ['Epoch:38, Lr:0.00000005, Cost:139.91s', 'Loss:0.0695', 'train_acc:99.99', 'val_acc:81.25', 'val_loss:0.22']
2021-05-02 16:36:06,935 - Eye - INFO - ['Epoch:39, Iter: 20, Lr:0.00000005', 'Loss:0.0610', 'train_acc:100.00']
2021-05-02 16:36:16,551 - Eye - INFO - ['Epoch:39, Iter: 40, Lr:0.00000005', 'Loss:0.0502', 'train_acc:100.00']
2021-05-02 16:36:25,910 - Eye - INFO - ['Epoch:39, Iter: 60, Lr:0.00000005', 'Loss:0.0321', 'train_acc:100.00']
2021-05-02 16:36:35,372 - Eye - INFO - ['Epoch:39, Iter: 80, Lr:0.00000005', 'Loss:0.0349', 'train_acc:100.00']
2021-05-02 16:36:44,560 - Eye - INFO - ['Epoch:39, Iter:100, Lr:0.00000005', 'Loss:0.0374', 'train_acc:100.00']
2021-05-02 16:36:54,107 - Eye - INFO - ['Epoch:39, Iter:120, Lr:0.00000005', 'Loss:0.0563', 'train_acc:100.00']
2021-05-02 16:37:03,676 - Eye - INFO - ['Epoch:39, Iter:140, Lr:0.00000005', 'Loss:0.0406', 'train_acc:100.00']
2021-05-02 16:37:13,271 - Eye - INFO - ['Epoch:39, Iter:160, Lr:0.00000005', 'Loss:0.0540', 'train_acc:100.00']
2021-05-02 16:37:22,721 - Eye - INFO - ['Epoch:39, Iter:180, Lr:0.00000005', 'Loss:0.0556', 'train_acc:100.00']
2021-05-02 16:37:32,137 - Eye - INFO - ['Epoch:39, Iter:200, Lr:0.00000005', 'Loss:0.0365', 'train_acc:100.00']
2021-05-02 16:37:41,706 - Eye - INFO - ['Epoch:39, Iter:220, Lr:0.00000005', 'Loss:0.0460', 'train_acc:100.00']
2021-05-02 16:37:51,148 - Eye - INFO - ['Epoch:39, Iter:240, Lr:0.00000005', 'Loss:0.0357', 'train_acc:100.00']
2021-05-02 16:38:00,646 - Eye - INFO - ['Epoch:39, Iter:260, Lr:0.00000005', 'Loss:0.0428', 'train_acc:100.00']
2021-05-02 16:38:10,131 - Eye - INFO - ['Epoch:39, Iter:280, Lr:0.00000005', 'Loss:0.0511', 'train_acc:100.00']
2021-05-02 16:38:14,771 - Eye - INFO - ['Epoch:39, Lr:0.00000005, Cost:139.77s', 'Loss:0.0487', 'train_acc:100.00', 'val_acc:80.99', 'val_loss:0.21']
2021-05-02 16:38:26,817 - Eye - INFO - ['Epoch:40, Iter: 20, Lr:0.00000005', 'Loss:0.0431', 'train_acc:100.00']
2021-05-02 16:38:36,305 - Eye - INFO - ['Epoch:40, Iter: 40, Lr:0.00000005', 'Loss:0.0444', 'train_acc:100.00']
2021-05-02 16:38:45,620 - Eye - INFO - ['Epoch:40, Iter: 60, Lr:0.00000005', 'Loss:0.0342', 'train_acc:99.97']
2021-05-02 16:38:54,918 - Eye - INFO - ['Epoch:40, Iter: 80, Lr:0.00000005', 'Loss:0.0460', 'train_acc:99.98']
2021-05-02 16:39:04,390 - Eye - INFO - ['Epoch:40, Iter:100, Lr:0.00000005', 'Loss:0.0361', 'train_acc:99.98']
2021-05-02 16:39:13,993 - Eye - INFO - ['Epoch:40, Iter:120, Lr:0.00000005', 'Loss:0.0697', 'train_acc:99.97']
2021-05-02 16:39:23,382 - Eye - INFO - ['Epoch:40, Iter:140, Lr:0.00000005', 'Loss:0.0333', 'train_acc:99.98']
2021-05-02 16:39:32,993 - Eye - INFO - ['Epoch:40, Iter:160, Lr:0.00000005', 'Loss:0.0663', 'train_acc:99.98']
2021-05-02 16:39:42,462 - Eye - INFO - ['Epoch:40, Iter:180, Lr:0.00000005', 'Loss:0.0300', 'train_acc:99.98']
2021-05-02 16:39:51,797 - Eye - INFO - ['Epoch:40, Iter:200, Lr:0.00000005', 'Loss:0.0370', 'train_acc:99.98']
2021-05-02 16:40:01,307 - Eye - INFO - ['Epoch:40, Iter:220, Lr:0.00000005', 'Loss:0.0524', 'train_acc:99.99']
2021-05-02 16:40:10,696 - Eye - INFO - ['Epoch:40, Iter:240, Lr:0.00000005', 'Loss:0.0635', 'train_acc:99.99']
2021-05-02 16:40:20,212 - Eye - INFO - ['Epoch:40, Iter:260, Lr:0.00000005', 'Loss:0.0550', 'train_acc:99.99']
2021-05-02 16:40:29,642 - Eye - INFO - ['Epoch:40, Iter:280, Lr:0.00000005', 'Loss:0.0474', 'train_acc:99.99']
2021-05-02 16:40:34,274 - Eye - INFO - ['Epoch:40, Lr:0.00000005, Cost:139.42s', 'Loss:0.0398', 'train_acc:99.99', 'val_acc:81.25', 'val_loss:0.25']
2021-05-02 16:40:46,415 - Eye - INFO - ['Epoch:41, Iter: 20, Lr:0.00000005', 'Loss:0.0681', 'train_acc:100.00']
2021-05-02 16:40:55,828 - Eye - INFO - ['Epoch:41, Iter: 40, Lr:0.00000005', 'Loss:0.0377', 'train_acc:100.00']
2021-05-02 16:41:05,194 - Eye - INFO - ['Epoch:41, Iter: 60, Lr:0.00000005', 'Loss:0.0479', 'train_acc:100.00']
2021-05-02 16:41:14,699 - Eye - INFO - ['Epoch:41, Iter: 80, Lr:0.00000005', 'Loss:0.0548', 'train_acc:99.98']
2021-05-02 16:41:23,915 - Eye - INFO - ['Epoch:41, Iter:100, Lr:0.00000005', 'Loss:0.0448', 'train_acc:99.95']
2021-05-02 16:41:32,994 - Eye - INFO - ['Epoch:41, Iter:120, Lr:0.00000005', 'Loss:0.0280', 'train_acc:99.96']
2021-05-02 16:41:42,403 - Eye - INFO - ['Epoch:41, Iter:140, Lr:0.00000005', 'Loss:0.0329', 'train_acc:99.97']
2021-05-02 16:41:51,864 - Eye - INFO - ['Epoch:41, Iter:160, Lr:0.00000005', 'Loss:0.0510', 'train_acc:99.97']
2021-05-02 16:42:01,199 - Eye - INFO - ['Epoch:41, Iter:180, Lr:0.00000005', 'Loss:0.0499', 'train_acc:99.97']
2021-05-02 16:42:10,675 - Eye - INFO - ['Epoch:41, Iter:200, Lr:0.00000005', 'Loss:0.0736', 'train_acc:99.98']
2021-05-02 16:42:19,994 - Eye - INFO - ['Epoch:41, Iter:220, Lr:0.00000005', 'Loss:0.0745', 'train_acc:99.98']
2021-05-02 16:42:29,327 - Eye - INFO - ['Epoch:41, Iter:240, Lr:0.00000005', 'Loss:0.0543', 'train_acc:99.97']
2021-05-02 16:42:38,767 - Eye - INFO - ['Epoch:41, Iter:260, Lr:0.00000005', 'Loss:0.0602', 'train_acc:99.97']
2021-05-02 16:42:48,368 - Eye - INFO - ['Epoch:41, Iter:280, Lr:0.00000005', 'Loss:0.0624', 'train_acc:99.97']
2021-05-02 16:42:53,010 - Eye - INFO - ['Epoch:41, Lr:0.00000005, Cost:138.63s', 'Loss:0.0471', 'train_acc:99.97', 'val_acc:80.47', 'val_loss:0.33']
2021-05-02 16:43:05,065 - Eye - INFO - ['Epoch:42, Iter: 20, Lr:0.00000005', 'Loss:0.0323', 'train_acc:100.00']
2021-05-02 16:43:14,259 - Eye - INFO - ['Epoch:42, Iter: 40, Lr:0.00000005', 'Loss:0.0369', 'train_acc:100.00']
2021-05-02 16:43:23,140 - Eye - INFO - ['Epoch:42, Iter: 60, Lr:0.00000005', 'Loss:0.0696', 'train_acc:99.92']
2021-05-02 16:43:32,146 - Eye - INFO - ['Epoch:42, Iter: 80, Lr:0.00000005', 'Loss:0.0469', 'train_acc:99.94']
2021-05-02 16:43:41,322 - Eye - INFO - ['Epoch:42, Iter:100, Lr:0.00000005', 'Loss:0.0467', 'train_acc:99.95']
2021-05-02 16:43:50,897 - Eye - INFO - ['Epoch:42, Iter:120, Lr:0.00000005', 'Loss:0.0383', 'train_acc:99.96']
2021-05-02 16:44:00,441 - Eye - INFO - ['Epoch:42, Iter:140, Lr:0.00000005', 'Loss:0.0521', 'train_acc:99.97']
2021-05-02 16:44:09,800 - Eye - INFO - ['Epoch:42, Iter:160, Lr:0.00000005', 'Loss:0.0275', 'train_acc:99.97']
2021-05-02 16:44:19,124 - Eye - INFO - ['Epoch:42, Iter:180, Lr:0.00000005', 'Loss:0.0386', 'train_acc:99.97']
2021-05-02 16:44:28,437 - Eye - INFO - ['Epoch:42, Iter:200, Lr:0.00000005', 'Loss:0.0509', 'train_acc:99.98']
2021-05-02 16:44:37,811 - Eye - INFO - ['Epoch:42, Iter:220, Lr:0.00000005', 'Loss:0.0478', 'train_acc:99.97']
2021-05-02 16:44:47,129 - Eye - INFO - ['Epoch:42, Iter:240, Lr:0.00000005', 'Loss:0.0444', 'train_acc:99.97']
2021-05-02 16:44:56,515 - Eye - INFO - ['Epoch:42, Iter:260, Lr:0.00000005', 'Loss:0.0464', 'train_acc:99.98']
2021-05-02 16:45:05,843 - Eye - INFO - ['Epoch:42, Iter:280, Lr:0.00000005', 'Loss:0.0325', 'train_acc:99.98']
2021-05-02 16:45:10,382 - Eye - INFO - ['Epoch:42, Lr:0.00000005, Cost:137.28s', 'Loss:0.0428', 'train_acc:99.98', 'val_acc:81.51', 'val_loss:0.23']
2021-05-02 16:45:22,452 - Eye - INFO - ['Epoch:43, Iter: 20, Lr:0.00000005', 'Loss:0.0740', 'train_acc:100.00']
2021-05-02 16:45:31,804 - Eye - INFO - ['Epoch:43, Iter: 40, Lr:0.00000005', 'Loss:0.0293', 'train_acc:100.00']
2021-05-02 16:45:41,278 - Eye - INFO - ['Epoch:43, Iter: 60, Lr:0.00000005', 'Loss:0.0418', 'train_acc:99.97']
2021-05-02 16:45:50,812 - Eye - INFO - ['Epoch:43, Iter: 80, Lr:0.00000005', 'Loss:0.0557', 'train_acc:99.98']
2021-05-02 16:46:00,351 - Eye - INFO - ['Epoch:43, Iter:100, Lr:0.00000005', 'Loss:0.0608', 'train_acc:99.98']
2021-05-02 16:46:09,857 - Eye - INFO - ['Epoch:43, Iter:120, Lr:0.00000005', 'Loss:0.0439', 'train_acc:99.99']
2021-05-02 16:46:19,303 - Eye - INFO - ['Epoch:43, Iter:140, Lr:0.00000005', 'Loss:0.0415', 'train_acc:99.99']
2021-05-02 16:46:28,702 - Eye - INFO - ['Epoch:43, Iter:160, Lr:0.00000005', 'Loss:0.0456', 'train_acc:99.99']
2021-05-02 16:46:38,096 - Eye - INFO - ['Epoch:43, Iter:180, Lr:0.00000005', 'Loss:0.0398', 'train_acc:99.98']
2021-05-02 16:46:47,419 - Eye - INFO - ['Epoch:43, Iter:200, Lr:0.00000005', 'Loss:0.0407', 'train_acc:99.98']
2021-05-02 16:46:56,896 - Eye - INFO - ['Epoch:43, Iter:220, Lr:0.00000005', 'Loss:0.0326', 'train_acc:99.98']
2021-05-02 16:47:06,386 - Eye - INFO - ['Epoch:43, Iter:240, Lr:0.00000005', 'Loss:0.0561', 'train_acc:99.98']
2021-05-02 16:47:15,846 - Eye - INFO - ['Epoch:43, Iter:260, Lr:0.00000005', 'Loss:0.0487', 'train_acc:99.98']
2021-05-02 16:47:25,408 - Eye - INFO - ['Epoch:43, Iter:280, Lr:0.00000005', 'Loss:0.0395', 'train_acc:99.98']
2021-05-02 16:47:29,926 - Eye - INFO - ['Epoch:43, Lr:0.00000005, Cost:139.46s', 'Loss:0.0763', 'train_acc:99.98', 'val_acc:82.03', 'val_loss:0.23']
2021-05-02 16:47:42,328 - Eye - INFO - ['Epoch:44, Iter: 20, Lr:0.00000005', 'Loss:0.0455', 'train_acc:99.84']
2021-05-02 16:47:51,925 - Eye - INFO - ['Epoch:44, Iter: 40, Lr:0.00000005', 'Loss:0.0293', 'train_acc:99.92']
2021-05-02 16:48:01,086 - Eye - INFO - ['Epoch:44, Iter: 60, Lr:0.00000005', 'Loss:0.0304', 'train_acc:99.95']
2021-05-02 16:48:10,518 - Eye - INFO - ['Epoch:44, Iter: 80, Lr:0.00000005', 'Loss:0.0492', 'train_acc:99.94']
2021-05-02 16:48:20,005 - Eye - INFO - ['Epoch:44, Iter:100, Lr:0.00000005', 'Loss:0.0316', 'train_acc:99.95']
2021-05-02 16:48:29,477 - Eye - INFO - ['Epoch:44, Iter:120, Lr:0.00000005', 'Loss:0.0410', 'train_acc:99.96']
2021-05-02 16:48:38,778 - Eye - INFO - ['Epoch:44, Iter:140, Lr:0.00000005', 'Loss:0.0519', 'train_acc:99.97']
2021-05-02 16:48:48,202 - Eye - INFO - ['Epoch:44, Iter:160, Lr:0.00000005', 'Loss:0.0317', 'train_acc:99.97']
2021-05-02 16:48:57,079 - Eye - INFO - ['Epoch:44, Iter:180, Lr:0.00000005', 'Loss:0.0407', 'train_acc:99.97']
2021-05-02 16:49:06,389 - Eye - INFO - ['Epoch:44, Iter:200, Lr:0.00000005', 'Loss:0.0899', 'train_acc:99.98']
2021-05-02 16:49:15,918 - Eye - INFO - ['Epoch:44, Iter:220, Lr:0.00000005', 'Loss:0.0601', 'train_acc:99.98']
2021-05-02 16:49:25,452 - Eye - INFO - ['Epoch:44, Iter:240, Lr:0.00000005', 'Loss:0.0441', 'train_acc:99.98']
2021-05-02 16:49:34,797 - Eye - INFO - ['Epoch:44, Iter:260, Lr:0.00000005', 'Loss:0.0401', 'train_acc:99.98']
2021-05-02 16:49:44,016 - Eye - INFO - ['Epoch:44, Iter:280, Lr:0.00000005', 'Loss:0.0411', 'train_acc:99.98']
2021-05-02 16:49:48,526 - Eye - INFO - ['Epoch:44, Lr:0.00000005, Cost:138.50s', 'Loss:0.0439', 'train_acc:99.98', 'val_acc:81.25', 'val_loss:0.21']
2021-05-02 16:50:00,770 - Eye - INFO - ['Epoch:45, Iter: 20, Lr:0.00000005', 'Loss:0.0360', 'train_acc:99.92']
2021-05-02 16:50:10,295 - Eye - INFO - ['Epoch:45, Iter: 40, Lr:0.00000005', 'Loss:0.0463', 'train_acc:99.96']
2021-05-02 16:50:19,724 - Eye - INFO - ['Epoch:45, Iter: 60, Lr:0.00000005', 'Loss:0.0398', 'train_acc:99.97']
2021-05-02 16:50:29,229 - Eye - INFO - ['Epoch:45, Iter: 80, Lr:0.00000005', 'Loss:0.0648', 'train_acc:99.98']
2021-05-02 16:50:38,690 - Eye - INFO - ['Epoch:45, Iter:100, Lr:0.00000005', 'Loss:0.0367', 'train_acc:99.98']
2021-05-02 16:50:48,175 - Eye - INFO - ['Epoch:45, Iter:120, Lr:0.00000005', 'Loss:0.0273', 'train_acc:99.99']
2021-05-02 16:50:57,423 - Eye - INFO - ['Epoch:45, Iter:140, Lr:0.00000005', 'Loss:0.0333', 'train_acc:99.98']
2021-05-02 16:51:06,388 - Eye - INFO - ['Epoch:45, Iter:160, Lr:0.00000005', 'Loss:0.0373', 'train_acc:99.98']
2021-05-02 16:51:15,726 - Eye - INFO - ['Epoch:45, Iter:180, Lr:0.00000005', 'Loss:0.0448', 'train_acc:99.98']
2021-05-02 16:51:25,275 - Eye - INFO - ['Epoch:45, Iter:200, Lr:0.00000005', 'Loss:0.0475', 'train_acc:99.98']
2021-05-02 16:51:34,744 - Eye - INFO - ['Epoch:45, Iter:220, Lr:0.00000005', 'Loss:0.0488', 'train_acc:99.97']
2021-05-02 16:51:44,226 - Eye - INFO - ['Epoch:45, Iter:240, Lr:0.00000005', 'Loss:0.0600', 'train_acc:99.97']
2021-05-02 16:51:53,779 - Eye - INFO - ['Epoch:45, Iter:260, Lr:0.00000005', 'Loss:0.0350', 'train_acc:99.98']
2021-05-02 16:52:03,433 - Eye - INFO - ['Epoch:45, Iter:280, Lr:0.00000005', 'Loss:0.0491', 'train_acc:99.98']
2021-05-02 16:52:07,975 - Eye - INFO - ['Epoch:45, Lr:0.00000005, Cost:139.37s', 'Loss:0.0367', 'train_acc:99.98', 'val_acc:81.25', 'val_loss:0.23']
2021-05-02 16:52:20,183 - Eye - INFO - ['Epoch:46, Iter: 20, Lr:0.00000005', 'Loss:0.0382', 'train_acc:100.00']
2021-05-02 16:52:29,706 - Eye - INFO - ['Epoch:46, Iter: 40, Lr:0.00000005', 'Loss:0.0375', 'train_acc:99.92']
2021-05-02 16:52:39,116 - Eye - INFO - ['Epoch:46, Iter: 60, Lr:0.00000005', 'Loss:0.0496', 'train_acc:99.95']
2021-05-02 16:52:48,745 - Eye - INFO - ['Epoch:46, Iter: 80, Lr:0.00000005', 'Loss:0.0300', 'train_acc:99.96']
2021-05-02 16:52:58,268 - Eye - INFO - ['Epoch:46, Iter:100, Lr:0.00000005', 'Loss:0.0420', 'train_acc:99.97']
2021-05-02 16:53:07,768 - Eye - INFO - ['Epoch:46, Iter:120, Lr:0.00000005', 'Loss:0.0286', 'train_acc:99.97']
2021-05-02 16:53:17,140 - Eye - INFO - ['Epoch:46, Iter:140, Lr:0.00000005', 'Loss:0.0459', 'train_acc:99.98']
2021-05-02 16:53:26,513 - Eye - INFO - ['Epoch:46, Iter:160, Lr:0.00000005', 'Loss:0.0455', 'train_acc:99.98']
2021-05-02 16:53:35,673 - Eye - INFO - ['Epoch:46, Iter:180, Lr:0.00000005', 'Loss:0.0363', 'train_acc:99.97']
2021-05-02 16:53:45,160 - Eye - INFO - ['Epoch:46, Iter:200, Lr:0.00000005', 'Loss:0.0338', 'train_acc:99.98']
2021-05-02 16:53:54,714 - Eye - INFO - ['Epoch:46, Iter:220, Lr:0.00000005', 'Loss:0.0487', 'train_acc:99.96']
2021-05-02 16:54:04,190 - Eye - INFO - ['Epoch:46, Iter:240, Lr:0.00000005', 'Loss:0.0545', 'train_acc:99.96']
2021-05-02 16:54:13,712 - Eye - INFO - ['Epoch:46, Iter:260, Lr:0.00000005', 'Loss:0.0347', 'train_acc:99.96']
2021-05-02 16:54:23,196 - Eye - INFO - ['Epoch:46, Iter:280, Lr:0.00000005', 'Loss:0.0388', 'train_acc:99.97']
2021-05-02 16:54:27,719 - Eye - INFO - ['Epoch:46, Lr:0.00000005, Cost:139.65s', 'Loss:0.0623', 'train_acc:99.97', 'val_acc:81.25', 'val_loss:0.22']
2021-05-02 16:54:40,018 - Eye - INFO - ['Epoch:47, Iter: 20, Lr:0.00000005', 'Loss:0.0352', 'train_acc:100.00']
2021-05-02 16:54:49,440 - Eye - INFO - ['Epoch:47, Iter: 40, Lr:0.00000005', 'Loss:0.0439', 'train_acc:100.00']
2021-05-02 16:54:59,006 - Eye - INFO - ['Epoch:47, Iter: 60, Lr:0.00000005', 'Loss:0.0410', 'train_acc:100.00']
2021-05-02 16:55:08,494 - Eye - INFO - ['Epoch:47, Iter: 80, Lr:0.00000005', 'Loss:0.0690', 'train_acc:99.98']
2021-05-02 16:55:17,846 - Eye - INFO - ['Epoch:47, Iter:100, Lr:0.00000005', 'Loss:0.0485', 'train_acc:99.98']
2021-05-02 16:55:27,132 - Eye - INFO - ['Epoch:47, Iter:120, Lr:0.00000005', 'Loss:0.0512', 'train_acc:99.99']
2021-05-02 16:55:36,505 - Eye - INFO - ['Epoch:47, Iter:140, Lr:0.00000005', 'Loss:0.0416', 'train_acc:99.99']
2021-05-02 16:55:45,916 - Eye - INFO - ['Epoch:47, Iter:160, Lr:0.00000005', 'Loss:0.0625', 'train_acc:99.99']
2021-05-02 16:55:55,038 - Eye - INFO - ['Epoch:47, Iter:180, Lr:0.00000005', 'Loss:0.0351', 'train_acc:99.98']
2021-05-02 16:56:04,395 - Eye - INFO - ['Epoch:47, Iter:200, Lr:0.00000005', 'Loss:0.0451', 'train_acc:99.98']
2021-05-02 16:56:13,712 - Eye - INFO - ['Epoch:47, Iter:220, Lr:0.00000005', 'Loss:0.0556', 'train_acc:99.99']
2021-05-02 16:56:23,173 - Eye - INFO - ['Epoch:47, Iter:240, Lr:0.00000005', 'Loss:0.0418', 'train_acc:99.99']
2021-05-02 16:56:32,761 - Eye - INFO - ['Epoch:47, Iter:260, Lr:0.00000005', 'Loss:0.0932', 'train_acc:99.99']
2021-05-02 16:56:42,290 - Eye - INFO - ['Epoch:47, Iter:280, Lr:0.00000005', 'Loss:0.0557', 'train_acc:99.99']
2021-05-02 16:56:46,864 - Eye - INFO - ['Epoch:47, Lr:0.00000005, Cost:139.04s', 'Loss:0.0377', 'train_acc:99.99', 'val_acc:80.99', 'val_loss:0.21']
2021-05-02 16:56:59,104 - Eye - INFO - ['Epoch:48, Iter: 20, Lr:0.00000005', 'Loss:0.0345', 'train_acc:100.00']
2021-05-02 16:57:08,668 - Eye - INFO - ['Epoch:48, Iter: 40, Lr:0.00000005', 'Loss:0.0448', 'train_acc:100.00']
2021-05-02 16:57:17,962 - Eye - INFO - ['Epoch:48, Iter: 60, Lr:0.00000005', 'Loss:0.0533', 'train_acc:100.00']
2021-05-02 16:57:26,888 - Eye - INFO - ['Epoch:48, Iter: 80, Lr:0.00000005', 'Loss:0.0389', 'train_acc:100.00']
2021-05-02 16:57:36,366 - Eye - INFO - ['Epoch:48, Iter:100, Lr:0.00000005', 'Loss:0.0586', 'train_acc:100.00']
2021-05-02 16:57:45,797 - Eye - INFO - ['Epoch:48, Iter:120, Lr:0.00000005', 'Loss:0.0458', 'train_acc:100.00']
2021-05-02 16:57:55,118 - Eye - INFO - ['Epoch:48, Iter:140, Lr:0.00000005', 'Loss:0.0422', 'train_acc:100.00']
2021-05-02 16:58:04,728 - Eye - INFO - ['Epoch:48, Iter:160, Lr:0.00000005', 'Loss:0.0542', 'train_acc:100.00']
2021-05-02 16:58:14,256 - Eye - INFO - ['Epoch:48, Iter:180, Lr:0.00000005', 'Loss:0.0901', 'train_acc:100.00']
2021-05-02 16:58:23,750 - Eye - INFO - ['Epoch:48, Iter:200, Lr:0.00000005', 'Loss:0.0559', 'train_acc:99.99']
2021-05-02 16:58:33,112 - Eye - INFO - ['Epoch:48, Iter:220, Lr:0.00000005', 'Loss:0.0365', 'train_acc:99.99']
2021-05-02 16:58:42,527 - Eye - INFO - ['Epoch:48, Iter:240, Lr:0.00000005', 'Loss:0.0389', 'train_acc:99.99']
2021-05-02 16:58:51,994 - Eye - INFO - ['Epoch:48, Iter:260, Lr:0.00000005', 'Loss:0.0617', 'train_acc:99.99']
2021-05-02 16:59:01,520 - Eye - INFO - ['Epoch:48, Iter:280, Lr:0.00000005', 'Loss:0.0380', 'train_acc:99.99']
2021-05-02 16:59:06,055 - Eye - INFO - ['Epoch:48, Lr:0.00000005, Cost:139.11s', 'Loss:0.0368', 'train_acc:99.99', 'val_acc:80.73', 'val_loss:0.20']
2021-05-02 16:59:18,412 - Eye - INFO - ['Epoch:49, Iter: 20, Lr:0.00000005', 'Loss:0.0380', 'train_acc:100.00']
2021-05-02 16:59:27,625 - Eye - INFO - ['Epoch:49, Iter: 40, Lr:0.00000005', 'Loss:0.0393', 'train_acc:99.88']
2021-05-02 16:59:37,143 - Eye - INFO - ['Epoch:49, Iter: 60, Lr:0.00000005', 'Loss:0.0511', 'train_acc:99.92']
2021-05-02 16:59:46,355 - Eye - INFO - ['Epoch:49, Iter: 80, Lr:0.00000005', 'Loss:0.0480', 'train_acc:99.94']
2021-05-02 16:59:55,699 - Eye - INFO - ['Epoch:49, Iter:100, Lr:0.00000005', 'Loss:0.0897', 'train_acc:99.95']
2021-05-02 17:00:05,206 - Eye - INFO - ['Epoch:49, Iter:120, Lr:0.00000005', 'Loss:0.0822', 'train_acc:99.95']
2021-05-02 17:00:14,692 - Eye - INFO - ['Epoch:49, Iter:140, Lr:0.00000005', 'Loss:0.0569', 'train_acc:99.96']
2021-05-02 17:00:24,277 - Eye - INFO - ['Epoch:49, Iter:160, Lr:0.00000005', 'Loss:0.0552', 'train_acc:99.96']
2021-05-02 17:00:33,826 - Eye - INFO - ['Epoch:49, Iter:180, Lr:0.00000005', 'Loss:0.0537', 'train_acc:99.97']
2021-05-02 17:00:43,320 - Eye - INFO - ['Epoch:49, Iter:200, Lr:0.00000005', 'Loss:0.0375', 'train_acc:99.97']
2021-05-02 17:00:52,808 - Eye - INFO - ['Epoch:49, Iter:220, Lr:0.00000005', 'Loss:0.0373', 'train_acc:99.97']
2021-05-02 17:01:02,033 - Eye - INFO - ['Epoch:49, Iter:240, Lr:0.00000005', 'Loss:0.0298', 'train_acc:99.97']
2021-05-02 17:01:11,449 - Eye - INFO - ['Epoch:49, Iter:260, Lr:0.00000005', 'Loss:0.0393', 'train_acc:99.98']
2021-05-02 17:01:20,857 - Eye - INFO - ['Epoch:49, Iter:280, Lr:0.00000005', 'Loss:0.0448', 'train_acc:99.98']
2021-05-02 17:01:25,400 - Eye - INFO - ['Epoch:49, Lr:0.00000005, Cost:139.26s', 'Loss:0.0339', 'train_acc:99.98', 'val_acc:80.99', 'val_loss:0.21']
