2021-05-02 13:07:16,828 - Eye - INFO - Train Dataset uploaded!
2021-05-02 13:07:16,828 - Eye - INFO - device:cuda
2021-05-02 13:08:30,422 - Eye - INFO - ['Epoch:00, Iter: 20, Lr:0.00010000', 'Loss:1.7178', 'train_acc:22.50']
2021-05-02 13:08:39,381 - Eye - INFO - ['Epoch:00, Iter: 40, Lr:0.00010000', 'Loss:1.6052', 'train_acc:28.48']
2021-05-02 13:08:48,403 - Eye - INFO - ['Epoch:00, Iter: 60, Lr:0.00010000', 'Loss:1.5764', 'train_acc:31.80']
2021-05-02 13:08:57,664 - Eye - INFO - ['Epoch:00, Iter: 80, Lr:0.00010000', 'Loss:1.3794', 'train_acc:34.55']
2021-05-02 13:09:07,078 - Eye - INFO - ['Epoch:00, Iter:100, Lr:0.00010000', 'Loss:1.4297', 'train_acc:36.89']
2021-05-02 13:09:16,558 - Eye - INFO - ['Epoch:00, Iter:120, Lr:0.00010000', 'Loss:1.3454', 'train_acc:38.88']
2021-05-02 13:09:25,597 - Eye - INFO - ['Epoch:00, Iter:140, Lr:0.00010000', 'Loss:1.4676', 'train_acc:40.70']
2021-05-02 13:09:34,829 - Eye - INFO - ['Epoch:00, Iter:160, Lr:0.00010000', 'Loss:1.2424', 'train_acc:41.77']
2021-05-02 13:09:44,241 - Eye - INFO - ['Epoch:00, Iter:180, Lr:0.00010000', 'Loss:1.0230', 'train_acc:42.97']
2021-05-02 13:09:53,780 - Eye - INFO - ['Epoch:00, Iter:200, Lr:0.00010000', 'Loss:1.1933', 'train_acc:43.97']
2021-05-02 13:10:03,180 - Eye - INFO - ['Epoch:00, Iter:220, Lr:0.00010000', 'Loss:1.0742', 'train_acc:44.87']
2021-05-02 13:10:12,538 - Eye - INFO - ['Epoch:00, Iter:240, Lr:0.00010000', 'Loss:1.0442', 'train_acc:45.76']
2021-05-02 13:10:22,092 - Eye - INFO - ['Epoch:00, Iter:260, Lr:0.00010000', 'Loss:1.0273', 'train_acc:46.48']
2021-05-02 13:10:31,361 - Eye - INFO - ['Epoch:00, Iter:280, Lr:0.00010000', 'Loss:1.0389', 'train_acc:47.21']
2021-05-02 13:10:35,816 - Eye - INFO - ['Epoch:00, Lr:0.00010000, Cost:139.59s', 'Loss:1.2859', 'train_acc:47.23', 'val_acc:28.12', 'val_loss:1.43']
2021-05-02 13:10:47,886 - Eye - INFO - ['Epoch:01, Iter: 20, Lr:0.00005000', 'Loss:1.1712', 'train_acc:56.17']
2021-05-02 13:10:57,342 - Eye - INFO - ['Epoch:01, Iter: 40, Lr:0.00005000', 'Loss:1.0381', 'train_acc:56.84']
2021-05-02 13:11:06,681 - Eye - INFO - ['Epoch:01, Iter: 60, Lr:0.00005000', 'Loss:1.0530', 'train_acc:57.11']
2021-05-02 13:11:16,033 - Eye - INFO - ['Epoch:01, Iter: 80, Lr:0.00005000', 'Loss:0.9892', 'train_acc:57.11']
2021-05-02 13:11:25,418 - Eye - INFO - ['Epoch:01, Iter:100, Lr:0.00005000', 'Loss:1.0436', 'train_acc:57.06']
2021-05-02 13:11:34,926 - Eye - INFO - ['Epoch:01, Iter:120, Lr:0.00005000', 'Loss:1.0258', 'train_acc:57.41']
2021-05-02 13:11:44,423 - Eye - INFO - ['Epoch:01, Iter:140, Lr:0.00005000', 'Loss:0.9268', 'train_acc:57.54']
2021-05-02 13:11:53,664 - Eye - INFO - ['Epoch:01, Iter:160, Lr:0.00005000', 'Loss:1.2073', 'train_acc:57.64']
2021-05-02 13:12:03,085 - Eye - INFO - ['Epoch:01, Iter:180, Lr:0.00005000', 'Loss:0.8873', 'train_acc:57.78']
2021-05-02 13:12:12,520 - Eye - INFO - ['Epoch:01, Iter:200, Lr:0.00005000', 'Loss:0.9857', 'train_acc:58.05']
2021-05-02 13:12:21,996 - Eye - INFO - ['Epoch:01, Iter:220, Lr:0.00005000', 'Loss:1.0822', 'train_acc:58.23']
2021-05-02 13:12:31,322 - Eye - INFO - ['Epoch:01, Iter:240, Lr:0.00005000', 'Loss:0.8934', 'train_acc:58.29']
2021-05-02 13:12:40,723 - Eye - INFO - ['Epoch:01, Iter:260, Lr:0.00005000', 'Loss:0.8477', 'train_acc:58.10']
2021-05-02 13:12:50,313 - Eye - INFO - ['Epoch:01, Iter:280, Lr:0.00005000', 'Loss:1.2546', 'train_acc:58.23']
2021-05-02 13:12:54,853 - Eye - INFO - ['Epoch:01, Lr:0.00005000, Cost:138.93s', 'Loss:1.2502', 'train_acc:58.22', 'val_acc:33.85', 'val_loss:1.31']
2021-05-02 13:13:06,860 - Eye - INFO - ['Epoch:02, Iter: 20, Lr:0.00002500', 'Loss:0.9274', 'train_acc:60.39']
2021-05-02 13:13:16,198 - Eye - INFO - ['Epoch:02, Iter: 40, Lr:0.00002500', 'Loss:0.8671', 'train_acc:60.98']
2021-05-02 13:13:25,408 - Eye - INFO - ['Epoch:02, Iter: 60, Lr:0.00002500', 'Loss:1.0002', 'train_acc:61.20']
2021-05-02 13:13:34,910 - Eye - INFO - ['Epoch:02, Iter: 80, Lr:0.00002500', 'Loss:0.9632', 'train_acc:61.43']
2021-05-02 13:13:44,471 - Eye - INFO - ['Epoch:02, Iter:100, Lr:0.00002500', 'Loss:1.0647', 'train_acc:61.33']
2021-05-02 13:13:53,642 - Eye - INFO - ['Epoch:02, Iter:120, Lr:0.00002500', 'Loss:0.9101', 'train_acc:61.59']
2021-05-02 13:14:02,792 - Eye - INFO - ['Epoch:02, Iter:140, Lr:0.00002500', 'Loss:0.8937', 'train_acc:62.14']
2021-05-02 13:14:12,113 - Eye - INFO - ['Epoch:02, Iter:160, Lr:0.00002500', 'Loss:0.8376', 'train_acc:62.28']
2021-05-02 13:14:21,489 - Eye - INFO - ['Epoch:02, Iter:180, Lr:0.00002500', 'Loss:1.0441', 'train_acc:62.55']
2021-05-02 13:14:30,958 - Eye - INFO - ['Epoch:02, Iter:200, Lr:0.00002500', 'Loss:0.9018', 'train_acc:62.92']
2021-05-02 13:14:40,568 - Eye - INFO - ['Epoch:02, Iter:220, Lr:0.00002500', 'Loss:0.8938', 'train_acc:63.12']
2021-05-02 13:14:50,160 - Eye - INFO - ['Epoch:02, Iter:240, Lr:0.00002500', 'Loss:0.8140', 'train_acc:63.42']
2021-05-02 13:14:59,608 - Eye - INFO - ['Epoch:02, Iter:260, Lr:0.00002500', 'Loss:0.7955', 'train_acc:63.49']
2021-05-02 13:15:08,420 - Eye - INFO - ['Epoch:02, Iter:280, Lr:0.00002500', 'Loss:0.7505', 'train_acc:63.72']
2021-05-02 13:15:12,819 - Eye - INFO - ['Epoch:02, Lr:0.00002500, Cost:137.86s', 'Loss:0.8856', 'train_acc:63.72', 'val_acc:21.61', 'val_loss:1.85']
2021-05-02 13:15:25,548 - Eye - INFO - ['Epoch:03, Iter: 20, Lr:0.00002500', 'Loss:0.9189', 'train_acc:69.14']
2021-05-02 13:15:34,844 - Eye - INFO - ['Epoch:03, Iter: 40, Lr:0.00002500', 'Loss:0.9506', 'train_acc:69.02']
2021-05-02 13:15:44,318 - Eye - INFO - ['Epoch:03, Iter: 60, Lr:0.00002500', 'Loss:0.8046', 'train_acc:69.43']
2021-05-02 13:15:53,588 - Eye - INFO - ['Epoch:03, Iter: 80, Lr:0.00002500', 'Loss:0.7736', 'train_acc:70.14']
2021-05-02 13:16:02,835 - Eye - INFO - ['Epoch:03, Iter:100, Lr:0.00002500', 'Loss:0.8120', 'train_acc:70.61']
2021-05-02 13:16:12,282 - Eye - INFO - ['Epoch:03, Iter:120, Lr:0.00002500', 'Loss:0.8090', 'train_acc:71.20']
2021-05-02 13:16:21,716 - Eye - INFO - ['Epoch:03, Iter:140, Lr:0.00002500', 'Loss:0.6985', 'train_acc:71.55']
2021-05-02 13:16:30,851 - Eye - INFO - ['Epoch:03, Iter:160, Lr:0.00002500', 'Loss:0.7341', 'train_acc:71.92']
2021-05-02 13:16:40,250 - Eye - INFO - ['Epoch:03, Iter:180, Lr:0.00002500', 'Loss:0.7124', 'train_acc:72.46']
2021-05-02 13:16:49,823 - Eye - INFO - ['Epoch:03, Iter:200, Lr:0.00002500', 'Loss:0.6191', 'train_acc:72.90']
2021-05-02 13:16:59,339 - Eye - INFO - ['Epoch:03, Iter:220, Lr:0.00002500', 'Loss:0.5241', 'train_acc:73.18']
2021-05-02 13:17:08,502 - Eye - INFO - ['Epoch:03, Iter:240, Lr:0.00002500', 'Loss:0.7287', 'train_acc:73.76']
2021-05-02 13:17:17,849 - Eye - INFO - ['Epoch:03, Iter:260, Lr:0.00002500', 'Loss:0.5995', 'train_acc:74.20']
2021-05-02 13:17:27,287 - Eye - INFO - ['Epoch:03, Iter:280, Lr:0.00002500', 'Loss:0.5662', 'train_acc:74.55']
2021-05-02 13:17:31,704 - Eye - INFO - ['Epoch:03, Lr:0.00002500, Cost:138.78s', 'Loss:0.6575', 'train_acc:74.59', 'val_acc:49.48', 'val_loss:1.07']
2021-05-02 13:17:43,551 - Eye - INFO - ['Epoch:04, Iter: 20, Lr:0.00001250', 'Loss:0.5176', 'train_acc:80.78']
2021-05-02 13:17:52,910 - Eye - INFO - ['Epoch:04, Iter: 40, Lr:0.00001250', 'Loss:0.5133', 'train_acc:81.99']
2021-05-02 13:18:02,374 - Eye - INFO - ['Epoch:04, Iter: 60, Lr:0.00001250', 'Loss:0.5243', 'train_acc:82.79']
2021-05-02 13:18:11,958 - Eye - INFO - ['Epoch:04, Iter: 80, Lr:0.00001250', 'Loss:0.4443', 'train_acc:83.07']
2021-05-02 13:18:21,261 - Eye - INFO - ['Epoch:04, Iter:100, Lr:0.00001250', 'Loss:0.4521', 'train_acc:83.61']
2021-05-02 13:18:30,788 - Eye - INFO - ['Epoch:04, Iter:120, Lr:0.00001250', 'Loss:0.5105', 'train_acc:84.06']
2021-05-02 13:18:40,074 - Eye - INFO - ['Epoch:04, Iter:140, Lr:0.00001250', 'Loss:0.6492', 'train_acc:84.34']
2021-05-02 13:18:49,302 - Eye - INFO - ['Epoch:04, Iter:160, Lr:0.00001250', 'Loss:0.5230', 'train_acc:84.28']
2021-05-02 13:18:58,621 - Eye - INFO - ['Epoch:04, Iter:180, Lr:0.00001250', 'Loss:0.4234', 'train_acc:84.59']
2021-05-02 13:19:07,857 - Eye - INFO - ['Epoch:04, Iter:200, Lr:0.00001250', 'Loss:0.4752', 'train_acc:84.80']
2021-05-02 13:19:17,223 - Eye - INFO - ['Epoch:04, Iter:220, Lr:0.00001250', 'Loss:0.4664', 'train_acc:85.09']
2021-05-02 13:19:26,664 - Eye - INFO - ['Epoch:04, Iter:240, Lr:0.00001250', 'Loss:0.5631', 'train_acc:85.29']
2021-05-02 13:19:36,054 - Eye - INFO - ['Epoch:04, Iter:260, Lr:0.00001250', 'Loss:0.4857', 'train_acc:85.43']
2021-05-02 13:19:45,544 - Eye - INFO - ['Epoch:04, Iter:280, Lr:0.00001250', 'Loss:0.4959', 'train_acc:85.62']
2021-05-02 13:19:49,972 - Eye - INFO - ['Epoch:04, Lr:0.00001250, Cost:138.17s', 'Loss:0.5760', 'train_acc:85.61', 'val_acc:47.14', 'val_loss:1.12']
2021-05-02 13:20:02,145 - Eye - INFO - ['Epoch:05, Iter: 20, Lr:0.00001250', 'Loss:0.4263', 'train_acc:85.55']
2021-05-02 13:20:11,588 - Eye - INFO - ['Epoch:05, Iter: 40, Lr:0.00001250', 'Loss:0.3328', 'train_acc:87.54']
2021-05-02 13:20:21,118 - Eye - INFO - ['Epoch:05, Iter: 60, Lr:0.00001250', 'Loss:0.4037', 'train_acc:87.81']
2021-05-02 13:20:30,514 - Eye - INFO - ['Epoch:05, Iter: 80, Lr:0.00001250', 'Loss:0.4417', 'train_acc:87.91']
2021-05-02 13:20:40,022 - Eye - INFO - ['Epoch:05, Iter:100, Lr:0.00001250', 'Loss:0.4137', 'train_acc:87.89']
2021-05-02 13:20:49,339 - Eye - INFO - ['Epoch:05, Iter:120, Lr:0.00001250', 'Loss:0.3294', 'train_acc:87.86']
2021-05-02 13:20:58,865 - Eye - INFO - ['Epoch:05, Iter:140, Lr:0.00001250', 'Loss:0.4892', 'train_acc:87.95']
2021-05-02 13:21:08,319 - Eye - INFO - ['Epoch:05, Iter:160, Lr:0.00001250', 'Loss:0.4204', 'train_acc:88.14']
2021-05-02 13:21:17,676 - Eye - INFO - ['Epoch:05, Iter:180, Lr:0.00001250', 'Loss:0.3655', 'train_acc:88.39']
2021-05-02 13:21:27,227 - Eye - INFO - ['Epoch:05, Iter:200, Lr:0.00001250', 'Loss:0.3546', 'train_acc:88.45']
2021-05-02 13:21:36,701 - Eye - INFO - ['Epoch:05, Iter:220, Lr:0.00001250', 'Loss:0.3456', 'train_acc:88.71']
2021-05-02 13:21:46,258 - Eye - INFO - ['Epoch:05, Iter:240, Lr:0.00001250', 'Loss:0.3967', 'train_acc:88.84']
2021-05-02 13:21:55,603 - Eye - INFO - ['Epoch:05, Iter:260, Lr:0.00001250', 'Loss:0.3119', 'train_acc:88.94']
2021-05-02 13:22:04,896 - Eye - INFO - ['Epoch:05, Iter:280, Lr:0.00001250', 'Loss:0.3253', 'train_acc:89.06']
2021-05-02 13:22:09,399 - Eye - INFO - ['Epoch:05, Lr:0.00001250, Cost:139.33s', 'Loss:0.2922', 'train_acc:89.08', 'val_acc:35.68', 'val_loss:1.61']
2021-05-02 13:22:21,635 - Eye - INFO - ['Epoch:06, Iter: 20, Lr:0.00000625', 'Loss:0.2831', 'train_acc:92.19']
2021-05-02 13:22:31,007 - Eye - INFO - ['Epoch:06, Iter: 40, Lr:0.00000625', 'Loss:0.2989', 'train_acc:92.38']
2021-05-02 13:22:40,462 - Eye - INFO - ['Epoch:06, Iter: 60, Lr:0.00000625', 'Loss:0.2104', 'train_acc:92.68']
2021-05-02 13:22:49,972 - Eye - INFO - ['Epoch:06, Iter: 80, Lr:0.00000625', 'Loss:0.3487', 'train_acc:92.91']
2021-05-02 13:22:59,408 - Eye - INFO - ['Epoch:06, Iter:100, Lr:0.00000625', 'Loss:0.3577', 'train_acc:93.16']
2021-05-02 13:23:08,961 - Eye - INFO - ['Epoch:06, Iter:120, Lr:0.00000625', 'Loss:0.2482', 'train_acc:93.27']
2021-05-02 13:23:18,438 - Eye - INFO - ['Epoch:06, Iter:140, Lr:0.00000625', 'Loss:0.3515', 'train_acc:93.18']
2021-05-02 13:23:27,896 - Eye - INFO - ['Epoch:06, Iter:160, Lr:0.00000625', 'Loss:0.2404', 'train_acc:93.36']
2021-05-02 13:23:37,439 - Eye - INFO - ['Epoch:06, Iter:180, Lr:0.00000625', 'Loss:0.2071', 'train_acc:93.49']
2021-05-02 13:23:46,923 - Eye - INFO - ['Epoch:06, Iter:200, Lr:0.00000625', 'Loss:0.2651', 'train_acc:93.60']
2021-05-02 13:23:56,398 - Eye - INFO - ['Epoch:06, Iter:220, Lr:0.00000625', 'Loss:0.2416', 'train_acc:93.79']
2021-05-02 13:24:05,836 - Eye - INFO - ['Epoch:06, Iter:240, Lr:0.00000625', 'Loss:0.3874', 'train_acc:94.00']
2021-05-02 13:24:15,034 - Eye - INFO - ['Epoch:06, Iter:260, Lr:0.00000625', 'Loss:0.1956', 'train_acc:94.10']
2021-05-02 13:24:23,820 - Eye - INFO - ['Epoch:06, Iter:280, Lr:0.00000625', 'Loss:0.3134', 'train_acc:94.20']
2021-05-02 13:24:28,300 - Eye - INFO - ['Epoch:06, Lr:0.00000625, Cost:138.80s', 'Loss:0.2929', 'train_acc:94.20', 'val_acc:73.44', 'val_loss:0.35']
2021-05-02 13:24:40,761 - Eye - INFO - ['Epoch:07, Iter: 20, Lr:0.00000625', 'Loss:0.2596', 'train_acc:96.95']
2021-05-02 13:24:50,111 - Eye - INFO - ['Epoch:07, Iter: 40, Lr:0.00000625', 'Loss:0.1797', 'train_acc:96.60']
2021-05-02 13:24:59,359 - Eye - INFO - ['Epoch:07, Iter: 60, Lr:0.00000625', 'Loss:0.1820', 'train_acc:96.17']
2021-05-02 13:25:08,716 - Eye - INFO - ['Epoch:07, Iter: 80, Lr:0.00000625', 'Loss:0.2178', 'train_acc:96.25']
2021-05-02 13:25:18,201 - Eye - INFO - ['Epoch:07, Iter:100, Lr:0.00000625', 'Loss:0.1814', 'train_acc:96.41']
2021-05-02 13:25:27,801 - Eye - INFO - ['Epoch:07, Iter:120, Lr:0.00000625', 'Loss:0.1650', 'train_acc:96.46']
2021-05-02 13:25:37,235 - Eye - INFO - ['Epoch:07, Iter:140, Lr:0.00000625', 'Loss:0.2418', 'train_acc:96.41']
2021-05-02 13:25:46,671 - Eye - INFO - ['Epoch:07, Iter:160, Lr:0.00000625', 'Loss:0.2543', 'train_acc:96.43']
2021-05-02 13:25:56,233 - Eye - INFO - ['Epoch:07, Iter:180, Lr:0.00000625', 'Loss:0.1885', 'train_acc:96.51']
2021-05-02 13:26:05,664 - Eye - INFO - ['Epoch:07, Iter:200, Lr:0.00000625', 'Loss:0.1959', 'train_acc:96.59']
2021-05-02 13:26:15,206 - Eye - INFO - ['Epoch:07, Iter:220, Lr:0.00000625', 'Loss:0.2524', 'train_acc:96.59']
2021-05-02 13:26:24,846 - Eye - INFO - ['Epoch:07, Iter:240, Lr:0.00000625', 'Loss:0.1741', 'train_acc:96.67']
2021-05-02 13:26:34,293 - Eye - INFO - ['Epoch:07, Iter:260, Lr:0.00000625', 'Loss:0.1637', 'train_acc:96.72']
2021-05-02 13:26:44,008 - Eye - INFO - ['Epoch:07, Iter:280, Lr:0.00000625', 'Loss:0.1930', 'train_acc:96.76']
2021-05-02 13:26:48,614 - Eye - INFO - ['Epoch:07, Lr:0.00000625, Cost:140.21s', 'Loss:0.1715', 'train_acc:96.77', 'val_acc:70.05', 'val_loss:0.64']
2021-05-02 13:27:00,692 - Eye - INFO - ['Epoch:08, Iter: 20, Lr:0.00000313', 'Loss:0.2112', 'train_acc:97.89']
2021-05-02 13:27:10,223 - Eye - INFO - ['Epoch:08, Iter: 40, Lr:0.00000313', 'Loss:0.1055', 'train_acc:98.24']
2021-05-02 13:27:19,795 - Eye - INFO - ['Epoch:08, Iter: 60, Lr:0.00000313', 'Loss:0.1886', 'train_acc:98.12']
2021-05-02 13:27:29,343 - Eye - INFO - ['Epoch:08, Iter: 80, Lr:0.00000313', 'Loss:0.1492', 'train_acc:98.28']
2021-05-02 13:27:38,883 - Eye - INFO - ['Epoch:08, Iter:100, Lr:0.00000313', 'Loss:0.2431', 'train_acc:98.31']
2021-05-02 13:27:48,239 - Eye - INFO - ['Epoch:08, Iter:120, Lr:0.00000313', 'Loss:0.1285', 'train_acc:98.32']
2021-05-02 13:27:57,664 - Eye - INFO - ['Epoch:08, Iter:140, Lr:0.00000313', 'Loss:0.1243', 'train_acc:98.35']
2021-05-02 13:28:07,119 - Eye - INFO - ['Epoch:08, Iter:160, Lr:0.00000313', 'Loss:0.2382', 'train_acc:98.35']
2021-05-02 13:28:16,493 - Eye - INFO - ['Epoch:08, Iter:180, Lr:0.00000313', 'Loss:0.1499', 'train_acc:98.39']
2021-05-02 13:28:25,877 - Eye - INFO - ['Epoch:08, Iter:200, Lr:0.00000313', 'Loss:0.1370', 'train_acc:98.40']
2021-05-02 13:28:35,406 - Eye - INFO - ['Epoch:08, Iter:220, Lr:0.00000313', 'Loss:0.1331', 'train_acc:98.43']
2021-05-02 13:28:44,920 - Eye - INFO - ['Epoch:08, Iter:240, Lr:0.00000313', 'Loss:0.1400', 'train_acc:98.40']
2021-05-02 13:28:54,233 - Eye - INFO - ['Epoch:08, Iter:260, Lr:0.00000313', 'Loss:0.1242', 'train_acc:98.39']
2021-05-02 13:29:03,926 - Eye - INFO - ['Epoch:08, Iter:280, Lr:0.00000313', 'Loss:0.2422', 'train_acc:98.40']
2021-05-02 13:29:08,386 - Eye - INFO - ['Epoch:08, Lr:0.00000313, Cost:139.66s', 'Loss:0.1088', 'train_acc:98.41', 'val_acc:75.26', 'val_loss:0.31']
2021-05-02 13:29:20,288 - Eye - INFO - ['Epoch:09, Iter: 20, Lr:0.00000313', 'Loss:0.2000', 'train_acc:98.75']
2021-05-02 13:29:29,744 - Eye - INFO - ['Epoch:09, Iter: 40, Lr:0.00000313', 'Loss:0.1122', 'train_acc:98.16']
2021-05-02 13:29:39,730 - Eye - INFO - ['Epoch:09, Iter: 60, Lr:0.00000313', 'Loss:0.1036', 'train_acc:98.54']
2021-05-02 13:29:50,545 - Eye - INFO - ['Epoch:09, Iter: 80, Lr:0.00000313', 'Loss:0.1440', 'train_acc:98.48']
2021-05-02 13:29:59,961 - Eye - INFO - ['Epoch:09, Iter:100, Lr:0.00000313', 'Loss:0.1323', 'train_acc:98.55']
2021-05-02 13:30:09,430 - Eye - INFO - ['Epoch:09, Iter:120, Lr:0.00000313', 'Loss:0.1728', 'train_acc:98.54']
2021-05-02 13:30:18,912 - Eye - INFO - ['Epoch:09, Iter:140, Lr:0.00000313', 'Loss:0.1269', 'train_acc:98.60']
2021-05-02 13:30:28,496 - Eye - INFO - ['Epoch:09, Iter:160, Lr:0.00000313', 'Loss:0.1378', 'train_acc:98.61']
2021-05-02 13:30:38,070 - Eye - INFO - ['Epoch:09, Iter:180, Lr:0.00000313', 'Loss:0.1808', 'train_acc:98.67']
2021-05-02 13:30:48,761 - Eye - INFO - ['Epoch:09, Iter:200, Lr:0.00000313', 'Loss:0.1517', 'train_acc:98.66']
2021-05-02 13:30:59,681 - Eye - INFO - ['Epoch:09, Iter:220, Lr:0.00000313', 'Loss:0.2749', 'train_acc:98.68']
2021-05-02 13:31:10,356 - Eye - INFO - ['Epoch:09, Iter:240, Lr:0.00000313', 'Loss:0.0978', 'train_acc:98.69']
2021-05-02 13:31:19,787 - Eye - INFO - ['Epoch:09, Iter:260, Lr:0.00000313', 'Loss:0.1157', 'train_acc:98.73']
2021-05-02 13:31:29,124 - Eye - INFO - ['Epoch:09, Iter:280, Lr:0.00000313', 'Loss:0.1270', 'train_acc:98.76']
2021-05-02 13:31:33,648 - Eye - INFO - ['Epoch:09, Lr:0.00000313, Cost:145.16s', 'Loss:0.1316', 'train_acc:98.75', 'val_acc:73.70', 'val_loss:0.42']
2021-05-02 13:31:46,359 - Eye - INFO - ['Epoch:10, Iter: 20, Lr:0.00000156', 'Loss:0.1625', 'train_acc:99.22']
2021-05-02 13:31:56,096 - Eye - INFO - ['Epoch:10, Iter: 40, Lr:0.00000156', 'Loss:0.1020', 'train_acc:99.22']
2021-05-02 13:32:07,018 - Eye - INFO - ['Epoch:10, Iter: 60, Lr:0.00000156', 'Loss:0.1483', 'train_acc:99.19']
2021-05-02 13:32:17,603 - Eye - INFO - ['Epoch:10, Iter: 80, Lr:0.00000156', 'Loss:0.1220', 'train_acc:99.24']
2021-05-02 13:32:27,107 - Eye - INFO - ['Epoch:10, Iter:100, Lr:0.00000156', 'Loss:0.1069', 'train_acc:99.23']
2021-05-02 13:32:36,205 - Eye - INFO - ['Epoch:10, Iter:120, Lr:0.00000156', 'Loss:0.1297', 'train_acc:99.26']
2021-05-02 13:32:45,438 - Eye - INFO - ['Epoch:10, Iter:140, Lr:0.00000156', 'Loss:0.1137', 'train_acc:99.25']
2021-05-02 13:32:54,780 - Eye - INFO - ['Epoch:10, Iter:160, Lr:0.00000156', 'Loss:0.1297', 'train_acc:99.29']
2021-05-02 13:33:04,394 - Eye - INFO - ['Epoch:10, Iter:180, Lr:0.00000156', 'Loss:0.0878', 'train_acc:99.31']
2021-05-02 13:33:13,647 - Eye - INFO - ['Epoch:10, Iter:200, Lr:0.00000156', 'Loss:0.1891', 'train_acc:99.32']
2021-05-02 13:33:23,503 - Eye - INFO - ['Epoch:10, Iter:220, Lr:0.00000156', 'Loss:0.0848', 'train_acc:99.30']
2021-05-02 13:33:32,988 - Eye - INFO - ['Epoch:10, Iter:240, Lr:0.00000156', 'Loss:0.1712', 'train_acc:99.30']
2021-05-02 13:33:42,578 - Eye - INFO - ['Epoch:10, Iter:260, Lr:0.00000156', 'Loss:0.1072', 'train_acc:99.31']
2021-05-02 13:33:51,953 - Eye - INFO - ['Epoch:10, Iter:280, Lr:0.00000156', 'Loss:0.1481', 'train_acc:99.30']
2021-05-02 13:33:56,435 - Eye - INFO - ['Epoch:10, Lr:0.00000156, Cost:142.68s', 'Loss:0.1154', 'train_acc:99.30', 'val_acc:75.52', 'val_loss:0.25']
2021-05-02 13:34:09,533 - Eye - INFO - ['Epoch:11, Iter: 20, Lr:0.00000156', 'Loss:0.1081', 'train_acc:99.22']
2021-05-02 13:34:18,910 - Eye - INFO - ['Epoch:11, Iter: 40, Lr:0.00000156', 'Loss:0.1199', 'train_acc:99.22']
2021-05-02 13:34:28,362 - Eye - INFO - ['Epoch:11, Iter: 60, Lr:0.00000156', 'Loss:0.0955', 'train_acc:99.24']
2021-05-02 13:34:37,872 - Eye - INFO - ['Epoch:11, Iter: 80, Lr:0.00000156', 'Loss:0.0973', 'train_acc:99.34']
2021-05-02 13:34:47,352 - Eye - INFO - ['Epoch:11, Iter:100, Lr:0.00000156', 'Loss:0.0729', 'train_acc:99.34']
2021-05-02 13:34:56,816 - Eye - INFO - ['Epoch:11, Iter:120, Lr:0.00000156', 'Loss:0.0895', 'train_acc:99.36']
2021-05-02 13:35:06,256 - Eye - INFO - ['Epoch:11, Iter:140, Lr:0.00000156', 'Loss:0.1106', 'train_acc:99.39']
2021-05-02 13:35:15,691 - Eye - INFO - ['Epoch:11, Iter:160, Lr:0.00000156', 'Loss:0.1473', 'train_acc:99.38']
2021-05-02 13:35:25,031 - Eye - INFO - ['Epoch:11, Iter:180, Lr:0.00000156', 'Loss:0.0872', 'train_acc:99.39']
2021-05-02 13:35:34,391 - Eye - INFO - ['Epoch:11, Iter:200, Lr:0.00000156', 'Loss:0.1547', 'train_acc:99.37']
2021-05-02 13:35:43,805 - Eye - INFO - ['Epoch:11, Iter:220, Lr:0.00000156', 'Loss:0.0759', 'train_acc:99.40']
2021-05-02 13:35:53,094 - Eye - INFO - ['Epoch:11, Iter:240, Lr:0.00000156', 'Loss:0.1038', 'train_acc:99.39']
2021-05-02 13:36:02,664 - Eye - INFO - ['Epoch:11, Iter:260, Lr:0.00000156', 'Loss:0.0993', 'train_acc:99.41']
2021-05-02 13:36:12,378 - Eye - INFO - ['Epoch:11, Iter:280, Lr:0.00000156', 'Loss:0.1183', 'train_acc:99.40']
2021-05-02 13:36:16,876 - Eye - INFO - ['Epoch:11, Lr:0.00000156, Cost:140.34s', 'Loss:0.1990', 'train_acc:99.39', 'val_acc:75.26', 'val_loss:0.37']
2021-05-02 13:36:30,122 - Eye - INFO - ['Epoch:12, Iter: 20, Lr:0.00000156', 'Loss:0.0826', 'train_acc:99.53']
2021-05-02 13:36:39,399 - Eye - INFO - ['Epoch:12, Iter: 40, Lr:0.00000156', 'Loss:0.0963', 'train_acc:99.18']
2021-05-02 13:36:48,731 - Eye - INFO - ['Epoch:12, Iter: 60, Lr:0.00000156', 'Loss:0.0795', 'train_acc:99.32']
2021-05-02 13:36:58,046 - Eye - INFO - ['Epoch:12, Iter: 80, Lr:0.00000156', 'Loss:0.1452', 'train_acc:99.30']
2021-05-02 13:37:07,511 - Eye - INFO - ['Epoch:12, Iter:100, Lr:0.00000156', 'Loss:0.0727', 'train_acc:99.31']
2021-05-02 13:37:17,090 - Eye - INFO - ['Epoch:12, Iter:120, Lr:0.00000156', 'Loss:0.1350', 'train_acc:99.34']
2021-05-02 13:37:26,640 - Eye - INFO - ['Epoch:12, Iter:140, Lr:0.00000156', 'Loss:0.2231', 'train_acc:99.39']
2021-05-02 13:37:36,258 - Eye - INFO - ['Epoch:12, Iter:160, Lr:0.00000156', 'Loss:0.0987', 'train_acc:99.39']
2021-05-02 13:37:45,714 - Eye - INFO - ['Epoch:12, Iter:180, Lr:0.00000156', 'Loss:0.1254', 'train_acc:99.40']
2021-05-02 13:37:55,290 - Eye - INFO - ['Epoch:12, Iter:200, Lr:0.00000156', 'Loss:0.0987', 'train_acc:99.45']
2021-05-02 13:38:04,784 - Eye - INFO - ['Epoch:12, Iter:220, Lr:0.00000156', 'Loss:0.0918', 'train_acc:99.46']
2021-05-02 13:38:14,397 - Eye - INFO - ['Epoch:12, Iter:240, Lr:0.00000156', 'Loss:0.0728', 'train_acc:99.47']
2021-05-02 13:38:23,840 - Eye - INFO - ['Epoch:12, Iter:260, Lr:0.00000156', 'Loss:0.1149', 'train_acc:99.46']
2021-05-02 13:38:32,989 - Eye - INFO - ['Epoch:12, Iter:280, Lr:0.00000156', 'Loss:0.1115', 'train_acc:99.45']
2021-05-02 13:38:37,441 - Eye - INFO - ['Epoch:12, Lr:0.00000156, Cost:140.48s', 'Loss:0.1089', 'train_acc:99.45', 'val_acc:74.74', 'val_loss:0.29']
2021-05-02 13:38:49,368 - Eye - INFO - ['Epoch:13, Iter: 20, Lr:0.00000078', 'Loss:0.1020', 'train_acc:99.45']
2021-05-02 13:38:58,779 - Eye - INFO - ['Epoch:13, Iter: 40, Lr:0.00000078', 'Loss:0.0984', 'train_acc:99.45']
2021-05-02 13:39:08,018 - Eye - INFO - ['Epoch:13, Iter: 60, Lr:0.00000078', 'Loss:0.1686', 'train_acc:99.53']
2021-05-02 13:39:17,371 - Eye - INFO - ['Epoch:13, Iter: 80, Lr:0.00000078', 'Loss:0.0734', 'train_acc:99.55']
2021-05-02 13:39:26,791 - Eye - INFO - ['Epoch:13, Iter:100, Lr:0.00000078', 'Loss:0.2191', 'train_acc:99.48']
2021-05-02 13:39:36,317 - Eye - INFO - ['Epoch:13, Iter:120, Lr:0.00000078', 'Loss:0.0903', 'train_acc:99.56']
2021-05-02 13:39:45,818 - Eye - INFO - ['Epoch:13, Iter:140, Lr:0.00000078', 'Loss:0.0701', 'train_acc:99.54']
2021-05-02 13:39:55,310 - Eye - INFO - ['Epoch:13, Iter:160, Lr:0.00000078', 'Loss:0.0879', 'train_acc:99.57']
2021-05-02 13:40:04,636 - Eye - INFO - ['Epoch:13, Iter:180, Lr:0.00000078', 'Loss:0.1119', 'train_acc:99.56']
2021-05-02 13:40:14,185 - Eye - INFO - ['Epoch:13, Iter:200, Lr:0.00000078', 'Loss:0.0851', 'train_acc:99.57']
2021-05-02 13:40:23,599 - Eye - INFO - ['Epoch:13, Iter:220, Lr:0.00000078', 'Loss:0.1097', 'train_acc:99.57']
2021-05-02 13:40:32,958 - Eye - INFO - ['Epoch:13, Iter:240, Lr:0.00000078', 'Loss:0.0779', 'train_acc:99.57']
2021-05-02 13:40:42,253 - Eye - INFO - ['Epoch:13, Iter:260, Lr:0.00000078', 'Loss:0.1299', 'train_acc:99.56']
2021-05-02 13:40:51,553 - Eye - INFO - ['Epoch:13, Iter:280, Lr:0.00000078', 'Loss:0.0646', 'train_acc:99.56']
2021-05-02 13:40:56,143 - Eye - INFO - ['Epoch:13, Lr:0.00000078, Cost:138.62s', 'Loss:0.1153', 'train_acc:99.57', 'val_acc:74.48', 'val_loss:0.27']
2021-05-02 13:41:08,131 - Eye - INFO - ['Epoch:14, Iter: 20, Lr:0.00000078', 'Loss:0.0622', 'train_acc:99.69']
2021-05-02 13:41:17,483 - Eye - INFO - ['Epoch:14, Iter: 40, Lr:0.00000078', 'Loss:0.1023', 'train_acc:99.49']
2021-05-02 13:41:27,036 - Eye - INFO - ['Epoch:14, Iter: 60, Lr:0.00000078', 'Loss:0.0876', 'train_acc:99.61']
2021-05-02 13:41:36,416 - Eye - INFO - ['Epoch:14, Iter: 80, Lr:0.00000078', 'Loss:0.0894', 'train_acc:99.53']
2021-05-02 13:41:45,872 - Eye - INFO - ['Epoch:14, Iter:100, Lr:0.00000078', 'Loss:0.1006', 'train_acc:99.58']
2021-05-02 13:41:54,970 - Eye - INFO - ['Epoch:14, Iter:120, Lr:0.00000078', 'Loss:0.0683', 'train_acc:99.58']
2021-05-02 13:42:03,996 - Eye - INFO - ['Epoch:14, Iter:140, Lr:0.00000078', 'Loss:0.0848', 'train_acc:99.56']
2021-05-02 13:42:13,408 - Eye - INFO - ['Epoch:14, Iter:160, Lr:0.00000078', 'Loss:0.0864', 'train_acc:99.57']
2021-05-02 13:42:22,944 - Eye - INFO - ['Epoch:14, Iter:180, Lr:0.00000078', 'Loss:0.1136', 'train_acc:99.57']
2021-05-02 13:42:32,493 - Eye - INFO - ['Epoch:14, Iter:200, Lr:0.00000078', 'Loss:0.0969', 'train_acc:99.57']
2021-05-02 13:42:42,045 - Eye - INFO - ['Epoch:14, Iter:220, Lr:0.00000078', 'Loss:0.0900', 'train_acc:99.60']
2021-05-02 13:42:51,523 - Eye - INFO - ['Epoch:14, Iter:240, Lr:0.00000078', 'Loss:0.0972', 'train_acc:99.61']
2021-05-02 13:43:00,901 - Eye - INFO - ['Epoch:14, Iter:260, Lr:0.00000078', 'Loss:0.0968', 'train_acc:99.62']
2021-05-02 13:43:10,576 - Eye - INFO - ['Epoch:14, Iter:280, Lr:0.00000078', 'Loss:0.1175', 'train_acc:99.62']
2021-05-02 13:43:15,080 - Eye - INFO - ['Epoch:14, Lr:0.00000078, Cost:138.85s', 'Loss:0.1514', 'train_acc:99.62', 'val_acc:74.22', 'val_loss:0.28']
2021-05-02 13:43:27,087 - Eye - INFO - ['Epoch:15, Iter: 20, Lr:0.00000078', 'Loss:0.0774', 'train_acc:99.45']
2021-05-02 13:43:36,438 - Eye - INFO - ['Epoch:15, Iter: 40, Lr:0.00000078', 'Loss:0.1341', 'train_acc:99.61']
2021-05-02 13:43:45,643 - Eye - INFO - ['Epoch:15, Iter: 60, Lr:0.00000078', 'Loss:0.0819', 'train_acc:99.58']
2021-05-02 13:43:54,724 - Eye - INFO - ['Epoch:15, Iter: 80, Lr:0.00000078', 'Loss:0.1148', 'train_acc:99.57']
2021-05-02 13:44:04,085 - Eye - INFO - ['Epoch:15, Iter:100, Lr:0.00000078', 'Loss:0.1229', 'train_acc:99.56']
2021-05-02 13:44:13,678 - Eye - INFO - ['Epoch:15, Iter:120, Lr:0.00000078', 'Loss:0.1513', 'train_acc:99.61']
2021-05-02 13:44:22,924 - Eye - INFO - ['Epoch:15, Iter:140, Lr:0.00000078', 'Loss:0.0776', 'train_acc:99.63']
2021-05-02 13:44:32,520 - Eye - INFO - ['Epoch:15, Iter:160, Lr:0.00000078', 'Loss:0.0623', 'train_acc:99.64']
2021-05-02 13:44:41,983 - Eye - INFO - ['Epoch:15, Iter:180, Lr:0.00000078', 'Loss:0.0905', 'train_acc:99.64']
2021-05-02 13:44:51,468 - Eye - INFO - ['Epoch:15, Iter:200, Lr:0.00000078', 'Loss:0.1319', 'train_acc:99.64']
2021-05-02 13:45:00,954 - Eye - INFO - ['Epoch:15, Iter:220, Lr:0.00000078', 'Loss:0.0913', 'train_acc:99.64']
2021-05-02 13:45:10,142 - Eye - INFO - ['Epoch:15, Iter:240, Lr:0.00000078', 'Loss:0.0665', 'train_acc:99.66']
2021-05-02 13:45:19,422 - Eye - INFO - ['Epoch:15, Iter:260, Lr:0.00000078', 'Loss:0.0842', 'train_acc:99.65']
2021-05-02 13:45:29,037 - Eye - INFO - ['Epoch:15, Iter:280, Lr:0.00000078', 'Loss:0.0962', 'train_acc:99.65']
2021-05-02 13:45:33,593 - Eye - INFO - ['Epoch:15, Lr:0.00000078, Cost:138.41s', 'Loss:0.0854', 'train_acc:99.66', 'val_acc:75.52', 'val_loss:0.24']
2021-05-02 13:45:45,458 - Eye - INFO - ['Epoch:16, Iter: 20, Lr:0.00000039', 'Loss:0.0735', 'train_acc:100.00']
2021-05-02 13:45:54,915 - Eye - INFO - ['Epoch:16, Iter: 40, Lr:0.00000039', 'Loss:0.1103', 'train_acc:99.80']
2021-05-02 13:46:04,200 - Eye - INFO - ['Epoch:16, Iter: 60, Lr:0.00000039', 'Loss:0.0764', 'train_acc:99.82']
2021-05-02 13:46:13,518 - Eye - INFO - ['Epoch:16, Iter: 80, Lr:0.00000039', 'Loss:0.0578', 'train_acc:99.75']
2021-05-02 13:46:23,007 - Eye - INFO - ['Epoch:16, Iter:100, Lr:0.00000039', 'Loss:0.0933', 'train_acc:99.75']
2021-05-02 13:46:32,508 - Eye - INFO - ['Epoch:16, Iter:120, Lr:0.00000039', 'Loss:0.0722', 'train_acc:99.71']
2021-05-02 13:46:41,853 - Eye - INFO - ['Epoch:16, Iter:140, Lr:0.00000039', 'Loss:0.0976', 'train_acc:99.72']
2021-05-02 13:46:51,165 - Eye - INFO - ['Epoch:16, Iter:160, Lr:0.00000039', 'Loss:0.1084', 'train_acc:99.73']
2021-05-02 13:47:00,687 - Eye - INFO - ['Epoch:16, Iter:180, Lr:0.00000039', 'Loss:0.1432', 'train_acc:99.72']
2021-05-02 13:47:09,968 - Eye - INFO - ['Epoch:16, Iter:200, Lr:0.00000039', 'Loss:0.0610', 'train_acc:99.74']
2021-05-02 13:47:19,223 - Eye - INFO - ['Epoch:16, Iter:220, Lr:0.00000039', 'Loss:0.0802', 'train_acc:99.76']
2021-05-02 13:47:28,631 - Eye - INFO - ['Epoch:16, Iter:240, Lr:0.00000039', 'Loss:0.0938', 'train_acc:99.75']
2021-05-02 13:47:38,237 - Eye - INFO - ['Epoch:16, Iter:260, Lr:0.00000039', 'Loss:0.0936', 'train_acc:99.75']
2021-05-02 13:47:47,958 - Eye - INFO - ['Epoch:16, Iter:280, Lr:0.00000039', 'Loss:0.1203', 'train_acc:99.75']
2021-05-02 13:47:52,367 - Eye - INFO - ['Epoch:16, Lr:0.00000039, Cost:138.69s', 'Loss:0.0622', 'train_acc:99.75', 'val_acc:73.96', 'val_loss:0.35']
2021-05-02 13:48:04,500 - Eye - INFO - ['Epoch:17, Iter: 20, Lr:0.00000039', 'Loss:0.1412', 'train_acc:99.92']
2021-05-02 13:48:14,010 - Eye - INFO - ['Epoch:17, Iter: 40, Lr:0.00000039', 'Loss:0.0923', 'train_acc:99.77']
2021-05-02 13:48:23,507 - Eye - INFO - ['Epoch:17, Iter: 60, Lr:0.00000039', 'Loss:0.0612', 'train_acc:99.79']
2021-05-02 13:48:32,856 - Eye - INFO - ['Epoch:17, Iter: 80, Lr:0.00000039', 'Loss:0.1116', 'train_acc:99.77']
2021-05-02 13:48:42,291 - Eye - INFO - ['Epoch:17, Iter:100, Lr:0.00000039', 'Loss:0.0785', 'train_acc:99.73']
2021-05-02 13:48:51,839 - Eye - INFO - ['Epoch:17, Iter:120, Lr:0.00000039', 'Loss:0.0912', 'train_acc:99.73']
2021-05-02 13:49:01,402 - Eye - INFO - ['Epoch:17, Iter:140, Lr:0.00000039', 'Loss:0.1315', 'train_acc:99.74']
2021-05-02 13:49:10,478 - Eye - INFO - ['Epoch:17, Iter:160, Lr:0.00000039', 'Loss:0.0954', 'train_acc:99.73']
2021-05-02 13:49:19,735 - Eye - INFO - ['Epoch:17, Iter:180, Lr:0.00000039', 'Loss:0.0639', 'train_acc:99.73']
2021-05-02 13:49:29,210 - Eye - INFO - ['Epoch:17, Iter:200, Lr:0.00000039', 'Loss:0.0955', 'train_acc:99.73']
2021-05-02 13:49:38,495 - Eye - INFO - ['Epoch:17, Iter:220, Lr:0.00000039', 'Loss:0.0844', 'train_acc:99.72']
2021-05-02 13:49:48,001 - Eye - INFO - ['Epoch:17, Iter:240, Lr:0.00000039', 'Loss:0.0766', 'train_acc:99.70']
2021-05-02 13:49:57,299 - Eye - INFO - ['Epoch:17, Iter:260, Lr:0.00000039', 'Loss:0.0874', 'train_acc:99.71']
2021-05-02 13:50:06,965 - Eye - INFO - ['Epoch:17, Iter:280, Lr:0.00000039', 'Loss:0.0767', 'train_acc:99.70']
2021-05-02 13:50:11,326 - Eye - INFO - ['Epoch:17, Lr:0.00000039, Cost:138.87s', 'Loss:0.1649', 'train_acc:99.69', 'val_acc:75.52', 'val_loss:0.29']
2021-05-02 13:50:23,265 - Eye - INFO - ['Epoch:18, Iter: 20, Lr:0.00000039', 'Loss:0.0977', 'train_acc:99.69']
2021-05-02 13:50:32,775 - Eye - INFO - ['Epoch:18, Iter: 40, Lr:0.00000039', 'Loss:0.0945', 'train_acc:99.69']
2021-05-02 13:50:42,370 - Eye - INFO - ['Epoch:18, Iter: 60, Lr:0.00000039', 'Loss:0.0747', 'train_acc:99.71']
2021-05-02 13:50:51,894 - Eye - INFO - ['Epoch:18, Iter: 80, Lr:0.00000039', 'Loss:0.1023', 'train_acc:99.77']
2021-05-02 13:51:01,244 - Eye - INFO - ['Epoch:18, Iter:100, Lr:0.00000039', 'Loss:0.0636', 'train_acc:99.78']
2021-05-02 13:51:10,591 - Eye - INFO - ['Epoch:18, Iter:120, Lr:0.00000039', 'Loss:0.0951', 'train_acc:99.77']
2021-05-02 13:51:20,015 - Eye - INFO - ['Epoch:18, Iter:140, Lr:0.00000039', 'Loss:0.1419', 'train_acc:99.74']
2021-05-02 13:51:29,375 - Eye - INFO - ['Epoch:18, Iter:160, Lr:0.00000039', 'Loss:0.0869', 'train_acc:99.75']
2021-05-02 13:51:38,681 - Eye - INFO - ['Epoch:18, Iter:180, Lr:0.00000039', 'Loss:0.0885', 'train_acc:99.76']
2021-05-02 13:51:48,084 - Eye - INFO - ['Epoch:18, Iter:200, Lr:0.00000039', 'Loss:0.0826', 'train_acc:99.76']
2021-05-02 13:51:57,498 - Eye - INFO - ['Epoch:18, Iter:220, Lr:0.00000039', 'Loss:0.0630', 'train_acc:99.78']
2021-05-02 13:52:06,945 - Eye - INFO - ['Epoch:18, Iter:240, Lr:0.00000039', 'Loss:0.1269', 'train_acc:99.79']
2021-05-02 13:52:16,425 - Eye - INFO - ['Epoch:18, Iter:260, Lr:0.00000039', 'Loss:0.0895', 'train_acc:99.81']
2021-05-02 13:52:25,964 - Eye - INFO - ['Epoch:18, Iter:280, Lr:0.00000039', 'Loss:0.0842', 'train_acc:99.80']
2021-05-02 13:52:30,449 - Eye - INFO - ['Epoch:18, Lr:0.00000039, Cost:139.04s', 'Loss:0.1110', 'train_acc:99.81', 'val_acc:75.00', 'val_loss:0.35']
2021-05-02 13:52:42,415 - Eye - INFO - ['Epoch:19, Iter: 20, Lr:0.00000039', 'Loss:0.0694', 'train_acc:99.92']
2021-05-02 13:52:51,763 - Eye - INFO - ['Epoch:19, Iter: 40, Lr:0.00000039', 'Loss:0.1049', 'train_acc:99.84']
2021-05-02 13:53:01,206 - Eye - INFO - ['Epoch:19, Iter: 60, Lr:0.00000039', 'Loss:0.0909', 'train_acc:99.82']
2021-05-02 13:53:10,657 - Eye - INFO - ['Epoch:19, Iter: 80, Lr:0.00000039', 'Loss:0.1248', 'train_acc:99.84']
2021-05-02 13:53:20,041 - Eye - INFO - ['Epoch:19, Iter:100, Lr:0.00000039', 'Loss:0.0597', 'train_acc:99.84']
2021-05-02 13:53:29,474 - Eye - INFO - ['Epoch:19, Iter:120, Lr:0.00000039', 'Loss:0.0706', 'train_acc:99.84']
2021-05-02 13:53:38,905 - Eye - INFO - ['Epoch:19, Iter:140, Lr:0.00000039', 'Loss:0.0588', 'train_acc:99.85']
2021-05-02 13:53:48,411 - Eye - INFO - ['Epoch:19, Iter:160, Lr:0.00000039', 'Loss:0.1000', 'train_acc:99.82']
2021-05-02 13:53:57,717 - Eye - INFO - ['Epoch:19, Iter:180, Lr:0.00000039', 'Loss:0.1275', 'train_acc:99.80']
2021-05-02 13:54:07,080 - Eye - INFO - ['Epoch:19, Iter:200, Lr:0.00000039', 'Loss:0.1181', 'train_acc:99.77']
2021-05-02 13:54:16,315 - Eye - INFO - ['Epoch:19, Iter:220, Lr:0.00000039', 'Loss:0.1088', 'train_acc:99.78']
2021-05-02 13:54:25,891 - Eye - INFO - ['Epoch:19, Iter:240, Lr:0.00000039', 'Loss:0.0808', 'train_acc:99.77']
2021-05-02 13:54:35,199 - Eye - INFO - ['Epoch:19, Iter:260, Lr:0.00000039', 'Loss:0.1389', 'train_acc:99.77']
2021-05-02 13:54:44,047 - Eye - INFO - ['Epoch:19, Iter:280, Lr:0.00000039', 'Loss:0.0805', 'train_acc:99.78']
2021-05-02 13:54:48,286 - Eye - INFO - ['Epoch:19, Lr:0.00000039, Cost:137.75s', 'Loss:0.0747', 'train_acc:99.78', 'val_acc:75.78', 'val_loss:0.26']
2021-05-02 13:55:00,271 - Eye - INFO - ['Epoch:20, Iter: 20, Lr:0.00000039', 'Loss:0.0736', 'train_acc:99.92']
2021-05-02 13:55:09,487 - Eye - INFO - ['Epoch:20, Iter: 40, Lr:0.00000039', 'Loss:0.1044', 'train_acc:99.73']
2021-05-02 13:55:18,841 - Eye - INFO - ['Epoch:20, Iter: 60, Lr:0.00000039', 'Loss:0.0955', 'train_acc:99.71']
2021-05-02 13:55:28,176 - Eye - INFO - ['Epoch:20, Iter: 80, Lr:0.00000039', 'Loss:0.0755', 'train_acc:99.79']
2021-05-02 13:55:37,583 - Eye - INFO - ['Epoch:20, Iter:100, Lr:0.00000039', 'Loss:0.0890', 'train_acc:99.77']
2021-05-02 13:55:47,069 - Eye - INFO - ['Epoch:20, Iter:120, Lr:0.00000039', 'Loss:0.0961', 'train_acc:99.79']
2021-05-02 13:55:56,588 - Eye - INFO - ['Epoch:20, Iter:140, Lr:0.00000039', 'Loss:0.0667', 'train_acc:99.80']
2021-05-02 13:56:06,078 - Eye - INFO - ['Epoch:20, Iter:160, Lr:0.00000039', 'Loss:0.0827', 'train_acc:99.80']
2021-05-02 13:56:15,622 - Eye - INFO - ['Epoch:20, Iter:180, Lr:0.00000039', 'Loss:0.0715', 'train_acc:99.82']
2021-05-02 13:56:24,912 - Eye - INFO - ['Epoch:20, Iter:200, Lr:0.00000039', 'Loss:0.0871', 'train_acc:99.83']
2021-05-02 13:56:34,361 - Eye - INFO - ['Epoch:20, Iter:220, Lr:0.00000039', 'Loss:0.0780', 'train_acc:99.82']
2021-05-02 13:56:43,740 - Eye - INFO - ['Epoch:20, Iter:240, Lr:0.00000039', 'Loss:0.0987', 'train_acc:99.81']
2021-05-02 13:56:53,286 - Eye - INFO - ['Epoch:20, Iter:260, Lr:0.00000039', 'Loss:0.0731', 'train_acc:99.82']
2021-05-02 13:57:02,993 - Eye - INFO - ['Epoch:20, Iter:280, Lr:0.00000039', 'Loss:0.0881', 'train_acc:99.82']
2021-05-02 13:57:07,414 - Eye - INFO - ['Epoch:20, Lr:0.00000039, Cost:139.05s', 'Loss:0.1044', 'train_acc:99.82', 'val_acc:76.04', 'val_loss:0.26']
2021-05-02 13:57:19,304 - Eye - INFO - ['Epoch:21, Iter: 20, Lr:0.00000020', 'Loss:0.0693', 'train_acc:99.84']
2021-05-02 13:57:28,821 - Eye - INFO - ['Epoch:21, Iter: 40, Lr:0.00000020', 'Loss:0.1049', 'train_acc:99.84']
2021-05-02 13:57:37,977 - Eye - INFO - ['Epoch:21, Iter: 60, Lr:0.00000020', 'Loss:0.0779', 'train_acc:99.84']
2021-05-02 13:57:47,439 - Eye - INFO - ['Epoch:21, Iter: 80, Lr:0.00000020', 'Loss:0.1102', 'train_acc:99.77']
2021-05-02 13:57:56,936 - Eye - INFO - ['Epoch:21, Iter:100, Lr:0.00000020', 'Loss:0.0685', 'train_acc:99.75']
2021-05-02 13:58:06,457 - Eye - INFO - ['Epoch:21, Iter:120, Lr:0.00000020', 'Loss:0.0882', 'train_acc:99.78']
2021-05-02 13:58:15,993 - Eye - INFO - ['Epoch:21, Iter:140, Lr:0.00000020', 'Loss:0.0755', 'train_acc:99.79']
2021-05-02 13:58:25,230 - Eye - INFO - ['Epoch:21, Iter:160, Lr:0.00000020', 'Loss:0.0611', 'train_acc:99.79']
2021-05-02 13:58:34,714 - Eye - INFO - ['Epoch:21, Iter:180, Lr:0.00000020', 'Loss:0.0616', 'train_acc:99.80']
2021-05-02 13:58:44,232 - Eye - INFO - ['Epoch:21, Iter:200, Lr:0.00000020', 'Loss:0.0651', 'train_acc:99.82']
2021-05-02 13:58:53,599 - Eye - INFO - ['Epoch:21, Iter:220, Lr:0.00000020', 'Loss:0.0879', 'train_acc:99.82']
2021-05-02 13:59:03,075 - Eye - INFO - ['Epoch:21, Iter:240, Lr:0.00000020', 'Loss:0.0853', 'train_acc:99.82']
2021-05-02 13:59:12,551 - Eye - INFO - ['Epoch:21, Iter:260, Lr:0.00000020', 'Loss:0.0670', 'train_acc:99.82']
2021-05-02 13:59:22,237 - Eye - INFO - ['Epoch:21, Iter:280, Lr:0.00000020', 'Loss:0.0932', 'train_acc:99.82']
2021-05-02 13:59:26,715 - Eye - INFO - ['Epoch:21, Lr:0.00000020, Cost:139.21s', 'Loss:0.1559', 'train_acc:99.81', 'val_acc:74.48', 'val_loss:0.28']
2021-05-02 13:59:39,907 - Eye - INFO - ['Epoch:22, Iter: 20, Lr:0.00000020', 'Loss:0.0710', 'train_acc:99.92']
2021-05-02 13:59:49,139 - Eye - INFO - ['Epoch:22, Iter: 40, Lr:0.00000020', 'Loss:0.0980', 'train_acc:99.92']
2021-05-02 13:59:58,546 - Eye - INFO - ['Epoch:22, Iter: 60, Lr:0.00000020', 'Loss:0.0818', 'train_acc:99.95']
2021-05-02 14:00:07,964 - Eye - INFO - ['Epoch:22, Iter: 80, Lr:0.00000020', 'Loss:0.0908', 'train_acc:99.90']
2021-05-02 14:00:17,471 - Eye - INFO - ['Epoch:22, Iter:100, Lr:0.00000020', 'Loss:0.0985', 'train_acc:99.91']
2021-05-02 14:00:26,948 - Eye - INFO - ['Epoch:22, Iter:120, Lr:0.00000020', 'Loss:0.0577', 'train_acc:99.90']
2021-05-02 14:00:36,428 - Eye - INFO - ['Epoch:22, Iter:140, Lr:0.00000020', 'Loss:0.1115', 'train_acc:99.84']
2021-05-02 14:00:45,954 - Eye - INFO - ['Epoch:22, Iter:160, Lr:0.00000020', 'Loss:0.0796', 'train_acc:99.83']
2021-05-02 14:00:55,525 - Eye - INFO - ['Epoch:22, Iter:180, Lr:0.00000020', 'Loss:0.1094', 'train_acc:99.79']
2021-05-02 14:01:04,908 - Eye - INFO - ['Epoch:22, Iter:200, Lr:0.00000020', 'Loss:0.0845', 'train_acc:99.77']
2021-05-02 14:01:14,311 - Eye - INFO - ['Epoch:22, Iter:220, Lr:0.00000020', 'Loss:0.0584', 'train_acc:99.77']
2021-05-02 14:01:23,760 - Eye - INFO - ['Epoch:22, Iter:240, Lr:0.00000020', 'Loss:0.0605', 'train_acc:99.78']
2021-05-02 14:01:33,258 - Eye - INFO - ['Epoch:22, Iter:260, Lr:0.00000020', 'Loss:0.1012', 'train_acc:99.78']
2021-05-02 14:01:42,719 - Eye - INFO - ['Epoch:22, Iter:280, Lr:0.00000020', 'Loss:0.0759', 'train_acc:99.79']
2021-05-02 14:01:47,170 - Eye - INFO - ['Epoch:22, Lr:0.00000020, Cost:140.35s', 'Loss:0.0581', 'train_acc:99.79', 'val_acc:75.26', 'val_loss:0.23']
2021-05-02 14:01:59,235 - Eye - INFO - ['Epoch:23, Iter: 20, Lr:0.00000020', 'Loss:0.0979', 'train_acc:99.92']
2021-05-02 14:02:08,712 - Eye - INFO - ['Epoch:23, Iter: 40, Lr:0.00000020', 'Loss:0.1079', 'train_acc:99.88']
2021-05-02 14:02:18,151 - Eye - INFO - ['Epoch:23, Iter: 60, Lr:0.00000020', 'Loss:0.0734', 'train_acc:99.87']
2021-05-02 14:02:27,572 - Eye - INFO - ['Epoch:23, Iter: 80, Lr:0.00000020', 'Loss:0.0957', 'train_acc:99.90']
2021-05-02 14:02:37,073 - Eye - INFO - ['Epoch:23, Iter:100, Lr:0.00000020', 'Loss:0.2083', 'train_acc:99.91']
2021-05-02 14:02:46,503 - Eye - INFO - ['Epoch:23, Iter:120, Lr:0.00000020', 'Loss:0.1097', 'train_acc:99.90']
2021-05-02 14:02:56,020 - Eye - INFO - ['Epoch:23, Iter:140, Lr:0.00000020', 'Loss:0.0574', 'train_acc:99.89']
2021-05-02 14:03:05,461 - Eye - INFO - ['Epoch:23, Iter:160, Lr:0.00000020', 'Loss:0.0965', 'train_acc:99.82']
2021-05-02 14:03:14,787 - Eye - INFO - ['Epoch:23, Iter:180, Lr:0.00000020', 'Loss:0.0613', 'train_acc:99.84']
2021-05-02 14:03:24,332 - Eye - INFO - ['Epoch:23, Iter:200, Lr:0.00000020', 'Loss:0.0770', 'train_acc:99.83']
2021-05-02 14:03:33,876 - Eye - INFO - ['Epoch:23, Iter:220, Lr:0.00000020', 'Loss:0.0629', 'train_acc:99.84']
2021-05-02 14:03:43,454 - Eye - INFO - ['Epoch:23, Iter:240, Lr:0.00000020', 'Loss:0.1339', 'train_acc:99.82']
2021-05-02 14:03:52,915 - Eye - INFO - ['Epoch:23, Iter:260, Lr:0.00000020', 'Loss:0.0891', 'train_acc:99.82']
2021-05-02 14:04:02,499 - Eye - INFO - ['Epoch:23, Iter:280, Lr:0.00000020', 'Loss:0.1203', 'train_acc:99.82']
2021-05-02 14:04:07,052 - Eye - INFO - ['Epoch:23, Lr:0.00000020, Cost:139.80s', 'Loss:0.0778', 'train_acc:99.82', 'val_acc:75.26', 'val_loss:0.27']
2021-05-02 14:04:19,166 - Eye - INFO - ['Epoch:24, Iter: 20, Lr:0.00000020', 'Loss:0.0797', 'train_acc:99.92']
2021-05-02 14:04:28,651 - Eye - INFO - ['Epoch:24, Iter: 40, Lr:0.00000020', 'Loss:0.1088', 'train_acc:99.92']
2021-05-02 14:04:38,193 - Eye - INFO - ['Epoch:24, Iter: 60, Lr:0.00000020', 'Loss:0.1169', 'train_acc:99.92']
2021-05-02 14:04:47,759 - Eye - INFO - ['Epoch:24, Iter: 80, Lr:0.00000020', 'Loss:0.0901', 'train_acc:99.84']
2021-05-02 14:04:57,261 - Eye - INFO - ['Epoch:24, Iter:100, Lr:0.00000020', 'Loss:0.0584', 'train_acc:99.88']
2021-05-02 14:05:06,637 - Eye - INFO - ['Epoch:24, Iter:120, Lr:0.00000020', 'Loss:0.0999', 'train_acc:99.83']
2021-05-02 14:05:16,057 - Eye - INFO - ['Epoch:24, Iter:140, Lr:0.00000020', 'Loss:0.0679', 'train_acc:99.84']
2021-05-02 14:05:25,577 - Eye - INFO - ['Epoch:24, Iter:160, Lr:0.00000020', 'Loss:0.0630', 'train_acc:99.86']
2021-05-02 14:05:34,695 - Eye - INFO - ['Epoch:24, Iter:180, Lr:0.00000020', 'Loss:0.0811', 'train_acc:99.86']
2021-05-02 14:05:43,739 - Eye - INFO - ['Epoch:24, Iter:200, Lr:0.00000020', 'Loss:0.1068', 'train_acc:99.85']
2021-05-02 14:05:52,888 - Eye - INFO - ['Epoch:24, Iter:220, Lr:0.00000020', 'Loss:0.0631', 'train_acc:99.84']
2021-05-02 14:06:02,457 - Eye - INFO - ['Epoch:24, Iter:240, Lr:0.00000020', 'Loss:0.0643', 'train_acc:99.84']
2021-05-02 14:06:11,954 - Eye - INFO - ['Epoch:24, Iter:260, Lr:0.00000020', 'Loss:0.0623', 'train_acc:99.84']
2021-05-02 14:06:21,671 - Eye - INFO - ['Epoch:24, Iter:280, Lr:0.00000020', 'Loss:0.0684', 'train_acc:99.84']
2021-05-02 14:06:26,176 - Eye - INFO - ['Epoch:24, Lr:0.00000020, Cost:139.02s', 'Loss:0.0761', 'train_acc:99.84', 'val_acc:72.92', 'val_loss:0.32']
2021-05-02 14:06:38,140 - Eye - INFO - ['Epoch:25, Iter: 20, Lr:0.00000020', 'Loss:0.0803', 'train_acc:99.53']
2021-05-02 14:06:47,294 - Eye - INFO - ['Epoch:25, Iter: 40, Lr:0.00000020', 'Loss:0.0710', 'train_acc:99.69']
2021-05-02 14:06:56,543 - Eye - INFO - ['Epoch:25, Iter: 60, Lr:0.00000020', 'Loss:0.0907', 'train_acc:99.74']
2021-05-02 14:07:05,887 - Eye - INFO - ['Epoch:25, Iter: 80, Lr:0.00000020', 'Loss:0.0524', 'train_acc:99.80']
2021-05-02 14:07:15,175 - Eye - INFO - ['Epoch:25, Iter:100, Lr:0.00000020', 'Loss:0.0989', 'train_acc:99.84']
2021-05-02 14:07:24,462 - Eye - INFO - ['Epoch:25, Iter:120, Lr:0.00000020', 'Loss:0.0755', 'train_acc:99.84']
2021-05-02 14:07:33,827 - Eye - INFO - ['Epoch:25, Iter:140, Lr:0.00000020', 'Loss:0.0716', 'train_acc:99.84']
2021-05-02 14:07:43,257 - Eye - INFO - ['Epoch:25, Iter:160, Lr:0.00000020', 'Loss:0.0572', 'train_acc:99.84']
2021-05-02 14:07:52,703 - Eye - INFO - ['Epoch:25, Iter:180, Lr:0.00000020', 'Loss:0.0505', 'train_acc:99.84']
2021-05-02 14:08:02,042 - Eye - INFO - ['Epoch:25, Iter:200, Lr:0.00000020', 'Loss:0.0683', 'train_acc:99.83']
2021-05-02 14:08:11,334 - Eye - INFO - ['Epoch:25, Iter:220, Lr:0.00000020', 'Loss:0.1010', 'train_acc:99.80']
2021-05-02 14:08:20,608 - Eye - INFO - ['Epoch:25, Iter:240, Lr:0.00000020', 'Loss:0.0735', 'train_acc:99.80']
2021-05-02 14:08:30,041 - Eye - INFO - ['Epoch:25, Iter:260, Lr:0.00000020', 'Loss:0.1221', 'train_acc:99.81']
2021-05-02 14:08:39,370 - Eye - INFO - ['Epoch:25, Iter:280, Lr:0.00000020', 'Loss:0.0720', 'train_acc:99.80']
2021-05-02 14:08:43,980 - Eye - INFO - ['Epoch:25, Lr:0.00000020, Cost:137.72s', 'Loss:0.0742', 'train_acc:99.81', 'val_acc:76.04', 'val_loss:0.23']
2021-05-02 14:08:55,833 - Eye - INFO - ['Epoch:26, Iter: 20, Lr:0.00000010', 'Loss:0.0723', 'train_acc:99.61']
2021-05-02 14:09:05,313 - Eye - INFO - ['Epoch:26, Iter: 40, Lr:0.00000010', 'Loss:0.1167', 'train_acc:99.77']
2021-05-02 14:09:14,819 - Eye - INFO - ['Epoch:26, Iter: 60, Lr:0.00000010', 'Loss:0.0914', 'train_acc:99.77']
2021-05-02 14:09:24,381 - Eye - INFO - ['Epoch:26, Iter: 80, Lr:0.00000010', 'Loss:0.0909', 'train_acc:99.80']
2021-05-02 14:09:33,744 - Eye - INFO - ['Epoch:26, Iter:100, Lr:0.00000010', 'Loss:0.0815', 'train_acc:99.78']
2021-05-02 14:09:43,126 - Eye - INFO - ['Epoch:26, Iter:120, Lr:0.00000010', 'Loss:0.1285', 'train_acc:99.79']
2021-05-02 14:09:52,337 - Eye - INFO - ['Epoch:26, Iter:140, Lr:0.00000010', 'Loss:0.0785', 'train_acc:99.81']
2021-05-02 14:10:01,866 - Eye - INFO - ['Epoch:26, Iter:160, Lr:0.00000010', 'Loss:0.0625', 'train_acc:99.81']
2021-05-02 14:10:11,421 - Eye - INFO - ['Epoch:26, Iter:180, Lr:0.00000010', 'Loss:0.0853', 'train_acc:99.84']
2021-05-02 14:10:20,979 - Eye - INFO - ['Epoch:26, Iter:200, Lr:0.00000010', 'Loss:0.0491', 'train_acc:99.82']
2021-05-02 14:10:30,390 - Eye - INFO - ['Epoch:26, Iter:220, Lr:0.00000010', 'Loss:0.0680', 'train_acc:99.80']
2021-05-02 14:10:39,766 - Eye - INFO - ['Epoch:26, Iter:240, Lr:0.00000010', 'Loss:0.0753', 'train_acc:99.81']
2021-05-02 14:10:49,029 - Eye - INFO - ['Epoch:26, Iter:260, Lr:0.00000010', 'Loss:0.0834', 'train_acc:99.82']
2021-05-02 14:10:58,427 - Eye - INFO - ['Epoch:26, Iter:280, Lr:0.00000010', 'Loss:0.0653', 'train_acc:99.83']
2021-05-02 14:11:02,845 - Eye - INFO - ['Epoch:26, Lr:0.00000010, Cost:138.78s', 'Loss:0.0668', 'train_acc:99.83', 'val_acc:75.78', 'val_loss:0.25']
2021-05-02 14:11:14,726 - Eye - INFO - ['Epoch:27, Iter: 20, Lr:0.00000010', 'Loss:0.0822', 'train_acc:99.84']
2021-05-02 14:11:24,245 - Eye - INFO - ['Epoch:27, Iter: 40, Lr:0.00000010', 'Loss:0.0782', 'train_acc:99.88']
2021-05-02 14:11:33,692 - Eye - INFO - ['Epoch:27, Iter: 60, Lr:0.00000010', 'Loss:0.0645', 'train_acc:99.90']
2021-05-02 14:11:43,153 - Eye - INFO - ['Epoch:27, Iter: 80, Lr:0.00000010', 'Loss:0.0805', 'train_acc:99.84']
2021-05-02 14:11:52,635 - Eye - INFO - ['Epoch:27, Iter:100, Lr:0.00000010', 'Loss:0.0874', 'train_acc:99.84']
2021-05-02 14:12:02,103 - Eye - INFO - ['Epoch:27, Iter:120, Lr:0.00000010', 'Loss:0.0546', 'train_acc:99.86']
2021-05-02 14:12:11,627 - Eye - INFO - ['Epoch:27, Iter:140, Lr:0.00000010', 'Loss:0.1189', 'train_acc:99.87']
2021-05-02 14:12:21,137 - Eye - INFO - ['Epoch:27, Iter:160, Lr:0.00000010', 'Loss:0.1231', 'train_acc:99.84']
2021-05-02 14:12:30,635 - Eye - INFO - ['Epoch:27, Iter:180, Lr:0.00000010', 'Loss:0.0960', 'train_acc:99.85']
2021-05-02 14:12:40,172 - Eye - INFO - ['Epoch:27, Iter:200, Lr:0.00000010', 'Loss:0.0856', 'train_acc:99.87']
2021-05-02 14:12:49,497 - Eye - INFO - ['Epoch:27, Iter:220, Lr:0.00000010', 'Loss:0.0929', 'train_acc:99.87']
2021-05-02 14:12:58,858 - Eye - INFO - ['Epoch:27, Iter:240, Lr:0.00000010', 'Loss:0.0737', 'train_acc:99.86']
2021-05-02 14:13:08,281 - Eye - INFO - ['Epoch:27, Iter:260, Lr:0.00000010', 'Loss:0.0761', 'train_acc:99.83']
2021-05-02 14:13:17,982 - Eye - INFO - ['Epoch:27, Iter:280, Lr:0.00000010', 'Loss:0.0628', 'train_acc:99.80']
2021-05-02 14:13:22,549 - Eye - INFO - ['Epoch:27, Lr:0.00000010, Cost:139.62s', 'Loss:0.0883', 'train_acc:99.81', 'val_acc:75.00', 'val_loss:0.29']
2021-05-02 14:13:36,123 - Eye - INFO - ['Epoch:28, Iter: 20, Lr:0.00000010', 'Loss:0.1010', 'train_acc:100.00']
2021-05-02 14:13:45,454 - Eye - INFO - ['Epoch:28, Iter: 40, Lr:0.00000010', 'Loss:0.0889', 'train_acc:99.92']
2021-05-02 14:13:54,937 - Eye - INFO - ['Epoch:28, Iter: 60, Lr:0.00000010', 'Loss:0.1040', 'train_acc:99.90']
2021-05-02 14:14:04,387 - Eye - INFO - ['Epoch:28, Iter: 80, Lr:0.00000010', 'Loss:0.0686', 'train_acc:99.80']
2021-05-02 14:14:13,877 - Eye - INFO - ['Epoch:28, Iter:100, Lr:0.00000010', 'Loss:0.0635', 'train_acc:99.84']
2021-05-02 14:14:23,253 - Eye - INFO - ['Epoch:28, Iter:120, Lr:0.00000010', 'Loss:0.0805', 'train_acc:99.86']
2021-05-02 14:14:32,804 - Eye - INFO - ['Epoch:28, Iter:140, Lr:0.00000010', 'Loss:0.0633', 'train_acc:99.85']
2021-05-02 14:14:42,312 - Eye - INFO - ['Epoch:28, Iter:160, Lr:0.00000010', 'Loss:0.1038', 'train_acc:99.86']
2021-05-02 14:14:51,398 - Eye - INFO - ['Epoch:28, Iter:180, Lr:0.00000010', 'Loss:0.0741', 'train_acc:99.88']
2021-05-02 14:15:00,910 - Eye - INFO - ['Epoch:28, Iter:200, Lr:0.00000010', 'Loss:0.0790', 'train_acc:99.87']
2021-05-02 14:15:10,518 - Eye - INFO - ['Epoch:28, Iter:220, Lr:0.00000010', 'Loss:0.0757', 'train_acc:99.87']
2021-05-02 14:15:19,820 - Eye - INFO - ['Epoch:28, Iter:240, Lr:0.00000010', 'Loss:0.0810', 'train_acc:99.87']
2021-05-02 14:15:29,335 - Eye - INFO - ['Epoch:28, Iter:260, Lr:0.00000010', 'Loss:0.0761', 'train_acc:99.85']
2021-05-02 14:15:38,985 - Eye - INFO - ['Epoch:28, Iter:280, Lr:0.00000010', 'Loss:0.1084', 'train_acc:99.84']
2021-05-02 14:15:43,515 - Eye - INFO - ['Epoch:28, Lr:0.00000010, Cost:140.86s', 'Loss:0.0742', 'train_acc:99.84', 'val_acc:75.78', 'val_loss:0.27']
2021-05-02 14:15:55,760 - Eye - INFO - ['Epoch:29, Iter: 20, Lr:0.00000010', 'Loss:0.0683', 'train_acc:99.92']
2021-05-02 14:16:05,312 - Eye - INFO - ['Epoch:29, Iter: 40, Lr:0.00000010', 'Loss:0.1313', 'train_acc:99.88']
2021-05-02 14:16:14,787 - Eye - INFO - ['Epoch:29, Iter: 60, Lr:0.00000010', 'Loss:0.0738', 'train_acc:99.84']
2021-05-02 14:16:24,271 - Eye - INFO - ['Epoch:29, Iter: 80, Lr:0.00000010', 'Loss:0.1058', 'train_acc:99.80']
2021-05-02 14:16:33,867 - Eye - INFO - ['Epoch:29, Iter:100, Lr:0.00000010', 'Loss:0.0753', 'train_acc:99.80']
2021-05-02 14:16:43,185 - Eye - INFO - ['Epoch:29, Iter:120, Lr:0.00000010', 'Loss:0.0942', 'train_acc:99.80']
2021-05-02 14:16:52,746 - Eye - INFO - ['Epoch:29, Iter:140, Lr:0.00000010', 'Loss:0.0842', 'train_acc:99.83']
2021-05-02 14:17:02,264 - Eye - INFO - ['Epoch:29, Iter:160, Lr:0.00000010', 'Loss:0.0592', 'train_acc:99.82']
2021-05-02 14:17:11,794 - Eye - INFO - ['Epoch:29, Iter:180, Lr:0.00000010', 'Loss:0.0715', 'train_acc:99.84']
2021-05-02 14:17:21,329 - Eye - INFO - ['Epoch:29, Iter:200, Lr:0.00000010', 'Loss:0.0680', 'train_acc:99.84']
2021-05-02 14:17:30,888 - Eye - INFO - ['Epoch:29, Iter:220, Lr:0.00000010', 'Loss:0.0905', 'train_acc:99.85']
2021-05-02 14:17:40,414 - Eye - INFO - ['Epoch:29, Iter:240, Lr:0.00000010', 'Loss:0.1256', 'train_acc:99.85']
2021-05-02 14:17:49,872 - Eye - INFO - ['Epoch:29, Iter:260, Lr:0.00000010', 'Loss:0.1885', 'train_acc:99.85']
2021-05-02 14:17:59,505 - Eye - INFO - ['Epoch:29, Iter:280, Lr:0.00000010', 'Loss:0.0710', 'train_acc:99.85']
2021-05-02 14:18:04,035 - Eye - INFO - ['Epoch:29, Lr:0.00000010, Cost:140.42s', 'Loss:0.0539', 'train_acc:99.86', 'val_acc:75.52', 'val_loss:0.26']
2021-05-02 14:18:16,177 - Eye - INFO - ['Epoch:30, Iter: 20, Lr:0.00000010', 'Loss:0.1187', 'train_acc:99.84']
2021-05-02 14:18:25,647 - Eye - INFO - ['Epoch:30, Iter: 40, Lr:0.00000010', 'Loss:0.0962', 'train_acc:99.84']
2021-05-02 14:18:35,211 - Eye - INFO - ['Epoch:30, Iter: 60, Lr:0.00000010', 'Loss:0.1066', 'train_acc:99.87']
2021-05-02 14:18:44,797 - Eye - INFO - ['Epoch:30, Iter: 80, Lr:0.00000010', 'Loss:0.0895', 'train_acc:99.88']
2021-05-02 14:18:54,212 - Eye - INFO - ['Epoch:30, Iter:100, Lr:0.00000010', 'Loss:0.0909', 'train_acc:99.88']
2021-05-02 14:19:03,592 - Eye - INFO - ['Epoch:30, Iter:120, Lr:0.00000010', 'Loss:0.0803', 'train_acc:99.87']
2021-05-02 14:19:12,989 - Eye - INFO - ['Epoch:30, Iter:140, Lr:0.00000010', 'Loss:0.0739', 'train_acc:99.88']
2021-05-02 14:19:22,318 - Eye - INFO - ['Epoch:30, Iter:160, Lr:0.00000010', 'Loss:0.0984', 'train_acc:99.88']
2021-05-02 14:19:31,738 - Eye - INFO - ['Epoch:30, Iter:180, Lr:0.00000010', 'Loss:0.0818', 'train_acc:99.87']
2021-05-02 14:19:41,165 - Eye - INFO - ['Epoch:30, Iter:200, Lr:0.00000010', 'Loss:0.0865', 'train_acc:99.87']
2021-05-02 14:19:50,493 - Eye - INFO - ['Epoch:30, Iter:220, Lr:0.00000010', 'Loss:0.0925', 'train_acc:99.87']
2021-05-02 14:19:59,802 - Eye - INFO - ['Epoch:30, Iter:240, Lr:0.00000010', 'Loss:0.0912', 'train_acc:99.88']
2021-05-02 14:20:09,366 - Eye - INFO - ['Epoch:30, Iter:260, Lr:0.00000010', 'Loss:0.0850', 'train_acc:99.89']
2021-05-02 14:20:19,034 - Eye - INFO - ['Epoch:30, Iter:280, Lr:0.00000010', 'Loss:0.0761', 'train_acc:99.89']
2021-05-02 14:20:23,529 - Eye - INFO - ['Epoch:30, Lr:0.00000010, Cost:139.41s', 'Loss:0.0956', 'train_acc:99.89', 'val_acc:75.52', 'val_loss:0.26']
2021-05-02 14:20:35,348 - Eye - INFO - ['Epoch:31, Iter: 20, Lr:0.00000005', 'Loss:0.0697', 'train_acc:99.92']
2021-05-02 14:20:44,771 - Eye - INFO - ['Epoch:31, Iter: 40, Lr:0.00000005', 'Loss:0.0748', 'train_acc:99.88']
2021-05-02 14:20:54,136 - Eye - INFO - ['Epoch:31, Iter: 60, Lr:0.00000005', 'Loss:0.0621', 'train_acc:99.90']
2021-05-02 14:21:03,438 - Eye - INFO - ['Epoch:31, Iter: 80, Lr:0.00000005', 'Loss:0.0647', 'train_acc:99.92']
2021-05-02 14:21:12,756 - Eye - INFO - ['Epoch:31, Iter:100, Lr:0.00000005', 'Loss:0.0736', 'train_acc:99.89']
2021-05-02 14:21:22,354 - Eye - INFO - ['Epoch:31, Iter:120, Lr:0.00000005', 'Loss:0.0977', 'train_acc:99.90']
2021-05-02 14:21:31,599 - Eye - INFO - ['Epoch:31, Iter:140, Lr:0.00000005', 'Loss:0.0530', 'train_acc:99.91']
2021-05-02 14:21:40,932 - Eye - INFO - ['Epoch:31, Iter:160, Lr:0.00000005', 'Loss:0.0591', 'train_acc:99.90']
2021-05-02 14:21:50,318 - Eye - INFO - ['Epoch:31, Iter:180, Lr:0.00000005', 'Loss:0.0695', 'train_acc:99.90']
2021-05-02 14:21:59,698 - Eye - INFO - ['Epoch:31, Iter:200, Lr:0.00000005', 'Loss:0.0882', 'train_acc:99.86']
2021-05-02 14:22:09,091 - Eye - INFO - ['Epoch:31, Iter:220, Lr:0.00000005', 'Loss:0.0673', 'train_acc:99.86']
2021-05-02 14:22:18,652 - Eye - INFO - ['Epoch:31, Iter:240, Lr:0.00000005', 'Loss:0.0741', 'train_acc:99.87']
2021-05-02 14:22:28,243 - Eye - INFO - ['Epoch:31, Iter:260, Lr:0.00000005', 'Loss:0.0761', 'train_acc:99.87']
2021-05-02 14:22:37,571 - Eye - INFO - ['Epoch:31, Iter:280, Lr:0.00000005', 'Loss:0.1058', 'train_acc:99.88']
2021-05-02 14:22:42,091 - Eye - INFO - ['Epoch:31, Lr:0.00000005, Cost:138.47s', 'Loss:0.0615', 'train_acc:99.88', 'val_acc:75.26', 'val_loss:0.31']
2021-05-02 14:22:54,306 - Eye - INFO - ['Epoch:32, Iter: 20, Lr:0.00000005', 'Loss:0.0662', 'train_acc:99.92']
2021-05-02 14:23:03,656 - Eye - INFO - ['Epoch:32, Iter: 40, Lr:0.00000005', 'Loss:0.0604', 'train_acc:99.92']
2021-05-02 14:23:13,011 - Eye - INFO - ['Epoch:32, Iter: 60, Lr:0.00000005', 'Loss:0.0648', 'train_acc:99.92']
2021-05-02 14:23:22,465 - Eye - INFO - ['Epoch:32, Iter: 80, Lr:0.00000005', 'Loss:0.1028', 'train_acc:99.86']
2021-05-02 14:23:31,834 - Eye - INFO - ['Epoch:32, Iter:100, Lr:0.00000005', 'Loss:0.0775', 'train_acc:99.88']
2021-05-02 14:23:41,180 - Eye - INFO - ['Epoch:32, Iter:120, Lr:0.00000005', 'Loss:0.0583', 'train_acc:99.83']
2021-05-02 14:23:50,752 - Eye - INFO - ['Epoch:32, Iter:140, Lr:0.00000005', 'Loss:0.0875', 'train_acc:99.84']
2021-05-02 14:24:00,067 - Eye - INFO - ['Epoch:32, Iter:160, Lr:0.00000005', 'Loss:0.0802', 'train_acc:99.85']
2021-05-02 14:24:09,543 - Eye - INFO - ['Epoch:32, Iter:180, Lr:0.00000005', 'Loss:0.1038', 'train_acc:99.84']
2021-05-02 14:24:18,992 - Eye - INFO - ['Epoch:32, Iter:200, Lr:0.00000005', 'Loss:0.0661', 'train_acc:99.84']
2021-05-02 14:24:28,510 - Eye - INFO - ['Epoch:32, Iter:220, Lr:0.00000005', 'Loss:0.0832', 'train_acc:99.85']
2021-05-02 14:24:37,939 - Eye - INFO - ['Epoch:32, Iter:240, Lr:0.00000005', 'Loss:0.0612', 'train_acc:99.84']
2021-05-02 14:24:47,431 - Eye - INFO - ['Epoch:32, Iter:260, Lr:0.00000005', 'Loss:0.0748', 'train_acc:99.85']
2021-05-02 14:24:56,925 - Eye - INFO - ['Epoch:32, Iter:280, Lr:0.00000005', 'Loss:0.0660', 'train_acc:99.84']
2021-05-02 14:25:01,399 - Eye - INFO - ['Epoch:32, Lr:0.00000005, Cost:139.18s', 'Loss:0.0587', 'train_acc:99.84', 'val_acc:75.26', 'val_loss:0.29']
2021-05-02 14:25:13,662 - Eye - INFO - ['Epoch:33, Iter: 20, Lr:0.00000005', 'Loss:0.1510', 'train_acc:99.84']
2021-05-02 14:25:23,212 - Eye - INFO - ['Epoch:33, Iter: 40, Lr:0.00000005', 'Loss:0.0737', 'train_acc:99.92']
2021-05-02 14:25:32,633 - Eye - INFO - ['Epoch:33, Iter: 60, Lr:0.00000005', 'Loss:0.0640', 'train_acc:99.92']
2021-05-02 14:25:41,838 - Eye - INFO - ['Epoch:33, Iter: 80, Lr:0.00000005', 'Loss:0.0995', 'train_acc:99.94']
2021-05-02 14:25:51,400 - Eye - INFO - ['Epoch:33, Iter:100, Lr:0.00000005', 'Loss:0.1020', 'train_acc:99.94']
2021-05-02 14:26:00,866 - Eye - INFO - ['Epoch:33, Iter:120, Lr:0.00000005', 'Loss:0.0699', 'train_acc:99.91']
2021-05-02 14:26:10,326 - Eye - INFO - ['Epoch:33, Iter:140, Lr:0.00000005', 'Loss:0.0833', 'train_acc:99.89']
2021-05-02 14:26:19,761 - Eye - INFO - ['Epoch:33, Iter:160, Lr:0.00000005', 'Loss:0.0688', 'train_acc:99.90']
2021-05-02 14:26:29,052 - Eye - INFO - ['Epoch:33, Iter:180, Lr:0.00000005', 'Loss:0.1031', 'train_acc:99.87']
2021-05-02 14:26:38,682 - Eye - INFO - ['Epoch:33, Iter:200, Lr:0.00000005', 'Loss:0.1304', 'train_acc:99.87']
2021-05-02 14:26:48,207 - Eye - INFO - ['Epoch:33, Iter:220, Lr:0.00000005', 'Loss:0.0668', 'train_acc:99.87']
2021-05-02 14:26:57,741 - Eye - INFO - ['Epoch:33, Iter:240, Lr:0.00000005', 'Loss:0.1073', 'train_acc:99.88']
2021-05-02 14:27:07,152 - Eye - INFO - ['Epoch:33, Iter:260, Lr:0.00000005', 'Loss:0.0981', 'train_acc:99.87']
2021-05-02 14:27:16,523 - Eye - INFO - ['Epoch:33, Iter:280, Lr:0.00000005', 'Loss:0.0574', 'train_acc:99.88']
2021-05-02 14:27:20,851 - Eye - INFO - ['Epoch:33, Lr:0.00000005, Cost:139.35s', 'Loss:0.0977', 'train_acc:99.88', 'val_acc:74.74', 'val_loss:0.31']
2021-05-02 14:27:32,671 - Eye - INFO - ['Epoch:34, Iter: 20, Lr:0.00000005', 'Loss:0.1084', 'train_acc:99.77']
2021-05-02 14:27:42,172 - Eye - INFO - ['Epoch:34, Iter: 40, Lr:0.00000005', 'Loss:0.0794', 'train_acc:99.84']
2021-05-02 14:27:51,211 - Eye - INFO - ['Epoch:34, Iter: 60, Lr:0.00000005', 'Loss:0.0852', 'train_acc:99.84']
2021-05-02 14:28:00,414 - Eye - INFO - ['Epoch:34, Iter: 80, Lr:0.00000005', 'Loss:0.0817', 'train_acc:99.84']
2021-05-02 14:28:09,996 - Eye - INFO - ['Epoch:34, Iter:100, Lr:0.00000005', 'Loss:0.0726', 'train_acc:99.88']
2021-05-02 14:28:19,484 - Eye - INFO - ['Epoch:34, Iter:120, Lr:0.00000005', 'Loss:0.0581', 'train_acc:99.87']
2021-05-02 14:28:28,824 - Eye - INFO - ['Epoch:34, Iter:140, Lr:0.00000005', 'Loss:0.1192', 'train_acc:99.87']
2021-05-02 14:28:38,419 - Eye - INFO - ['Epoch:34, Iter:160, Lr:0.00000005', 'Loss:0.0704', 'train_acc:99.84']
2021-05-02 14:28:47,957 - Eye - INFO - ['Epoch:34, Iter:180, Lr:0.00000005', 'Loss:0.1137', 'train_acc:99.85']
2021-05-02 14:28:57,559 - Eye - INFO - ['Epoch:34, Iter:200, Lr:0.00000005', 'Loss:0.0769', 'train_acc:99.86']
2021-05-02 14:29:06,876 - Eye - INFO - ['Epoch:34, Iter:220, Lr:0.00000005', 'Loss:0.0944', 'train_acc:99.85']
2021-05-02 14:29:16,108 - Eye - INFO - ['Epoch:34, Iter:240, Lr:0.00000005', 'Loss:0.0390', 'train_acc:99.85']
2021-05-02 14:29:25,626 - Eye - INFO - ['Epoch:34, Iter:260, Lr:0.00000005', 'Loss:0.0509', 'train_acc:99.85']
2021-05-02 14:29:35,389 - Eye - INFO - ['Epoch:34, Iter:280, Lr:0.00000005', 'Loss:0.1015', 'train_acc:99.85']
2021-05-02 14:29:39,884 - Eye - INFO - ['Epoch:34, Lr:0.00000005, Cost:138.93s', 'Loss:0.0691', 'train_acc:99.85', 'val_acc:75.26', 'val_loss:0.29']
2021-05-02 14:29:51,906 - Eye - INFO - ['Epoch:35, Iter: 20, Lr:0.00000005', 'Loss:0.0630', 'train_acc:99.61']
2021-05-02 14:30:01,387 - Eye - INFO - ['Epoch:35, Iter: 40, Lr:0.00000005', 'Loss:0.0966', 'train_acc:99.80']
2021-05-02 14:30:10,903 - Eye - INFO - ['Epoch:35, Iter: 60, Lr:0.00000005', 'Loss:0.0528', 'train_acc:99.82']
2021-05-02 14:30:20,180 - Eye - INFO - ['Epoch:35, Iter: 80, Lr:0.00000005', 'Loss:0.0644', 'train_acc:99.82']
2021-05-02 14:30:29,655 - Eye - INFO - ['Epoch:35, Iter:100, Lr:0.00000005', 'Loss:0.0747', 'train_acc:99.83']
2021-05-02 14:30:38,950 - Eye - INFO - ['Epoch:35, Iter:120, Lr:0.00000005', 'Loss:0.0633', 'train_acc:99.84']
2021-05-02 14:30:48,355 - Eye - INFO - ['Epoch:35, Iter:140, Lr:0.00000005', 'Loss:0.0970', 'train_acc:99.81']
2021-05-02 14:30:58,174 - Eye - INFO - ['Epoch:35, Iter:160, Lr:0.00000005', 'Loss:0.0918', 'train_acc:99.77']
2021-05-02 14:31:07,709 - Eye - INFO - ['Epoch:35, Iter:180, Lr:0.00000005', 'Loss:0.0753', 'train_acc:99.78']
2021-05-02 14:31:17,216 - Eye - INFO - ['Epoch:35, Iter:200, Lr:0.00000005', 'Loss:0.1172', 'train_acc:99.79']
2021-05-02 14:31:26,876 - Eye - INFO - ['Epoch:35, Iter:220, Lr:0.00000005', 'Loss:0.0776', 'train_acc:99.81']
2021-05-02 14:31:36,210 - Eye - INFO - ['Epoch:35, Iter:240, Lr:0.00000005', 'Loss:0.0689', 'train_acc:99.80']
2021-05-02 14:31:45,192 - Eye - INFO - ['Epoch:35, Iter:260, Lr:0.00000005', 'Loss:0.1304', 'train_acc:99.82']
2021-05-02 14:31:54,969 - Eye - INFO - ['Epoch:35, Iter:280, Lr:0.00000005', 'Loss:0.0709', 'train_acc:99.79']
2021-05-02 14:31:59,546 - Eye - INFO - ['Epoch:35, Lr:0.00000005, Cost:139.58s', 'Loss:0.1229', 'train_acc:99.79', 'val_acc:75.26', 'val_loss:0.30']
2021-05-02 14:32:11,588 - Eye - INFO - ['Epoch:36, Iter: 20, Lr:0.00000005', 'Loss:0.0887', 'train_acc:99.69']
2021-05-02 14:32:21,160 - Eye - INFO - ['Epoch:36, Iter: 40, Lr:0.00000005', 'Loss:0.0908', 'train_acc:99.77']
2021-05-02 14:32:30,607 - Eye - INFO - ['Epoch:36, Iter: 60, Lr:0.00000005', 'Loss:0.0577', 'train_acc:99.74']
2021-05-02 14:32:40,132 - Eye - INFO - ['Epoch:36, Iter: 80, Lr:0.00000005', 'Loss:0.1227', 'train_acc:99.73']
2021-05-02 14:32:49,666 - Eye - INFO - ['Epoch:36, Iter:100, Lr:0.00000005', 'Loss:0.0699', 'train_acc:99.75']
2021-05-02 14:32:58,619 - Eye - INFO - ['Epoch:36, Iter:120, Lr:0.00000005', 'Loss:0.0936', 'train_acc:99.79']
2021-05-02 14:33:08,066 - Eye - INFO - ['Epoch:36, Iter:140, Lr:0.00000005', 'Loss:0.1204', 'train_acc:99.78']
2021-05-02 14:33:17,615 - Eye - INFO - ['Epoch:36, Iter:160, Lr:0.00000005', 'Loss:0.0600', 'train_acc:99.77']
2021-05-02 14:33:27,179 - Eye - INFO - ['Epoch:36, Iter:180, Lr:0.00000005', 'Loss:0.0715', 'train_acc:99.79']
2021-05-02 14:33:36,747 - Eye - INFO - ['Epoch:36, Iter:200, Lr:0.00000005', 'Loss:0.0836', 'train_acc:99.79']
2021-05-02 14:33:46,204 - Eye - INFO - ['Epoch:36, Iter:220, Lr:0.00000005', 'Loss:0.0794', 'train_acc:99.78']
2021-05-02 14:33:55,584 - Eye - INFO - ['Epoch:36, Iter:240, Lr:0.00000005', 'Loss:0.1315', 'train_acc:99.77']
2021-05-02 14:34:04,962 - Eye - INFO - ['Epoch:36, Iter:260, Lr:0.00000005', 'Loss:0.1645', 'train_acc:99.76']
2021-05-02 14:34:14,181 - Eye - INFO - ['Epoch:36, Iter:280, Lr:0.00000005', 'Loss:0.0681', 'train_acc:99.77']
2021-05-02 14:34:18,557 - Eye - INFO - ['Epoch:36, Lr:0.00000005, Cost:138.91s', 'Loss:0.0871', 'train_acc:99.77', 'val_acc:75.52', 'val_loss:0.26']
2021-05-02 14:34:30,861 - Eye - INFO - ['Epoch:37, Iter: 20, Lr:0.00000005', 'Loss:0.0810', 'train_acc:99.84']
2021-05-02 14:34:40,393 - Eye - INFO - ['Epoch:37, Iter: 40, Lr:0.00000005', 'Loss:0.0623', 'train_acc:99.80']
2021-05-02 14:34:49,845 - Eye - INFO - ['Epoch:37, Iter: 60, Lr:0.00000005', 'Loss:0.0854', 'train_acc:99.82']
2021-05-02 14:34:59,297 - Eye - INFO - ['Epoch:37, Iter: 80, Lr:0.00000005', 'Loss:0.0728', 'train_acc:99.84']
2021-05-02 14:35:08,627 - Eye - INFO - ['Epoch:37, Iter:100, Lr:0.00000005', 'Loss:0.1104', 'train_acc:99.88']
2021-05-02 14:35:18,119 - Eye - INFO - ['Epoch:37, Iter:120, Lr:0.00000005', 'Loss:0.0697', 'train_acc:99.88']
2021-05-02 14:35:27,293 - Eye - INFO - ['Epoch:37, Iter:140, Lr:0.00000005', 'Loss:0.0712', 'train_acc:99.88']
2021-05-02 14:35:36,786 - Eye - INFO - ['Epoch:37, Iter:160, Lr:0.00000005', 'Loss:0.0875', 'train_acc:99.88']
2021-05-02 14:35:46,123 - Eye - INFO - ['Epoch:37, Iter:180, Lr:0.00000005', 'Loss:0.0866', 'train_acc:99.89']
2021-05-02 14:35:55,504 - Eye - INFO - ['Epoch:37, Iter:200, Lr:0.00000005', 'Loss:0.0913', 'train_acc:99.90']
2021-05-02 14:36:04,925 - Eye - INFO - ['Epoch:37, Iter:220, Lr:0.00000005', 'Loss:0.0606', 'train_acc:99.89']
2021-05-02 14:36:14,374 - Eye - INFO - ['Epoch:37, Iter:240, Lr:0.00000005', 'Loss:0.1485', 'train_acc:99.90']
2021-05-02 14:36:23,611 - Eye - INFO - ['Epoch:37, Iter:260, Lr:0.00000005', 'Loss:0.0846', 'train_acc:99.88']
2021-05-02 14:36:33,285 - Eye - INFO - ['Epoch:37, Iter:280, Lr:0.00000005', 'Loss:0.0836', 'train_acc:99.88']
2021-05-02 14:36:37,732 - Eye - INFO - ['Epoch:37, Lr:0.00000005, Cost:139.09s', 'Loss:0.1016', 'train_acc:99.88', 'val_acc:75.78', 'val_loss:0.30']
2021-05-02 14:36:49,585 - Eye - INFO - ['Epoch:38, Iter: 20, Lr:0.00000005', 'Loss:0.0856', 'train_acc:99.84']
2021-05-02 14:36:59,028 - Eye - INFO - ['Epoch:38, Iter: 40, Lr:0.00000005', 'Loss:0.0818', 'train_acc:99.77']
2021-05-02 14:37:08,626 - Eye - INFO - ['Epoch:38, Iter: 60, Lr:0.00000005', 'Loss:0.1277', 'train_acc:99.82']
2021-05-02 14:37:18,192 - Eye - INFO - ['Epoch:38, Iter: 80, Lr:0.00000005', 'Loss:0.0515', 'train_acc:99.86']
2021-05-02 14:37:27,490 - Eye - INFO - ['Epoch:38, Iter:100, Lr:0.00000005', 'Loss:0.0946', 'train_acc:99.86']
2021-05-02 14:37:36,992 - Eye - INFO - ['Epoch:38, Iter:120, Lr:0.00000005', 'Loss:0.0789', 'train_acc:99.78']
2021-05-02 14:37:46,657 - Eye - INFO - ['Epoch:38, Iter:140, Lr:0.00000005', 'Loss:0.0699', 'train_acc:99.78']
2021-05-02 14:37:56,065 - Eye - INFO - ['Epoch:38, Iter:160, Lr:0.00000005', 'Loss:0.0580', 'train_acc:99.79']
2021-05-02 14:38:05,476 - Eye - INFO - ['Epoch:38, Iter:180, Lr:0.00000005', 'Loss:0.1239', 'train_acc:99.82']
2021-05-02 14:38:15,035 - Eye - INFO - ['Epoch:38, Iter:200, Lr:0.00000005', 'Loss:0.0465', 'train_acc:99.79']
2021-05-02 14:38:24,475 - Eye - INFO - ['Epoch:38, Iter:220, Lr:0.00000005', 'Loss:0.0641', 'train_acc:99.78']
2021-05-02 14:38:34,066 - Eye - INFO - ['Epoch:38, Iter:240, Lr:0.00000005', 'Loss:0.0691', 'train_acc:99.80']
2021-05-02 14:38:43,453 - Eye - INFO - ['Epoch:38, Iter:260, Lr:0.00000005', 'Loss:0.0834', 'train_acc:99.81']
2021-05-02 14:38:52,915 - Eye - INFO - ['Epoch:38, Iter:280, Lr:0.00000005', 'Loss:0.0655', 'train_acc:99.82']
2021-05-02 14:38:57,369 - Eye - INFO - ['Epoch:38, Lr:0.00000005, Cost:139.55s', 'Loss:0.1047', 'train_acc:99.82', 'val_acc:75.52', 'val_loss:0.27']
2021-05-02 14:39:09,490 - Eye - INFO - ['Epoch:39, Iter: 20, Lr:0.00000005', 'Loss:0.0876', 'train_acc:99.84']
2021-05-02 14:39:18,966 - Eye - INFO - ['Epoch:39, Iter: 40, Lr:0.00000005', 'Loss:0.0708', 'train_acc:99.84']
2021-05-02 14:39:28,438 - Eye - INFO - ['Epoch:39, Iter: 60, Lr:0.00000005', 'Loss:0.0738', 'train_acc:99.87']
2021-05-02 14:39:37,492 - Eye - INFO - ['Epoch:39, Iter: 80, Lr:0.00000005', 'Loss:0.0615', 'train_acc:99.88']
2021-05-02 14:39:46,704 - Eye - INFO - ['Epoch:39, Iter:100, Lr:0.00000005', 'Loss:0.0857', 'train_acc:99.89']
2021-05-02 14:39:56,005 - Eye - INFO - ['Epoch:39, Iter:120, Lr:0.00000005', 'Loss:0.0592', 'train_acc:99.88']
2021-05-02 14:40:05,214 - Eye - INFO - ['Epoch:39, Iter:140, Lr:0.00000005', 'Loss:0.0704', 'train_acc:99.85']
2021-05-02 14:40:14,513 - Eye - INFO - ['Epoch:39, Iter:160, Lr:0.00000005', 'Loss:0.1011', 'train_acc:99.87']
2021-05-02 14:40:24,016 - Eye - INFO - ['Epoch:39, Iter:180, Lr:0.00000005', 'Loss:0.0923', 'train_acc:99.88']
2021-05-02 14:40:33,555 - Eye - INFO - ['Epoch:39, Iter:200, Lr:0.00000005', 'Loss:0.0968', 'train_acc:99.84']
2021-05-02 14:40:42,935 - Eye - INFO - ['Epoch:39, Iter:220, Lr:0.00000005', 'Loss:0.0653', 'train_acc:99.85']
2021-05-02 14:40:52,289 - Eye - INFO - ['Epoch:39, Iter:240, Lr:0.00000005', 'Loss:0.0774', 'train_acc:99.86']
2021-05-02 14:41:01,676 - Eye - INFO - ['Epoch:39, Iter:260, Lr:0.00000005', 'Loss:0.1048', 'train_acc:99.86']
2021-05-02 14:41:11,029 - Eye - INFO - ['Epoch:39, Iter:280, Lr:0.00000005', 'Loss:0.0701', 'train_acc:99.87']
2021-05-02 14:41:15,513 - Eye - INFO - ['Epoch:39, Lr:0.00000005, Cost:138.04s', 'Loss:0.0712', 'train_acc:99.87', 'val_acc:75.78', 'val_loss:0.22']
2021-05-02 14:41:27,627 - Eye - INFO - ['Epoch:40, Iter: 20, Lr:0.00000005', 'Loss:0.0906', 'train_acc:99.45']
2021-05-02 14:41:37,191 - Eye - INFO - ['Epoch:40, Iter: 40, Lr:0.00000005', 'Loss:0.0646', 'train_acc:99.65']
2021-05-02 14:41:46,179 - Eye - INFO - ['Epoch:40, Iter: 60, Lr:0.00000005', 'Loss:0.0697', 'train_acc:99.71']
2021-05-02 14:41:55,555 - Eye - INFO - ['Epoch:40, Iter: 80, Lr:0.00000005', 'Loss:0.0573', 'train_acc:99.75']
2021-05-02 14:42:04,704 - Eye - INFO - ['Epoch:40, Iter:100, Lr:0.00000005', 'Loss:0.0814', 'train_acc:99.78']
2021-05-02 14:42:14,169 - Eye - INFO - ['Epoch:40, Iter:120, Lr:0.00000005', 'Loss:0.0910', 'train_acc:99.80']
2021-05-02 14:42:23,562 - Eye - INFO - ['Epoch:40, Iter:140, Lr:0.00000005', 'Loss:0.0830', 'train_acc:99.81']
2021-05-02 14:42:32,968 - Eye - INFO - ['Epoch:40, Iter:160, Lr:0.00000005', 'Loss:0.0946', 'train_acc:99.82']
2021-05-02 14:42:42,459 - Eye - INFO - ['Epoch:40, Iter:180, Lr:0.00000005', 'Loss:0.0813', 'train_acc:99.84']
2021-05-02 14:42:51,875 - Eye - INFO - ['Epoch:40, Iter:200, Lr:0.00000005', 'Loss:0.0684', 'train_acc:99.84']
2021-05-02 14:43:01,180 - Eye - INFO - ['Epoch:40, Iter:220, Lr:0.00000005', 'Loss:0.0703', 'train_acc:99.86']
2021-05-02 14:43:10,409 - Eye - INFO - ['Epoch:40, Iter:240, Lr:0.00000005', 'Loss:0.0616', 'train_acc:99.83']
2021-05-02 14:43:19,727 - Eye - INFO - ['Epoch:40, Iter:260, Lr:0.00000005', 'Loss:0.0521', 'train_acc:99.84']
2021-05-02 14:43:29,315 - Eye - INFO - ['Epoch:40, Iter:280, Lr:0.00000005', 'Loss:0.1046', 'train_acc:99.83']
2021-05-02 14:43:33,864 - Eye - INFO - ['Epoch:40, Lr:0.00000005, Cost:138.27s', 'Loss:0.1089', 'train_acc:99.83', 'val_acc:75.78', 'val_loss:0.24']
2021-05-02 14:43:45,874 - Eye - INFO - ['Epoch:41, Iter: 20, Lr:0.00000005', 'Loss:0.0593', 'train_acc:99.77']
2021-05-02 14:43:55,301 - Eye - INFO - ['Epoch:41, Iter: 40, Lr:0.00000005', 'Loss:0.0643', 'train_acc:99.73']
2021-05-02 14:44:04,231 - Eye - INFO - ['Epoch:41, Iter: 60, Lr:0.00000005', 'Loss:0.1371', 'train_acc:99.79']
2021-05-02 14:44:13,311 - Eye - INFO - ['Epoch:41, Iter: 80, Lr:0.00000005', 'Loss:0.0772', 'train_acc:99.80']
2021-05-02 14:44:22,855 - Eye - INFO - ['Epoch:41, Iter:100, Lr:0.00000005', 'Loss:0.0758', 'train_acc:99.78']
2021-05-02 14:44:32,371 - Eye - INFO - ['Epoch:41, Iter:120, Lr:0.00000005', 'Loss:0.0511', 'train_acc:99.82']
2021-05-02 14:44:41,788 - Eye - INFO - ['Epoch:41, Iter:140, Lr:0.00000005', 'Loss:0.0711', 'train_acc:99.82']
2021-05-02 14:44:51,126 - Eye - INFO - ['Epoch:41, Iter:160, Lr:0.00000005', 'Loss:0.0920', 'train_acc:99.81']
2021-05-02 14:45:00,585 - Eye - INFO - ['Epoch:41, Iter:180, Lr:0.00000005', 'Loss:0.0549', 'train_acc:99.83']
2021-05-02 14:45:10,045 - Eye - INFO - ['Epoch:41, Iter:200, Lr:0.00000005', 'Loss:0.0721', 'train_acc:99.84']
2021-05-02 14:45:19,534 - Eye - INFO - ['Epoch:41, Iter:220, Lr:0.00000005', 'Loss:0.0640', 'train_acc:99.86']
2021-05-02 14:45:29,036 - Eye - INFO - ['Epoch:41, Iter:240, Lr:0.00000005', 'Loss:0.0871', 'train_acc:99.85']
2021-05-02 14:45:38,548 - Eye - INFO - ['Epoch:41, Iter:260, Lr:0.00000005', 'Loss:0.0871', 'train_acc:99.86']
2021-05-02 14:45:47,896 - Eye - INFO - ['Epoch:41, Iter:280, Lr:0.00000005', 'Loss:0.0589', 'train_acc:99.87']
2021-05-02 14:45:52,508 - Eye - INFO - ['Epoch:41, Lr:0.00000005, Cost:138.56s', 'Loss:0.0617', 'train_acc:99.87', 'val_acc:75.26', 'val_loss:0.23']
2021-05-02 14:46:05,009 - Eye - INFO - ['Epoch:42, Iter: 20, Lr:0.00000005', 'Loss:0.0717', 'train_acc:99.84']
2021-05-02 14:46:14,476 - Eye - INFO - ['Epoch:42, Iter: 40, Lr:0.00000005', 'Loss:0.1022', 'train_acc:99.77']
2021-05-02 14:46:23,982 - Eye - INFO - ['Epoch:42, Iter: 60, Lr:0.00000005', 'Loss:0.1031', 'train_acc:99.77']
2021-05-02 14:46:33,487 - Eye - INFO - ['Epoch:42, Iter: 80, Lr:0.00000005', 'Loss:0.0830', 'train_acc:99.82']
2021-05-02 14:46:42,865 - Eye - INFO - ['Epoch:42, Iter:100, Lr:0.00000005', 'Loss:0.0477', 'train_acc:99.84']
2021-05-02 14:46:52,297 - Eye - INFO - ['Epoch:42, Iter:120, Lr:0.00000005', 'Loss:0.0998', 'train_acc:99.84']
2021-05-02 14:47:01,571 - Eye - INFO - ['Epoch:42, Iter:140, Lr:0.00000005', 'Loss:0.0540', 'train_acc:99.85']
2021-05-02 14:47:11,091 - Eye - INFO - ['Epoch:42, Iter:160, Lr:0.00000005', 'Loss:0.0666', 'train_acc:99.86']
2021-05-02 14:47:20,583 - Eye - INFO - ['Epoch:42, Iter:180, Lr:0.00000005', 'Loss:0.1181', 'train_acc:99.88']
2021-05-02 14:47:30,063 - Eye - INFO - ['Epoch:42, Iter:200, Lr:0.00000005', 'Loss:0.0781', 'train_acc:99.88']
2021-05-02 14:47:39,473 - Eye - INFO - ['Epoch:42, Iter:220, Lr:0.00000005', 'Loss:0.0757', 'train_acc:99.89']
2021-05-02 14:47:48,944 - Eye - INFO - ['Epoch:42, Iter:240, Lr:0.00000005', 'Loss:0.0589', 'train_acc:99.89']
2021-05-02 14:47:58,444 - Eye - INFO - ['Epoch:42, Iter:260, Lr:0.00000005', 'Loss:0.1079', 'train_acc:99.89']
2021-05-02 14:48:07,834 - Eye - INFO - ['Epoch:42, Iter:280, Lr:0.00000005', 'Loss:0.0543', 'train_acc:99.89']
2021-05-02 14:48:12,346 - Eye - INFO - ['Epoch:42, Lr:0.00000005, Cost:139.75s', 'Loss:0.0680', 'train_acc:99.89', 'val_acc:75.78', 'val_loss:0.27']
2021-05-02 14:48:24,396 - Eye - INFO - ['Epoch:43, Iter: 20, Lr:0.00000005', 'Loss:0.0738', 'train_acc:99.84']
2021-05-02 14:48:33,810 - Eye - INFO - ['Epoch:43, Iter: 40, Lr:0.00000005', 'Loss:0.0695', 'train_acc:99.80']
2021-05-02 14:48:43,169 - Eye - INFO - ['Epoch:43, Iter: 60, Lr:0.00000005', 'Loss:0.0748', 'train_acc:99.79']
2021-05-02 14:48:52,553 - Eye - INFO - ['Epoch:43, Iter: 80, Lr:0.00000005', 'Loss:0.0626', 'train_acc:99.80']
2021-05-02 14:49:01,790 - Eye - INFO - ['Epoch:43, Iter:100, Lr:0.00000005', 'Loss:0.1039', 'train_acc:99.84']
2021-05-02 14:49:11,221 - Eye - INFO - ['Epoch:43, Iter:120, Lr:0.00000005', 'Loss:0.0575', 'train_acc:99.86']
2021-05-02 14:49:20,626 - Eye - INFO - ['Epoch:43, Iter:140, Lr:0.00000005', 'Loss:0.0619', 'train_acc:99.84']
2021-05-02 14:49:30,057 - Eye - INFO - ['Epoch:43, Iter:160, Lr:0.00000005', 'Loss:0.1220', 'train_acc:99.82']
2021-05-02 14:49:39,372 - Eye - INFO - ['Epoch:43, Iter:180, Lr:0.00000005', 'Loss:0.0929', 'train_acc:99.83']
2021-05-02 14:49:48,611 - Eye - INFO - ['Epoch:43, Iter:200, Lr:0.00000005', 'Loss:0.0491', 'train_acc:99.83']
2021-05-02 14:49:57,766 - Eye - INFO - ['Epoch:43, Iter:220, Lr:0.00000005', 'Loss:0.0620', 'train_acc:99.84']
2021-05-02 14:50:07,220 - Eye - INFO - ['Epoch:43, Iter:240, Lr:0.00000005', 'Loss:0.0607', 'train_acc:99.85']
2021-05-02 14:50:16,570 - Eye - INFO - ['Epoch:43, Iter:260, Lr:0.00000005', 'Loss:0.0833', 'train_acc:99.86']
2021-05-02 14:50:26,076 - Eye - INFO - ['Epoch:43, Iter:280, Lr:0.00000005', 'Loss:0.0744', 'train_acc:99.87']
2021-05-02 14:50:30,518 - Eye - INFO - ['Epoch:43, Lr:0.00000005, Cost:138.07s', 'Loss:0.0714', 'train_acc:99.87', 'val_acc:75.26', 'val_loss:0.28']
2021-05-02 14:50:42,592 - Eye - INFO - ['Epoch:44, Iter: 20, Lr:0.00000005', 'Loss:0.0744', 'train_acc:100.00']
2021-05-02 14:50:51,756 - Eye - INFO - ['Epoch:44, Iter: 40, Lr:0.00000005', 'Loss:0.0653', 'train_acc:100.00']
2021-05-02 14:51:00,804 - Eye - INFO - ['Epoch:44, Iter: 60, Lr:0.00000005', 'Loss:0.0560', 'train_acc:99.87']
2021-05-02 14:51:10,085 - Eye - INFO - ['Epoch:44, Iter: 80, Lr:0.00000005', 'Loss:0.0814', 'train_acc:99.86']
2021-05-02 14:51:19,606 - Eye - INFO - ['Epoch:44, Iter:100, Lr:0.00000005', 'Loss:0.0665', 'train_acc:99.84']
2021-05-02 14:51:29,078 - Eye - INFO - ['Epoch:44, Iter:120, Lr:0.00000005', 'Loss:0.1179', 'train_acc:99.84']
2021-05-02 14:51:38,536 - Eye - INFO - ['Epoch:44, Iter:140, Lr:0.00000005', 'Loss:0.1141', 'train_acc:99.85']
2021-05-02 14:51:47,983 - Eye - INFO - ['Epoch:44, Iter:160, Lr:0.00000005', 'Loss:0.0914', 'train_acc:99.85']
2021-05-02 14:51:57,502 - Eye - INFO - ['Epoch:44, Iter:180, Lr:0.00000005', 'Loss:0.0551', 'train_acc:99.84']
2021-05-02 14:52:06,863 - Eye - INFO - ['Epoch:44, Iter:200, Lr:0.00000005', 'Loss:0.0826', 'train_acc:99.84']
2021-05-02 14:52:16,346 - Eye - INFO - ['Epoch:44, Iter:220, Lr:0.00000005', 'Loss:0.0819', 'train_acc:99.84']
2021-05-02 14:52:25,940 - Eye - INFO - ['Epoch:44, Iter:240, Lr:0.00000005', 'Loss:0.0633', 'train_acc:99.84']
2021-05-02 14:52:35,223 - Eye - INFO - ['Epoch:44, Iter:260, Lr:0.00000005', 'Loss:0.0866', 'train_acc:99.84']
2021-05-02 14:52:44,730 - Eye - INFO - ['Epoch:44, Iter:280, Lr:0.00000005', 'Loss:0.0493', 'train_acc:99.85']
2021-05-02 14:52:49,340 - Eye - INFO - ['Epoch:44, Lr:0.00000005, Cost:138.71s', 'Loss:0.0805', 'train_acc:99.85', 'val_acc:75.00', 'val_loss:0.25']
2021-05-02 14:53:01,530 - Eye - INFO - ['Epoch:45, Iter: 20, Lr:0.00000005', 'Loss:0.0646', 'train_acc:99.84']
2021-05-02 14:53:10,953 - Eye - INFO - ['Epoch:45, Iter: 40, Lr:0.00000005', 'Loss:0.0789', 'train_acc:99.92']
2021-05-02 14:53:20,512 - Eye - INFO - ['Epoch:45, Iter: 60, Lr:0.00000005', 'Loss:0.0628', 'train_acc:99.92']
2021-05-02 14:53:29,952 - Eye - INFO - ['Epoch:45, Iter: 80, Lr:0.00000005', 'Loss:0.0683', 'train_acc:99.94']
2021-05-02 14:53:39,426 - Eye - INFO - ['Epoch:45, Iter:100, Lr:0.00000005', 'Loss:0.0425', 'train_acc:99.94']
2021-05-02 14:53:48,349 - Eye - INFO - ['Epoch:45, Iter:120, Lr:0.00000005', 'Loss:0.0953', 'train_acc:99.93']
2021-05-02 14:53:57,456 - Eye - INFO - ['Epoch:45, Iter:140, Lr:0.00000005', 'Loss:0.1006', 'train_acc:99.92']
2021-05-02 14:54:06,955 - Eye - INFO - ['Epoch:45, Iter:160, Lr:0.00000005', 'Loss:0.0719', 'train_acc:99.90']
2021-05-02 14:54:16,663 - Eye - INFO - ['Epoch:45, Iter:180, Lr:0.00000005', 'Loss:0.0638', 'train_acc:99.91']
2021-05-02 14:54:26,042 - Eye - INFO - ['Epoch:45, Iter:200, Lr:0.00000005', 'Loss:0.0632', 'train_acc:99.91']
2021-05-02 14:54:35,571 - Eye - INFO - ['Epoch:45, Iter:220, Lr:0.00000005', 'Loss:0.0679', 'train_acc:99.91']
2021-05-02 14:54:45,051 - Eye - INFO - ['Epoch:45, Iter:240, Lr:0.00000005', 'Loss:0.0708', 'train_acc:99.90']
2021-05-02 14:54:54,400 - Eye - INFO - ['Epoch:45, Iter:260, Lr:0.00000005', 'Loss:0.0652', 'train_acc:99.90']
2021-05-02 14:55:03,989 - Eye - INFO - ['Epoch:45, Iter:280, Lr:0.00000005', 'Loss:0.0592', 'train_acc:99.87']
2021-05-02 14:55:08,381 - Eye - INFO - ['Epoch:45, Lr:0.00000005, Cost:138.96s', 'Loss:0.1385', 'train_acc:99.86', 'val_acc:75.52', 'val_loss:0.24']
2021-05-02 14:55:20,522 - Eye - INFO - ['Epoch:46, Iter: 20, Lr:0.00000005', 'Loss:0.0596', 'train_acc:99.61']
2021-05-02 14:55:30,037 - Eye - INFO - ['Epoch:46, Iter: 40, Lr:0.00000005', 'Loss:0.1005', 'train_acc:99.73']
2021-05-02 14:55:39,154 - Eye - INFO - ['Epoch:46, Iter: 60, Lr:0.00000005', 'Loss:0.0693', 'train_acc:99.82']
2021-05-02 14:55:48,123 - Eye - INFO - ['Epoch:46, Iter: 80, Lr:0.00000005', 'Loss:0.0568', 'train_acc:99.82']
2021-05-02 14:55:57,058 - Eye - INFO - ['Epoch:46, Iter:100, Lr:0.00000005', 'Loss:0.0803', 'train_acc:99.80']
2021-05-02 14:56:06,058 - Eye - INFO - ['Epoch:46, Iter:120, Lr:0.00000005', 'Loss:0.0884', 'train_acc:99.80']
2021-05-02 14:56:15,108 - Eye - INFO - ['Epoch:46, Iter:140, Lr:0.00000005', 'Loss:0.0780', 'train_acc:99.80']
2021-05-02 14:56:24,073 - Eye - INFO - ['Epoch:46, Iter:160, Lr:0.00000005', 'Loss:0.0658', 'train_acc:99.81']
2021-05-02 14:56:33,486 - Eye - INFO - ['Epoch:46, Iter:180, Lr:0.00000005', 'Loss:0.1282', 'train_acc:99.84']
2021-05-02 14:56:43,033 - Eye - INFO - ['Epoch:46, Iter:200, Lr:0.00000005', 'Loss:0.1296', 'train_acc:99.85']
2021-05-02 14:56:52,458 - Eye - INFO - ['Epoch:46, Iter:220, Lr:0.00000005', 'Loss:0.1048', 'train_acc:99.85']
2021-05-02 14:57:02,099 - Eye - INFO - ['Epoch:46, Iter:240, Lr:0.00000005', 'Loss:0.1250', 'train_acc:99.84']
2021-05-02 14:57:11,638 - Eye - INFO - ['Epoch:46, Iter:260, Lr:0.00000005', 'Loss:0.0653', 'train_acc:99.85']
2021-05-02 14:57:20,509 - Eye - INFO - ['Epoch:46, Iter:280, Lr:0.00000005', 'Loss:0.0580', 'train_acc:99.85']
2021-05-02 14:57:24,819 - Eye - INFO - ['Epoch:46, Lr:0.00000005, Cost:136.33s', 'Loss:0.0979', 'train_acc:99.85', 'val_acc:74.74', 'val_loss:0.30']
2021-05-02 14:57:36,920 - Eye - INFO - ['Epoch:47, Iter: 20, Lr:0.00000005', 'Loss:0.0600', 'train_acc:99.84']
2021-05-02 14:57:46,481 - Eye - INFO - ['Epoch:47, Iter: 40, Lr:0.00000005', 'Loss:0.0685', 'train_acc:99.92']
2021-05-02 14:57:56,024 - Eye - INFO - ['Epoch:47, Iter: 60, Lr:0.00000005', 'Loss:0.0657', 'train_acc:99.95']
2021-05-02 14:58:05,485 - Eye - INFO - ['Epoch:47, Iter: 80, Lr:0.00000005', 'Loss:0.1865', 'train_acc:99.90']
2021-05-02 14:58:14,923 - Eye - INFO - ['Epoch:47, Iter:100, Lr:0.00000005', 'Loss:0.0710', 'train_acc:99.91']
2021-05-02 14:58:24,318 - Eye - INFO - ['Epoch:47, Iter:120, Lr:0.00000005', 'Loss:0.0947', 'train_acc:99.90']
2021-05-02 14:58:33,800 - Eye - INFO - ['Epoch:47, Iter:140, Lr:0.00000005', 'Loss:0.1085', 'train_acc:99.91']
2021-05-02 14:58:43,229 - Eye - INFO - ['Epoch:47, Iter:160, Lr:0.00000005', 'Loss:0.1130', 'train_acc:99.91']
2021-05-02 14:58:52,729 - Eye - INFO - ['Epoch:47, Iter:180, Lr:0.00000005', 'Loss:0.1001', 'train_acc:99.92']
2021-05-02 14:59:02,145 - Eye - INFO - ['Epoch:47, Iter:200, Lr:0.00000005', 'Loss:0.0762', 'train_acc:99.92']
2021-05-02 14:59:11,516 - Eye - INFO - ['Epoch:47, Iter:220, Lr:0.00000005', 'Loss:0.0922', 'train_acc:99.91']
2021-05-02 14:59:20,930 - Eye - INFO - ['Epoch:47, Iter:240, Lr:0.00000005', 'Loss:0.0614', 'train_acc:99.92']
2021-05-02 14:59:30,461 - Eye - INFO - ['Epoch:47, Iter:260, Lr:0.00000005', 'Loss:0.0719', 'train_acc:99.90']
2021-05-02 14:59:39,844 - Eye - INFO - ['Epoch:47, Iter:280, Lr:0.00000005', 'Loss:0.0624', 'train_acc:99.89']
2021-05-02 14:59:44,300 - Eye - INFO - ['Epoch:47, Lr:0.00000005, Cost:139.40s', 'Loss:0.0760', 'train_acc:99.89', 'val_acc:75.78', 'val_loss:0.25']
2021-05-02 14:59:56,348 - Eye - INFO - ['Epoch:48, Iter: 20, Lr:0.00000005', 'Loss:0.0727', 'train_acc:100.00']
2021-05-02 15:00:05,545 - Eye - INFO - ['Epoch:48, Iter: 40, Lr:0.00000005', 'Loss:0.0977', 'train_acc:99.96']
2021-05-02 15:00:14,505 - Eye - INFO - ['Epoch:48, Iter: 60, Lr:0.00000005', 'Loss:0.0789', 'train_acc:99.97']
2021-05-02 15:00:23,681 - Eye - INFO - ['Epoch:48, Iter: 80, Lr:0.00000005', 'Loss:0.1051', 'train_acc:99.88']
2021-05-02 15:00:33,111 - Eye - INFO - ['Epoch:48, Iter:100, Lr:0.00000005', 'Loss:0.0748', 'train_acc:99.89']
2021-05-02 15:00:42,488 - Eye - INFO - ['Epoch:48, Iter:120, Lr:0.00000005', 'Loss:0.0625', 'train_acc:99.88']
2021-05-02 15:00:52,058 - Eye - INFO - ['Epoch:48, Iter:140, Lr:0.00000005', 'Loss:0.1021', 'train_acc:99.88']
2021-05-02 15:01:01,506 - Eye - INFO - ['Epoch:48, Iter:160, Lr:0.00000005', 'Loss:0.0742', 'train_acc:99.88']
2021-05-02 15:01:11,015 - Eye - INFO - ['Epoch:48, Iter:180, Lr:0.00000005', 'Loss:0.0487', 'train_acc:99.85']
2021-05-02 15:01:20,508 - Eye - INFO - ['Epoch:48, Iter:200, Lr:0.00000005', 'Loss:0.0451', 'train_acc:99.87']
2021-05-02 15:01:30,098 - Eye - INFO - ['Epoch:48, Iter:220, Lr:0.00000005', 'Loss:0.0989', 'train_acc:99.86']
2021-05-02 15:01:39,600 - Eye - INFO - ['Epoch:48, Iter:240, Lr:0.00000005', 'Loss:0.0569', 'train_acc:99.86']
2021-05-02 15:01:48,917 - Eye - INFO - ['Epoch:48, Iter:260, Lr:0.00000005', 'Loss:0.0706', 'train_acc:99.87']
2021-05-02 15:01:58,549 - Eye - INFO - ['Epoch:48, Iter:280, Lr:0.00000005', 'Loss:0.0664', 'train_acc:99.84']
2021-05-02 15:02:03,132 - Eye - INFO - ['Epoch:48, Lr:0.00000005, Cost:138.75s', 'Loss:0.0546', 'train_acc:99.84', 'val_acc:75.78', 'val_loss:0.26']
2021-05-02 15:02:15,333 - Eye - INFO - ['Epoch:49, Iter: 20, Lr:0.00000005', 'Loss:0.0914', 'train_acc:99.61']
2021-05-02 15:02:24,613 - Eye - INFO - ['Epoch:49, Iter: 40, Lr:0.00000005', 'Loss:0.0908', 'train_acc:99.77']
2021-05-02 15:02:33,975 - Eye - INFO - ['Epoch:49, Iter: 60, Lr:0.00000005', 'Loss:0.1183', 'train_acc:99.82']
2021-05-02 15:02:43,379 - Eye - INFO - ['Epoch:49, Iter: 80, Lr:0.00000005', 'Loss:0.0653', 'train_acc:99.86']
2021-05-02 15:02:52,898 - Eye - INFO - ['Epoch:49, Iter:100, Lr:0.00000005', 'Loss:0.1154', 'train_acc:99.89']
2021-05-02 15:03:02,386 - Eye - INFO - ['Epoch:49, Iter:120, Lr:0.00000005', 'Loss:0.1424', 'train_acc:99.86']
2021-05-02 15:03:11,826 - Eye - INFO - ['Epoch:49, Iter:140, Lr:0.00000005', 'Loss:0.0503', 'train_acc:99.84']
2021-05-02 15:03:21,404 - Eye - INFO - ['Epoch:49, Iter:160, Lr:0.00000005', 'Loss:0.0809', 'train_acc:99.85']
2021-05-02 15:03:30,914 - Eye - INFO - ['Epoch:49, Iter:180, Lr:0.00000005', 'Loss:0.0998', 'train_acc:99.85']
2021-05-02 15:03:40,287 - Eye - INFO - ['Epoch:49, Iter:200, Lr:0.00000005', 'Loss:0.1160', 'train_acc:99.85']
2021-05-02 15:03:49,725 - Eye - INFO - ['Epoch:49, Iter:220, Lr:0.00000005', 'Loss:0.0716', 'train_acc:99.87']
2021-05-02 15:03:59,249 - Eye - INFO - ['Epoch:49, Iter:240, Lr:0.00000005', 'Loss:0.0939', 'train_acc:99.86']
2021-05-02 15:04:08,647 - Eye - INFO - ['Epoch:49, Iter:260, Lr:0.00000005', 'Loss:0.0575', 'train_acc:99.87']
2021-05-02 15:04:18,216 - Eye - INFO - ['Epoch:49, Iter:280, Lr:0.00000005', 'Loss:0.0958', 'train_acc:99.87']
2021-05-02 15:04:22,610 - Eye - INFO - ['Epoch:49, Lr:0.00000005, Cost:139.40s', 'Loss:0.0655', 'train_acc:99.87', 'val_acc:75.26', 'val_loss:0.28']
