2021-05-09 15:16:32,028 - Eye - INFO - Train Dataset uploaded!
2021-05-09 15:16:32,028 - Eye - INFO - device:cuda
2021-05-09 15:17:47,355 - Eye - INFO - ['Epoch:00, Iter: 20, Lr:0.00010000', 'Loss:1.7903', 'train_acc:16.09']
2021-05-09 15:18:00,448 - Eye - INFO - ['Epoch:00, Iter: 40, Lr:0.00010000', 'Loss:1.7489', 'train_acc:19.14']
2021-05-09 15:18:13,775 - Eye - INFO - ['Epoch:00, Iter: 60, Lr:0.00010000', 'Loss:1.7371', 'train_acc:21.25']
2021-05-09 15:18:27,420 - Eye - INFO - ['Epoch:00, Iter: 80, Lr:0.00010000', 'Loss:1.7278', 'train_acc:23.12']
2021-05-09 15:18:41,011 - Eye - INFO - ['Epoch:00, Iter:100, Lr:0.00010000', 'Loss:1.7267', 'train_acc:24.09']
2021-05-09 15:18:54,530 - Eye - INFO - ['Epoch:00, Iter:120, Lr:0.00010000', 'Loss:1.7811', 'train_acc:24.97']
2021-05-09 15:19:08,019 - Eye - INFO - ['Epoch:00, Iter:140, Lr:0.00010000', 'Loss:1.7097', 'train_acc:25.60']
2021-05-09 15:19:21,539 - Eye - INFO - ['Epoch:00, Iter:160, Lr:0.00010000', 'Loss:1.7734', 'train_acc:26.45']
2021-05-09 15:19:34,840 - Eye - INFO - ['Epoch:00, Iter:180, Lr:0.00010000', 'Loss:1.7086', 'train_acc:27.12']
2021-05-09 15:19:48,401 - Eye - INFO - ['Epoch:00, Iter:200, Lr:0.00010000', 'Loss:1.6987', 'train_acc:27.55']
2021-05-09 15:20:01,826 - Eye - INFO - ['Epoch:00, Iter:220, Lr:0.00010000', 'Loss:1.6795', 'train_acc:28.28']
2021-05-09 15:20:15,060 - Eye - INFO - ['Epoch:00, Iter:240, Lr:0.00010000', 'Loss:1.8434', 'train_acc:28.83']
2021-05-09 15:20:28,385 - Eye - INFO - ['Epoch:00, Iter:260, Lr:0.00010000', 'Loss:1.6653', 'train_acc:29.35']
2021-05-09 15:20:41,778 - Eye - INFO - ['Epoch:00, Iter:280, Lr:0.00010000', 'Loss:1.6232', 'train_acc:29.49']
2021-05-09 15:20:55,125 - Eye - INFO - ['Epoch:00, Iter:300, Lr:0.00010000', 'Loss:1.6135', 'train_acc:30.02']
2021-05-09 15:21:08,485 - Eye - INFO - ['Epoch:00, Iter:320, Lr:0.00010000', 'Loss:1.6476', 'train_acc:30.70']
2021-05-09 15:21:21,961 - Eye - INFO - ['Epoch:00, Iter:340, Lr:0.00010000', 'Loss:1.7091', 'train_acc:31.17']
2021-05-09 15:21:35,508 - Eye - INFO - ['Epoch:00, Iter:360, Lr:0.00010000', 'Loss:1.6256', 'train_acc:31.39']
2021-05-09 15:21:49,051 - Eye - INFO - ['Epoch:00, Iter:380, Lr:0.00010000', 'Loss:1.5122', 'train_acc:31.95']
2021-05-09 15:22:02,438 - Eye - INFO - ['Epoch:00, Iter:400, Lr:0.00010000', 'Loss:1.5901', 'train_acc:32.45']
2021-05-09 15:22:15,318 - Eye - INFO - ['Epoch:00, Iter:420, Lr:0.00010000', 'Loss:1.6429', 'train_acc:33.01']
2021-05-09 15:22:27,922 - Eye - INFO - ['Epoch:00, Iter:440, Lr:0.00010000', 'Loss:1.4949', 'train_acc:33.43']
2021-05-09 15:22:41,513 - Eye - INFO - ['Epoch:00, Iter:460, Lr:0.00010000', 'Loss:1.6486', 'train_acc:33.63']
2021-05-09 15:22:55,045 - Eye - INFO - ['Epoch:00, Iter:480, Lr:0.00010000', 'Loss:1.6234', 'train_acc:34.22']
2021-05-09 15:23:08,455 - Eye - INFO - ['Epoch:00, Iter:500, Lr:0.00010000', 'Loss:1.5654', 'train_acc:34.71']
2021-05-09 15:23:21,759 - Eye - INFO - ['Epoch:00, Iter:520, Lr:0.00010000', 'Loss:1.5112', 'train_acc:35.01']
2021-05-09 15:23:35,315 - Eye - INFO - ['Epoch:00, Iter:540, Lr:0.00010000', 'Loss:1.4032', 'train_acc:35.35']
2021-05-09 15:23:48,843 - Eye - INFO - ['Epoch:00, Iter:560, Lr:0.00010000', 'Loss:1.5453', 'train_acc:35.68']
2021-05-09 15:23:54,483 - Eye - INFO - ['Epoch:00, Lr:0.00010000, Cost:383.84s', 'Loss:1.4323', 'train_acc:35.70', 'val_acc:17.71', 'val_loss:1.73']
2021-05-09 15:24:09,529 - Eye - INFO - ['Epoch:01, Iter: 20, Lr:0.00005000', 'Loss:1.3427', 'train_acc:42.81']
2021-05-09 15:24:23,073 - Eye - INFO - ['Epoch:01, Iter: 40, Lr:0.00005000', 'Loss:1.4468', 'train_acc:43.75']
2021-05-09 15:24:36,010 - Eye - INFO - ['Epoch:01, Iter: 60, Lr:0.00005000', 'Loss:1.5095', 'train_acc:44.79']
2021-05-09 15:24:48,978 - Eye - INFO - ['Epoch:01, Iter: 80, Lr:0.00005000', 'Loss:1.5552', 'train_acc:45.16']
2021-05-09 15:25:02,258 - Eye - INFO - ['Epoch:01, Iter:100, Lr:0.00005000', 'Loss:1.4028', 'train_acc:45.56']
2021-05-09 15:25:15,108 - Eye - INFO - ['Epoch:01, Iter:120, Lr:0.00005000', 'Loss:1.4990', 'train_acc:46.25']
2021-05-09 15:25:28,572 - Eye - INFO - ['Epoch:01, Iter:140, Lr:0.00005000', 'Loss:1.4005', 'train_acc:46.56']
2021-05-09 15:25:41,569 - Eye - INFO - ['Epoch:01, Iter:160, Lr:0.00005000', 'Loss:1.5804', 'train_acc:46.52']
2021-05-09 15:25:54,908 - Eye - INFO - ['Epoch:01, Iter:180, Lr:0.00005000', 'Loss:1.5086', 'train_acc:46.28']
2021-05-09 15:26:08,420 - Eye - INFO - ['Epoch:01, Iter:200, Lr:0.00005000', 'Loss:1.5236', 'train_acc:46.42']
2021-05-09 15:26:21,803 - Eye - INFO - ['Epoch:01, Iter:220, Lr:0.00005000', 'Loss:1.4146', 'train_acc:46.53']
2021-05-09 15:26:35,300 - Eye - INFO - ['Epoch:01, Iter:240, Lr:0.00005000', 'Loss:1.3276', 'train_acc:46.50']
2021-05-09 15:26:48,836 - Eye - INFO - ['Epoch:01, Iter:260, Lr:0.00005000', 'Loss:1.5330', 'train_acc:46.81']
2021-05-09 15:27:02,043 - Eye - INFO - ['Epoch:01, Iter:280, Lr:0.00005000', 'Loss:1.4742', 'train_acc:47.06']
2021-05-09 15:27:14,774 - Eye - INFO - ['Epoch:01, Iter:300, Lr:0.00005000', 'Loss:1.4400', 'train_acc:46.95']
2021-05-09 15:27:28,210 - Eye - INFO - ['Epoch:01, Iter:320, Lr:0.00005000', 'Loss:1.3213', 'train_acc:47.21']
2021-05-09 15:27:41,742 - Eye - INFO - ['Epoch:01, Iter:340, Lr:0.00005000', 'Loss:1.3841', 'train_acc:47.41']
2021-05-09 15:27:55,169 - Eye - INFO - ['Epoch:01, Iter:360, Lr:0.00005000', 'Loss:1.2301', 'train_acc:47.70']
2021-05-09 15:28:08,742 - Eye - INFO - ['Epoch:01, Iter:380, Lr:0.00005000', 'Loss:1.2506', 'train_acc:47.72']
2021-05-09 15:28:22,158 - Eye - INFO - ['Epoch:01, Iter:400, Lr:0.00005000', 'Loss:1.3889', 'train_acc:47.92']
2021-05-09 15:28:35,597 - Eye - INFO - ['Epoch:01, Iter:420, Lr:0.00005000', 'Loss:1.4041', 'train_acc:47.96']
2021-05-09 15:28:49,082 - Eye - INFO - ['Epoch:01, Iter:440, Lr:0.00005000', 'Loss:1.4082', 'train_acc:48.00']
2021-05-09 15:29:02,621 - Eye - INFO - ['Epoch:01, Iter:460, Lr:0.00005000', 'Loss:1.3801', 'train_acc:47.99']
2021-05-09 15:29:16,084 - Eye - INFO - ['Epoch:01, Iter:480, Lr:0.00005000', 'Loss:1.4070', 'train_acc:47.99']
2021-05-09 15:29:29,641 - Eye - INFO - ['Epoch:01, Iter:500, Lr:0.00005000', 'Loss:1.3551', 'train_acc:47.99']
2021-05-09 15:29:43,138 - Eye - INFO - ['Epoch:01, Iter:520, Lr:0.00005000', 'Loss:1.2425', 'train_acc:48.09']
2021-05-09 15:29:56,631 - Eye - INFO - ['Epoch:01, Iter:540, Lr:0.00005000', 'Loss:1.5243', 'train_acc:48.08']
2021-05-09 15:30:10,212 - Eye - INFO - ['Epoch:01, Iter:560, Lr:0.00005000', 'Loss:1.3224', 'train_acc:48.20']
2021-05-09 15:30:16,059 - Eye - INFO - ['Epoch:01, Lr:0.00005000, Cost:381.38s', 'Loss:1.3760', 'train_acc:48.20', 'val_acc:17.71', 'val_loss:1.82']
2021-05-09 15:30:31,416 - Eye - INFO - ['Epoch:02, Iter: 20, Lr:0.00002500', 'Loss:1.1786', 'train_acc:49.69']
2021-05-09 15:30:44,946 - Eye - INFO - ['Epoch:02, Iter: 40, Lr:0.00002500', 'Loss:1.2141', 'train_acc:51.09']
2021-05-09 15:30:58,343 - Eye - INFO - ['Epoch:02, Iter: 60, Lr:0.00002500', 'Loss:1.2044', 'train_acc:50.31']
2021-05-09 15:31:11,798 - Eye - INFO - ['Epoch:02, Iter: 80, Lr:0.00002500', 'Loss:1.2877', 'train_acc:49.84']
2021-05-09 15:31:24,444 - Eye - INFO - ['Epoch:02, Iter:100, Lr:0.00002500', 'Loss:1.2740', 'train_acc:50.69']
2021-05-09 15:31:37,784 - Eye - INFO - ['Epoch:02, Iter:120, Lr:0.00002500', 'Loss:1.1819', 'train_acc:51.85']
2021-05-09 15:31:51,297 - Eye - INFO - ['Epoch:02, Iter:140, Lr:0.00002500', 'Loss:1.2917', 'train_acc:51.54']
2021-05-09 15:32:04,813 - Eye - INFO - ['Epoch:02, Iter:160, Lr:0.00002500', 'Loss:1.2666', 'train_acc:51.52']
2021-05-09 15:32:18,191 - Eye - INFO - ['Epoch:02, Iter:180, Lr:0.00002500', 'Loss:1.1307', 'train_acc:51.28']
2021-05-09 15:32:31,206 - Eye - INFO - ['Epoch:02, Iter:200, Lr:0.00002500', 'Loss:1.1758', 'train_acc:51.30']
2021-05-09 15:32:44,153 - Eye - INFO - ['Epoch:02, Iter:220, Lr:0.00002500', 'Loss:1.3202', 'train_acc:51.19']
2021-05-09 15:32:57,813 - Eye - INFO - ['Epoch:02, Iter:240, Lr:0.00002500', 'Loss:1.3040', 'train_acc:51.05']
2021-05-09 15:33:11,040 - Eye - INFO - ['Epoch:02, Iter:260, Lr:0.00002500', 'Loss:1.7817', 'train_acc:50.88']
2021-05-09 15:33:24,255 - Eye - INFO - ['Epoch:02, Iter:280, Lr:0.00002500', 'Loss:1.1691', 'train_acc:50.99']
2021-05-09 15:33:37,015 - Eye - INFO - ['Epoch:02, Iter:300, Lr:0.00002500', 'Loss:1.2518', 'train_acc:51.09']
2021-05-09 15:33:50,719 - Eye - INFO - ['Epoch:02, Iter:320, Lr:0.00002500', 'Loss:1.2454', 'train_acc:51.17']
2021-05-09 15:34:04,245 - Eye - INFO - ['Epoch:02, Iter:340, Lr:0.00002500', 'Loss:1.2220', 'train_acc:51.11']
2021-05-09 15:34:17,756 - Eye - INFO - ['Epoch:02, Iter:360, Lr:0.00002500', 'Loss:1.2554', 'train_acc:51.23']
2021-05-09 15:34:30,420 - Eye - INFO - ['Epoch:02, Iter:380, Lr:0.00002500', 'Loss:1.1743', 'train_acc:51.40']
2021-05-09 15:34:43,503 - Eye - INFO - ['Epoch:02, Iter:400, Lr:0.00002500', 'Loss:1.2056', 'train_acc:51.62']
2021-05-09 15:34:56,421 - Eye - INFO - ['Epoch:02, Iter:420, Lr:0.00002500', 'Loss:1.3063', 'train_acc:51.65']
2021-05-09 15:35:09,845 - Eye - INFO - ['Epoch:02, Iter:440, Lr:0.00002500', 'Loss:1.0971', 'train_acc:51.85']
2021-05-09 15:35:23,268 - Eye - INFO - ['Epoch:02, Iter:460, Lr:0.00002500', 'Loss:1.2058', 'train_acc:51.88']
2021-05-09 15:35:36,159 - Eye - INFO - ['Epoch:02, Iter:480, Lr:0.00002500', 'Loss:1.1295', 'train_acc:52.03']
2021-05-09 15:35:49,731 - Eye - INFO - ['Epoch:02, Iter:500, Lr:0.00002500', 'Loss:1.3032', 'train_acc:52.13']
2021-05-09 15:36:03,301 - Eye - INFO - ['Epoch:02, Iter:520, Lr:0.00002500', 'Loss:1.1377', 'train_acc:52.09']
2021-05-09 15:36:16,762 - Eye - INFO - ['Epoch:02, Iter:540, Lr:0.00002500', 'Loss:1.1176', 'train_acc:52.09']
2021-05-09 15:36:30,259 - Eye - INFO - ['Epoch:02, Iter:560, Lr:0.00002500', 'Loss:1.2770', 'train_acc:52.16']
2021-05-09 15:36:36,158 - Eye - INFO - ['Epoch:02, Lr:0.00002500, Cost:379.89s', 'Loss:1.2563', 'train_acc:52.15', 'val_acc:19.79', 'val_loss:1.64']
2021-05-09 15:36:51,527 - Eye - INFO - ['Epoch:03, Iter: 20, Lr:0.00002500', 'Loss:1.1070', 'train_acc:50.78']
2021-05-09 15:37:05,089 - Eye - INFO - ['Epoch:03, Iter: 40, Lr:0.00002500', 'Loss:1.3692', 'train_acc:50.94']
2021-05-09 15:37:17,507 - Eye - INFO - ['Epoch:03, Iter: 60, Lr:0.00002500', 'Loss:1.2333', 'train_acc:51.20']
2021-05-09 15:37:31,155 - Eye - INFO - ['Epoch:03, Iter: 80, Lr:0.00002500', 'Loss:1.3477', 'train_acc:51.05']
2021-05-09 15:37:43,920 - Eye - INFO - ['Epoch:03, Iter:100, Lr:0.00002500', 'Loss:1.1258', 'train_acc:51.59']
2021-05-09 15:37:57,030 - Eye - INFO - ['Epoch:03, Iter:120, Lr:0.00002500', 'Loss:1.2002', 'train_acc:52.16']
2021-05-09 15:38:10,577 - Eye - INFO - ['Epoch:03, Iter:140, Lr:0.00002500', 'Loss:1.2165', 'train_acc:52.25']
2021-05-09 15:38:23,971 - Eye - INFO - ['Epoch:03, Iter:160, Lr:0.00002500', 'Loss:1.3033', 'train_acc:52.11']
2021-05-09 15:38:37,624 - Eye - INFO - ['Epoch:03, Iter:180, Lr:0.00002500', 'Loss:1.2209', 'train_acc:52.29']
2021-05-09 15:38:51,308 - Eye - INFO - ['Epoch:03, Iter:200, Lr:0.00002500', 'Loss:1.1011', 'train_acc:52.17']
2021-05-09 15:39:04,863 - Eye - INFO - ['Epoch:03, Iter:220, Lr:0.00002500', 'Loss:1.0956', 'train_acc:52.29']
2021-05-09 15:39:18,259 - Eye - INFO - ['Epoch:03, Iter:240, Lr:0.00002500', 'Loss:1.2860', 'train_acc:52.62']
2021-05-09 15:39:31,703 - Eye - INFO - ['Epoch:03, Iter:260, Lr:0.00002500', 'Loss:1.2584', 'train_acc:52.73']
2021-05-09 15:39:45,265 - Eye - INFO - ['Epoch:03, Iter:280, Lr:0.00002500', 'Loss:1.1968', 'train_acc:52.94']
2021-05-09 15:39:58,609 - Eye - INFO - ['Epoch:03, Iter:300, Lr:0.00002500', 'Loss:1.2770', 'train_acc:52.64']
2021-05-09 15:40:12,165 - Eye - INFO - ['Epoch:03, Iter:320, Lr:0.00002500', 'Loss:1.2059', 'train_acc:52.73']
2021-05-09 15:40:25,259 - Eye - INFO - ['Epoch:03, Iter:340, Lr:0.00002500', 'Loss:1.2079', 'train_acc:52.66']
2021-05-09 15:40:38,400 - Eye - INFO - ['Epoch:03, Iter:360, Lr:0.00002500', 'Loss:1.0571', 'train_acc:52.81']
2021-05-09 15:40:51,891 - Eye - INFO - ['Epoch:03, Iter:380, Lr:0.00002500', 'Loss:1.1505', 'train_acc:52.86']
2021-05-09 15:41:05,435 - Eye - INFO - ['Epoch:03, Iter:400, Lr:0.00002500', 'Loss:1.2951', 'train_acc:52.98']
2021-05-09 15:41:18,958 - Eye - INFO - ['Epoch:03, Iter:420, Lr:0.00002500', 'Loss:1.0825', 'train_acc:53.04']
2021-05-09 15:41:32,095 - Eye - INFO - ['Epoch:03, Iter:440, Lr:0.00002500', 'Loss:1.2551', 'train_acc:53.15']
2021-05-09 15:41:45,651 - Eye - INFO - ['Epoch:03, Iter:460, Lr:0.00002500', 'Loss:1.1203', 'train_acc:53.10']
2021-05-09 15:41:59,193 - Eye - INFO - ['Epoch:03, Iter:480, Lr:0.00002500', 'Loss:1.2085', 'train_acc:53.20']
2021-05-09 15:42:12,395 - Eye - INFO - ['Epoch:03, Iter:500, Lr:0.00002500', 'Loss:1.0660', 'train_acc:53.24']
2021-05-09 15:42:25,415 - Eye - INFO - ['Epoch:03, Iter:520, Lr:0.00002500', 'Loss:1.1865', 'train_acc:53.29']
2021-05-09 15:42:38,788 - Eye - INFO - ['Epoch:03, Iter:540, Lr:0.00002500', 'Loss:1.0647', 'train_acc:53.37']
2021-05-09 15:42:51,757 - Eye - INFO - ['Epoch:03, Iter:560, Lr:0.00002500', 'Loss:1.0529', 'train_acc:53.49']
2021-05-09 15:42:57,289 - Eye - INFO - ['Epoch:03, Lr:0.00002500, Cost:380.96s', 'Loss:1.1915', 'train_acc:53.48', 'val_acc:20.31', 'val_loss:1.63']
2021-05-09 15:43:12,549 - Eye - INFO - ['Epoch:04, Iter: 20, Lr:0.00001250', 'Loss:1.2910', 'train_acc:51.56']
2021-05-09 15:43:25,999 - Eye - INFO - ['Epoch:04, Iter: 40, Lr:0.00001250', 'Loss:1.0835', 'train_acc:53.12']
2021-05-09 15:43:39,532 - Eye - INFO - ['Epoch:04, Iter: 60, Lr:0.00001250', 'Loss:1.1259', 'train_acc:53.18']
2021-05-09 15:43:52,572 - Eye - INFO - ['Epoch:04, Iter: 80, Lr:0.00001250', 'Loss:1.0981', 'train_acc:54.45']
2021-05-09 15:44:05,904 - Eye - INFO - ['Epoch:04, Iter:100, Lr:0.00001250', 'Loss:1.5106', 'train_acc:53.81']
2021-05-09 15:44:19,278 - Eye - INFO - ['Epoch:04, Iter:120, Lr:0.00001250', 'Loss:1.1758', 'train_acc:53.88']
2021-05-09 15:44:32,718 - Eye - INFO - ['Epoch:04, Iter:140, Lr:0.00001250', 'Loss:1.2676', 'train_acc:54.20']
2021-05-09 15:44:46,045 - Eye - INFO - ['Epoch:04, Iter:160, Lr:0.00001250', 'Loss:1.2187', 'train_acc:54.00']
2021-05-09 15:44:58,887 - Eye - INFO - ['Epoch:04, Iter:180, Lr:0.00001250', 'Loss:1.2601', 'train_acc:54.38']
2021-05-09 15:45:12,053 - Eye - INFO - ['Epoch:04, Iter:200, Lr:0.00001250', 'Loss:1.3208', 'train_acc:54.12']
2021-05-09 15:45:25,487 - Eye - INFO - ['Epoch:04, Iter:220, Lr:0.00001250', 'Loss:1.3086', 'train_acc:54.23']
2021-05-09 15:45:38,993 - Eye - INFO - ['Epoch:04, Iter:240, Lr:0.00001250', 'Loss:1.1119', 'train_acc:54.40']
2021-05-09 15:45:51,365 - Eye - INFO - ['Epoch:04, Iter:260, Lr:0.00001250', 'Loss:0.9712', 'train_acc:54.41']
2021-05-09 15:46:03,597 - Eye - INFO - ['Epoch:04, Iter:280, Lr:0.00001250', 'Loss:1.0324', 'train_acc:54.40']
2021-05-09 15:46:16,753 - Eye - INFO - ['Epoch:04, Iter:300, Lr:0.00001250', 'Loss:1.3455', 'train_acc:54.51']
2021-05-09 15:46:30,266 - Eye - INFO - ['Epoch:04, Iter:320, Lr:0.00001250', 'Loss:1.1259', 'train_acc:54.42']
2021-05-09 15:46:43,511 - Eye - INFO - ['Epoch:04, Iter:340, Lr:0.00001250', 'Loss:1.1822', 'train_acc:54.46']
2021-05-09 15:46:56,974 - Eye - INFO - ['Epoch:04, Iter:360, Lr:0.00001250', 'Loss:1.0968', 'train_acc:54.63']
2021-05-09 15:47:10,511 - Eye - INFO - ['Epoch:04, Iter:380, Lr:0.00001250', 'Loss:1.1972', 'train_acc:54.70']
2021-05-09 15:47:24,016 - Eye - INFO - ['Epoch:04, Iter:400, Lr:0.00001250', 'Loss:1.1339', 'train_acc:54.66']
2021-05-09 15:47:37,531 - Eye - INFO - ['Epoch:04, Iter:420, Lr:0.00001250', 'Loss:1.1727', 'train_acc:54.70']
2021-05-09 15:47:50,883 - Eye - INFO - ['Epoch:04, Iter:440, Lr:0.00001250', 'Loss:1.1225', 'train_acc:54.75']
2021-05-09 15:48:04,454 - Eye - INFO - ['Epoch:04, Iter:460, Lr:0.00001250', 'Loss:1.1331', 'train_acc:54.70']
2021-05-09 15:48:17,655 - Eye - INFO - ['Epoch:04, Iter:480, Lr:0.00001250', 'Loss:1.1934', 'train_acc:54.69']
2021-05-09 15:48:31,189 - Eye - INFO - ['Epoch:04, Iter:500, Lr:0.00001250', 'Loss:1.0985', 'train_acc:54.58']
2021-05-09 15:48:44,258 - Eye - INFO - ['Epoch:04, Iter:520, Lr:0.00001250', 'Loss:1.0173', 'train_acc:54.59']
2021-05-09 15:48:57,578 - Eye - INFO - ['Epoch:04, Iter:540, Lr:0.00001250', 'Loss:1.1806', 'train_acc:54.57']
2021-05-09 15:49:11,140 - Eye - INFO - ['Epoch:04, Iter:560, Lr:0.00001250', 'Loss:1.1141', 'train_acc:54.64']
2021-05-09 15:49:16,582 - Eye - INFO - ['Epoch:04, Lr:0.00001250, Cost:379.10s', 'Loss:1.2813', 'train_acc:54.59', 'val_acc:19.01', 'val_loss:1.58']
2021-05-09 15:49:31,585 - Eye - INFO - ['Epoch:05, Iter: 20, Lr:0.00001250', 'Loss:1.2064', 'train_acc:53.75']
2021-05-09 15:49:45,048 - Eye - INFO - ['Epoch:05, Iter: 40, Lr:0.00001250', 'Loss:1.2625', 'train_acc:55.16']
2021-05-09 15:49:58,039 - Eye - INFO - ['Epoch:05, Iter: 60, Lr:0.00001250', 'Loss:1.1010', 'train_acc:55.68']
2021-05-09 15:50:11,420 - Eye - INFO - ['Epoch:05, Iter: 80, Lr:0.00001250', 'Loss:1.3169', 'train_acc:55.70']
2021-05-09 15:50:24,906 - Eye - INFO - ['Epoch:05, Iter:100, Lr:0.00001250', 'Loss:1.1721', 'train_acc:55.75']
2021-05-09 15:50:38,466 - Eye - INFO - ['Epoch:05, Iter:120, Lr:0.00001250', 'Loss:1.0336', 'train_acc:55.26']
2021-05-09 15:50:51,911 - Eye - INFO - ['Epoch:05, Iter:140, Lr:0.00001250', 'Loss:0.9759', 'train_acc:55.51']
2021-05-09 15:51:05,443 - Eye - INFO - ['Epoch:05, Iter:160, Lr:0.00001250', 'Loss:1.5474', 'train_acc:55.92']
2021-05-09 15:51:18,986 - Eye - INFO - ['Epoch:05, Iter:180, Lr:0.00001250', 'Loss:1.2698', 'train_acc:55.36']
2021-05-09 15:51:32,536 - Eye - INFO - ['Epoch:05, Iter:200, Lr:0.00001250', 'Loss:1.0098', 'train_acc:55.31']
2021-05-09 15:51:46,095 - Eye - INFO - ['Epoch:05, Iter:220, Lr:0.00001250', 'Loss:1.0867', 'train_acc:55.23']
2021-05-09 15:51:59,570 - Eye - INFO - ['Epoch:05, Iter:240, Lr:0.00001250', 'Loss:1.0919', 'train_acc:55.42']
2021-05-09 15:52:12,895 - Eye - INFO - ['Epoch:05, Iter:260, Lr:0.00001250', 'Loss:1.0200', 'train_acc:55.59']
2021-05-09 15:52:25,910 - Eye - INFO - ['Epoch:05, Iter:280, Lr:0.00001250', 'Loss:1.3447', 'train_acc:55.59']
2021-05-09 15:52:39,418 - Eye - INFO - ['Epoch:05, Iter:300, Lr:0.00001250', 'Loss:1.0878', 'train_acc:55.52']
2021-05-09 15:52:52,758 - Eye - INFO - ['Epoch:05, Iter:320, Lr:0.00001250', 'Loss:1.1784', 'train_acc:55.62']
2021-05-09 15:53:06,247 - Eye - INFO - ['Epoch:05, Iter:340, Lr:0.00001250', 'Loss:1.3051', 'train_acc:55.54']
2021-05-09 15:53:19,710 - Eye - INFO - ['Epoch:05, Iter:360, Lr:0.00001250', 'Loss:1.1194', 'train_acc:55.39']
2021-05-09 15:53:33,134 - Eye - INFO - ['Epoch:05, Iter:380, Lr:0.00001250', 'Loss:1.0869', 'train_acc:55.42']
2021-05-09 15:53:46,643 - Eye - INFO - ['Epoch:05, Iter:400, Lr:0.00001250', 'Loss:1.0340', 'train_acc:55.51']
2021-05-09 15:54:00,112 - Eye - INFO - ['Epoch:05, Iter:420, Lr:0.00001250', 'Loss:1.2178', 'train_acc:55.52']
2021-05-09 15:54:13,598 - Eye - INFO - ['Epoch:05, Iter:440, Lr:0.00001250', 'Loss:1.1013', 'train_acc:55.60']
2021-05-09 15:54:27,172 - Eye - INFO - ['Epoch:05, Iter:460, Lr:0.00001250', 'Loss:1.2585', 'train_acc:55.58']
2021-05-09 15:54:40,605 - Eye - INFO - ['Epoch:05, Iter:480, Lr:0.00001250', 'Loss:1.3504', 'train_acc:55.40']
2021-05-09 15:54:54,079 - Eye - INFO - ['Epoch:05, Iter:500, Lr:0.00001250', 'Loss:1.1231', 'train_acc:55.47']
2021-05-09 15:55:07,613 - Eye - INFO - ['Epoch:05, Iter:520, Lr:0.00001250', 'Loss:1.1963', 'train_acc:55.52']
2021-05-09 15:55:21,102 - Eye - INFO - ['Epoch:05, Iter:540, Lr:0.00001250', 'Loss:1.2468', 'train_acc:55.51']
2021-05-09 15:55:34,122 - Eye - INFO - ['Epoch:05, Iter:560, Lr:0.00001250', 'Loss:1.1580', 'train_acc:55.55']
2021-05-09 15:55:39,642 - Eye - INFO - ['Epoch:05, Lr:0.00001250, Cost:382.86s', 'Loss:1.1238', 'train_acc:55.54', 'val_acc:20.57', 'val_loss:1.83']
2021-05-09 15:55:55,071 - Eye - INFO - ['Epoch:06, Iter: 20, Lr:0.00000625', 'Loss:1.1052', 'train_acc:55.94']
2021-05-09 15:56:08,447 - Eye - INFO - ['Epoch:06, Iter: 40, Lr:0.00000625', 'Loss:1.1836', 'train_acc:55.78']
2021-05-09 15:56:21,973 - Eye - INFO - ['Epoch:06, Iter: 60, Lr:0.00000625', 'Loss:1.2128', 'train_acc:55.47']
2021-05-09 15:56:35,526 - Eye - INFO - ['Epoch:06, Iter: 80, Lr:0.00000625', 'Loss:1.0499', 'train_acc:56.48']
2021-05-09 15:56:49,050 - Eye - INFO - ['Epoch:06, Iter:100, Lr:0.00000625', 'Loss:1.2421', 'train_acc:57.00']
2021-05-09 15:57:02,546 - Eye - INFO - ['Epoch:06, Iter:120, Lr:0.00000625', 'Loss:1.0741', 'train_acc:56.61']
2021-05-09 15:57:16,057 - Eye - INFO - ['Epoch:06, Iter:140, Lr:0.00000625', 'Loss:0.9800', 'train_acc:56.85']
2021-05-09 15:57:29,413 - Eye - INFO - ['Epoch:06, Iter:160, Lr:0.00000625', 'Loss:1.0548', 'train_acc:56.88']
2021-05-09 15:57:42,840 - Eye - INFO - ['Epoch:06, Iter:180, Lr:0.00000625', 'Loss:1.1969', 'train_acc:56.98']
2021-05-09 15:57:56,420 - Eye - INFO - ['Epoch:06, Iter:200, Lr:0.00000625', 'Loss:0.9627', 'train_acc:57.06']
2021-05-09 15:58:09,930 - Eye - INFO - ['Epoch:06, Iter:220, Lr:0.00000625', 'Loss:1.1396', 'train_acc:56.68']
2021-05-09 15:58:23,460 - Eye - INFO - ['Epoch:06, Iter:240, Lr:0.00000625', 'Loss:0.9494', 'train_acc:56.63']
2021-05-09 15:58:36,839 - Eye - INFO - ['Epoch:06, Iter:260, Lr:0.00000625', 'Loss:1.0732', 'train_acc:56.56']
2021-05-09 15:58:50,131 - Eye - INFO - ['Epoch:06, Iter:280, Lr:0.00000625', 'Loss:1.1441', 'train_acc:56.58']
2021-05-09 15:59:03,702 - Eye - INFO - ['Epoch:06, Iter:300, Lr:0.00000625', 'Loss:0.9726', 'train_acc:56.72']
2021-05-09 15:59:17,259 - Eye - INFO - ['Epoch:06, Iter:320, Lr:0.00000625', 'Loss:1.1607', 'train_acc:56.64']
2021-05-09 15:59:29,975 - Eye - INFO - ['Epoch:06, Iter:340, Lr:0.00000625', 'Loss:0.9706', 'train_acc:56.46']
2021-05-09 15:59:43,027 - Eye - INFO - ['Epoch:06, Iter:360, Lr:0.00000625', 'Loss:1.1215', 'train_acc:56.48']
2021-05-09 15:59:55,952 - Eye - INFO - ['Epoch:06, Iter:380, Lr:0.00000625', 'Loss:1.1481', 'train_acc:56.44']
2021-05-09 16:00:08,707 - Eye - INFO - ['Epoch:06, Iter:400, Lr:0.00000625', 'Loss:1.1422', 'train_acc:56.48']
2021-05-09 16:00:22,050 - Eye - INFO - ['Epoch:06, Iter:420, Lr:0.00000625', 'Loss:0.9300', 'train_acc:56.35']
2021-05-09 16:00:35,622 - Eye - INFO - ['Epoch:06, Iter:440, Lr:0.00000625', 'Loss:1.2454', 'train_acc:56.34']
2021-05-09 16:00:49,141 - Eye - INFO - ['Epoch:06, Iter:460, Lr:0.00000625', 'Loss:0.9345', 'train_acc:56.39']
2021-05-09 16:01:02,626 - Eye - INFO - ['Epoch:06, Iter:480, Lr:0.00000625', 'Loss:1.0250', 'train_acc:56.37']
2021-05-09 16:01:15,929 - Eye - INFO - ['Epoch:06, Iter:500, Lr:0.00000625', 'Loss:1.0422', 'train_acc:56.35']
2021-05-09 16:01:29,166 - Eye - INFO - ['Epoch:06, Iter:520, Lr:0.00000625', 'Loss:1.1198', 'train_acc:56.36']
2021-05-09 16:01:42,084 - Eye - INFO - ['Epoch:06, Iter:540, Lr:0.00000625', 'Loss:1.1100', 'train_acc:56.37']
2021-05-09 16:01:55,097 - Eye - INFO - ['Epoch:06, Iter:560, Lr:0.00000625', 'Loss:1.0027', 'train_acc:56.45']
2021-05-09 16:02:00,737 - Eye - INFO - ['Epoch:06, Lr:0.00000625, Cost:380.89s', 'Loss:0.9453', 'train_acc:56.46', 'val_acc:20.57', 'val_loss:1.87']
2021-05-09 16:02:15,679 - Eye - INFO - ['Epoch:07, Iter: 20, Lr:0.00000625', 'Loss:1.0275', 'train_acc:57.50']
2021-05-09 16:02:29,038 - Eye - INFO - ['Epoch:07, Iter: 40, Lr:0.00000625', 'Loss:1.1010', 'train_acc:56.80']
2021-05-09 16:02:42,024 - Eye - INFO - ['Epoch:07, Iter: 60, Lr:0.00000625', 'Loss:1.0084', 'train_acc:57.14']
2021-05-09 16:02:55,040 - Eye - INFO - ['Epoch:07, Iter: 80, Lr:0.00000625', 'Loss:1.2203', 'train_acc:57.77']
2021-05-09 16:03:08,666 - Eye - INFO - ['Epoch:07, Iter:100, Lr:0.00000625', 'Loss:1.2129', 'train_acc:56.78']
2021-05-09 16:03:21,878 - Eye - INFO - ['Epoch:07, Iter:120, Lr:0.00000625', 'Loss:0.9727', 'train_acc:57.03']
2021-05-09 16:03:35,336 - Eye - INFO - ['Epoch:07, Iter:140, Lr:0.00000625', 'Loss:1.0099', 'train_acc:57.05']
2021-05-09 16:03:48,541 - Eye - INFO - ['Epoch:07, Iter:160, Lr:0.00000625', 'Loss:1.1234', 'train_acc:57.05']
2021-05-09 16:04:01,754 - Eye - INFO - ['Epoch:07, Iter:180, Lr:0.00000625', 'Loss:1.1120', 'train_acc:57.48']
2021-05-09 16:04:15,189 - Eye - INFO - ['Epoch:07, Iter:200, Lr:0.00000625', 'Loss:1.0868', 'train_acc:57.38']
2021-05-09 16:04:28,465 - Eye - INFO - ['Epoch:07, Iter:220, Lr:0.00000625', 'Loss:1.3512', 'train_acc:57.51']
2021-05-09 16:04:41,910 - Eye - INFO - ['Epoch:07, Iter:240, Lr:0.00000625', 'Loss:1.2702', 'train_acc:57.60']
2021-05-09 16:04:54,843 - Eye - INFO - ['Epoch:07, Iter:260, Lr:0.00000625', 'Loss:1.0744', 'train_acc:57.51']
2021-05-09 16:05:08,091 - Eye - INFO - ['Epoch:07, Iter:280, Lr:0.00000625', 'Loss:1.0688', 'train_acc:57.66']
2021-05-09 16:05:21,083 - Eye - INFO - ['Epoch:07, Iter:300, Lr:0.00000625', 'Loss:1.1316', 'train_acc:57.74']
2021-05-09 16:05:34,341 - Eye - INFO - ['Epoch:07, Iter:320, Lr:0.00000625', 'Loss:1.0823', 'train_acc:57.81']
2021-05-09 16:05:47,448 - Eye - INFO - ['Epoch:07, Iter:340, Lr:0.00000625', 'Loss:1.2948', 'train_acc:57.85']
2021-05-09 16:06:00,751 - Eye - INFO - ['Epoch:07, Iter:360, Lr:0.00000625', 'Loss:1.1243', 'train_acc:57.86']
2021-05-09 16:06:14,292 - Eye - INFO - ['Epoch:07, Iter:380, Lr:0.00000625', 'Loss:1.1501', 'train_acc:57.94']
2021-05-09 16:06:27,787 - Eye - INFO - ['Epoch:07, Iter:400, Lr:0.00000625', 'Loss:1.0000', 'train_acc:57.93']
2021-05-09 16:06:41,284 - Eye - INFO - ['Epoch:07, Iter:420, Lr:0.00000625', 'Loss:1.1354', 'train_acc:57.79']
2021-05-09 16:06:54,712 - Eye - INFO - ['Epoch:07, Iter:440, Lr:0.00000625', 'Loss:1.1022', 'train_acc:57.68']
2021-05-09 16:07:08,097 - Eye - INFO - ['Epoch:07, Iter:460, Lr:0.00000625', 'Loss:0.9984', 'train_acc:57.67']
2021-05-09 16:07:21,247 - Eye - INFO - ['Epoch:07, Iter:480, Lr:0.00000625', 'Loss:1.0998', 'train_acc:57.71']
2021-05-09 16:07:34,728 - Eye - INFO - ['Epoch:07, Iter:500, Lr:0.00000625', 'Loss:1.0916', 'train_acc:57.73']
2021-05-09 16:07:47,892 - Eye - INFO - ['Epoch:07, Iter:520, Lr:0.00000625', 'Loss:1.1073', 'train_acc:57.73']
2021-05-09 16:08:01,385 - Eye - INFO - ['Epoch:07, Iter:540, Lr:0.00000625', 'Loss:0.9979', 'train_acc:57.69']
2021-05-09 16:08:14,862 - Eye - INFO - ['Epoch:07, Iter:560, Lr:0.00000625', 'Loss:1.2430', 'train_acc:57.53']
2021-05-09 16:08:20,421 - Eye - INFO - ['Epoch:07, Lr:0.00000625, Cost:379.49s', 'Loss:1.0823', 'train_acc:57.52', 'val_acc:20.31', 'val_loss:1.55']
2021-05-09 16:08:35,838 - Eye - INFO - ['Epoch:08, Iter: 20, Lr:0.00000313', 'Loss:1.0519', 'train_acc:55.47']
2021-05-09 16:08:49,331 - Eye - INFO - ['Epoch:08, Iter: 40, Lr:0.00000313', 'Loss:0.9146', 'train_acc:55.23']
2021-05-09 16:09:02,297 - Eye - INFO - ['Epoch:08, Iter: 60, Lr:0.00000313', 'Loss:1.0353', 'train_acc:55.21']
2021-05-09 16:09:15,446 - Eye - INFO - ['Epoch:08, Iter: 80, Lr:0.00000313', 'Loss:1.0365', 'train_acc:55.94']
2021-05-09 16:09:28,926 - Eye - INFO - ['Epoch:08, Iter:100, Lr:0.00000313', 'Loss:1.1427', 'train_acc:56.03']
2021-05-09 16:09:42,428 - Eye - INFO - ['Epoch:08, Iter:120, Lr:0.00000313', 'Loss:0.9217', 'train_acc:56.28']
2021-05-09 16:09:55,969 - Eye - INFO - ['Epoch:08, Iter:140, Lr:0.00000313', 'Loss:1.0135', 'train_acc:56.43']
2021-05-09 16:10:09,487 - Eye - INFO - ['Epoch:08, Iter:160, Lr:0.00000313', 'Loss:1.0649', 'train_acc:56.15']
2021-05-09 16:10:22,802 - Eye - INFO - ['Epoch:08, Iter:180, Lr:0.00000313', 'Loss:0.9829', 'train_acc:56.30']
2021-05-09 16:10:36,124 - Eye - INFO - ['Epoch:08, Iter:200, Lr:0.00000313', 'Loss:1.1415', 'train_acc:56.50']
2021-05-09 16:10:49,333 - Eye - INFO - ['Epoch:08, Iter:220, Lr:0.00000313', 'Loss:1.1102', 'train_acc:56.58']
2021-05-09 16:11:02,640 - Eye - INFO - ['Epoch:08, Iter:240, Lr:0.00000313', 'Loss:1.2263', 'train_acc:56.45']
2021-05-09 16:11:16,265 - Eye - INFO - ['Epoch:08, Iter:260, Lr:0.00000313', 'Loss:1.0820', 'train_acc:56.62']
2021-05-09 16:11:29,463 - Eye - INFO - ['Epoch:08, Iter:280, Lr:0.00000313', 'Loss:1.0648', 'train_acc:56.80']
2021-05-09 16:11:42,788 - Eye - INFO - ['Epoch:08, Iter:300, Lr:0.00000313', 'Loss:1.1484', 'train_acc:56.77']
2021-05-09 16:11:55,957 - Eye - INFO - ['Epoch:08, Iter:320, Lr:0.00000313', 'Loss:1.0315', 'train_acc:56.81']
2021-05-09 16:12:09,305 - Eye - INFO - ['Epoch:08, Iter:340, Lr:0.00000313', 'Loss:1.0073', 'train_acc:56.90']
2021-05-09 16:12:22,691 - Eye - INFO - ['Epoch:08, Iter:360, Lr:0.00000313', 'Loss:1.3050', 'train_acc:57.02']
2021-05-09 16:12:35,787 - Eye - INFO - ['Epoch:08, Iter:380, Lr:0.00000313', 'Loss:0.9540', 'train_acc:57.06']
2021-05-09 16:12:48,521 - Eye - INFO - ['Epoch:08, Iter:400, Lr:0.00000313', 'Loss:0.9344', 'train_acc:57.12']
2021-05-09 16:13:02,077 - Eye - INFO - ['Epoch:08, Iter:420, Lr:0.00000313', 'Loss:1.2853', 'train_acc:57.10']
2021-05-09 16:13:15,531 - Eye - INFO - ['Epoch:08, Iter:440, Lr:0.00000313', 'Loss:1.0534', 'train_acc:57.20']
2021-05-09 16:13:28,829 - Eye - INFO - ['Epoch:08, Iter:460, Lr:0.00000313', 'Loss:1.0807', 'train_acc:57.19']
2021-05-09 16:13:42,306 - Eye - INFO - ['Epoch:08, Iter:480, Lr:0.00000313', 'Loss:1.1576', 'train_acc:57.10']
2021-05-09 16:13:55,481 - Eye - INFO - ['Epoch:08, Iter:500, Lr:0.00000313', 'Loss:1.0647', 'train_acc:57.08']
2021-05-09 16:14:09,150 - Eye - INFO - ['Epoch:08, Iter:520, Lr:0.00000313', 'Loss:0.9693', 'train_acc:57.05']
2021-05-09 16:14:22,457 - Eye - INFO - ['Epoch:08, Iter:540, Lr:0.00000313', 'Loss:1.0167', 'train_acc:57.12']
2021-05-09 16:14:35,873 - Eye - INFO - ['Epoch:08, Iter:560, Lr:0.00000313', 'Loss:1.1289', 'train_acc:57.13']
2021-05-09 16:14:41,555 - Eye - INFO - ['Epoch:08, Lr:0.00000313, Cost:380.94s', 'Loss:1.0234', 'train_acc:57.11', 'val_acc:22.14', 'val_loss:1.51']
2021-05-09 16:14:55,858 - Eye - INFO - ['Epoch:09, Iter: 20, Lr:0.00000313', 'Loss:0.9604', 'train_acc:57.03']
2021-05-09 16:15:08,202 - Eye - INFO - ['Epoch:09, Iter: 40, Lr:0.00000313', 'Loss:1.0004', 'train_acc:57.73']
2021-05-09 16:15:20,506 - Eye - INFO - ['Epoch:09, Iter: 60, Lr:0.00000313', 'Loss:1.0255', 'train_acc:57.40']
2021-05-09 16:15:33,045 - Eye - INFO - ['Epoch:09, Iter: 80, Lr:0.00000313', 'Loss:1.0510', 'train_acc:57.42']
2021-05-09 16:15:46,534 - Eye - INFO - ['Epoch:09, Iter:100, Lr:0.00000313', 'Loss:1.1675', 'train_acc:57.72']
2021-05-09 16:16:00,101 - Eye - INFO - ['Epoch:09, Iter:120, Lr:0.00000313', 'Loss:1.1376', 'train_acc:58.10']
2021-05-09 16:16:12,920 - Eye - INFO - ['Epoch:09, Iter:140, Lr:0.00000313', 'Loss:1.0422', 'train_acc:57.99']
2021-05-09 16:16:27,228 - Eye - INFO - ['Epoch:09, Iter:160, Lr:0.00000313', 'Loss:0.8529', 'train_acc:57.68']
2021-05-09 16:16:40,799 - Eye - INFO - ['Epoch:09, Iter:180, Lr:0.00000313', 'Loss:1.1581', 'train_acc:57.62']
2021-05-09 16:16:54,311 - Eye - INFO - ['Epoch:09, Iter:200, Lr:0.00000313', 'Loss:0.9517', 'train_acc:57.80']
2021-05-09 16:17:07,844 - Eye - INFO - ['Epoch:09, Iter:220, Lr:0.00000313', 'Loss:0.9787', 'train_acc:57.87']
2021-05-09 16:17:21,325 - Eye - INFO - ['Epoch:09, Iter:240, Lr:0.00000313', 'Loss:1.1523', 'train_acc:57.73']
2021-05-09 16:17:34,683 - Eye - INFO - ['Epoch:09, Iter:260, Lr:0.00000313', 'Loss:1.0314', 'train_acc:57.86']
2021-05-09 16:17:48,015 - Eye - INFO - ['Epoch:09, Iter:280, Lr:0.00000313', 'Loss:0.9270', 'train_acc:57.87']
2021-05-09 16:18:01,557 - Eye - INFO - ['Epoch:09, Iter:300, Lr:0.00000313', 'Loss:1.0941', 'train_acc:57.90']
2021-05-09 16:18:14,704 - Eye - INFO - ['Epoch:09, Iter:320, Lr:0.00000313', 'Loss:1.1944', 'train_acc:57.92']
2021-05-09 16:18:28,201 - Eye - INFO - ['Epoch:09, Iter:340, Lr:0.00000313', 'Loss:1.1078', 'train_acc:57.98']
2021-05-09 16:18:41,532 - Eye - INFO - ['Epoch:09, Iter:360, Lr:0.00000313', 'Loss:1.2029', 'train_acc:58.03']
2021-05-09 16:18:54,783 - Eye - INFO - ['Epoch:09, Iter:380, Lr:0.00000313', 'Loss:1.1316', 'train_acc:58.22']
2021-05-09 16:19:08,338 - Eye - INFO - ['Epoch:09, Iter:400, Lr:0.00000313', 'Loss:1.0001', 'train_acc:58.00']
2021-05-09 16:19:21,840 - Eye - INFO - ['Epoch:09, Iter:420, Lr:0.00000313', 'Loss:0.8971', 'train_acc:58.10']
2021-05-09 16:19:35,274 - Eye - INFO - ['Epoch:09, Iter:440, Lr:0.00000313', 'Loss:0.9626', 'train_acc:58.18']
2021-05-09 16:19:48,506 - Eye - INFO - ['Epoch:09, Iter:460, Lr:0.00000313', 'Loss:1.0360', 'train_acc:58.02']
2021-05-09 16:20:02,039 - Eye - INFO - ['Epoch:09, Iter:480, Lr:0.00000313', 'Loss:0.8897', 'train_acc:58.06']
2021-05-09 16:20:15,559 - Eye - INFO - ['Epoch:09, Iter:500, Lr:0.00000313', 'Loss:1.1694', 'train_acc:57.98']
2021-05-09 16:20:28,917 - Eye - INFO - ['Epoch:09, Iter:520, Lr:0.00000313', 'Loss:1.0588', 'train_acc:57.94']
2021-05-09 16:20:42,277 - Eye - INFO - ['Epoch:09, Iter:540, Lr:0.00000313', 'Loss:1.2725', 'train_acc:58.00']
2021-05-09 16:20:55,696 - Eye - INFO - ['Epoch:09, Iter:560, Lr:0.00000313', 'Loss:0.9741', 'train_acc:58.08']
2021-05-09 16:21:01,344 - Eye - INFO - ['Epoch:09, Lr:0.00000313, Cost:379.58s', 'Loss:0.9632', 'train_acc:58.06', 'val_acc:21.35', 'val_loss:1.62']
2021-05-09 16:21:15,958 - Eye - INFO - ['Epoch:10, Iter: 20, Lr:0.00000156', 'Loss:1.2155', 'train_acc:54.84']
2021-05-09 16:21:29,592 - Eye - INFO - ['Epoch:10, Iter: 40, Lr:0.00000156', 'Loss:0.9167', 'train_acc:56.95']
2021-05-09 16:21:43,047 - Eye - INFO - ['Epoch:10, Iter: 60, Lr:0.00000156', 'Loss:0.9697', 'train_acc:56.72']
2021-05-09 16:21:56,599 - Eye - INFO - ['Epoch:10, Iter: 80, Lr:0.00000156', 'Loss:1.0773', 'train_acc:56.52']
2021-05-09 16:22:10,076 - Eye - INFO - ['Epoch:10, Iter:100, Lr:0.00000156', 'Loss:0.9703', 'train_acc:56.94']
2021-05-09 16:22:23,606 - Eye - INFO - ['Epoch:10, Iter:120, Lr:0.00000156', 'Loss:1.0872', 'train_acc:57.37']
2021-05-09 16:22:37,122 - Eye - INFO - ['Epoch:10, Iter:140, Lr:0.00000156', 'Loss:1.1972', 'train_acc:57.34']
2021-05-09 16:22:50,635 - Eye - INFO - ['Epoch:10, Iter:160, Lr:0.00000156', 'Loss:1.1222', 'train_acc:57.13']
2021-05-09 16:23:04,167 - Eye - INFO - ['Epoch:10, Iter:180, Lr:0.00000156', 'Loss:0.8872', 'train_acc:57.76']
2021-05-09 16:23:17,656 - Eye - INFO - ['Epoch:10, Iter:200, Lr:0.00000156', 'Loss:0.9305', 'train_acc:57.94']
2021-05-09 16:23:31,172 - Eye - INFO - ['Epoch:10, Iter:220, Lr:0.00000156', 'Loss:1.0792', 'train_acc:57.98']
2021-05-09 16:23:44,665 - Eye - INFO - ['Epoch:10, Iter:240, Lr:0.00000156', 'Loss:1.1197', 'train_acc:58.29']
2021-05-09 16:23:57,829 - Eye - INFO - ['Epoch:10, Iter:260, Lr:0.00000156', 'Loss:1.0900', 'train_acc:58.19']
2021-05-09 16:24:10,734 - Eye - INFO - ['Epoch:10, Iter:280, Lr:0.00000156', 'Loss:1.1796', 'train_acc:58.05']
2021-05-09 16:24:24,506 - Eye - INFO - ['Epoch:10, Iter:300, Lr:0.00000156', 'Loss:0.8434', 'train_acc:58.05']
2021-05-09 16:24:37,709 - Eye - INFO - ['Epoch:10, Iter:320, Lr:0.00000156', 'Loss:1.2836', 'train_acc:58.12']
2021-05-09 16:24:51,210 - Eye - INFO - ['Epoch:10, Iter:340, Lr:0.00000156', 'Loss:1.0500', 'train_acc:58.15']
2021-05-09 16:25:04,721 - Eye - INFO - ['Epoch:10, Iter:360, Lr:0.00000156', 'Loss:1.1718', 'train_acc:58.15']
2021-05-09 16:25:18,235 - Eye - INFO - ['Epoch:10, Iter:380, Lr:0.00000156', 'Loss:1.1550', 'train_acc:58.14']
2021-05-09 16:25:31,751 - Eye - INFO - ['Epoch:10, Iter:400, Lr:0.00000156', 'Loss:0.9641', 'train_acc:58.32']
2021-05-09 16:25:45,277 - Eye - INFO - ['Epoch:10, Iter:420, Lr:0.00000156', 'Loss:1.0847', 'train_acc:58.40']
2021-05-09 16:25:58,796 - Eye - INFO - ['Epoch:10, Iter:440, Lr:0.00000156', 'Loss:1.1213', 'train_acc:58.42']
2021-05-09 16:26:12,316 - Eye - INFO - ['Epoch:10, Iter:460, Lr:0.00000156', 'Loss:0.8976', 'train_acc:58.33']
2021-05-09 16:26:25,834 - Eye - INFO - ['Epoch:10, Iter:480, Lr:0.00000156', 'Loss:1.3360', 'train_acc:58.33']
2021-05-09 16:26:39,397 - Eye - INFO - ['Epoch:10, Iter:500, Lr:0.00000156', 'Loss:1.0476', 'train_acc:58.38']
2021-05-09 16:26:52,818 - Eye - INFO - ['Epoch:10, Iter:520, Lr:0.00000156', 'Loss:1.1917', 'train_acc:58.32']
2021-05-09 16:27:06,314 - Eye - INFO - ['Epoch:10, Iter:540, Lr:0.00000156', 'Loss:0.9776', 'train_acc:58.36']
2021-05-09 16:27:19,836 - Eye - INFO - ['Epoch:10, Iter:560, Lr:0.00000156', 'Loss:1.0318', 'train_acc:58.34']
2021-05-09 16:27:25,450 - Eye - INFO - ['Epoch:10, Lr:0.00000156, Cost:383.92s', 'Loss:0.8771', 'train_acc:58.35', 'val_acc:21.61', 'val_loss:1.61']
2021-05-09 16:27:40,056 - Eye - INFO - ['Epoch:11, Iter: 20, Lr:0.00000156', 'Loss:0.8790', 'train_acc:56.88']
2021-05-09 16:27:52,892 - Eye - INFO - ['Epoch:11, Iter: 40, Lr:0.00000156', 'Loss:1.2973', 'train_acc:57.58']
2021-05-09 16:28:06,147 - Eye - INFO - ['Epoch:11, Iter: 60, Lr:0.00000156', 'Loss:1.0727', 'train_acc:58.18']
2021-05-09 16:28:19,604 - Eye - INFO - ['Epoch:11, Iter: 80, Lr:0.00000156', 'Loss:1.2308', 'train_acc:58.12']
2021-05-09 16:28:32,894 - Eye - INFO - ['Epoch:11, Iter:100, Lr:0.00000156', 'Loss:1.0328', 'train_acc:58.75']
2021-05-09 16:28:46,215 - Eye - INFO - ['Epoch:11, Iter:120, Lr:0.00000156', 'Loss:0.9320', 'train_acc:58.49']
2021-05-09 16:28:59,701 - Eye - INFO - ['Epoch:11, Iter:140, Lr:0.00000156', 'Loss:0.9828', 'train_acc:58.97']
2021-05-09 16:29:13,208 - Eye - INFO - ['Epoch:11, Iter:160, Lr:0.00000156', 'Loss:0.9587', 'train_acc:59.08']
2021-05-09 16:29:26,771 - Eye - INFO - ['Epoch:11, Iter:180, Lr:0.00000156', 'Loss:0.9361', 'train_acc:58.85']
2021-05-09 16:29:40,319 - Eye - INFO - ['Epoch:11, Iter:200, Lr:0.00000156', 'Loss:1.1179', 'train_acc:58.81']
2021-05-09 16:29:53,830 - Eye - INFO - ['Epoch:11, Iter:220, Lr:0.00000156', 'Loss:1.0666', 'train_acc:58.89']
2021-05-09 16:30:07,312 - Eye - INFO - ['Epoch:11, Iter:240, Lr:0.00000156', 'Loss:1.0003', 'train_acc:58.91']
2021-05-09 16:30:20,837 - Eye - INFO - ['Epoch:11, Iter:260, Lr:0.00000156', 'Loss:0.9128', 'train_acc:59.13']
2021-05-09 16:30:34,151 - Eye - INFO - ['Epoch:11, Iter:280, Lr:0.00000156', 'Loss:1.2171', 'train_acc:58.98']
2021-05-09 16:30:47,722 - Eye - INFO - ['Epoch:11, Iter:300, Lr:0.00000156', 'Loss:0.9730', 'train_acc:58.97']
2021-05-09 16:31:01,176 - Eye - INFO - ['Epoch:11, Iter:320, Lr:0.00000156', 'Loss:0.9973', 'train_acc:58.98']
2021-05-09 16:31:14,169 - Eye - INFO - ['Epoch:11, Iter:340, Lr:0.00000156', 'Loss:1.0332', 'train_acc:58.71']
2021-05-09 16:31:27,178 - Eye - INFO - ['Epoch:11, Iter:360, Lr:0.00000156', 'Loss:0.8022', 'train_acc:58.78']
2021-05-09 16:31:40,366 - Eye - INFO - ['Epoch:11, Iter:380, Lr:0.00000156', 'Loss:1.3548', 'train_acc:58.83']
2021-05-09 16:31:53,693 - Eye - INFO - ['Epoch:11, Iter:400, Lr:0.00000156', 'Loss:1.0066', 'train_acc:58.91']
2021-05-09 16:32:07,209 - Eye - INFO - ['Epoch:11, Iter:420, Lr:0.00000156', 'Loss:1.2042', 'train_acc:58.63']
2021-05-09 16:32:20,733 - Eye - INFO - ['Epoch:11, Iter:440, Lr:0.00000156', 'Loss:1.1878', 'train_acc:58.62']
2021-05-09 16:32:34,212 - Eye - INFO - ['Epoch:11, Iter:460, Lr:0.00000156', 'Loss:0.9633', 'train_acc:58.66']
2021-05-09 16:32:47,768 - Eye - INFO - ['Epoch:11, Iter:480, Lr:0.00000156', 'Loss:1.0591', 'train_acc:58.77']
2021-05-09 16:33:01,115 - Eye - INFO - ['Epoch:11, Iter:500, Lr:0.00000156', 'Loss:1.0957', 'train_acc:58.86']
2021-05-09 16:33:14,656 - Eye - INFO - ['Epoch:11, Iter:520, Lr:0.00000156', 'Loss:0.9510', 'train_acc:58.88']
2021-05-09 16:33:28,059 - Eye - INFO - ['Epoch:11, Iter:540, Lr:0.00000156', 'Loss:1.1544', 'train_acc:58.83']
2021-05-09 16:33:41,487 - Eye - INFO - ['Epoch:11, Iter:560, Lr:0.00000156', 'Loss:1.0541', 'train_acc:58.75']
2021-05-09 16:33:47,023 - Eye - INFO - ['Epoch:11, Lr:0.00000156, Cost:381.42s', 'Loss:1.2502', 'train_acc:58.76', 'val_acc:21.88', 'val_loss:1.59']
2021-05-09 16:34:01,823 - Eye - INFO - ['Epoch:12, Iter: 20, Lr:0.00000156', 'Loss:0.9037', 'train_acc:59.84']
2021-05-09 16:34:15,031 - Eye - INFO - ['Epoch:12, Iter: 40, Lr:0.00000156', 'Loss:1.2234', 'train_acc:57.81']
2021-05-09 16:34:28,581 - Eye - INFO - ['Epoch:12, Iter: 60, Lr:0.00000156', 'Loss:0.9441', 'train_acc:58.33']
2021-05-09 16:34:42,094 - Eye - INFO - ['Epoch:12, Iter: 80, Lr:0.00000156', 'Loss:1.1075', 'train_acc:58.24']
2021-05-09 16:34:55,791 - Eye - INFO - ['Epoch:12, Iter:100, Lr:0.00000156', 'Loss:1.1540', 'train_acc:58.72']
2021-05-09 16:35:08,948 - Eye - INFO - ['Epoch:12, Iter:120, Lr:0.00000156', 'Loss:1.0754', 'train_acc:58.46']
2021-05-09 16:35:22,392 - Eye - INFO - ['Epoch:12, Iter:140, Lr:0.00000156', 'Loss:1.1025', 'train_acc:58.26']
2021-05-09 16:35:35,705 - Eye - INFO - ['Epoch:12, Iter:160, Lr:0.00000156', 'Loss:1.0366', 'train_acc:58.40']
2021-05-09 16:35:49,358 - Eye - INFO - ['Epoch:12, Iter:180, Lr:0.00000156', 'Loss:0.8666', 'train_acc:58.65']
2021-05-09 16:36:02,822 - Eye - INFO - ['Epoch:12, Iter:200, Lr:0.00000156', 'Loss:1.1117', 'train_acc:58.44']
2021-05-09 16:36:16,181 - Eye - INFO - ['Epoch:12, Iter:220, Lr:0.00000156', 'Loss:1.1777', 'train_acc:58.62']
2021-05-09 16:36:29,771 - Eye - INFO - ['Epoch:12, Iter:240, Lr:0.00000156', 'Loss:1.0163', 'train_acc:58.63']
2021-05-09 16:36:43,251 - Eye - INFO - ['Epoch:12, Iter:260, Lr:0.00000156', 'Loss:1.0566', 'train_acc:58.53']
2021-05-09 16:36:56,775 - Eye - INFO - ['Epoch:12, Iter:280, Lr:0.00000156', 'Loss:1.0146', 'train_acc:58.72']
2021-05-09 16:37:10,338 - Eye - INFO - ['Epoch:12, Iter:300, Lr:0.00000156', 'Loss:0.9750', 'train_acc:58.84']
2021-05-09 16:37:23,807 - Eye - INFO - ['Epoch:12, Iter:320, Lr:0.00000156', 'Loss:1.0006', 'train_acc:58.74']
2021-05-09 16:37:37,329 - Eye - INFO - ['Epoch:12, Iter:340, Lr:0.00000156', 'Loss:0.9834', 'train_acc:58.77']
2021-05-09 16:37:50,833 - Eye - INFO - ['Epoch:12, Iter:360, Lr:0.00000156', 'Loss:1.0190', 'train_acc:58.65']
2021-05-09 16:38:04,346 - Eye - INFO - ['Epoch:12, Iter:380, Lr:0.00000156', 'Loss:1.0263', 'train_acc:58.71']
2021-05-09 16:38:17,863 - Eye - INFO - ['Epoch:12, Iter:400, Lr:0.00000156', 'Loss:0.9911', 'train_acc:58.70']
2021-05-09 16:38:30,698 - Eye - INFO - ['Epoch:12, Iter:420, Lr:0.00000156', 'Loss:0.9209', 'train_acc:58.67']
2021-05-09 16:38:44,364 - Eye - INFO - ['Epoch:12, Iter:440, Lr:0.00000156', 'Loss:1.1873', 'train_acc:58.73']
2021-05-09 16:38:57,887 - Eye - INFO - ['Epoch:12, Iter:460, Lr:0.00000156', 'Loss:1.2859', 'train_acc:58.85']
2021-05-09 16:39:11,379 - Eye - INFO - ['Epoch:12, Iter:480, Lr:0.00000156', 'Loss:1.2032', 'train_acc:58.83']
2021-05-09 16:39:24,845 - Eye - INFO - ['Epoch:12, Iter:500, Lr:0.00000156', 'Loss:1.1746', 'train_acc:58.74']
2021-05-09 16:39:37,512 - Eye - INFO - ['Epoch:12, Iter:520, Lr:0.00000156', 'Loss:1.1119', 'train_acc:58.73']
2021-05-09 16:39:51,059 - Eye - INFO - ['Epoch:12, Iter:540, Lr:0.00000156', 'Loss:1.1195', 'train_acc:58.87']
2021-05-09 16:40:04,687 - Eye - INFO - ['Epoch:12, Iter:560, Lr:0.00000156', 'Loss:1.1120', 'train_acc:58.85']
2021-05-09 16:40:10,274 - Eye - INFO - ['Epoch:12, Lr:0.00000156, Cost:383.06s', 'Loss:1.0527', 'train_acc:58.87', 'val_acc:21.61', 'val_loss:1.58']
2021-05-09 16:40:25,612 - Eye - INFO - ['Epoch:13, Iter: 20, Lr:0.00000078', 'Loss:1.1116', 'train_acc:58.91']
2021-05-09 16:40:39,209 - Eye - INFO - ['Epoch:13, Iter: 40, Lr:0.00000078', 'Loss:1.0382', 'train_acc:57.19']
2021-05-09 16:40:52,371 - Eye - INFO - ['Epoch:13, Iter: 60, Lr:0.00000078', 'Loss:1.1781', 'train_acc:57.24']
2021-05-09 16:41:05,772 - Eye - INFO - ['Epoch:13, Iter: 80, Lr:0.00000078', 'Loss:1.0440', 'train_acc:58.98']
2021-05-09 16:41:18,935 - Eye - INFO - ['Epoch:13, Iter:100, Lr:0.00000078', 'Loss:1.1366', 'train_acc:58.50']
2021-05-09 16:41:32,391 - Eye - INFO - ['Epoch:13, Iter:120, Lr:0.00000078', 'Loss:1.1721', 'train_acc:58.83']
2021-05-09 16:41:45,814 - Eye - INFO - ['Epoch:13, Iter:140, Lr:0.00000078', 'Loss:1.0151', 'train_acc:58.53']
2021-05-09 16:41:59,134 - Eye - INFO - ['Epoch:13, Iter:160, Lr:0.00000078', 'Loss:1.0932', 'train_acc:58.75']
2021-05-09 16:42:12,626 - Eye - INFO - ['Epoch:13, Iter:180, Lr:0.00000078', 'Loss:0.9822', 'train_acc:58.94']
2021-05-09 16:42:26,208 - Eye - INFO - ['Epoch:13, Iter:200, Lr:0.00000078', 'Loss:1.1479', 'train_acc:59.23']
2021-05-09 16:42:39,657 - Eye - INFO - ['Epoch:13, Iter:220, Lr:0.00000078', 'Loss:1.1205', 'train_acc:59.15']
2021-05-09 16:42:52,903 - Eye - INFO - ['Epoch:13, Iter:240, Lr:0.00000078', 'Loss:1.0635', 'train_acc:59.18']
2021-05-09 16:43:06,386 - Eye - INFO - ['Epoch:13, Iter:260, Lr:0.00000078', 'Loss:1.1089', 'train_acc:59.01']
2021-05-09 16:43:19,351 - Eye - INFO - ['Epoch:13, Iter:280, Lr:0.00000078', 'Loss:0.9515', 'train_acc:59.04']
2021-05-09 16:43:32,972 - Eye - INFO - ['Epoch:13, Iter:300, Lr:0.00000078', 'Loss:1.1575', 'train_acc:58.85']
2021-05-09 16:43:46,547 - Eye - INFO - ['Epoch:13, Iter:320, Lr:0.00000078', 'Loss:1.0732', 'train_acc:58.80']
2021-05-09 16:43:59,852 - Eye - INFO - ['Epoch:13, Iter:340, Lr:0.00000078', 'Loss:1.2808', 'train_acc:58.82']
2021-05-09 16:44:13,370 - Eye - INFO - ['Epoch:13, Iter:360, Lr:0.00000078', 'Loss:1.0614', 'train_acc:58.78']
2021-05-09 16:44:26,532 - Eye - INFO - ['Epoch:13, Iter:380, Lr:0.00000078', 'Loss:1.0462', 'train_acc:59.00']
2021-05-09 16:44:40,065 - Eye - INFO - ['Epoch:13, Iter:400, Lr:0.00000078', 'Loss:1.0915', 'train_acc:58.99']
2021-05-09 16:44:53,588 - Eye - INFO - ['Epoch:13, Iter:420, Lr:0.00000078', 'Loss:1.0505', 'train_acc:59.07']
2021-05-09 16:45:06,973 - Eye - INFO - ['Epoch:13, Iter:440, Lr:0.00000078', 'Loss:1.2069', 'train_acc:58.98']
2021-05-09 16:45:20,384 - Eye - INFO - ['Epoch:13, Iter:460, Lr:0.00000078', 'Loss:1.0743', 'train_acc:59.03']
2021-05-09 16:45:33,897 - Eye - INFO - ['Epoch:13, Iter:480, Lr:0.00000078', 'Loss:0.9756', 'train_acc:59.02']
2021-05-09 16:45:47,399 - Eye - INFO - ['Epoch:13, Iter:500, Lr:0.00000078', 'Loss:1.0043', 'train_acc:59.03']
2021-05-09 16:46:00,897 - Eye - INFO - ['Epoch:13, Iter:520, Lr:0.00000078', 'Loss:1.2446', 'train_acc:59.04']
2021-05-09 16:46:14,362 - Eye - INFO - ['Epoch:13, Iter:540, Lr:0.00000078', 'Loss:1.0483', 'train_acc:59.11']
2021-05-09 16:46:27,889 - Eye - INFO - ['Epoch:13, Iter:560, Lr:0.00000078', 'Loss:1.0230', 'train_acc:59.09']
2021-05-09 16:46:33,654 - Eye - INFO - ['Epoch:13, Lr:0.00000078, Cost:383.22s', 'Loss:1.0759', 'train_acc:59.08', 'val_acc:21.61', 'val_loss:1.53']
2021-05-09 16:46:49,354 - Eye - INFO - ['Epoch:14, Iter: 20, Lr:0.00000078', 'Loss:0.9567', 'train_acc:57.03']
2021-05-09 16:47:02,873 - Eye - INFO - ['Epoch:14, Iter: 40, Lr:0.00000078', 'Loss:1.0134', 'train_acc:59.14']
2021-05-09 16:47:16,343 - Eye - INFO - ['Epoch:14, Iter: 60, Lr:0.00000078', 'Loss:1.2165', 'train_acc:58.75']
2021-05-09 16:47:29,756 - Eye - INFO - ['Epoch:14, Iter: 80, Lr:0.00000078', 'Loss:1.3332', 'train_acc:58.16']
2021-05-09 16:47:42,861 - Eye - INFO - ['Epoch:14, Iter:100, Lr:0.00000078', 'Loss:1.1147', 'train_acc:58.38']
2021-05-09 16:47:56,296 - Eye - INFO - ['Epoch:14, Iter:120, Lr:0.00000078', 'Loss:1.0974', 'train_acc:58.78']
2021-05-09 16:48:09,478 - Eye - INFO - ['Epoch:14, Iter:140, Lr:0.00000078', 'Loss:1.0863', 'train_acc:58.88']
2021-05-09 16:48:22,051 - Eye - INFO - ['Epoch:14, Iter:160, Lr:0.00000078', 'Loss:1.1755', 'train_acc:58.96']
2021-05-09 16:48:35,480 - Eye - INFO - ['Epoch:14, Iter:180, Lr:0.00000078', 'Loss:1.1753', 'train_acc:59.20']
2021-05-09 16:48:48,819 - Eye - INFO - ['Epoch:14, Iter:200, Lr:0.00000078', 'Loss:0.9979', 'train_acc:59.06']
2021-05-09 16:49:02,168 - Eye - INFO - ['Epoch:14, Iter:220, Lr:0.00000078', 'Loss:0.9909', 'train_acc:59.23']
2021-05-09 16:49:15,664 - Eye - INFO - ['Epoch:14, Iter:240, Lr:0.00000078', 'Loss:0.9555', 'train_acc:59.08']
2021-05-09 16:49:28,561 - Eye - INFO - ['Epoch:14, Iter:260, Lr:0.00000078', 'Loss:1.0011', 'train_acc:58.91']
2021-05-09 16:49:41,674 - Eye - INFO - ['Epoch:14, Iter:280, Lr:0.00000078', 'Loss:1.3193', 'train_acc:58.82']
2021-05-09 16:49:54,974 - Eye - INFO - ['Epoch:14, Iter:300, Lr:0.00000078', 'Loss:1.2200', 'train_acc:59.04']
2021-05-09 16:50:08,455 - Eye - INFO - ['Epoch:14, Iter:320, Lr:0.00000078', 'Loss:1.2218', 'train_acc:59.00']
2021-05-09 16:50:21,821 - Eye - INFO - ['Epoch:14, Iter:340, Lr:0.00000078', 'Loss:0.9997', 'train_acc:59.07']
2021-05-09 16:50:35,039 - Eye - INFO - ['Epoch:14, Iter:360, Lr:0.00000078', 'Loss:1.1401', 'train_acc:59.08']
2021-05-09 16:50:47,914 - Eye - INFO - ['Epoch:14, Iter:380, Lr:0.00000078', 'Loss:1.0119', 'train_acc:59.09']
2021-05-09 16:51:01,126 - Eye - INFO - ['Epoch:14, Iter:400, Lr:0.00000078', 'Loss:0.9901', 'train_acc:58.99']
2021-05-09 16:51:14,210 - Eye - INFO - ['Epoch:14, Iter:420, Lr:0.00000078', 'Loss:1.0740', 'train_acc:59.11']
2021-05-09 16:51:27,629 - Eye - INFO - ['Epoch:14, Iter:440, Lr:0.00000078', 'Loss:1.1417', 'train_acc:59.09']
2021-05-09 16:51:41,292 - Eye - INFO - ['Epoch:14, Iter:460, Lr:0.00000078', 'Loss:1.3067', 'train_acc:59.16']
2021-05-09 16:51:54,847 - Eye - INFO - ['Epoch:14, Iter:480, Lr:0.00000078', 'Loss:0.9378', 'train_acc:59.28']
2021-05-09 16:52:08,375 - Eye - INFO - ['Epoch:14, Iter:500, Lr:0.00000078', 'Loss:1.0812', 'train_acc:59.42']
2021-05-09 16:52:21,860 - Eye - INFO - ['Epoch:14, Iter:520, Lr:0.00000078', 'Loss:1.3366', 'train_acc:59.38']
2021-05-09 16:52:35,385 - Eye - INFO - ['Epoch:14, Iter:540, Lr:0.00000078', 'Loss:1.1023', 'train_acc:59.42']
2021-05-09 16:52:48,508 - Eye - INFO - ['Epoch:14, Iter:560, Lr:0.00000078', 'Loss:0.9415', 'train_acc:59.48']
2021-05-09 16:52:54,351 - Eye - INFO - ['Epoch:14, Lr:0.00000078, Cost:380.55s', 'Loss:1.0941', 'train_acc:59.45', 'val_acc:22.14', 'val_loss:1.59']
2021-05-09 16:53:09,590 - Eye - INFO - ['Epoch:15, Iter: 20, Lr:0.00000078', 'Loss:0.8925', 'train_acc:60.31']
2021-05-09 16:53:22,118 - Eye - INFO - ['Epoch:15, Iter: 40, Lr:0.00000078', 'Loss:1.2906', 'train_acc:58.59']
2021-05-09 16:53:35,738 - Eye - INFO - ['Epoch:15, Iter: 60, Lr:0.00000078', 'Loss:1.0850', 'train_acc:59.01']
2021-05-09 16:53:49,384 - Eye - INFO - ['Epoch:15, Iter: 80, Lr:0.00000078', 'Loss:1.0621', 'train_acc:58.95']
2021-05-09 16:54:02,888 - Eye - INFO - ['Epoch:15, Iter:100, Lr:0.00000078', 'Loss:0.9060', 'train_acc:58.88']
2021-05-09 16:54:16,329 - Eye - INFO - ['Epoch:15, Iter:120, Lr:0.00000078', 'Loss:0.9782', 'train_acc:59.17']
2021-05-09 16:54:29,536 - Eye - INFO - ['Epoch:15, Iter:140, Lr:0.00000078', 'Loss:1.1215', 'train_acc:59.17']
2021-05-09 16:54:43,112 - Eye - INFO - ['Epoch:15, Iter:160, Lr:0.00000078', 'Loss:0.9954', 'train_acc:59.34']
2021-05-09 16:54:56,628 - Eye - INFO - ['Epoch:15, Iter:180, Lr:0.00000078', 'Loss:1.0513', 'train_acc:59.31']
2021-05-09 16:55:10,125 - Eye - INFO - ['Epoch:15, Iter:200, Lr:0.00000078', 'Loss:0.8855', 'train_acc:59.25']
2021-05-09 16:55:23,392 - Eye - INFO - ['Epoch:15, Iter:220, Lr:0.00000078', 'Loss:1.0668', 'train_acc:59.38']
2021-05-09 16:55:36,880 - Eye - INFO - ['Epoch:15, Iter:240, Lr:0.00000078', 'Loss:1.0302', 'train_acc:59.21']
2021-05-09 16:55:50,226 - Eye - INFO - ['Epoch:15, Iter:260, Lr:0.00000078', 'Loss:1.0125', 'train_acc:59.29']
2021-05-09 16:56:03,458 - Eye - INFO - ['Epoch:15, Iter:280, Lr:0.00000078', 'Loss:1.1610', 'train_acc:59.27']
2021-05-09 16:56:16,824 - Eye - INFO - ['Epoch:15, Iter:300, Lr:0.00000078', 'Loss:0.8923', 'train_acc:59.38']
2021-05-09 16:56:30,361 - Eye - INFO - ['Epoch:15, Iter:320, Lr:0.00000078', 'Loss:1.2786', 'train_acc:59.36']
2021-05-09 16:56:43,952 - Eye - INFO - ['Epoch:15, Iter:340, Lr:0.00000078', 'Loss:0.9184', 'train_acc:59.39']
2021-05-09 16:56:57,487 - Eye - INFO - ['Epoch:15, Iter:360, Lr:0.00000078', 'Loss:1.0431', 'train_acc:59.42']
2021-05-09 16:57:10,950 - Eye - INFO - ['Epoch:15, Iter:380, Lr:0.00000078', 'Loss:0.9428', 'train_acc:59.56']
2021-05-09 16:57:24,662 - Eye - INFO - ['Epoch:15, Iter:400, Lr:0.00000078', 'Loss:1.1238', 'train_acc:59.59']
2021-05-09 16:57:38,212 - Eye - INFO - ['Epoch:15, Iter:420, Lr:0.00000078', 'Loss:1.1506', 'train_acc:59.49']
2021-05-09 16:57:51,774 - Eye - INFO - ['Epoch:15, Iter:440, Lr:0.00000078', 'Loss:0.9796', 'train_acc:59.44']
2021-05-09 16:58:05,315 - Eye - INFO - ['Epoch:15, Iter:460, Lr:0.00000078', 'Loss:1.1331', 'train_acc:59.43']
2021-05-09 16:58:18,828 - Eye - INFO - ['Epoch:15, Iter:480, Lr:0.00000078', 'Loss:0.8648', 'train_acc:59.56']
2021-05-09 16:58:32,310 - Eye - INFO - ['Epoch:15, Iter:500, Lr:0.00000078', 'Loss:0.9085', 'train_acc:59.61']
2021-05-09 16:58:45,838 - Eye - INFO - ['Epoch:15, Iter:520, Lr:0.00000078', 'Loss:1.2021', 'train_acc:59.75']
2021-05-09 16:58:58,990 - Eye - INFO - ['Epoch:15, Iter:540, Lr:0.00000078', 'Loss:0.9948', 'train_acc:59.70']
2021-05-09 16:59:12,498 - Eye - INFO - ['Epoch:15, Iter:560, Lr:0.00000078', 'Loss:1.0945', 'train_acc:59.68']
2021-05-09 16:59:17,991 - Eye - INFO - ['Epoch:15, Lr:0.00000078, Cost:383.45s', 'Loss:0.9399', 'train_acc:59.70', 'val_acc:20.83', 'val_loss:1.64']
2021-05-09 16:59:32,684 - Eye - INFO - ['Epoch:16, Iter: 20, Lr:0.00000039', 'Loss:0.8440', 'train_acc:58.75']
2021-05-09 16:59:46,269 - Eye - INFO - ['Epoch:16, Iter: 40, Lr:0.00000039', 'Loss:1.1800', 'train_acc:58.28']
2021-05-09 16:59:59,130 - Eye - INFO - ['Epoch:16, Iter: 60, Lr:0.00000039', 'Loss:0.9634', 'train_acc:57.29']
2021-05-09 17:00:12,970 - Eye - INFO - ['Epoch:16, Iter: 80, Lr:0.00000039', 'Loss:0.9796', 'train_acc:57.38']
2021-05-09 17:00:26,460 - Eye - INFO - ['Epoch:16, Iter:100, Lr:0.00000039', 'Loss:0.8601', 'train_acc:58.16']
2021-05-09 17:00:39,956 - Eye - INFO - ['Epoch:16, Iter:120, Lr:0.00000039', 'Loss:1.1102', 'train_acc:58.28']
2021-05-09 17:00:53,253 - Eye - INFO - ['Epoch:16, Iter:140, Lr:0.00000039', 'Loss:1.2066', 'train_acc:58.53']
2021-05-09 17:01:06,677 - Eye - INFO - ['Epoch:16, Iter:160, Lr:0.00000039', 'Loss:1.0802', 'train_acc:58.67']
2021-05-09 17:01:19,985 - Eye - INFO - ['Epoch:16, Iter:180, Lr:0.00000039', 'Loss:1.0579', 'train_acc:58.49']
2021-05-09 17:01:33,421 - Eye - INFO - ['Epoch:16, Iter:200, Lr:0.00000039', 'Loss:0.9892', 'train_acc:58.59']
2021-05-09 17:01:46,259 - Eye - INFO - ['Epoch:16, Iter:220, Lr:0.00000039', 'Loss:1.2685', 'train_acc:58.93']
2021-05-09 17:01:59,399 - Eye - INFO - ['Epoch:16, Iter:240, Lr:0.00000039', 'Loss:1.0082', 'train_acc:58.72']
2021-05-09 17:02:12,869 - Eye - INFO - ['Epoch:16, Iter:260, Lr:0.00000039', 'Loss:0.9100', 'train_acc:58.80']
2021-05-09 17:02:26,296 - Eye - INFO - ['Epoch:16, Iter:280, Lr:0.00000039', 'Loss:1.0083', 'train_acc:59.04']
2021-05-09 17:02:38,995 - Eye - INFO - ['Epoch:16, Iter:300, Lr:0.00000039', 'Loss:1.0869', 'train_acc:59.09']
2021-05-09 17:02:52,537 - Eye - INFO - ['Epoch:16, Iter:320, Lr:0.00000039', 'Loss:1.0990', 'train_acc:59.03']
2021-05-09 17:03:06,029 - Eye - INFO - ['Epoch:16, Iter:340, Lr:0.00000039', 'Loss:1.0623', 'train_acc:58.98']
2021-05-09 17:03:19,235 - Eye - INFO - ['Epoch:16, Iter:360, Lr:0.00000039', 'Loss:1.1456', 'train_acc:59.10']
2021-05-09 17:03:32,546 - Eye - INFO - ['Epoch:16, Iter:380, Lr:0.00000039', 'Loss:1.2937', 'train_acc:58.96']
2021-05-09 17:03:45,797 - Eye - INFO - ['Epoch:16, Iter:400, Lr:0.00000039', 'Loss:1.1502', 'train_acc:59.08']
2021-05-09 17:03:58,990 - Eye - INFO - ['Epoch:16, Iter:420, Lr:0.00000039', 'Loss:0.8830', 'train_acc:59.19']
2021-05-09 17:04:12,524 - Eye - INFO - ['Epoch:16, Iter:440, Lr:0.00000039', 'Loss:0.9694', 'train_acc:59.26']
2021-05-09 17:04:26,073 - Eye - INFO - ['Epoch:16, Iter:460, Lr:0.00000039', 'Loss:0.9678', 'train_acc:59.31']
2021-05-09 17:04:39,152 - Eye - INFO - ['Epoch:16, Iter:480, Lr:0.00000039', 'Loss:0.8883', 'train_acc:59.27']
2021-05-09 17:04:52,226 - Eye - INFO - ['Epoch:16, Iter:500, Lr:0.00000039', 'Loss:0.8970', 'train_acc:59.19']
2021-05-09 17:05:05,211 - Eye - INFO - ['Epoch:16, Iter:520, Lr:0.00000039', 'Loss:1.2045', 'train_acc:59.01']
2021-05-09 17:05:18,736 - Eye - INFO - ['Epoch:16, Iter:540, Lr:0.00000039', 'Loss:1.1732', 'train_acc:59.08']
2021-05-09 17:05:32,297 - Eye - INFO - ['Epoch:16, Iter:560, Lr:0.00000039', 'Loss:1.2167', 'train_acc:59.15']
2021-05-09 17:05:38,092 - Eye - INFO - ['Epoch:16, Lr:0.00000039, Cost:379.95s', 'Loss:1.1632', 'train_acc:59.11', 'val_acc:21.35', 'val_loss:1.69']
2021-05-09 17:05:53,198 - Eye - INFO - ['Epoch:17, Iter: 20, Lr:0.00000039', 'Loss:0.8705', 'train_acc:61.09']
2021-05-09 17:06:06,640 - Eye - INFO - ['Epoch:17, Iter: 40, Lr:0.00000039', 'Loss:1.1044', 'train_acc:60.47']
2021-05-09 17:06:20,280 - Eye - INFO - ['Epoch:17, Iter: 60, Lr:0.00000039', 'Loss:1.0443', 'train_acc:60.26']
2021-05-09 17:06:33,218 - Eye - INFO - ['Epoch:17, Iter: 80, Lr:0.00000039', 'Loss:0.8943', 'train_acc:60.62']
2021-05-09 17:06:46,631 - Eye - INFO - ['Epoch:17, Iter:100, Lr:0.00000039', 'Loss:1.0913', 'train_acc:60.09']
2021-05-09 17:07:00,199 - Eye - INFO - ['Epoch:17, Iter:120, Lr:0.00000039', 'Loss:1.0896', 'train_acc:59.43']
2021-05-09 17:07:13,648 - Eye - INFO - ['Epoch:17, Iter:140, Lr:0.00000039', 'Loss:0.9041', 'train_acc:59.53']
2021-05-09 17:07:27,609 - Eye - INFO - ['Epoch:17, Iter:160, Lr:0.00000039', 'Loss:0.8218', 'train_acc:59.38']
2021-05-09 17:07:41,083 - Eye - INFO - ['Epoch:17, Iter:180, Lr:0.00000039', 'Loss:0.9988', 'train_acc:59.43']
2021-05-09 17:07:54,570 - Eye - INFO - ['Epoch:17, Iter:200, Lr:0.00000039', 'Loss:1.1358', 'train_acc:59.23']
2021-05-09 17:08:07,963 - Eye - INFO - ['Epoch:17, Iter:220, Lr:0.00000039', 'Loss:1.0728', 'train_acc:59.29']
2021-05-09 17:08:21,269 - Eye - INFO - ['Epoch:17, Iter:240, Lr:0.00000039', 'Loss:0.8596', 'train_acc:59.21']
